3, 10
3, 20
3, 30
3, 40
3, 50
3, 60
3, 70
3, 80
3, 90
3, 100
1, 113
2, 128
3, 131
1, 144
3, 156
1, 177
2, 181
1, 194
3, 195
2, 216
3, 219
2, 238
3, 241
2, 258
1, 263
1, 274
1, 285
1, 296
3, 304
3, 314
3, 324
3, 334
2, 348
2, 358
2, 368
3, 375
2, 389
1, 391
3, 399
2, 416
3, 424
1, 447
2, 457
2, 467
1, 477
3, 489
1, 499
1, 510
3, 512
2, 513
3, 535
1, 539
2, 550
1, 566
2, 569
2, 589
1, 596
3, 600
2, 622
1, 623
3, 633
2, 643
1, 655
3, 668
1, 670
3, 692
1, 700
1, 711
3, 722
3, 732
3, 742
1, 753
2, 760
3, 766
3, 787
1, 792
3, 802
1, 815
2, 815
3, 844
3, 854
2, 854
3, 867
1, 870
1, 881
1, 892
1, 903
1, 914
1, 925
1, 936
3, 959
2, 959
1, 975
1, 986
3, 975
1, 1007
3, 1010
1, 1030
2, 1037
3, 1048
2, 1049
1, 1060
1, 1071
1, 1091
3, 1098
1, 1113
2, 1122
3, 1123
1, 1135
1, 1146
1, 1163
2, 1166
3, 1175
3, 1185
1, 1193
2, 1216
1, 1228
1, 1239
3, 1246
2, 1256
1, 1259
3, 1278
3, 1288
3, 1298
2, 1307
1, 1311
3, 1327
1, 1340
3, 1350
2, 1353
1, 1371
3, 1386
2, 1388
1, 1404
1, 1415
3, 1404
3, 1427
1, 1443
1, 1454
2, 1457
1, 1475
1, 1486
1, 1506
1, 1517
1, 1528
1, 1539
2, 1488
1, 1550
3, 1495
1, 1575
1, 1586
3, 1599
2, 1602
1, 1610
2, 1617
3, 1635
3, 1645
3, 1655
1, 1660
3, 1673
2, 1682
1, 1687
1, 1713
3, 1720
3, 1733
2, 1735
1, 1737
2, 1766
3, 1767
1, 1768
3, 1790
1, 1793
3, 1815
1, 1818
3, 1829
2, 1839
3, 1855
3, 1865
1, 1870
1, 1881
2, 1892
3, 1904
3, 1915
1, 1927
2, 1929
3, 1943
3, 1953
1, 1969
3, 1978
2, 1988
3, 1998
1, 1999
1, 2010
1, 2021
2, 2029
2, 2044
3, 2060
3, 2070
1, 2076
2, 2086
1, 2094
3, 2102
3, 2112
3, 2125
2, 2137
1, 2146
3, 2152
2, 2171
3, 2181
1, 2183
3, 2202
1, 2207
3, 2217
2, 2235
1, 2241
1, 2252
3, 2255
3, 2267
1, 2289
2, 2289
1, 2306
3, 2319
1, 2327
3, 2348
1, 2348
2, 2319
1, 2371
3, 2375
1, 2393
3, 2402
2, 2403
3, 2429
1, 2429
2, 2437
3, 2446
1, 2466
3, 2471
2, 2478
2, 2499
3, 2502
2, 2518
1, 2519
2, 2535
3, 2536
3, 2546
3, 2568
1, 2576
2, 2577
3, 2599
1, 2601
2, 2605
3, 2633
1, 2635
2, 2643
1, 2660
1, 2671
2, 2683
3, 2687
3, 2697
1, 2702
2, 2724
1, 2727
3, 2730
1, 2747
2, 2765
3, 2771
1, 2777
2, 2786
2, 2797
2, 2815
2, 2833
2, 2843
3, 2821
2, 2853
1, 2823
3, 2877
2, 2878
3, 2893
2, 2903
3, 2914
2, 2922
2, 2932
1, 2939
3, 2949
2, 2968
1, 2974
3, 2989
2, 2989
3, 3008
1, 3012
3, 3025
2, 3038
1, 3046
3, 3061
2, 3061
2, 3084
2, 3094
1, 3097
3, 3110
2, 3115
1, 3135
3, 3140
2, 3140
3, 3162
3, 3176
3, 3188
2, 3189
1, 3194
2, 3214
1, 3220
1, 3232
3, 3237
3, 3260
2, 3262
1, 3267
3, 3279
2, 3291
3, 3310
1, 3314
2, 3311
2, 3337
1, 3339
1, 3360
3, 3360
2, 3371
2, 3389
3, 3402
2, 3405
1, 3424
2, 3427
3, 3444
1, 3448
2, 3458
3, 3472
2, 3478
1, 3480
3, 3504
2, 3505
1, 3522
3, 3523
2, 3537
1, 3546
2, 3553
1, 3570
3, 3584
1, 3593
2, 3603
3, 3605
2, 3622
2, 3642
1, 3644
1, 3659
1, 3670
3, 3673
1, 3683
2, 3693
3, 3715
1, 3717
2, 3726
1, 3735
3, 3743
2, 3757
1, 3767
3, 3782
2, 3791
3, 3801
1, 3813
2, 3819
1, 3835
2, 3841
3, 3857
2, 3859
1, 3870
3, 3878
1, 3895
2, 3900
1, 3914
3, 3924
2, 3934
3, 3944
1, 3950
2, 3959
3, 3971
1, 3980
1, 4000
3, 4000
2, 4019
1, 4027
2, 4039
3, 4053
2, 4067
3, 4067
1, 4072
2, 4085
1, 4104
3, 4109
2, 4118
1, 4135
1, 4153
1, 4164
2, 4141
1, 4175
3, 4142
2, 4194
1, 4199
3, 4219
1, 4230
2, 4234
3, 4249
1, 4249
1, 4261
2, 4275
3, 4284
1, 4292
2, 4307
1, 4312
1, 4323
3, 4344
3, 4356
1, 4363
2, 4365
3, 4387
1, 4388
2, 4413
1, 4414
3, 4424
2, 4431
3, 4451
2, 4451
1, 4461
3, 4474
2, 4489
1, 4496
3, 4512
1, 4520
2, 4520
1, 4539
2, 4549
3, 4551
1, 4573
2, 4580
3, 4589
2, 4600
3, 4610
1, 4624
3, 4628
2, 4635
2, 4647
3, 4665
1, 4669
2, 4678
2, 4692
1, 4700
1, 4720
2, 4720
3, 4733
1, 4736
3, 4754
1, 4760
2, 4766
1, 4783
2, 4790
1, 4799
2, 4811
3, 4824
1, 4837
2, 4853
1, 4865
3, 4867
2, 4884
1, 4885
2, 4903
3, 4908
3, 4919
1, 4934
3, 4945
2, 4952
1, 4955
3, 4970
1, 4976
1, 4988
2, 5004
1, 5018
1, 5032
2, 5036
3, 5049
1, 5053
2, 5070
3, 5079
1, 5084
3, 5101
2, 5112
3, 5112
1, 5127
2, 5148
2, 5159
3, 5161
1, 5166
3, 5183
1, 5186
1, 5197
3, 5216
3, 5227
2, 5242
1, 5245
3, 5243
2, 5259
1, 5269
3, 5291
2, 5293
1, 5305
3, 5309
2, 5327
1, 5343
2, 5346
3, 5356
1, 5360
1, 5387
2, 5387
3, 5398
1, 5401
2, 5419
1, 5438
3, 5440
2, 5452
2, 5463
2, 5482
3, 5469
2, 5492
1, 5472
3, 5508
1, 5520
3, 5538
3, 5548
2, 5560
3, 5563
1, 5565
1, 5589
1, 5601
2, 5603
3, 5612
3, 5622
3, 5635
1, 5653
3, 5655
2, 5668
1, 5672
3, 5681
1, 5697
3, 5713
2, 5719
1, 5722
2, 5750
3, 5750
1, 5756
2, 5763
1, 5782
3, 5787
1, 5805
3, 5817
2, 5817
3, 5835
1, 5837
2, 5856
3, 5860
2, 5878
3, 5879
3, 5900
2, 5905
1, 5920
2, 5924
3, 5933
2, 5943
1, 5948
2, 5964
3, 5980
1, 5982
3, 5993
2, 6010
1, 6012
3, 6029
1, 6039
2, 6042
3, 6062
1, 6072
2, 6074
1, 6093
3, 6100
2, 6102
3, 6124
1, 6134
1, 6145
2, 6151
3, 6162
1, 6174
3, 6178
2, 6199
1, 6202
3, 6214
2, 6215
2, 6238
3, 6242
1, 6252
2, 6267
3, 6269
1, 6291
2, 6294
1, 6315
3, 6317
2, 6331
1, 6336
2, 6350
3, 6351
2, 6372
1, 6377
2, 6390
3, 6390
2, 6412
3, 6427
1, 6429
3, 6438
2, 6447
1, 6460
3, 6472
2, 6474
1, 6497
2, 6500
1, 6517
2, 6529
3, 6538
2, 6539
1, 6560
3, 6563
1, 6582
2, 6586
3, 6599
1, 6609
2, 6614
1, 6628
3, 6640
2, 6641
2, 6664
3, 6668
1, 6670
1, 6694
2, 6705
1, 6710
1, 6721
1, 6732
3, 6733
3, 6743
3, 6761
1, 6770
2, 6782
2, 6805
3, 6787
2, 6815
1, 6795
2, 6835
1, 6847
1, 6858
3, 6860
3, 6874
3, 6893
2, 6896
1, 6902
3, 6920
1, 6925
1, 6942
1, 6953
2, 6962
3, 6964
1, 6987
2, 6989
1, 7004
3, 7003
3, 7028
3, 7039
1, 7046
2, 7053
1, 7063
2, 7080
3, 7082
1, 7103
2, 7103
3, 7116
1, 7121
3, 7138
1, 7143
2, 7158
1, 7160
3, 7171
3, 7195
1, 7199
2, 7207
1, 7230
3, 7230
2, 7239
1, 7244
1, 7263
3, 7274
2, 7276
1, 7296
3, 7309
1, 7313
2, 7322
3, 7332
1, 7349
2, 7354
2, 7376
1, 7376
3, 7386
1, 7394
2, 7404
2, 7416
3, 7426
1, 7430
3, 7458
1, 7460
2, 7459
1, 7473
2, 7493
3, 7503
1, 7513
2, 7515
1, 7535
2, 7544
2, 7555
3, 7555
1, 7576
3, 7584
1, 7595
2, 7585
1, 7624
2, 7624
3, 7634
2, 7641
2, 7663
3, 7666
3, 7678
1, 7680
3, 7704
2, 7708
1, 7705
3, 7723
3, 7746
1, 7749
2, 7749
1, 7770
2, 7777
1, 7791
3, 7797
2, 7816
1, 7823
3, 7829
2, 7843
2, 7856
1, 7859
3, 7863
3, 7888
1, 7888
1, 7900
2, 7911
1, 7916
3, 7940
1, 7945
1, 7956
2, 7970
3, 7979
1, 7974
2, 7992
1, 8007
1, 8019
3, 8037
1, 8040
2, 8045
1, 8056
3, 8071
2, 8078
3, 8087
1, 8106
3, 8119
3, 8135
1, 8124
3, 8145
2, 8125
1, 8159
3, 8176
1, 8181
1, 8204
3, 8206
1, 8220
2, 8224
1, 8241
2, 8252
1, 8258
3, 8267
2, 8275
3, 8285
1, 8305
2, 8318
1, 8322
3, 8329
3, 8352
2, 8352
1, 8363
3, 8372
1, 8383
2, 8393
3, 8398
1, 8417
3, 8426
2, 8428
2, 8450
3, 8462
2, 8467
1, 8469
2, 8479
3, 8497
1, 8506
2, 8511
1, 8526
3, 8540
2, 8540
2, 8553
2, 8572
1, 8575
1, 8588
3, 8596
2, 8616
2, 8628
1, 8629
2, 8642
3, 8648
1, 8654
2, 8669
3, 8690
1, 8690
3, 8705
1, 8717
2, 8716
3, 8733
1, 8744
2, 8756
2, 8774
1, 8777
3, 8784
1, 8802
2, 8808
2, 8821
3, 8825
2, 8838
2, 8849
1, 8860
3, 8863
3, 8887
3, 8897
1, 8899
3, 8910
3, 8920
2, 8926
3, 8933
1, 8953
3, 8964
2, 8972
2, 8986
3, 8995
1, 9003
2, 9005
1, 9020
2, 9030
3, 9047
2, 9048
2, 9071
3, 9075
1, 9082
1, 9093
2, 9106
1, 9113
3, 9118
2, 9132
1, 9139
1, 9156
3, 9168
2, 9168
1, 9191
2, 9195
2, 9211
3, 9223
2, 9229
1, 9240
3, 9244
2, 9265
3, 9274
1, 9276
3, 9288
2, 9300
3, 9318
2, 9320
1, 9330
3, 9335
2, 9354
1, 9359
3, 9363
1, 9380
3, 9388
1, 9406
1, 9417
3, 9428
1, 9433
1, 9458
2, 9441
2, 9479
3, 9447
2, 9489
1, 9469
3, 9506
2, 9517
3, 9529
3, 9541
1, 9549
3, 9555
2, 9565
2, 9577
1, 9596
3, 9604
2, 9604
1, 9615
1, 9632
3, 9642
2, 9649
1, 9657
3, 9667
1, 9685
2, 9692
3, 9703
1, 9710
2, 9728
3, 9735
1, 9738
2, 9755
1, 9759
3, 9780
1, 9786
3, 9800
2, 9800
2, 9821
1, 9824
3, 9842
1, 9848
2, 9851
2, 9879
1, 9879
2, 9894
3, 9897
1, 9907
1, 9922
3, 9937
2, 9941
1, 9954
2, 9968
3, 9978
2, 9982
1, 9991
3, 10005
2, 10021
1, 10022
1, 10036
3, 10050
1, 10054
2, 10067
3, 10076
1, 10089
3, 10101
3, 10112
2, 10126
3, 10130
1, 10136
2, 10152
1, 10155
3, 10173
3, 10188
1, 10191
2, 10197
1, 10219
3, 10223
2, 10232
1, 10236
3, 10255
2, 10259
2, 10270
1, 10281
1, 10299
2, 10310
3, 10321
1, 10330
1, 10341
3, 10351
2, 10353
3, 10364
3, 10385
1, 10387
2, 10390
1, 10409
3, 10417
2, 10436
3, 10438
1, 10451
2, 10453
1, 10476
2, 10482
3, 10492
1, 10495
1, 10512
3, 10531
2, 10534
1, 10542
2, 10559
1, 10567
3, 10560
3, 10586
1, 10606
2, 10607
3, 10617
2, 10625
1, 10637
2, 10641
1, 10658
2, 10671
2, 10691
3, 10675
2, 10701
1, 10681
3, 10714
2, 10736
2, 10747
3, 10754
1, 10762
2, 10764
3, 10785
2, 10798
1, 10798
3, 10811
2, 10822
3, 10824
1, 10839
3, 10858
1, 10861
2, 10873
3, 10882
3, 10892
3, 10911
3, 10921
1, 10923
2, 10931
3, 10950
2, 10959
2, 10969
1, 10969
2, 10985
3, 10993
1, 11001
3, 11027
1, 11027
2, 11034
1, 11047
3, 11060
2, 11074
2, 11084
1, 11085
1, 11096
3, 11107
1, 11124
3, 11141
1, 11144
2, 11144
1, 11168
2, 11169
3, 11187
3, 11202
2, 11202
3, 11217
1, 11232
3, 11234
2, 11243
2, 11264
3, 11269
2, 11278
1, 11279
1, 11290
1, 11305
3, 11324
1, 11325
3, 11346
1, 11346
3, 11365
2, 11371
1, 11372
2, 11392
3, 11386
2, 11417
1, 11420
3, 11424
1, 11443
3, 11451
1, 11472
1, 11484
3, 11473
2, 11497
3, 11498
3, 11522
1, 11526
2, 11530
2, 11551
1, 11556
3, 11566
1, 11583
2, 11584
3, 11601
2, 11607
1, 11614
3, 11636
2, 11644
1, 11645
3, 11667
2, 11670
1, 11673
2, 11690
1, 11709
3, 11711
2, 11723
2, 11734
3, 11749
1, 11750
2, 11765
1, 11773
3, 11776
1, 11796
3, 11806
1, 11818
2, 11821
3, 11838
1, 11852
1, 11869
3, 11855
1, 11880
3, 11891
2, 11858
2, 11910
2, 11920
2, 11930
2, 11940
2, 11950
2, 11960
2, 11970
2, 11980
2, 11990
2, 12000
2, 12010
2, 12020
2, 12030
2, 12040
2, 12050
2, 12060
2, 12070
2, 12080
2, 12090
2, 12100
2, 12110
2, 12120
2, 12130
2, 12140
2, 12150
2, 12160
2, 12170
2, 12180
2, 12190
2, 12200
2, 12210
2, 12220
2, 12230
2, 12240
2, 12250
2, 12260
2, 12270
2, 12280
2, 12290
2, 12300
2, 12310
2, 12320
2, 12330
2, 12340
1, 12350
3, 12359
1, 12363
1, 12386
2, 12391
3, 12407
1, 12414
2, 12417
2, 12438
1, 12444
3, 12446
2, 12470
1, 12473
2, 12484
3, 12504
2, 12505
1, 12510
2, 12527
3, 12527
3, 12550
2, 12556
1, 12567
3, 12574
1, 12592
1, 12604
3, 12611
2, 12615
1, 12625
2, 12636
2, 12655
3, 12666
1, 12671
2, 12679
1, 12693
2, 12704
3, 12717
1, 12723
2, 12731
3, 12739
2, 12753
2, 12764
1, 12779
3, 12782
2, 12796
1, 12800
1, 12823
2, 12823
3, 12839
3, 12849
1, 12857
2, 12864
3, 12877
1, 12885
2, 12891
2, 12913
1, 12916
2, 12934
3, 12941
1, 12951
2, 12954
1, 12975
2, 12976
3, 12995
2, 12996
1, 13014
1, 13034
2, 13022
2, 13055
3, 13023
3, 13075
1, 13045
3, 13085
2, 13065
1, 13099
3, 13120
2, 13125
2, 13135
1, 13140
3, 13152
2, 13171
1, 13175
3, 13186
2, 13202
3, 13214
2, 13218
1, 13225
2, 13247
1, 13249
3, 13259
2, 13265
1, 13284
2, 13293
3, 13304
1, 13316
3, 13321
2, 13328
3, 13341
1, 13346
1, 13362
2, 13381
3, 13386
1, 13392
3, 13404
2, 13410
3, 13426
1, 13426
2, 13451
1, 13460
1, 13472
3, 13460
2, 13484
3, 13495
1, 13501
2, 13522
1, 13533
3, 13542
2, 13548
3, 13564
1, 13567
2, 13571
1, 13597
2, 13603
2, 13614
3, 13614
2, 13629
2, 13648
3, 13650
2, 13665
1, 13667
3, 13676
1, 13694
3, 13698
1, 13719
2, 13729
1, 13738
3, 13743
2, 13747
2, 13766
3, 13775
2, 13794
3, 13795
1, 13803
3, 13825
2, 13826
2, 13836
1, 13846
2, 13860
3, 13862
1, 13879
2, 13890
3, 13905
1, 13907
2, 13918
3, 13932
1, 13938
2, 13952
3, 13958
1, 13964
1, 13985
3, 13986
2, 13995
2, 14005
2, 14019
1, 14043
3, 14051
2, 14043
1, 14065
2, 14065
1, 14092
2, 14093
3, 14107
2, 14117
1, 14121
3, 14144
1, 14146
2, 14157
1, 14172
2, 14178
3, 14187
3, 14210
1, 14192
3, 14220
2, 14200
1, 14248
2, 14250
3, 14260
2, 14265
1, 14280
1, 14294
2, 14300
1, 14314
2, 14325
3, 14329
1, 14342
2, 14352
3, 14360
1, 14370
3, 14386
2, 14400
1, 14400
3, 14423
1, 14428
2, 14429
1, 14445
2, 14456
1, 14468
3, 14481
1, 14483
1, 14496
2, 14513
1, 14518
3, 14532
1, 14546
2, 14555
3, 14565
1, 14566
2, 14583
2, 14593
3, 14600
2, 14609
1, 14626
2, 14630
3, 14653
1, 14659
2, 14659
2, 14682
3, 14691
3, 14701
1, 14702
1, 14713
1, 14724
1, 14743
2, 14756
3, 14758
1, 14774
3, 14778
3, 14792
2, 14810
1, 14812
3, 14814
1, 14827
2, 14839
3, 14858
1, 14864
2, 14868
2, 14878
3, 14895
2, 14902
1, 14919
3, 14923
1, 14942
2, 14942
3, 14958
2, 14966
3, 14979
1, 14983
2, 14989
2, 15009
3, 15015
1, 15019
3, 15033
1, 15054
3, 15058
1, 15069
3, 15089
1, 15090
1, 15104
3, 15113
2, 15115
1, 15132
2, 15144
3, 15148
1, 15169
2, 15174
3, 15187
1, 15195
2, 15197
2, 15222
3, 15228
2, 15237
1, 15243
2, 15254
3, 15272
1, 15278
2, 15287
3, 15289
3, 15314
1, 15316
2, 15332
1, 15341
2, 15352
3, 15353
1, 15372
1, 15392
2, 15378
1, 15403
3, 15381
1, 15423
2, 15429
2, 15451
3, 15453
1, 15465
2, 15468
2, 15491
2, 15501
1, 15512
1, 15523
3, 15525
2, 15535
3, 15538
2, 15550
1, 15569
3, 15583
2, 15584
1, 15590
3, 15612
2, 15617
1, 15621
3, 15644
2, 15645
2, 15666
3, 15675
1, 15675
3, 15694
1, 15707
1, 15719
2, 15719
2, 15742
2, 15753
1, 15754
3, 15765
2, 15773
3, 15786
1, 15790
2, 15796
1, 15818
3, 15822
1, 15838
3, 15847
2, 15855
1, 15863
3, 15873
2, 15881
1, 15903
2, 15906
3, 15918
2, 15931
1, 15931
1, 15945
3, 15962
1, 15966
1, 15990
1, 16002
2, 16001
3, 16011
1, 16030
2, 16031
1, 16046
2, 16063
1, 16063
1, 16076
3, 16081
1, 16091
2, 16106
3, 16119
1, 16126
2, 16133
1, 16145
2, 16153
2, 16179
1, 16181
2, 16193
3, 16195
2, 16215
1, 16219
3, 16237
2, 16239
2, 16256
3, 16265
1, 16271
1, 16282
2, 16297
1, 16300
3, 16322
2, 16322
1, 16340
3, 16345
1, 16355
2, 16372
1, 16381
3, 16381
2, 16396
2, 16415
1, 16415
3, 16433
1, 16446
2, 16447
3, 16463
1, 16467
2, 16481
3, 16483
2, 16499
2, 16509
2, 16523
3, 16535
1, 16540
1, 16564
2, 16544
1, 16575
1, 16587
3, 16553
1, 16600
3, 16613
2, 16626
1, 16638
1, 16650
3, 16650
2, 16668
1, 16676
3, 16689
1, 16697
2, 16710
3, 16719
1, 16723
2, 16737
1, 16750
2, 16764
2, 16775
3, 16787
1, 16792
2, 16796
1, 16818
3, 16820
1, 16834
3, 16844
2, 16854
1, 16860
2, 16871
1, 16890
2, 16894
3, 16907
3, 16919
2, 16929
3, 16939
1, 16939
2, 16959
3, 16970
3, 16982
1, 16990
2, 16992
1, 17007
2, 17025
3, 17025
2, 17042
1, 17042
2, 17062
1, 17068
3, 17079
2, 17095
1, 17099
3, 17112
1, 17125
2, 17134
2, 17144
3, 17151
2, 17163
1, 17172
3, 17181
1, 17192
2, 17203
1, 17213
3, 17224
3, 17234
3, 17249
2, 17252
2, 17262
2, 17280
1, 17283
2, 17308
3, 17315
2, 17318
1, 17335
3, 17337
2, 17351
1, 17353
2, 17370
3, 17385
1, 17394
2, 17401
2, 17413
3, 17417
1, 17433
2, 17436
1, 17451
2, 17460
1, 17472
3, 17489
1, 17496
2, 17489
1, 17515
3, 17526
2, 17535
3, 17541
1, 17560
3, 17562
3, 17582
2, 17582
1, 17591
1, 17603
1, 17628
3, 17632
2, 17630
1, 17650
3, 17664
2, 17669
1, 17687
2, 17691
3, 17704
2, 17709
1, 17726
1, 17745
3, 17732
1, 17756
2, 17734
1, 17778
3, 17774
2, 17793
3, 17806
1, 17810
2, 17823
3, 17833
1, 17851
1, 17862
2, 17864
1, 17882
2, 17887
3, 17896
2, 17902
1, 17919
3, 17937
3, 17948
2, 17953
1, 17961
2, 17965
2, 17982
3, 17993
2, 18007
1, 18016
3, 18018
1, 18033
1, 18051
3, 18060
1, 18065
2, 18074
2, 18088
3, 18099
2, 18106
1, 18115
3, 18125
3, 18147
1, 18149
2, 18151
3, 18172
1, 18179
2, 18189
3, 18193
3, 18217
2, 18219
1, 18233
3, 18237
1, 18257
1, 18269
3, 18273
2, 18282
1, 18286
3, 18300
1, 18316
2, 18321
3, 18339
1, 18349
2, 18349
1, 18363
1, 18381
3, 18382
1, 18399
3, 18417
1, 18420
2, 18420
3, 18440
1, 18449
2, 18453
1, 18472
3, 18481
2, 18492
1, 18495
2, 18519
1, 18523
3, 18527
2, 18540
2, 18550
3, 18571
2, 18572
1, 18580
3, 18588
3, 18613
1, 18614
2, 18616
1, 18637
1, 18649
3, 18660
1, 18669
3, 18674
2, 18692
1, 18696
2, 18709
3, 18721
2, 18729
1, 18732
2, 18748
3, 18753
1, 18777
2, 18778
2, 18800
1, 18801
3, 18814
1, 18814
3, 18833
2, 18842
3, 18848
1, 18859
3, 18880
1, 18880
2, 18896
2, 18907
2, 18927
3, 18910
2, 18937
1, 18917
3, 18964
1, 18968
2, 18964
1, 18992
2, 19002
3, 19008
1, 19025
2, 19026
3, 19030
2, 19047
3, 19064
1, 19069
2, 19072
3, 19096
2, 19103
1, 19103
2, 19120
3, 19138
2, 19140
1, 19149
2, 19159
1, 19180
2, 19187
1, 19195
3, 19181
2, 19216
1, 19226
2, 19239
3, 19239
1, 19256
2, 19264
1, 19283
3, 19291
2, 19286
1, 19306
3, 19328
2, 19328
1, 19337
2, 19352
3, 19359
2, 19376
1, 19373
2, 19390
3, 19403
2, 19417
1, 19421
2, 19434
3, 19442
3, 19462
2, 19462
1, 19475
1, 19486
3, 19496
2, 19507
3, 19518
3, 19528
1, 19530
2, 19549
3, 19557
1, 19558
1, 19582
2, 19585
3, 19598
2, 19615
1, 19623
2, 19625
3, 19637
1, 19641
1, 19663
2, 19667
3, 19685
2, 19690
1, 19704
2, 19714
3, 19721
1, 19736
2, 19737
3, 19758
1, 19760
2, 19772
3, 19781
1, 19791
2, 19813
1, 19815
3, 19815
1, 19833
3, 19846
2, 19850
2, 19861
1, 19879
3, 19883
1, 19904
2, 19906
2, 19925
1, 19927
3, 19940
1, 19945
2, 19957
1, 19968
2, 19982
1, 19991
1, 20011
3, 20011
2, 20027
1, 20029
3, 20039
2, 20047
2, 20058
1, 20078
2, 20086
2, 20106
3, 20090
2, 20116
1, 20096
3, 20138
1, 20138
1, 20150
3, 20167
1, 20176
3, 20185
2, 20194
3, 20215
2, 20215
3, 20232
1, 20234
3, 20252
2, 20258
2, 20280
3, 20286
2, 20290
1, 20304
2, 20308
3, 20323
1, 20324
3, 20345
1, 20352
1, 20363
2, 20371
1, 20394
3, 20396
2, 20394
3, 20409
3, 20429
1, 20432
3, 20449
2, 20460
1, 20470
2, 20473
3, 20486
1, 20494
3, 20513
2, 20515
1, 20528
3, 20542
2, 20554
1, 20554
2, 20565
2, 20575
3, 20581
3, 20596
2, 20609
3, 20625
1, 20635
2, 20640
3, 20641
2, 20658
1, 20673
3, 20683
2, 20686
1, 20708
2, 20708
3, 20717
1, 20734
3, 20741
1, 20754
2, 20767
3, 20769
2, 20785
1, 20797
3, 20810
2, 20812
1, 20824
3, 20835
2, 20843
3, 20861
2, 20869
1, 20877
3, 20881
3, 20904
2, 20904
2, 20915
1, 20923
3, 20936
1, 20959
2, 20959
3, 20979
2, 20980
1, 20988
2, 20996
3, 21019
1, 21020
3, 21039
1, 21042
2, 21043
1, 21059
3, 21082
2, 21083
1, 21090
3, 21108
2, 21114
1, 21125
3, 21131
3, 21153
1, 21155
2, 21157
1, 21174
3, 21190
2, 21192
3, 21209
2, 21226
1, 21229
3, 21228
2, 21246
2, 21270
3, 21259
2, 21280
1, 21260
3, 21301
1, 21315
3, 21319
2, 21331
3, 21348
2, 21351
1, 21359
2, 21368
2, 21390
3, 21390
1, 21398
3, 21409
1, 21422
3, 21432
2, 21449
1, 21454
2, 21463
2, 21474
3, 21486
3, 21496
1, 21504
2, 21515
1, 21522
3, 21533
2, 21538
2, 21561
1, 21573
2, 21574
1, 21590
3, 21596
1, 21606
1, 21617
2, 21632
1, 21636
3, 21655
3, 21670
2, 21675
1, 21681
3, 21683
3, 21706
2, 21713
2, 21727
1, 21738
3, 21738
3, 21762
2, 21763
1, 21770
1, 21782
3, 21791
3, 21802
3, 21819
2, 21823
1, 21836
3, 21852
1, 21856
2, 21864
1, 21875
3, 21880
3, 21899
2, 21903
2, 21918
3, 21928
1, 21937
2, 21954
3, 21957
1, 21968
2, 21982
3, 21998
1, 22008
2, 22021
1, 22022
3, 22031
2, 22035
2, 22051
1, 22063
3, 22073
1, 22080
2, 22091
1, 22097
3, 22118
3, 22128
2, 22137
1, 22145
3, 22152
1, 22167
2, 22177
2, 22196
3, 22198
1, 22201
3, 22217
1, 22232
3, 22244
1, 22249
2, 22256
1, 22274
3, 22282
1, 22296
2, 22300
3, 22320
1, 22321
3, 22333
3, 22347
1, 22357
1, 22369
1, 22380
2, 22392
3, 22394
1, 22407
2, 22413
1, 22425
1, 22450
3, 22432
1, 22461
3, 22477
2, 22439
3, 22487
1, 22497
3, 22507
3, 22517
2, 22537
3, 22537
3, 22560
1, 22564
1, 22575
1, 22586
2, 22589
3, 22606
2, 22614
1, 22617
3, 22635
1, 22641
2, 22657
1, 22665
1, 22676
3, 22683
1, 22702
1, 22713
3, 22714
3, 22724
3, 22734
2, 22751
1, 22755
3, 22773
1, 22781
1, 22792
2, 22797
1, 22820
3, 22821
1, 22837
2, 22844
3, 22858
1, 22860
3, 22875
3, 22886
1, 22902
3, 22903
3, 22924
1, 22929
2, 22931
1, 22946
2, 22960
3, 22962
1, 22984
1, 22995
3, 22997
1, 23008
3, 23028
1, 23035
2, 23047
1, 23053
3, 23065
1, 23071
2, 23080
3, 23094
1, 23102
2, 23112
3, 23125
3, 23140
1, 23141
2, 23157
3, 23169
1, 23169
2, 23186
3, 23189
3, 23215
1, 23220
1, 23231
3, 23240
2, 23253
1, 23258
3, 23273
1, 23276
2, 23293
1, 23303
3, 23305
1, 23319
2, 23337
1, 23353
1, 23364
2, 23366
1, 23379
3, 23387
1, 23396
1, 23415
3, 23419
1, 23432
2, 23448
3, 23453
1, 23458
2, 23466
3, 23483
1, 23485
3, 23506
1, 23514
3, 23528
3, 23539
1, 23548
1, 23559
3, 23571
2, 23571
3, 23583
1, 23592
3, 23608
3, 23619
3, 23638
1, 23626
3, 23648
3, 23660
2, 23628
3, 23673
2, 23691
1, 23695
3, 23705
1, 23714
1, 23725
3, 23735
1, 23761
2, 23761
3, 23777
1, 23780
2, 23794
1, 23803
1, 23814
3, 23829
1, 23835
2, 23842
1, 23858
3, 23860
2, 23871
2, 23886
1, 23898
3, 23904
1, 23921
3, 23932
1, 23940
2, 23952
3, 23955
1, 23975
2, 23975
3, 23992
1, 23996
1, 24009
1, 24026
2, 24034
3, 24036
1, 24053
2, 24073
3, 24076
1, 24073
1, 24094
3, 24102
1, 24117
3, 24122
1, 24138
3, 24143
2, 24154
2, 24171
3, 24173
3, 24196
1, 24201
2, 24203
1, 24216
1, 24232
3, 24242
1, 24250
2, 24270
1, 24272
3, 24279
1, 24291
3, 24303
3, 24313
3, 24324
1, 24340
2, 24348
3, 24355
2, 24362
1, 24376
1, 24387
3, 24401
1, 24401
3, 24423
1, 24427
1, 24446
1, 24457
3, 24466
3, 24476
2, 24479
1, 24483
3, 24508
1, 24513
1, 24524
2, 24527
3, 24549
2, 24557
3, 24566
1, 24557
3, 24585
1, 24594
2, 24605
3, 24617
1, 24620
3, 24638
1, 24649
1, 24660
3, 24671
1, 24685
2, 24697
1, 24702
3, 24699
2, 24713
3, 24732
1, 24742
3, 24749
2, 24756
3, 24773
1, 24780
2, 24794
3, 24795
3, 24825
1, 24811
3, 24835
2, 24815
3, 24862
1, 24864
2, 24879
1, 24884
3, 24896
1, 24913
3, 24914
2, 24931
1, 24935
3, 24945
3, 24955
1, 24971
3, 24986
1, 24994
2, 24994
1, 25013
3, 25016
1, 25036
3, 25042
2, 25052
1, 25060
3, 25072
1, 25089
2, 25092
3, 25103
1, 25115
2, 25128
3, 25129
3, 25141
3, 25155
3, 25165
1, 25174
2, 25195
3, 25197
1, 25200
1, 25214
1, 25229
1, 25240
3, 25255
1, 25267
2, 25268
1, 25281
3, 25288
3, 25298
3, 25308
2, 25320
3, 25332
1, 25335
1, 25359
3, 25368
1, 25382
1, 25393
2, 25396
3, 25397
1, 25423
2, 25430
3, 25433
1, 25447
3, 25462
1, 25466
2, 25483
1, 25485
3, 25496
3, 25506
3, 25516
3, 25536
1, 25544
2, 25546
1, 25567
3, 25572
1, 25586
1, 25597
3, 25604
2, 25608
1, 25628
2, 25633
3, 25648
1, 25648
3, 25663
3, 25681
1, 25687
3, 25701
2, 25707
3, 25715
1, 25728
3, 25737
2, 25756
3, 25759
1, 25763
3, 25771
2, 25789
3, 25797
1, 25813
1, 25824
2, 25839
3, 25841
1, 25844
1, 25866
3, 25868
3, 25890
1, 25893
2, 25896
1, 25914
2, 25933
3, 25936
1, 25942
3, 25951
1, 25966
3, 25979
2, 25986
1, 25991
1, 26020
3, 25999
1, 26031
3, 26045
2, 26009
3, 26067
3, 26077
1, 26082
3, 26087
1, 26105
2, 26110
1, 26124
1, 26135
1, 26146
3, 26155
1, 26169
2, 26172
3, 26185
3, 26195
3, 26205
1, 26214
3, 26231
3, 26241
3, 26251
2, 26255
1, 26260
3, 26274
3, 26295
1, 26299
2, 26310
1, 26312
2, 26335
1, 26338
3, 26351
2, 26360
3, 26373
1, 26379
2, 26399
1, 26404
3, 26399
3, 26433
1, 26432
3, 26443
2, 26447
1, 26457
3, 26470
1, 26487
3, 26497
1, 26515
3, 26521
1, 26531
2, 26532
3, 26553
1, 26555
3, 26570
2, 26585
3, 26591
1, 26587
1, 26617
3, 26630
1, 26633
2, 26637
2, 26652
3, 26655
1, 26677
1, 26688
1, 26699
2, 26702
3, 26707
2, 26721
3, 26735
1, 26746
3, 26758
1, 26767
3, 26779
1, 26788
1, 26799
1, 26811
3, 26823
3, 26837
2, 26844
1, 26852
3, 26850
2, 26876
2, 26888
3, 26889
1, 26898
3, 26912
2, 26925
1, 26933
3, 26950
3, 26961
1, 26961
3, 26979
2, 26978
1, 27001
3, 27005
1, 27021
2, 27020
2, 27038
3, 27043
1, 27054
3, 27070
2, 27073
3, 27087
1, 27092
3, 27107
3, 27117
3, 27134
1, 27140
2, 27142
1, 27154
3, 27162
2, 27174
1, 27182
3, 27201
1, 27211
3, 27225
2, 27227
2, 27250
3, 27252
1, 27258
1, 27278
3, 27282
1, 27300
2, 27307
3, 27319
1, 27314
3, 27340
1, 27343
1, 27362
2, 27361
1, 27382
3, 27387
2, 27392
3, 27412
1, 27416
1, 27427
3, 27445
1, 27448
1, 27459
1, 27470
2, 27477
3, 27486
3, 27502
1, 27510
3, 27531
2, 27531
1, 27541
3, 27560
1, 27561
1, 27583
2, 27589
1, 27600
3, 27619
1, 27620
2, 27633
3, 27642
1, 27639
2, 27660
1, 27670
3, 27674
3, 27687
1, 27704
2, 27714
1, 27721
1, 27733
3, 27743
1, 27750
3, 27771
3, 27786
2, 27788
1, 27791
2, 27805
1, 27824
2, 27831
3, 27834
2, 27852
3, 27853
1, 27865
1, 27876
3, 27894
1, 27904
2, 27910
1, 27917
3, 27934
3, 27944
3, 27954
2, 27956
3, 27981
1, 27992
1, 28003
3, 27992
3, 28015
2, 28013
3, 28036
1, 28041
1, 28059
2, 28060
1, 28072
3, 28085
3, 28097
1, 28102
3, 28124
1, 28125
3, 28143
1, 28147
1, 28167
3, 28172
3, 28187
2, 28165
1, 28202
2, 28209
3, 28217
3, 28237
1, 28238
1, 28262
3, 28264
3, 28278
2, 28282
1, 28286
1, 28305
2, 28320
3, 28332
2, 28333
1, 28355
1, 28369
1, 28380
2, 28356
1, 28391
3, 28358
3, 28407
3, 28421
1, 28429
2, 28438
3, 28445
3, 28467
1, 28468
2, 28484
1, 28496
1, 28507
1, 28518
2, 28524
3, 28527
3, 28538
3, 28549
1, 28568
3, 28575
3, 28585
2, 28600
1, 28607
3, 28609
3, 28630
1, 28635
3, 28647
1, 28659
1, 28676
3, 28678
2, 28692
3, 28702
1, 28696
1, 28728
3, 28736
2, 28736
3, 28759
1, 28764
2, 28765
1, 28777
3, 28794
3, 28804
3, 28814
3, 28824
1, 28829
3, 28847
1, 28858
3, 28876
2, 28873
3, 28893
1, 28893
3, 28908
3, 28925
2, 28922
3, 28938
2, 28952
3, 28957
1, 28974
3, 28980
2, 28985
1, 28991
2, 29009
2, 29019
3, 29033
2, 29036
3, 29060
1, 29060
3, 29072
2, 29077
2, 29093
3, 29083
2, 29118
1, 29119
3, 29124
2, 29145
3, 29148
2, 29166
1, 29168
3, 29180
1, 29191
3, 29201
2, 29218
1, 29221
3, 29228
1, 29243
2, 29265
2, 29276
3, 29277
1, 29283
1, 29294
2, 29313
1, 29321
3, 29325
1, 29334
2, 29346
2, 29363
1, 29365
3, 29385
1, 29386
2, 29401
1, 29417
3, 29418
2, 29433
3, 29434
3, 29457
1, 29464
2, 29467
3, 29483
1, 29494
3, 29504
2, 29511
1, 29517
1, 29547
1, 29558
2, 29526
3, 29536
3, 29589
3, 29599
1, 29569
1, 29620
1, 29631
2, 29579
1, 29642
3, 29609
2, 29655
3, 29669
2, 29683
3, 29683
1, 29698
2, 29705
1, 29720
3, 29731
3, 29741
2, 29757
3, 29763
2, 29772
3, 29787
2, 29795
1, 29805
3, 29813
2, 29825
3, 29835
2, 29842
2, 29858
2, 29873
1, 29877
3, 29885
3, 29898
2, 29888
1, 29914
2, 29922
1, 29947
2, 29947
3, 29954
2, 29962
1, 29980
1, 29996
2, 30001
3, 30015
2, 30019
1, 30033
3, 30043
2, 30052
1, 30054
3, 30072
1, 30090
3, 30094
2, 30106
1, 30106
3, 30127
1, 30135
2, 30149
1, 30149
3, 30166
1, 30168
3, 30183
1, 30202
1, 30213
2, 30219
3, 30223
2, 30243
3, 30248
1, 30266
3, 30274
2, 30280
1, 30285
2, 30307
3, 30309
1, 30320
3, 30332
3, 30351
1, 30353
1, 30364
1, 30375
2, 30377
3, 30389
1, 30399
2, 30410
1, 30426
3, 30438
2, 30440
1, 30464
2, 30469
3, 30476
2, 30488
1, 30499
2, 30516
3, 30515
1, 30531
3, 30536
2, 30555
1, 30558
3, 30567
1, 30578
3, 30598
3, 30611
3, 30621
2, 30628
1, 30633
3, 30641
2, 30645
3, 30662
3, 30674
1, 30679
3, 30699
2, 30704
2, 30725
3, 30712
2, 30736
1, 30715
3, 30754
1, 30766
1, 30778
2, 30793
1, 30798
3, 30798
1, 30815
3, 30830
1, 30841
1, 30855
2, 30863
2, 30874
3, 30878
1, 30893
2, 30903
3, 30904
3, 30923
1, 30937
3, 30946
2, 30946
3, 30968
2, 30972
3, 30991
2, 30994
1, 30997
3, 31009
2, 31026
2, 31040
1, 31044
3, 31052
3, 31062
3, 31073
3, 31094
1, 31095
3, 31110
2, 31115
1, 31120
2, 31134
3, 31147
2, 31157
3, 31171
1, 31180
3, 31189
2, 31193
1, 31216
3, 31217
2, 31232
1, 31242
3, 31242
3, 31268
2, 31273
3, 31281
1, 31288
2, 31302
3, 31316
2, 31323
1, 31333
3, 31341
2, 31347
1, 31359
3, 31363
2, 31379
1, 31399
3, 31405
2, 31409
1, 31429
2, 31430
3, 31440
1, 31461
2, 31465
3, 31466
2, 31484
1, 31493
3, 31511
2, 31512
2, 31531
1, 31532
2, 31548
3, 31559
3, 31570
1, 31574
2, 31591
3, 31602
2, 31611
1, 31613
1, 31625
1, 31641
3, 31652
2, 31655
3, 31672
2, 31676
3, 31687
2, 31711
1, 31711
3, 31714
1, 31733
2, 31743
3, 31748
3, 31768
2, 31773
1, 31781
2, 31796
3, 31797
1, 31813
3, 31835
2, 31837
3, 31853
1, 31859
1, 31870
1, 31889
2, 31871
3, 31878
2, 31906
2, 31916
3, 31933
2, 31937
2, 31957
1, 31958
3, 31970
1, 31973
1, 31984
3, 32002
3, 32012
2, 32020
1, 32032
2, 32041
2, 32052
3, 32072
1, 32074
2, 32074
2, 32100
3, 32105
1, 32112
3, 32126
2, 32128
1, 32147
3, 32148
2, 32171
1, 32176
1, 32187
3, 32191
2, 32209
3, 32215
1, 32225
3, 32236
2, 32250
1, 32265
2, 32273
1, 32280
1, 32291
3, 32296
3, 32317
2, 32321
1, 32335
3, 32340
2, 32351
3, 32360
1, 32368
3, 32386
2, 32395
1, 32401
3, 32415
2, 32424
1, 32429
3, 32448
2, 32455
1, 32466
3, 32474
2, 32485
3, 32495
1, 32507
2, 32519
3, 32532
1, 32535
2, 32545
2, 32567
3, 32572
1, 32577
2, 32582
1, 32601
3, 32613
2, 32618
2, 32639
3, 32640
1, 32646
2, 32659
3, 32680
1, 32684
2, 32684
3, 32708
1, 32714
2, 32715
2, 32740
1, 32748
3, 32748
1, 32766
3, 32780
2, 32782
1, 32797
3, 32806
2, 32809
1, 32825
3, 32844
1, 32845
2, 32857
3, 32877
2, 32878
1, 32884
2, 32902
3, 32910
1, 32920
2, 32923
1, 32940
3, 32951
2, 32965
3, 32972
1, 32985
2, 32988
2, 33010
3, 33015
1, 33015
3, 33034
1, 33037
1, 33066
3, 33049
1, 33077
2, 33055
3, 33099
1, 33103
2, 33114
3, 33128
1, 33138
2, 33150
3, 33151
2, 33170
1, 33173
2, 33189
3, 33200
1, 33206
3, 33227
2, 33230
1, 33236
1, 33262
3, 33263
2, 33268
3, 33285
2, 33298
1, 33297
2, 33312
3, 33324
2, 33341
2, 33351
1, 33349
3, 33367
2, 33369
2, 33390
1, 33391
3, 33409
2, 33419
1, 33420
2, 33434
2, 33452
2, 33463
1, 33471
1, 33483
3, 33483
1, 33501
2, 33508
2, 33518
3, 33539
2, 33540
1, 33544
2, 33555
1, 33573
2, 33583
3, 33587
3, 33609
1, 33611
2, 33625
3, 33634
1, 33646
2, 33649
3, 33664
2, 33678
3, 33687
1, 33692
2, 33698
2, 33717
3, 33733
1, 33733
3, 33748
2, 33754
3, 33769
1, 33782
3, 33785
2, 33794
1, 33803
2, 33823
1, 33826
3, 33831
3, 33842
3, 33863
2, 33866
1, 33881
1, 33892
3, 33900
2, 33911
1, 33912
2, 33929
1, 33937
3, 33955
2, 33963
1, 33965
3, 33980
2, 33992
2, 34005
3, 34009
1, 34032
2, 34037
3, 34034
1, 34054
2, 34063
3, 34081
1, 34084
3, 34094
1, 34111
2, 34119
1, 34132
3, 34133
2, 34156
3, 34161
1, 34161
3, 34184
2, 34195
1, 34200
3, 34208
2, 34214
2, 34242
1, 34223
1, 34263
3, 34232
1, 34274
2, 34252
3, 34290
1, 34302
2, 34320
1, 34324
3, 34330
2, 34347
1, 34353
3, 34365
2, 34367
2, 34394
1, 34395
3, 34409
2, 34419
1, 34424
3, 34436
2, 34446
1, 34464
3, 34469
2, 34476
1, 34495
2, 34500
3, 34505
1, 34529
2, 34529
3, 34534
3, 34548
3, 34566
1, 34575
2, 34582
3, 34587
1, 34605
2, 34605
1, 34624
3, 34625
1, 34646
3, 34659
2, 34659
1, 34683
3, 34686
2, 34699
1, 34704
3, 34713
1, 34732
2, 34733
1, 34753
2, 34764
3, 34771
3, 34781
2, 34797
1, 34802
3, 34804
2, 34822
2, 34832
1, 34841
3, 34849
2, 34854
3, 34881
1, 34883
2, 34893
1, 34909
3, 34915
2, 34920
1, 34939
3, 34944
2, 34947
2, 34967
1, 34980
2, 34987
3, 34989
3, 34999
3, 35016
1, 35029
2, 35033
3, 35040
1, 35059
2, 35066
3, 35076
2, 35093
1, 35103
2, 35111
3, 35111
2, 35129
1, 35136
3, 35151
2, 35154
1, 35168
3, 35187
1, 35191
2, 35194
3, 35214
2, 35229
1, 35230
3, 35243
2, 35251
1, 35258
3, 35277
2, 35285
1, 35290
3, 35309
2, 35311
1, 35324
3, 35336
2, 35340
1, 35353
2, 35363
3, 35370
1, 35390
3, 35396
3, 35419
2, 35398
3, 35429
1, 35409
3, 35445
2, 35457
1, 35464
3, 35481
1, 35490
2, 35498
3, 35509
1, 35514
3, 35539
2, 35545
3, 35552
1, 35559
2, 35571
3, 35576
3, 35587
2, 35611
1, 35617
2, 35622
3, 35630
2, 35647
1, 35649
2, 35665
2, 35675
3, 35689
1, 35692
3, 35716
2, 35715
1, 35726
3, 35731
1, 35749
2, 35749
3, 35767
1, 35779
2, 35783
3, 35791
3, 35806
2, 35821
3, 35828
1, 35845
3, 35846
2, 35854
2, 35875
3, 35876
1, 35895
1, 35906
2, 35909
1, 35924
3, 35935
2, 35935
2, 35958
1, 35959
3, 35974
2, 35989
1, 35992
3, 35997
3, 36023
1, 36023
2, 36033
1, 36041
1, 36062
3, 36069
2, 36071
3, 36088
1, 36100
3, 36111
2, 36111
1, 36135
2, 36140
3, 36149
1, 36158
3, 36175
2, 36175
1, 36194
2, 36201
3, 36204
2, 36223
3, 36235
1, 36237
2, 36253
1, 36258
3, 36275
1, 36283
2, 36292
3, 36297
1, 36324
2, 36324
3, 36335
1, 36342
2, 36351
3, 36357
2, 36381
1, 36387
3, 36388
1, 36417
2, 36417
3, 36430
2, 36438
1, 36444
3, 36467
1, 36471
2, 36466
1, 36492
3, 36498
2, 36513
1, 36522
3, 36528
3, 36549
1, 36553
2, 36555
1, 36576
1, 36596
2, 36581
1, 36607
3, 36585
1, 36625
2, 36643
3, 36646
1, 36657
2, 36665
2, 36676
3, 36690
1, 36699
2, 36702
3, 36724
2, 36734
3, 36739
1, 36747
2, 36762
3, 36776
2, 36780
1, 36787
2, 36811
1, 36812
3, 36820
1, 36828
2, 36841
3, 36854
1, 36859
2, 36869
3, 36883
3, 36905
1, 36906
2, 36908
1, 36924
3, 36940
3, 36956
1, 36958
2, 36958
3, 36985
1, 36989
3, 36998
2, 37004
1, 37013
3, 37033
2, 37035
2, 37059
1, 37060
3, 37064
1, 37078
2, 37096
1, 37103
3, 37103
2, 37130
1, 37133
3, 37137
2, 37154
3, 37168
1, 37176
3, 37190
1, 37193
2, 37205
3, 37208
1, 37228
2, 37235
2, 37246
2, 37263
1, 37268
3, 37272
2, 37280
3, 37305
3, 37316
2, 37316
1, 37336
3, 37337
2, 37352
3, 37365
1, 37365
1, 37387
2, 37386
3, 37407
1, 37411
2, 37412
1, 37430
2, 37452
3, 37454
1, 37453
2, 37472
3, 37488
1, 37492
1, 37503
2, 37511
2, 37522
1, 37540
2, 37545
3, 37558
2, 37567
2, 37577
1, 37589
2, 37599
2, 37610
3, 37610
2, 37624
3, 37643
1, 37646
2, 37662
1, 37666
3, 37673
1, 37689
2, 37697
3, 37708
2, 37716
1, 37738
3, 37738
3, 37763
1, 37750
3, 37773
2, 37753
3, 37783
1, 37808
2, 37808
1, 37827
3, 37827
1, 37845
3, 37863
1, 37865
2, 37872
1, 37881
3, 37897
2, 37913
3, 37916
1, 37923
3, 37948
1, 37949
2, 37954
3, 37960
1, 37987
2, 37988
3, 38001
1, 38015
2, 38017
3, 38034
1, 38034
3, 38061
1, 38063
2, 38068
1, 38079
3, 38101
2, 38101
3, 38123
1, 38125
2, 38131
3, 38138
1, 38163
2, 38165
3, 38175
2, 38189
1, 38195
3, 38205
2, 38219
3, 38227
1, 38239
3, 38250
2, 38263
3, 38268
1, 38279
2, 38288
2, 38298
3, 38319
1, 38320
2, 38327
3, 38336
3, 38358
1, 38361
2, 38362
1, 38380
3, 38397
1, 38403
3, 38413
2, 38430
3, 38435
1, 38431
3, 38453
2, 38460
1, 38468
2, 38494
3, 38495
1, 38504
2, 38517
3, 38528
2, 38538
3, 38552
1, 38553
3, 38571
3, 38585
3, 38595
2, 38597
2, 38613
3, 38622
2, 38631
1, 38642
3, 38644
2, 38660
1, 38666
2, 38681
3, 38694
2, 38698
1, 38715
3, 38724
2, 38724
3, 38743
1, 38752
2, 38754
1, 38771
3, 38778
3, 38798
1, 38804
2, 38807
3, 38816
1, 38840
2, 38843
3, 38854
2, 38866
1, 38882
3, 38882
2, 38891
1, 38900
3, 38924
3, 38938
2, 38926
3, 38948
3, 38958
1, 38928
3, 38980
2, 38994
1, 39002
2, 39004
1, 39027
3, 39027
2, 39042
2, 39052
1, 39059
2, 39070
3, 39076
1, 39094
3, 39103
1, 39118
2, 39121
3, 39133
1, 39150
3, 39155
1, 39173
2, 39176
1, 39186
3, 39186
1, 39203
3, 39216
2, 39217
1, 39237
3, 39249
1, 39260
2, 39263
3, 39285
1, 39286
2, 39296
3, 39309
1, 39324
2, 39325
1, 39342
3, 39349
2, 39365
1, 39372
3, 39378
2, 39395
1, 39401
3, 39411
2, 39432
1, 39435
3, 39434
1, 39451
2, 39465
1, 39482
3, 39482
2, 39503
1, 39506
3, 39515
2, 39525
3, 39543
2, 39546
1, 39562
2, 39567
1, 39584
3, 39588
2, 39606
1, 39609
3, 39619
2, 39625
3, 39649
2, 39649
1, 39658
3, 39678
2, 39679
2, 39699
3, 39701
1, 39708
2, 39727
2, 39738
3, 39739
1, 39754
2, 39757
3, 39779
1, 39781
2, 39794
1, 39808
3, 39818
1, 39832
2, 39835
3, 39851
1, 39855
2, 39862
3, 39877
2, 39892
2, 39903
1, 39903
2, 39919
3, 39925
2, 39937
1, 39952
2, 39964
1, 39970
3, 39972
2, 39998
3, 40006
1, 39999
3, 40031
2, 40031
1, 40042
3, 40051
2, 40066
3, 40069
1, 40083
2, 40094
2, 40115
1, 40101
2, 40125
3, 40105
2, 40145
1, 40155
3, 40164
1, 40185
3, 40185
2, 40200
1, 40203
2, 40220
3, 40225
1, 40244
3, 40245
2, 40259
1, 40274
2, 40279
3, 40286
1, 40307
2, 40312
1, 40325
3, 40337
1, 40337
2, 40354
3, 40364
1, 40373
2, 40380
2, 40391
3, 40404
3, 40424
2, 40425
1, 40437
1, 40448
2, 40464
3, 40474
2, 40475
1, 40484
3, 40504
2, 40508
1, 40511
2, 40536
2, 40547
1, 40547
3, 40559
1, 40571
2, 40580
3, 40582
1, 40603
3, 40614
2, 40622
1, 40624
1, 40646
3, 40649
2, 40658
3, 40666
3, 40676
3, 40698
2, 40701
3, 40713
1, 40724
1, 40736
2, 40741
3, 40746
3, 40774
1, 40773
2, 40791
3, 40794
1, 40810
2, 40812
3, 40823
3, 40846
2, 40846
2, 40858
1, 40872
3, 40873
2, 40881
1, 40898
3, 40904
2, 40921
1, 40924
2, 40939
3, 40945
2, 40958
1, 40970
3, 40978
2, 40989
3, 40993
3, 41016
1, 41015
1, 41040
3, 41043
2, 41044
3, 41060
2, 41075
3, 41078
1, 41094
1, 41108
2, 41113
3, 41117
3, 41142
1, 41144
2, 41146
1, 41172
2, 41175
3, 41195
1, 41197
2, 41205
1, 41218
3, 41230
2, 41242
3, 41246
1, 41264
2, 41267
2, 41291
1, 41278
1, 41312
3, 41281
1, 41323
2, 41301
3, 41338
1, 41352
3, 41367
2, 41372
1, 41383
2, 41392
1, 41413
2, 41415
3, 41423
1, 41435
3, 41441
3, 41463
1, 41469
2, 41469
2, 41494
1, 41495
1, 41507
3, 41515
1, 41528
2, 41538
3, 41545
1, 41559
2, 41566
2, 41578
3, 41593
2, 41597
1, 41618
2, 41621
3, 41634
1, 41644
2, 41651
1, 41666
2, 41680
3, 41685
1, 41687
2, 41710
3, 41712
1, 41731
3, 41731
2, 41745
1, 41759
3, 41764
3, 41778
3, 41788
1, 41806
2, 41807
1, 41825
3, 41825
2, 41839
3, 41850
2, 41860
1, 41867
3, 41882
1, 41888
2, 41898
1, 41914
3, 41921
2, 41932
1, 41939
3, 41950
2, 41967
3, 41976
1, 41989
2, 41997
3, 41999
1, 42014
3, 42027
2, 42026
1, 42052
2, 42059
1, 42068
3, 42069
3, 42094
1, 42100
2, 42101
1, 42119
3, 42129
3, 42146
2, 42152
1, 42158
3, 42180
2, 42181
1, 42189
3, 42195
2, 42215
1, 42217
3, 42236
2, 42248
2, 42261
3, 42266
1, 42278
3, 42285
3, 42300
2, 42301
1, 42319
2, 42325
3, 42336
2, 42338
1, 42365
2, 42365
3, 42371
1, 42390
2, 42395
3, 42408
1, 42418
3, 42426
2, 42447
2, 42459
3, 42449
3, 42479
1, 42449
3, 42489
2, 42469
3, 42515
2, 42522
1, 42522
3, 42545
1, 42547
2, 42559
1, 42579
2, 42581
3, 42588
2, 42600
2, 42610
3, 42629
1, 42633
2, 42639
3, 42646
2, 42662
1, 42672
3, 42680
2, 42698
3, 42702
1, 42713
3, 42729
3, 42739
2, 42738
2, 42761
1, 42770
3, 42770
3, 42793
2, 42796
1, 42797
3, 42827
1, 42828
2, 42832
1, 42847
3, 42858
1, 42867
2, 42873
2, 42886
3, 42902
1, 42906
2, 42924
1, 42928
3, 42938
2, 42955
1, 42960
3, 42970
2, 42987
3, 42993
1, 42999
2, 43011
2, 43021
3, 43029
2, 43050
1, 43054
3, 43061
3, 43081
2, 43081
1, 43094
3, 43110
1, 43117
2, 43110
3, 43146
1, 43148
2, 43163
3, 43167
2, 43182
1, 43189
3, 43193
2, 43218
2, 43228
1, 43228
3, 43242
2, 43243
3, 43265
1, 43266
2, 43287
3, 43293
2, 43308
1, 43311
3, 43322
2, 43329
1, 43341
3, 43352
1, 43362
2, 43381
3, 43383
1, 43389
2, 43410
3, 43412
1, 43419
2, 43436
1, 43443
2, 43464
3, 43465
3, 43475
1, 43481
2, 43498
3, 43505
1, 43516
2, 43526
3, 43545
1, 43550
2, 43551
1, 43569
3, 43584
2, 43589
1, 43599
3, 43609
3, 43633
2, 43614
3, 43643
1, 43623
3, 43662
2, 43673
1, 43676
3, 43701
1, 43705
3, 43721
2, 43721
1, 43735
2, 43742
1, 43758
3, 43772
2, 43777
1, 43789
3, 43796
2, 43806
3, 43825
2, 43827
1, 43831
2, 43852
3, 43862
2, 43871
1, 43883
3, 43886
2, 43899
3, 43908
1, 43916
3, 43936
2, 43942
1, 43946
3, 43959
1, 43969
1, 43983
2, 43992
3, 44008
1, 44012
2, 44019
2, 44044
1, 44044
3, 44059
2, 44069
1, 44071
1, 44094
2, 44095
3, 44114
1, 44116
2, 44127
1, 44144
2, 44147
3, 44155
2, 44167
1, 44183
3, 44193
1, 44208
2, 44208
3, 44223
1, 44231
2, 44250
3, 44255
1, 44255
3, 44278
2, 44282
3, 44302
1, 44303
2, 44310
2, 44320
3, 44336
1, 44343
2, 44349
3, 44374
1, 44378
2, 44383
3, 44393
2, 44413
3, 44413
2, 44433
3, 44436
1, 44448
3, 44461
2, 44466
1, 44477
2, 44488
1, 44509
3, 44509
2, 44516
1, 44535
2, 44537
3, 44551
1, 44557
3, 44578
1, 44580
2, 44596
1, 44609
3, 44609
1, 44629
3, 44635
2, 44647
1, 44654
3, 44659
2, 44680
3, 44685
1, 44693
2, 44707
1, 44724
3, 44725
2, 44737
1, 44750
3, 44759
2, 44774
2, 44785
1, 44791
1, 44811
3, 44792
1, 44822
2, 44800
1, 44847
2, 44853
3, 44858
2, 44880
1, 44883
3, 44884
1, 44913
2, 44914
3, 44923
2, 44933
1, 44945
3, 44960
2, 44967
1, 44967
2, 44994
1, 45000
2, 45013
3, 45015
1, 45019
3, 45040
2, 45044
3, 45066
1, 45066
3, 45087
2, 45089
3, 45107
1, 45109
2, 45124
3, 45124
1, 45143
2, 45147
2, 45169
3, 45172
2, 45183
1, 45195
3, 45200
2, 45212
3, 45224
2, 45240
1, 45245
3, 45247
1, 45263
2, 45276
1, 45286
3, 45294
2, 45298
1, 45316
3, 45329
1, 45340
3, 45353
2, 45354
1, 45367
3, 45384
1, 45387
2, 45396
3, 45409
2, 45423
1, 45427
2, 45445
3, 45445
1, 45467
3, 45474
2, 45476
2, 45501
1, 45504
3, 45504
1, 45532
2, 45533
3, 45541
2, 45551
3, 45571
2, 45577
1, 45581
3, 45597
1, 45601
1, 45612
2, 45627
3, 45628
3, 45657
1, 45658
2, 45661
1, 45684
2, 45688
3, 45694
2, 45709
2, 45729
3, 45728
1, 45739
3, 45740
1, 45761
3, 45771
2, 45776
1, 45797
3, 45797
2, 45804
3, 45830
1, 45830
2, 45848
3, 45848
2, 45867
1, 45872
3, 45881
2, 45896
1, 45896
2, 45919
3, 45928
2, 45934
1, 45950
3, 45950
2, 45963
2, 45987
3, 45973
3, 46007
1, 45977
3, 46017
2, 45997
1, 46033
3, 46044
2, 46048
2, 46071
3, 46074
1, 46081
3, 46105
1, 46105
2, 46115
3, 46125
2, 46147
3, 46150
1, 46155
3, 46176
1, 46185
3, 46187
2, 46202
3, 46206
3, 46229
2, 46229
1, 46242
2, 46257
3, 46263
1, 46265
2, 46283
1, 46286
2, 46310
3, 46312
1, 46326
2, 46337
3, 46338
3, 46360
1, 46368
2, 46371
3, 46390
1, 46398
2, 46402
2, 46426
1, 46430
3, 46440
2, 46445
3, 46462
2, 46465
1, 46480
3, 46480
1, 46508
2, 46509
3, 46520
2, 46532
1, 46535
3, 46555
1, 46559
3, 46576
2, 46580
1, 46597
3, 46602
2, 46611
1, 46621
3, 46632
3, 46655
1, 46655
2, 46663
1, 46677
3, 46688
2, 46693
3, 46710
1, 46716
2, 46720
3, 46741
2, 46741
1, 46761
2, 46772
2, 46782
3, 46786
3, 46808
1, 46810
2, 46810
1, 46823
2, 46841
1, 46849
2, 46872
1, 46873
1, 46886
3, 46886
3, 46913
1, 46914
2, 46920
3, 46932
1, 46946
3, 46962
2, 46965
1, 46968
3, 46993
1, 46995
2, 46999
3, 47019
1, 47023
3, 47034
2, 47050
2, 47063
3, 47076
2, 47081
1, 47093
2, 47101
3, 47101
2, 47120
1, 47134
3, 47134
3, 47162
1, 47145
3, 47172
2, 47152
1, 47192
3, 47197
1, 47216
2, 47220
3, 47236
1, 47244
2, 47251
3, 47265
1, 47275
2, 47287
3, 47296
1, 47300
2, 47322
3, 47326
1, 47330
2, 47354
3, 47361
1, 47361
3, 47387
2, 47387
3, 47407
1, 47410
2, 47422
3, 47426
1, 47443
3, 47454
2, 47457
1, 47467
2, 47488
3, 47491
1, 47511
2, 47511
3, 47522
1, 47530
2, 47547
1, 47552
3, 47560
2, 47575
1, 47589
3, 47590
2, 47603
1, 47620
3, 47628
2, 47629
1, 47650
1, 47661
3, 47668
2, 47679
3, 47684
3, 47694
3, 47713
3, 47724
1, 47725
3, 47738
3, 47748
2, 47759
1, 47775
2, 47784
3, 47792
3, 47802
1, 47809
2, 47817
3, 47833
1, 47835
2, 47857
3, 47863
1, 47865
2, 47888
1, 47889
3, 47903
2, 47917
1, 47923
3, 47939
2, 47944
3, 47959
1, 47959
2, 47984
3, 47985
1, 47996
2, 48001
2, 48026
3, 48027
2, 48044
3, 48052
1, 48055
2, 48070
3, 48084
1, 48085
1, 48101
3, 48111
2, 48130
3, 48134
1, 48129
2, 48152
3, 48165
2, 48175
1, 48173
3, 48198
2, 48198
3, 48215
1, 48215
3, 48239
1, 48249
2, 48250
3, 48261
2, 48272
3, 48280
2, 48298
3, 48311
3, 48326
1, 48311
1, 48347
2, 48316
1, 48358
3, 48336
1, 48382
3, 48388
2, 48394
1, 48406
3, 48414
2, 48421
2, 48445
3, 48447
1, 48461
3, 48465
2, 48479
2, 48499
1, 48498
3, 48511
2, 48525
1, 48531
3, 48534
1, 48559
3, 48562
2, 48565
3, 48588
1, 48592
2, 48595
1, 48613
2, 48628
3, 48632
2, 48648
1, 48659
3, 48661
2, 48667
2, 48689
3, 48694
2, 48706
1, 48716
2, 48724
3, 48740
3, 48752
1, 48757
1, 48769
2, 48778
3, 48795
2, 48800
1, 48812
2, 48820
2, 48838
1, 48841
3, 48844
2, 48868
1, 48868
3, 48891
1, 48893
2, 48898
2, 48911
3, 48921
1, 48940
2, 48940
1, 48960
3, 48962
2, 48977
1, 48982
3, 48988
2, 49010
3, 49019
1, 49019
3, 49038
3, 49050
2, 49031
1, 49072
3, 49084
2, 49088
3, 49098
1, 49108
2, 49121
1, 49130
3, 49140
2, 49153
1, 49163
2, 49164
3, 49185
2, 49197
3, 49203
1, 49206
3, 49215
3, 49231
2, 49237
1, 49245
3, 49257
2, 49275
1, 49275
1, 49288
2, 49315
3, 49316
2, 49333
3, 49338
1, 49337
3, 49356
3, 49367
2, 49377
1, 49388
1, 49400
3, 49408
3, 49420
1, 49431
2, 49440
3, 49443
1, 49468
2, 49469
3, 49479
3, 49502
2, 49485
3, 49512
1, 49492
3, 49532
1, 49540
2, 49550
1, 49556
2, 49579
1, 49581
3, 49595
3, 49606
2, 49613
3, 49631
2, 49638
1, 49645
3, 49648
1, 49669
2, 49672
3, 49697
2, 49699
1, 49696
3, 49719
2, 49724
2, 49748
3, 49748
1, 49754
3, 49773
2, 49775
1, 49788
3, 49790
1, 49813
2, 49813
1, 49834
2, 49843
3, 49851
1, 49864
2, 49869
2, 49892
1, 49892
3, 49903
2, 49905
1, 49929
3, 49935
2, 49949
1, 49952
2, 49966
3, 49959
2, 49982
3, 49997
2, 50001
3, 50017
2, 50022
3, 50037
2, 50042
3, 50057
2, 50062
3, 50077
2, 50082
3, 50098
2, 50101
2, 50117
2, 50127
3, 50133
3, 50143
2, 50156
3, 50159
1, 50184
2, 50189
3, 50197
3, 50207
3, 50217
3, 50227
2, 50244
1, 50247
1, 50258
3, 50263
1, 50278
2, 50281
3, 50298
3, 50313
1, 50322
1, 50338
2, 50338
3, 50355
2, 50360
2, 50375
2, 50385
1, 50389
3, 50402
1, 50412
3, 50425
2, 50425
2, 50446
2, 50456
2, 50466
3, 50476
2, 50489
1, 50490
2, 50510
1, 50517
2, 50528
3, 50528
2, 50543
3, 50565
2, 50565
3, 50579
1, 50567
3, 50596
1, 50606
2, 50612
2, 50633
2, 50643
1, 50652
1, 50670
1, 50681
3, 50659
1, 50692
2, 50658
2, 50712
3, 50726
2, 50731
1, 50742
3, 50747
2, 50759
1, 50765
1, 50782
2, 50795
1, 50806
3, 50814
1, 50821
3, 50835
3, 50846
3, 50859
1, 50865
3, 50878
2, 50880
3, 50901
2, 50902
3, 50926
2, 50926
3, 50936
1, 50949
2, 50966
3, 50972
1, 50972
3, 50982
3, 50999
2, 51012
1, 51017
3, 51024
2, 51037
3, 51047
2, 51056
3, 51073
2, 51074
3, 51090
1, 51094
3, 51118
2, 51121
1, 51130
1, 51147
2, 51155
3, 51164
3, 51174
2, 51189
3, 51192
1, 51203
2, 51218
2, 51228
2, 51238
3, 51240
2, 51255
3, 51263
1, 51280
3, 51284
2, 51292
2, 51308
2, 51322
2, 51332
3, 51343
3, 51354
2, 51344
3, 51365
1, 51371
2, 51380
3, 51392
3, 51402
3, 51412
3, 51422
2, 51441
2, 51452
2, 51462
3, 51467
3, 51477
3, 51487
3, 51504
2, 51511
2, 51521
1, 51524
2, 51531
3, 51547
2, 51559
1, 51559
1, 51575
1, 51596
2, 51600
3, 51618
2, 51620
3, 51638
2, 51643
1, 51644
1, 51657
2, 51671
2, 51681
3, 51692
1, 51704
3, 51711
2, 51718
2, 51739
3, 51743
1, 51756
1, 51768
2, 51769
3, 51784
2, 51796
3, 51806
3, 51825
3, 51837
3, 51847
3, 51857
3, 51867
3, 51877
3, 51887
3, 51897
3, 51907
3, 51917
1, 51825
3, 51927
3, 51937
2, 51827
3, 51953
2, 51962
1, 51977
3, 51994
2, 51998
1, 52006
3, 52019
2, 52020
2, 52041
3, 52046
1, 52055
3, 52069
2, 52084
3, 52089
3, 52099
1, 52115
3, 52125
2, 52134
1, 52138
3, 52149
2, 52155
1, 52172
3, 52180
2, 52186
2, 52196
1, 52217
2, 52220
3, 52230
3, 52240
1, 52257
2, 52259
3, 52271
2, 52285
1, 52298
3, 52301
2, 52313
3, 52324
3, 52334
1, 52351
3, 52352
3, 52365
2, 52378
3, 52380
1, 52402
2, 52410
1, 52419
3, 52430
2, 52434
2, 52452
1, 52463
3, 52465
2, 52479
3, 52494
1, 52504
3, 52504
2, 52524
3, 52525
1, 52542
3, 52554
2, 52561
1, 52578
2, 52581
3, 52592
2, 52600
3, 52617
1, 52621
2, 52624
3, 52646
1, 52661
3, 52664
2, 52683
2, 52694
3, 52684
1, 52697
2, 52721
2, 52731
1, 52732
3, 52740
2, 52748
3, 52764
3, 52784
1, 52789
2, 52790
3, 52814
1, 52818
2, 52829
3, 52843
1, 52846
2, 52850
2, 52871
2, 52886
3, 52894
2, 52900
1, 52904
1, 52915
2, 52935
1, 52944
3, 52933
2, 52967
1, 52975
1, 52995
1, 53006
2, 52984
1, 53018
3, 52977
3, 53044
1, 53050
2, 53052
3, 53070
1, 53077
2, 53079
1, 53097
1, 53117
3, 53121
2, 53132
3, 53142
1, 53151
2, 53157
3, 53169
3, 53179
2, 53198
3, 53198
1, 53215
2, 53217
3, 53235
2, 53241
3, 53258
1, 53262
2, 53265
1, 53289
2, 53293
3, 53306
1, 53312
2, 53317
2, 53338
3, 53339
2, 53350
1, 53368
2, 53372
2, 53391
3, 53389
3, 53410
1, 53412
2, 53420
1, 53433
3, 53443
3, 53468
2, 53470
1, 53477
2, 53495
3, 53497
2, 53508
1, 53523
3, 53530
2, 53537
1, 53548
2, 53567
3, 53577
2, 53582
1, 53586
1, 53597
1, 53622
3, 53622
2, 53637
1, 53644
3, 53656
1, 53666
2, 53678
3, 53679
1, 53700
3, 53708
3, 53719
2, 53723
3, 53735
1, 53747
1, 53765
2, 53767
3, 53777
3, 53789
3, 53799
2, 53811
3, 53817
2, 53833
1, 53836
3, 53844
2, 53864
1, 53872
3, 53876
2, 53898
3, 53900
1, 53906
2, 53926
3, 53927
2, 53941
1, 53954
2, 53960
3, 53969
1, 53983
2, 53995
2, 54014
3, 54015
3, 54030
1, 54034
2, 54044
1, 54057
2, 54071
3, 54071
3, 54096
2, 54097
1, 54107
3, 54115
2, 54130
1, 54140
2, 54140
2, 54170
3, 54151
3, 54190
3, 54200
1, 54160
1, 54221
2, 54180
3, 54210
2, 54241
3, 54258
2, 54260
1, 54269
3, 54281
3, 54294
2, 54299
1, 54310
2, 54324
3, 54323
1, 54340
2, 54349
3, 54362
1, 54375
2, 54386
3, 54395
2, 54410
1, 54412
3, 54417
1, 54435
1, 54453
2, 54456
3, 54466
1, 54471
2, 54482
2, 54502
2, 54512
2, 54529
3, 54529
2, 54540
3, 54557
1, 54567
2, 54568
3, 54572
2, 54587
3, 54597
2, 54606
3, 54622
1, 54630
2, 54632
2, 54654
3, 54654
1, 54677
2, 54678
3, 54686
1, 54704
2, 54715
3, 54718
3, 54730
2, 54746
3, 54756
2, 54767
3, 54778
1, 54782
2, 54790
3, 54800
2, 54816
1, 54817
2, 54839
3, 54838
2, 54854
2, 54872
3, 54872
1, 54878
2, 54898
3, 54911
1, 54914
3, 54928
2, 54931
2, 54955
3, 54955
2, 54972
1, 54973
3, 54987
3, 54998
2, 55007
3, 55020
1, 55021
3, 55034
2, 55053
3, 55060
3, 55074
1, 55079
2, 55090
3, 55093
2, 55106
3, 55122
1, 55133
2, 55134
1, 55155
2, 55163
3, 55163
2, 55177
3, 55200
2, 55209
3, 55215
1, 55217
1, 55229
2, 55245
3, 55245
1, 55255
2, 55266
1, 55286
3, 55277
3, 55302
2, 55320
2, 55337
3, 55320
3, 55357
3, 55367
1, 55327
1, 55388
2, 55347
1, 55400
3, 55377
2, 55414
3, 55432
2, 55438
1, 55442
3, 55462
1, 55471
3, 55479
2, 55486
3, 55497
2, 55516
1, 55522
3, 55530
2, 55539
1, 55551
2, 55564
2, 55575
3, 55575
2, 55603
1, 55603
3, 55611
2, 55614
1, 55640
2, 55644
3, 55655
2, 55662
1, 55679
3, 55689
1, 55699
2, 55703
3, 55723
1, 55728
1, 55739
1, 55750
1, 55761
3, 55770
2, 55779
3, 55781
2, 55797
3, 55806
2, 55817
3, 55837
2, 55837
3, 55856
1, 55859
2, 55875
2, 55885
3, 55890
2, 55896
2, 55916
3, 55920
1, 55933
2, 55944
3, 55952
1, 55960
1, 55982
3, 55985
2, 56002
3, 56003
1, 56018
3, 56020
2, 56034
2, 56045
1, 56060
2, 56064
3, 56070
3, 56080
1, 56095
2, 56113
3, 56119
1, 56130
2, 56138
3, 56140
3, 56162
1, 56172
2, 56177
3, 56197
2, 56200
1, 56211
2, 56222
3, 56227
1, 56240
2, 56246
2, 56257
3, 56274
2, 56274
3, 56300
1, 56309
3, 56311
2, 56320
3, 56326
1, 56350
2, 56352
3, 56358
2, 56367
3, 56393
2, 56391
1, 56410
3, 56414
2, 56419
3, 56430
2, 56452
1, 56454
3, 56465
3, 56475
3, 56485
2, 56497
1, 56493
2, 56517
3, 56509
1, 56538
2, 56549
3, 56551
2, 56563
3, 56581
2, 56588
1, 56591
1, 56619
2, 56619
3, 56625
1, 56641
2, 56647
3, 56670
1, 56670
2, 56680
3, 56697
1, 56700
2, 56703
2, 56726
3, 56732
1, 56735
3, 56755
2, 56758
3, 56766
3, 56787
1, 56793
1, 56805
2, 56812
3, 56821
2, 56841
3, 56846
1, 56852
2, 56862
2, 56873
2, 56888
3, 56896
2, 56913
1, 56914
3, 56927
2, 56929
3, 56955
1, 56958
2, 56959
1, 56975
3, 56989
3, 57009
1, 57011
3, 57025
2, 57028
1, 57034
2, 57050
3, 57054
3, 57069
2, 57084
3, 57099
2, 57099
3, 57116
3, 57126
2, 57136
2, 57146
1, 57149
3, 57156
2, 57169
2, 57181
3, 57187
1, 57199
2, 57210
2, 57221
2, 57238
3, 57238
2, 57260
3, 57263
1, 57273
2, 57285
3, 57288
1, 57296
2, 57321
3, 57325
1, 57337
3, 57354
1, 57359
2, 57359
2, 57383
3, 57386
1, 57394
2, 57401
1, 57415
2, 57430
2, 57440
1, 57454
3, 57460
2, 57471
3, 57477
2, 57498
1, 57501
3, 57504
3, 57515
2, 57527
3, 57533
3, 57560
1, 57560
3, 57574
2, 57574
3, 57587
2, 57599
2, 57617
3, 57633
2, 57633
1, 57634
3, 57648
3, 57675
2, 57656
2, 57695
2, 57705
2, 57715
1, 57665
2, 57725
2, 57735
3, 57685
3, 57760
1, 57765
1, 57777
2, 57786
3, 57789
2, 57809
3, 57814
3, 57836
2, 57839
1, 57841
1, 57854
3, 57860
3, 57871
3, 57888
2, 57902
3, 57904
1, 57911
3, 57924
3, 57940
1, 57958
2, 57960
3, 57967
2, 57975
1, 57990
3, 57998
2, 58008
1, 58020
3, 58031
2, 58042
1, 58050
3, 58056
1, 58078
3, 58082
2, 58095
1, 58102
3, 58113
2, 58120
3, 58137
3, 58147
3, 58157
1, 58168
2, 58177
3, 58179
1, 58201
3, 58211
2, 58219
1, 58223
3, 58242
3, 58258
2, 58255
1, 58268
3, 58276
3, 58294
2, 58296
3, 58310
1, 58314
3, 58332
2, 58332
2, 58344
2, 58367
2, 58377
1, 58385
2, 58392
1, 58410
2, 58413
3, 58415
1, 58434
2, 58445
1, 58450
1, 58464
2, 58478
1, 58483
3, 58499
2, 58503
3, 58521
1, 58529
2, 58531
1, 58549
3, 58564
1, 58567
1, 58579
2, 58583
1, 58602
2, 58612
3, 58614
2, 58629
3, 58647
2, 58649
2, 58669
3, 58676
1, 58678
3, 58702
1, 58704
2, 58704
3, 58730
2, 58734
1, 58736
2, 58760
1, 58768
3, 58768
3, 58794
2, 58797
1, 58798
3, 58821
3, 58838
1, 58827
3, 58848
2, 58828
2, 58876
1, 58878
2, 58889
3, 58892
2, 58908
1, 58919
3, 58928
1, 58940
2, 58947
1, 58960
3, 58974
2, 58984
3, 58992
1, 59003
2, 59006
3, 59026
3, 59040
1, 59047
2, 59047
3, 59067
2, 59072
1, 59076
1, 59104
2, 59105
3, 59116
1, 59119
2, 59137
1, 59142
3, 59151
3, 59173
2, 59178
3, 59186
3, 59197
1, 59203
2, 59213
3, 59231
1, 59238
2, 59244
1, 59261
3, 59276
2, 59276
1, 59287
2, 59305
1, 59313
3, 59321
2, 59329
3, 59342
1, 59351
1, 59363
3, 59374
2, 59385
3, 59402
2, 59406
1, 59407
2, 59420
3, 59434
3, 59449
1, 59456
2, 59473
1, 59477
3, 59482
1, 59497
2, 59509
3, 59522
3, 59532
3, 59542
2, 59553
2, 59563
1, 59565
1, 59576
3, 59597
2, 59599
3, 59610
1, 59627
3, 59636
2, 59630
1, 59648
2, 59668
1, 59672
3, 59674
1, 59699
3, 59705
2, 59706
3, 59724
1, 59732
3, 59744
2, 59747
3, 59767
2, 59775
3, 59789
1, 59794
2, 59798
1, 59822
3, 59826
2, 59842
1, 59843
2, 59865
1, 59869
3, 59873
3, 59898
1, 59898
2, 59914
3, 59923
1, 59924
3, 59943
2, 59948
3, 59964
2, 59978
1, 59978
2, 59992
2, 60014
1, 60002
1, 60035
3, 60004
1, 60046
2, 60024
3, 60057
2, 60079
1, 60080
1, 60093
3, 60114
2, 60121
1, 60127
3, 60131
1, 60153
3, 60157
2, 60165
2, 60184
1, 60187
3, 60193
1, 60214
2, 60221
3, 60229
1, 60245
2, 60251
3, 60259
1, 60279
3, 60283
2, 60288
2, 60310
1, 60311
3, 60331
1, 60335
2, 60338
3, 60355
2, 60374
3, 60375
1, 60383
2, 60401
1, 60406
3, 60412
1, 60433
3, 60440
2, 60444
1, 60464
2, 60466
3, 60477
3, 60487
1, 60498
3, 60513
2, 60515
3, 60531
1, 60543
2, 60552
3, 60555
2, 60572
1, 60582
3, 60591
2, 60604
1, 60620
3, 60625
2, 60625
3, 60637
3, 60656
2, 60661
2, 60683
1, 60684
3, 60686
2, 60710
1, 60716
3, 60729
1, 60737
2, 60729
1, 60759
3, 60765
2, 60778
1, 60781
3, 60802
2, 60812
1, 60812
2, 60837
1, 60841
3, 60847
2, 60858
3, 60870
2, 60882
1, 60888
3, 60896
3, 60919
1, 60923
2, 60924
2, 60948
3, 60949
1, 60967
2, 60977
3, 60977
2, 61002
1, 61004
3, 61015
1, 61027
2, 61037
3, 61047
2, 61056
1, 61066
3, 61067
1, 61087
2, 61100
3, 61101
3, 61123
2, 61128
1, 61137
3, 61155
2, 61155
1, 61167
1, 61191
3, 61177
1, 61202
2, 61180
3, 61221
1, 61239
2, 61240
3, 61252
2, 61267
1, 61268
3, 61292
2, 61293
1, 61301
3, 61320
1, 61331
3, 61340
2, 61342
3, 61358
3, 61368
2, 61382
3, 61387
1, 61390
2, 61403
1, 61421
3, 61424
2, 61440
1, 61451
3, 61456
2, 61471
3, 61474
1, 61497
3, 61497
2, 61511
1, 61513
3, 61538
2, 61538
1, 61550
2, 61567
2, 61577
3, 61579
1, 61592
2, 61599
2, 61622
3, 61623
1, 61641
3, 61642
3, 61663
1, 61663
2, 61670
1, 61692
2, 61695
3, 61696
2, 61720
3, 61727
1, 61729
2, 61752
2, 61762
1, 61770
3, 61771
1, 61793
3, 61799
2, 61804
3, 61827
1, 61829
2, 61834
1, 61851
3, 61855
1, 61875
2, 61876
2, 61887
3, 61907
1, 61911
2, 61918
1, 61942
2, 61942
3, 61952
1, 61957
3, 61977
1, 61983
2, 61987
1, 62011
3, 62020
2, 62028
1, 62030
2, 62057
1, 62059
3, 62059
2, 62082
3, 62089
1, 62091
2, 62111
1, 62119
3, 62126
1, 62136
2, 62149
3, 62170
1, 62172
2, 62176
2, 62188
1, 62209
2, 62217
3, 62217
2, 62234
1, 62246
3, 62258
3, 62272
3, 62282
2, 62290
1, 62294
3, 62309
1, 62316
2, 62330
3, 62332
3, 62351
3, 62368
2, 62356
3, 62378
1, 62358
3, 62393
2, 62405
3, 62414
2, 62431
1, 62434
3, 62446
1, 62452
2, 62474
3, 62476
2, 62490
1, 62501
2, 62506
3, 62521
1, 62530
2, 62540
3, 62549
2, 62560
3, 62571
1, 62582
3, 62593
2, 62595
1, 62616
3, 62617
1, 62631
3, 62649
1, 62659
2, 62661
1, 62679
3, 62685
3, 62701
2, 62701
1, 62723
2, 62729
3, 62731
1, 62757
2, 62758
3, 62767
1, 62771
3, 62795
1, 62801
2, 62801
1, 62829
2, 62832
3, 62837
1, 62854
3, 62870
1, 62872
2, 62878
2, 62900
1, 62905
3, 62915
3, 62928
2, 62929
3, 62953
1, 62963
3, 62964
2, 62976
1, 62984
2, 62998
3, 63008
1, 63016
2, 63028
1, 63045
3, 63045
1, 63065
3, 63070
2, 63080
1, 63093
3, 63098
3, 63111
2, 63116
2, 63139
1, 63142
3, 63143
1, 63168
3, 63171
2, 63188
3, 63193
1, 63196
3, 63220
2, 63225
1, 63233
3, 63249
2, 63250
1, 63265
3, 63268
1, 63287
3, 63301
2, 63313
3, 63313
2, 63331
3, 63338
1, 63339
2, 63365
3, 63365
1, 63379
1, 63390
2, 63399
3, 63406
2, 63423
1, 63427
3, 63437
2, 63451
1, 63469
2, 63475
3, 63469
1, 63493
3, 63504
1, 63514
1, 63535
3, 63519
1, 63546
2, 63524
1, 63571
3, 63580
2, 63588
1, 63595
3, 63607
2, 63619
1, 63623
3, 63636
1, 63659
2, 63659
3, 63661
2, 63685
3, 63691
1, 63694
2, 63711
3, 63722
1, 63731
3, 63735
2, 63755
3, 63760
1, 63773
2, 63784
3, 63789
1, 63803
3, 63820
2, 63820
3, 63838
1, 63840
2, 63848
3, 63870
1, 63875
2, 63877
2, 63904
1, 63906
3, 63919
2, 63920
1, 63939
3, 63952
2, 63955
1, 63966
2, 63983
1, 63994
3, 64002
2, 64015
1, 64016
2, 64032
3, 64046
1, 64046
2, 64060
1, 64076
3, 64085
2, 64092
1, 64097
2, 64115
1, 64131
2, 64133
3, 64144
1, 64154
2, 64164
1, 64183
3, 64186
2, 64195
1, 64202
1, 64224
2, 64224
3, 64240
1, 64242
3, 64262
2, 64262
1, 64289
2, 64291
3, 64301
2, 64301
1, 64323
3, 64327
2, 64342
1, 64356
3, 64361
2, 64370
1, 64386
2, 64394
3, 64394
2, 64423
3, 64425
1, 64434
3, 64435
1, 64452
1, 64470
3, 64479
2, 64481
1, 64490
2, 64508
1, 64517
3, 64533
1, 64538
2, 64544
1, 64558
3, 64569
2, 64591
1, 64592
3, 64591
1, 64611
2, 64624
3, 64625
2, 64644
3, 64656
1, 64664
2, 64666
1, 64685
3, 64696
3, 64716
2, 64700
3, 64726
1, 64706
3, 64741
3, 64761
1, 64764
2, 64769
3, 64793
1, 64800
2, 64808
3, 64811
2, 64830
1, 64842
3, 64846
2, 64857
1, 64872
3, 64872
1, 64890
3, 64905
1, 64915
2, 64916
3, 64935
2, 64939
2, 64960
1, 64961
3, 64973
1, 64985
2, 64989
1, 65006
3, 65018
1, 65028
2, 65042
3, 65048
1, 65059
2, 65062
1, 65081
3, 65083
1, 65101
2, 65101
1, 65114
3, 65134
1, 65140
2, 65143
2, 65166
1, 65171
3, 65174
2, 65199
1, 65200
3, 65208
1, 65229
2, 65229
3, 65253
1, 65255
2, 65259
1, 65272
3, 65293
1, 65298
2, 65300
1, 65325
3, 65325
2, 65336
1, 65339
1, 65361
2, 65376
1, 65381
3, 65387
3, 65409
1, 65413
2, 65413
1, 65430
2, 65439
2, 65458
1, 65466
2, 65476
3, 65485
2, 65494
1, 65510
3, 65519
2, 65519
1, 65538
2, 65545
2, 65559
3, 65559
2, 65581
1, 65582
3, 65591
3, 65602
2, 65626
1, 65627
3, 65630
1, 65649
2, 65656
3, 65675
2, 65682
1, 65692
3, 65701
1, 65713
2, 65714
1, 65730
3, 65738
3, 65749
2, 65760
3, 65770
1, 65779
2, 65799
1, 65804
3, 65807
1, 65826
2, 65832
2, 65843
3, 65860
1, 65863
2, 65867
2, 65897
1, 65878
1, 65918
3, 65887
1, 65929
2, 65907
1, 65950
3, 65947
2, 65970
1, 65979
3, 65987
1, 66000
1, 66012
3, 66026
1, 66036
2, 66038
3, 66051
1, 66074
2, 66074
3, 66081
1, 66094
3, 66115
2, 66114
1, 66125
3, 66141
2, 66149
1, 66155
3, 66160
1, 66187
3, 66187
2, 66198
1, 66215
2, 66218
3, 66231
1, 66237
3, 66258
2, 66258
2, 66270
1, 66277
2, 66288
1, 66310
2, 66312
3, 66320
1, 66326
1, 66351
2, 66355
1, 66368
3, 66373
2, 66388
1, 66391
3, 66402
2, 66417
1, 66419
2, 66445
3, 66447
1, 66452
2, 66473
3, 66482
1, 66489
2, 66497
3, 66505
2, 66519
1, 66535
2, 66537
1, 66561
3, 66561
2, 66571
1, 66577
2, 66594
1, 66606
3, 66606
1, 66630
2, 66633
3, 66635
2, 66660
1, 66662
2, 66675
2, 66687
1, 66706
3, 66706
2, 66714
1, 66721
2, 66742
3, 66746
2, 66765
1, 66767
2, 66778
3, 66790
1, 66794
3, 66813
1, 66823
2, 66830
3, 66837
3, 66847
1, 66860
3, 66878
2, 66879
1, 66894
3, 66904
2, 66906
2, 66927
1, 66931
3, 66935
1, 66956
2, 66965
3, 66977
1, 66977
3, 67003
3, 67014
1, 67014
3, 67029
2, 67037
1, 67040
2, 67052
2, 67079
3, 67059
3, 67099
3, 67109
1, 67069
1, 67130
2, 67089
3, 67119
1, 67151
2, 67157
3, 67169
1, 67188
3, 67191
2, 67193
3, 67207
3, 67219
2, 67228
3, 67239
3, 67249
3, 67265
2, 67268
1, 67287
2, 67290
3, 67304
2, 67305
3, 67330
2, 67331
1, 67344
3, 67348
1, 67369
2, 67377
3, 67378
1, 67397
3, 67405
2, 67418
1, 67423
1, 67440
3, 67444
2, 67461
3, 67465
1, 67483
3, 67485
1, 67496
2, 67503
2, 67514
3, 67532
2, 67545
1, 67548
3, 67551
2, 67568
2, 67578
2, 67599
3, 67600
1, 67614
1, 67625
2, 67638
2, 67648
3, 67656
1, 67661
3, 67675
2, 67683
1, 67701
3, 67711
3, 67721
3, 67734
2, 67735
1, 67745
1, 67756
3, 67759
3, 67769
2, 67780
2, 67790
2, 67800
1, 67811
3, 67818
3, 67828
2, 67839
2, 67860
3, 67863
3, 67875
2, 67889
1, 67901
3, 67910
2, 67908
1, 67931
3, 67939
2, 67955
3, 67960
2, 67977
1, 67978
2, 67987
3, 67995
2, 68008
1, 68022
3, 68028
2, 68042
3, 68060
2, 68062
2, 68081
1, 68078
2, 68092
3, 68106
2, 68108
2, 68128
1, 68127
2, 68148
2, 68158
3, 68148
3, 68178
2, 68188
3, 68195
1, 68200
2, 68207
3, 68231
3, 68246
3, 68256
1, 68234
2, 68236
1, 68277
3, 68266
1, 68301
2, 68307
3, 68310
2, 68332
1, 68341
2, 68348
3, 68353
2, 68376
3, 68381
1, 68380
3, 68395
1, 68414
1, 68425
3, 68438
1, 68445
2, 68455
3, 68463
1, 68469
3, 68480
2, 68492
2, 68502
3, 68514
2, 68518
3, 68542
2, 68545
2, 68556
2, 68569
1, 68577
2, 68582
3, 68589
1, 68609
3, 68622
1, 68626
2, 68641
3, 68642
2, 68660
1, 68672
2, 68679
3, 68682
2, 68694
2, 68713
2, 68723
3, 68737
2, 68739
1, 68745
3, 68756
2, 68771
2, 68781
1, 68792
3, 68799
2, 68806
1, 68818
2, 68837
1, 68844
3, 68847
3, 68869
2, 68873
1, 68874
3, 68899
1, 68903
2, 68919
3, 68919
1, 68940
2, 68944
3, 68946
2, 68964
1, 68978
3, 68993
2, 68995
2, 69005
3, 69024
1, 69025
2, 69039
3, 69045
1, 69058
3, 69070
2, 69072
3, 69089
2, 69100
1, 69102
3, 69116
2, 69127
3, 69144
1, 69149
2, 69151
1, 69177
2, 69181
3, 69185
2, 69200
2, 69211
3, 69223
1, 69231
2, 69241
1, 69254
3, 69256
3, 69277
2, 69285
1, 69285
2, 69305
3, 69311
2, 69325
1, 69326
2, 69353
2, 69363
1, 69363
3, 69377
2, 69381
2, 69407
1, 69396
2, 69417
3, 69397
2, 69444
1, 69449
3, 69449
3, 69473
2, 69481
1, 69486
3, 69503
2, 69508
1, 69518
3, 69533
2, 69540
3, 69552
1, 69557
2, 69570
1, 69578
2, 69595
3, 69603
1, 69605
3, 69618
2, 69638
1, 69642
3, 69651
2, 69665
3, 69676
1, 69688
2, 69690
3, 69705
1, 69713
2, 69731
3, 69733
2, 69748
1, 69748
2, 69773
3, 69776
1, 69782
1, 69805
2, 69809
3, 69811
2, 69824
1, 69845
3, 69845
2, 69860
2, 69870
2, 69880
2, 69890
2, 69900
1, 69905
3, 69924
1, 69931
2, 69932
1, 69950
3, 69955
1, 69976
2, 69982
3, 69986
2, 70007
1, 70010
3, 70029
2, 70035
1, 70044
3, 70053
2, 70062
3, 70073
2, 70090
1, 70091
1, 70102
3, 70122
1, 70126
2, 70136
1, 70154
3, 70158
1, 70175
3, 70183
2, 70194
3, 70199
2, 70218
3, 70221
1, 70229
2, 70242
3, 70249
1, 70256
2, 70282
3, 70282
2, 70299
1, 70303
3, 70311
2, 70324
1, 70332
3, 70348
2, 70349
3, 70374
1, 70376
2, 70375
1, 70397
2, 70403
3, 70422
1, 70430
3, 70433
3, 70453
3, 70466
2, 70469
1, 70484
3, 70484
3, 70508
2, 70508
1, 70519
2, 70533
1, 70543
3, 70543
1, 70561
1, 70583
3, 70570
1, 70594
2, 70572
1, 70622
3, 70622
2, 70635
3, 70648
1, 70656
3, 70660
2, 70680
1, 70683
3, 70696
1, 70701
3, 70726
2, 70729
1, 70741
3, 70745
2, 70764
3, 70768
2, 70779
1, 70785
3, 70798
2, 70805
3, 70819
1, 70830
2, 70841
3, 70841
2, 70857
3, 70874
2, 70881
1, 70889
2, 70902
1, 70911
3, 70927
2, 70929
1, 70941
2, 70953
2, 70973
3, 70973
2, 70990
3, 70997
1, 71002
2, 71018
3, 71023
1, 71037
3, 71047
2, 71052
1, 71062
2, 71072
1, 71093
2, 71100
3, 71100
2, 71118
2, 71137
3, 71140
1, 71143
3, 71166
2, 71169
3, 71184
1, 71186
2, 71196
2, 71207
2, 71226
1, 71235
3, 71237
1, 71251
3, 71265
1, 71271
2, 71278
3, 71295
1, 71304
2, 71309
3, 71319
1, 71335
3, 71343
1, 71362
3, 71364
2, 71372
3, 71384
1, 71403
3, 71407
2, 71411
1, 71428
2, 71440
3, 71450
2, 71459
1, 71462
3, 71474
1, 71494
2, 71500
3, 71501
1, 71525
2, 71526
1, 71550
2, 71551
3, 71561
1, 71574
3, 71583
2, 71598
1, 71601
2, 71616
1, 71626
3, 71645
1, 71655
3, 71655
2, 71668
1, 71679
3, 71680
2, 71699
3, 71710
1, 71711
2, 71737
1, 71739
1, 71760
3, 71739
1, 71771
2, 71749
3, 71790
1, 71797
2, 71814
1, 71817
3, 71840
2, 71841
1, 71852
3, 71872
2, 71872
1, 71882
2, 71889
2, 71899
2, 71916
3, 71926
1, 71928
3, 71945
2, 71954
1, 71969
2, 71981
3, 71989
1, 71989
2, 72009
1, 72020
2, 72026
3, 72039
1, 72058
3, 72065
2, 72058
2, 72078
3, 72098
1, 72101
2, 72102
3, 72130
1, 72131
2, 72139
1, 72156
3, 72162
2, 72166
1, 72188
3, 72193
1, 72209
2, 72218
3, 72219
1, 72232
2, 72249
1, 72256
3, 72263
3, 72284
1, 72285
2, 72296
1, 72310
3, 72322
2, 72324
1, 72343
2, 72346
3, 72360
3, 72371
2, 72381
1, 72382
3, 72401
1, 72408
1, 72432
2, 72432
3, 72444
1, 72454
2, 72458
2, 72468
3, 72483
2, 72489
3, 72511
1, 72512
2, 72520
2, 72541
3, 72546
1, 72549
2, 72567
3, 72574
1, 72581
3, 72596
2, 72613
3, 72618
1, 72613
1, 72648
2, 72649
3, 72656
2, 72660
2, 72679
3, 72697
2, 72699
1, 72707
2, 72722
1, 72726
1, 72737
3, 72756
2, 72761
1, 72777
3, 72779
1, 72797
2, 72802
1, 72816
3, 72804
1, 72839
3, 72848
2, 72848
1, 72868
2, 72878
3, 72888
1, 72896
3, 72901
3, 72923
3, 72939
1, 72928
3, 72949
2, 72929
3, 72965
1, 72982
3, 72997
2, 73001
3, 73013
1, 73013
1, 73039
2, 73040
2, 73051
3, 73056
2, 73074
1, 73082
3, 73095
2, 73104
1, 73109
3, 73130
2, 73134
1, 73140
3, 73158
2, 73158
1, 73178
3, 73179
2, 73198
1, 73202
3, 73221
1, 73226
2, 73232
2, 73243
3, 73260
2, 73261
1, 73284
3, 73286
2, 73305
3, 73308
1, 73316
3, 73337
1, 73341
2, 73336
1, 73357
1, 73378
3, 73383
2, 73391
1, 73395
3, 73414
3, 73434
1, 73435
2, 73435
1, 73452
3, 73468
2, 73471
3, 73482
1, 73501
2, 73506
3, 73515
1, 73529
3, 73541
2, 73547
3, 73557
1, 73565
2, 73586
1, 73589
3, 73603
2, 73612
1, 73612
3, 73634
2, 73635
1, 73652
2, 73660
2, 73670
3, 73676
1, 73692
2, 73704
1, 73714
3, 73705
2, 73737
3, 73744
1, 73752
3, 73765
2, 73770
1, 73789
3, 73792
3, 73811
2, 73810
2, 73834
1, 73837
3, 73849
2, 73852
3, 73868
1, 73879
2, 73883
3, 73902
1, 73911
3, 73912
2, 73934
3, 73938
1, 73942
3, 73960
1, 73970
3, 73989
2, 73993
1, 74004
3, 74015
2, 74016
1, 74037
3, 74038
2, 74059
1, 74064
3, 74076
2, 74077
2, 74105
1, 74091
2, 74115
3, 74095
2, 74136
1, 74144
3, 74150
1, 74168
3, 74176
3, 74190
1, 74197
2, 74205
3, 74212
1, 74231
2, 74235
3, 74239
2, 74265
1, 74266
3, 74276
3, 74295
1, 74305
2, 74313
3, 74324
1, 74332
2, 74344
3, 74351
2, 74366
1, 74367
2, 74384
3, 74393
1, 74399
2, 74418
2, 74430
3, 74436
1, 74447
2, 74451
2, 74475
3, 74475
1, 74485
2, 74488
1, 74509
3, 74511
3, 74532
1, 74541
2, 74544
3, 74548
2, 74571
2, 74582
3, 74593
1, 74594
1, 74616
2, 74621
3, 74632
2, 74641
1, 74643
3, 74668
2, 74668
1, 74681
3, 74692
2, 74702
2, 74714
1, 74714
2, 74739
1, 74744
3, 74739
1, 74760
3, 74772
3, 74793
2, 74798
1, 74801
2, 74816
3, 74828
1, 74834
2, 74855
3, 74858
1, 74857
2, 74884
3, 74886
1, 74897
3, 74912
2, 74919
2, 74930
1, 74930
2, 74954
1, 74963
3, 74976
2, 74980
1, 74982
2, 74997
3, 75011
2, 75031
2, 75042
1, 75042
3, 75052
2, 75063
1, 75074
2, 75087
1, 75101
3, 75101
3, 75125
2, 75124
1, 75128
2, 75150
3, 75157
1, 75170
1, 75181
3, 75186
3, 75196
2, 75204
3, 75219
2, 75230
1, 75230
2, 75253
3, 75258
3, 75280
1, 75260
1, 75301
2, 75270
1, 75312
3, 75290
2, 75329
1, 75337
2, 75350
1, 75370
3, 75375
3, 75385
2, 75387
2, 75410
1, 75416
3, 75419
3, 75441
2, 75441
1, 75453
3, 75460
3, 75481
2, 75481
3, 75499
1, 75501
3, 75512
3, 75524
2, 75536
1, 75545
3, 75550
2, 75572
3, 75572
2, 75595
1, 75593
3, 75609
2, 75618
1, 75621
1, 75644
3, 75652
2, 75654
1, 75673
2, 75684
3, 75686
1, 75702
3, 75718
2, 75720
1, 75736
3, 75747
2, 75750
2, 75773
3, 75774
1, 75777
1, 75801
2, 75806
3, 75810
2, 75833
2, 75843
3, 75847
1, 75853
1, 75870
2, 75871
1, 75889
3, 75905
1, 75911
3, 75926
2, 75928
3, 75943
2, 75955
1, 75952
3, 75968
2, 75977
1, 75994
3, 75999
3, 76022
2, 76023
1, 76023
2, 76045
3, 76051
2, 76068
3, 76077
1, 76080
2, 76092
1, 76106
3, 76114
2, 76117
3, 76142
1, 76141
3, 76159
1, 76166
2, 76171
2, 76194
1, 76197
3, 76199
2, 76223
1, 76232
2, 76241
3, 76249
1, 76253
2, 76271
1, 76282
3, 76285
2, 76302
1, 76311
3, 76326
2, 76327
2, 76351
1, 76351
3, 76359
2, 76368
3, 76379
3, 76398
1, 76398
3, 76413
2, 76421
1, 76430
1, 76456
2, 76438
1, 76467
3, 76445
1, 76484
2, 76493
1, 76511
2, 76518
3, 76523
2, 76535
3, 76559
1, 76559
2, 76565
3, 76573
1, 76595
2, 76603
3, 76604
3, 76624
1, 76637
3, 76641
2, 76646
3, 76659
3, 76670
2, 76688
3, 76695
1, 76694
3, 76714
2, 76724
3, 76728
3, 76738
3, 76755
2, 76762
1, 76775
3, 76783
1, 76796
2, 76813
1, 76816
3, 76818
2, 76839
1, 76847
3, 76858
1, 76873
2, 76874
3, 76890
2, 76900
1, 76910
2, 76920
3, 76923
2, 76938
3, 76944
1, 76963
2, 76971
3, 76983
1, 76986
2, 77001
1, 77014
3, 77025
2, 77033
1, 77036
2, 77052
3, 77057
3, 77067
2, 77085
2, 77095
1, 77107
2, 77109
2, 77132
3, 77129
2, 77150
1, 77150
3, 77168
1, 77177
2, 77179
3, 77194
2, 77208
3, 77208
1, 77227
2, 77241
3, 77241
2, 77265
3, 77265
1, 77273
2, 77293
3, 77292
1, 77300
3, 77316
1, 77325
2, 77341
3, 77344
2, 77358
3, 77376
2, 77381
1, 77379
2, 77397
3, 77417
1, 77419
3, 77431
2, 77436
2, 77459
1, 77460
3, 77463
3, 77488
3, 77498
1, 77503
1, 77518
2, 77521
1, 77540
3, 77540
1, 77557
2, 77559
3, 77577
2, 77578
2, 77605
1, 77603
1, 77629
2, 77615
1, 77640
3, 77618
1, 77651
3, 77664
2, 77687
3, 77693
1, 77693
2, 77715
1, 77722
3, 77725
2, 77745
1, 77749
3, 77757
2, 77773
3, 77783
1, 77785
3, 77800
1, 77814
2, 77836
3, 77836
2, 77853
3, 77858
2, 77872
1, 77870
2, 77897
3, 77897
1, 77909
1, 77920
2, 77923
3, 77938
2, 77944
3, 77963
1, 77964
3, 77980
2, 77980
2, 78004
3, 78012
1, 78017
3, 78027
2, 78046
3, 78047
1, 78063
2, 78073
3, 78074
2, 78096
1, 78101
3, 78106
1, 78126
2, 78129
3, 78140
1, 78153
1, 78174
2, 78174
3, 78185
2, 78197
1, 78208
2, 78212
3, 78222
1, 78238
2, 78248
3, 78254
1, 78274
3, 78277
2, 78285
3, 78303
3, 78315
2, 78323
1, 78322
2, 78340
3, 78351
1, 78354
1, 78378
3, 78384
2, 78384
3, 78401
2, 78412
3, 78420
1, 78435
3, 78443
2, 78438
2, 78472
3, 78473
1, 78482
2, 78487
3, 78507
1, 78513
2, 78516
1, 78537
3, 78545
2, 78557
3, 78564
1, 78584
3, 78587
2, 78591
1, 78606
2, 78622
3, 78622
1, 78637
2, 78648
3, 78661
2, 78670
1, 78685
3, 78686
2, 78695
1, 78715
3, 78717
2, 78728
1, 78743
2, 78748
3, 78761
3, 78779
1, 78777
1, 78804
3, 78789
1, 78815
2, 78793
3, 78836
2, 78849
1, 78852
3, 78857
2, 78881
1, 78885
3, 78888
2, 78910
3, 78922
2, 78929
1, 78931
2, 78946
3, 78951
3, 78975
2, 78980
1, 78978
2, 78996
3, 79012
1, 79012
3, 79031
1, 79041
2, 79058
3, 79058
2, 79076
1, 79074
3, 79094
2, 79100
1, 79113
3, 79115
2, 79130
3, 79153
1, 79154
2, 79159
2, 79181
3, 79186
1, 79193
3, 79206
2, 79214
1, 79221
3, 79239
2, 79252
1, 79252
2, 79269
1, 79279
2, 79296
3, 79298
1, 79299
3, 79320
3, 79330
2, 79340
1, 79349
1, 79361
2, 79371
3, 79387
2, 79388
1, 79396
3, 79416
2, 79420
1, 79436
2, 79442
3, 79448
1, 79462
3, 79473
3, 79488
2, 79491
2, 79503
3, 79518
2, 79523
3, 79530
2, 79542
2, 79552
3, 79562
3, 79573
2, 79587
3, 79592
3, 79602
3, 79612
2, 79620
2, 79630
1, 79640
3, 79664
2, 79664
1, 79666
2, 79684
1, 79698
3, 79704
3, 79725
1, 79734
3, 79736
2, 79745
1, 79761
2, 79767
3, 79775
2, 79788
3, 79801
2, 79809
1, 79819
2, 79824
3, 79837
3, 79851
2, 79858
3, 79869
1, 79879
3, 79893
2, 79899
1, 79905
2, 79928
3, 79929
1, 79942
1, 79964
2, 79948
1, 79975
3, 79953
1, 79991
2, 80006
1, 80010
2, 80029
3, 80035
1, 80046
2, 80052
3, 80071
2, 80072
2, 80083
1, 80103
2, 80109
3, 80109
2, 80128
2, 80138
3, 80148
1, 80156
2, 80168
3, 80180
2, 80192
1, 80196
3, 80203
3, 80231
2, 80231
1, 80238
2, 80249
3, 80259
1, 80274
2, 80286
3, 80294
1, 80296
2, 80319
3, 80324
1, 80334
2, 80339
2, 80362
3, 80363
1, 80375
2, 80387
3, 80395
1, 80399
2, 80413
3, 80432
1, 80431
2, 80450
3, 80456
1, 80463
2, 80481
3, 80485
1, 80505
3, 80509
2, 80515
1, 80528
3, 80549
1, 80550
2, 80557
2, 80568
3, 80581
1, 80592
2, 80603
3, 80611
2, 80626
3, 80633
1, 80636
2, 80647
1, 80669
3, 80673
2, 80684
1, 80691
3, 80708
1, 80720
2, 80725
3, 80727
2, 80750
1, 80760
3, 80767
2, 80776
1, 80786
3, 80794
2, 80805
3, 80823
1, 80824
3, 80838
1, 80850
3, 80858
1, 80874
2, 80880
3, 80894
2, 80900
3, 80916
2, 80929
1, 80934
1, 80950
3, 80952
2, 80954
3, 80976
2, 80984
1, 81000
3, 81002
1, 81018
2, 81023
3, 81030
2, 81046
3, 81051
2, 81066
3, 81071
2, 81086
3, 81091
2, 81112
1, 81114
1, 81138
3, 81117
1, 81149
2, 81127
3, 81165
1, 81181
3, 81188
1, 81206
2, 81206
3, 81223
2, 81235
3, 81240
1, 81247
2, 81256
1, 81272
3, 81279
3, 81299
2, 81305
1, 81306
3, 81327
1, 81339
3, 81344
2, 81352
1, 81367
3, 81374
2, 81381
3, 81402
2, 81411
3, 81417
1, 81417
3, 81433
1, 81445
3, 81460
2, 81460
3, 81475
2, 81490
1, 81503
3, 81507
2, 81521
1, 81524
2, 81543
3, 81548
1, 81563
2, 81564
2, 81581
3, 81599
1, 81598
3, 81617
2, 81617
2, 81631
1, 81643
3, 81654
2, 81654
1, 81676
3, 81686
2, 81685
1, 81706
2, 81710
3, 81720
2, 81741
2, 81751
1, 81748
2, 81766
3, 81770
3, 81791
2, 81800
3, 81809
1, 81819
2, 81822
1, 81841
3, 81848
2, 81851
3, 81867
2, 81883
3, 81885
1, 81895
2, 81904
1, 81921
3, 81930
2, 81934
3, 81950
1, 81969
2, 81970
1, 81987
3, 81987
2, 82008
1, 82012
3, 82019
2, 82035
1, 82043
2, 82051
1, 82070
2, 82076
3, 82083
1, 82094
3, 82100
2, 82115
3, 82134
1, 82134
2, 82147
2, 82165
1, 82164
3, 82175
3, 82186
2, 82202
3, 82209
1, 82209
3, 82233
2, 82239
2, 82250
1, 82260
3, 82268
2, 82278
3, 82291
3, 82311
2, 82294
3, 82321
3, 82338
2, 82344
1, 82301
2, 82364
2, 82374
2, 82384
3, 82388
2, 82406
1, 82406
2, 82420
3, 82425
3, 82450
1, 82447
2, 82463
3, 82463
2, 82487
3, 82492
1, 82505
3, 82513
2, 82519
1, 82534
2, 82546
3, 82549
2, 82571
3, 82576
3, 82586
3, 82596
1, 82604
3, 82613
2, 82620
1, 82637
2, 82643
3, 82656
2, 82670
2, 82680
2, 82697
1, 82698
2, 82711
3, 82711
1, 82734
3, 82737
2, 82746
1, 82766
2, 82770
3, 82774
1, 82789
2, 82804
1, 82805
3, 82820
1, 82825
3, 82846
2, 82856
1, 82856
2, 82872
1, 82880
3, 82888
3, 82902
3, 82922
2, 82929
1, 82928
3, 82944
2, 82949
1, 82968
2, 82976
3, 82981
2, 83001
1, 83008
3, 83017
2, 83018
2, 83041
3, 83053
1, 83054
2, 83069
1, 83089
2, 83090
3, 83090
2, 83112
3, 83122
2, 83130
1, 83144
2, 83152
3, 83154
2, 83176
3, 83185
1, 83186
3, 83204
2, 83207
1, 83220
2, 83231
1, 83248
2, 83250
2, 83261
3, 83268
2, 83278
3, 83297
1, 83305
2, 83316
3, 83317
3, 83329
2, 83347
2, 83364
1, 83361
2, 83379
3, 83386
3, 83396
1, 83409
3, 83412
2, 83427
1, 83430
3, 83449
1, 83455
1, 83480
2, 83460
1, 83491
3, 83469
2, 83517
1, 83518
3, 83535
2, 83546
1, 83546
2, 83563
3, 83573
1, 83588
2, 83596
3, 83596
2, 83614
3, 83627
3, 83641
2, 83642
1, 83652
3, 83661
2, 83672
1, 83684
3, 83700
1, 83706
2, 83709
1, 83734
3, 83736
2, 83741
2, 83768
1, 83767
3, 83777
2, 83791
1, 83793
3, 83811
2, 83823
1, 83823
2, 83841
3, 83835
2, 83854
1, 83876
3, 83879
2, 83888
2, 83909
1, 83914
3, 83926
2, 83930
1, 83937
3, 83955
2, 83957
2, 83977
3, 83987
2, 83995
1, 83999
1, 84021
2, 84033
3, 84033
1, 84045
2, 84057
3, 84069
1, 84075
1, 84097
2, 84098
3, 84116
1, 84116
2, 84130
3, 84141
2, 84156
1, 84161
3, 84169
2, 84174
3, 84189
2, 84207
1, 84208
2, 84222
3, 84235
1, 84249
2, 84252
3, 84262
1, 84282
3, 84288
2, 84282
3, 84311
2, 84313
1, 84317
3, 84336
1, 84341
2, 84361
3, 84366
1, 84368
2, 84386
1, 84396
2, 84410
2, 84421
3, 84428
1, 84440
2, 84442
3, 84452
2, 84470
3, 84474
1, 84491
2, 84502
3, 84501
2, 84525
1, 84530
3, 84536
3, 84551
1, 84565
2, 84574
3, 84575
2, 84599
1, 84599
3, 84612
2, 84618
2, 84644
3, 84628
3, 84664
1, 84634
3, 84674
2, 84654
3, 84690
1, 84700
2, 84714
3, 84720
1, 84728
2, 84748
3, 84755
1, 84757
2, 84778
3, 84788
1, 84800
2, 84804
3, 84817
2, 84820
3, 84837
2, 84851
1, 84853
2, 84874
1, 84885
3, 84885
1, 84901
1, 84920
2, 84927
3, 84927
1, 84945
3, 84958
1, 84965
2, 84965
1, 84983
2, 84998
3, 85004
3, 85017
1, 85026
2, 85032
2, 85051
3, 85059
1, 85065
2, 85079
3, 85087
2, 85093
1, 85110
2, 85121
1, 85123
1, 85136
2, 85156
3, 85158
1, 85161
3, 85183
1, 85193
2, 85198
3, 85215
2, 85224
1, 85224
2, 85247
3, 85252
1, 85268
2, 85278
3, 85283
1, 85286
3, 85311
1, 85313
2, 85318
1, 85333
3, 85346
1, 85353
2, 85371
1, 85373
1, 85398
3, 85398
2, 85402
3, 85419
2, 85432
1, 85434
3, 85451
2, 85461
1, 85464
3, 85478
2, 85483
2, 85509
3, 85515
1, 85520
3, 85526
2, 85545
1, 85553
3, 85568
2, 85578
3, 85582
3, 85592
2, 85608
1, 85615
3, 85617
1, 85638
2, 85645
2, 85655
3, 85662
2, 85675
1, 85686
2, 85692
2, 85706
2, 85723
3, 85725
1, 85747
3, 85747
2, 85756
3, 85767
1, 85776
3, 85794
2, 85796
2, 85820
1, 85808
2, 85830
3, 85810
2, 85853
1, 85861
3, 85866
2, 85883
1, 85889
2, 85903
3, 85911
1, 85923
2, 85925
2, 85947
3, 85951
1, 85955
3, 85976
2, 85980
2, 86003
3, 86005
1, 86013
3, 86025
2, 86029
3, 86045
1, 86055
2, 86061
3, 86080
1, 86083
2, 86097
1, 86114
2, 86117
1, 86134
2, 86143
3, 86147
1, 86150
3, 86166
2, 86178
1, 86189
2, 86205
3, 86213
2, 86222
1, 86232
3, 86238
1, 86257
2, 86263
3, 86263
3, 86287
2, 86296
3, 86306
1, 86310
2, 86318
3, 86336
1, 86339
3, 86357
2, 86365
1, 86367
2, 86393
3, 86393
1, 86403
2, 86409
3, 86420
1, 86439
3, 86449
1, 86458
2, 86461
1, 86484
2, 86486
1, 86504
3, 86505
2, 86524
1, 86529
3, 86537
2, 86549
3, 86562
1, 86575
2, 86578
3, 86593
1, 86604
2, 86615
3, 86626
2, 86633
1, 86640
2, 86662
1, 86665
3, 86669
1, 86686
3, 86695
2, 86710
1, 86712
2, 86731
3, 86737
1, 86741
1, 86764
1, 86775
2, 86775
1, 86797
3, 86800
2, 86803
1, 86822
2, 86831
3, 86835
2, 86848
1, 86867
3, 86874
2, 86890
3, 86895
1, 86905
3, 86905
1, 86927
2, 86941
1, 86947
3, 86949
2, 86974
3, 86974
3, 86998
1, 86982
3, 87008
2, 86988
3, 87032
1, 87033
2, 87049
1, 87064
2, 87075
3, 87079
2, 87089
1, 87106
2, 87110
3, 87118
2, 87127
1, 87139
3, 87161
1, 87163
2, 87166
2, 87188
1, 87194
3, 87199
2, 87219
1, 87223
3, 87231
1, 87253
2, 87258
3, 87258
2, 87283
1, 87288
3, 87288
3, 87311
2, 87313
2, 87324
1, 87343
2, 87345
3, 87355
2, 87368
1, 87372
2, 87398
1, 87400
3, 87397
2, 87424
3, 87428
2, 87445
1, 87446
1, 87457
3, 87475
2, 87480
1, 87490
2, 87508
3, 87508
1, 87522
2, 87533
3, 87544
1, 87549
2, 87566
3, 87578
1, 87582
3, 87601
2, 87610
3, 87618
2, 87631
1, 87636
3, 87647
1, 87655
2, 87670
3, 87678
2, 87685
1, 87699
3, 87710
2, 87712
1, 87739
2, 87743
3, 87739
1, 87766
3, 87766
2, 87781
1, 87801
3, 87802
3, 87814
2, 87801
1, 87838
3, 87843
2, 87845
2, 87867
3, 87873
1, 87876
2, 87891
3, 87910
2, 87918
1, 87920
3, 87938
2, 87942
1, 87959
3, 87961
2, 87975
2, 87996
3, 87997
1, 88000
2, 88022
3, 88025
1, 88030
2, 88053
1, 88063
3, 88071
2, 88078
1, 88087
3, 88103
3, 88118
1, 88124
2, 88124
1, 88146
2, 88149
2, 88173
3, 88152
3, 88193
1, 88163
3, 88203
2, 88183
1, 88224
3, 88217
1, 88244
3, 88251
2, 88267
3, 88282
2, 88287
1, 88301
3, 88302
2, 88314
1, 88322
2, 88338
3, 88338
2, 88354
1, 88370
2, 88375
3, 88386
2, 88399
3, 88406
1, 88417
3, 88433
1, 88440
2, 88443
3, 88464
1, 88476
2, 88482
3, 88487
1, 88508
2, 88508
3, 88519
2, 88537
3, 88540
1, 88544
3, 88564
2, 88574
1, 88579
2, 88594
1, 88605
2, 88615
3, 88627
2, 88632
1, 88650
3, 88655
2, 88665
1, 88673
3, 88692
2, 88695
1, 88705
2, 88715
3, 88722
3, 88743
2, 88743
2, 88767
2, 88777
3, 88783
1, 88787
3, 88801
2, 88802
1, 88823
2, 88829
3, 88839
3, 88855
2, 88861
3, 88876
2, 88883
3, 88891
1, 88892
1, 88910
3, 88924
2, 88926
2, 88948
3, 88952
3, 88967
1, 88968
1, 88991
2, 88991
3, 89004
2, 89013
1, 89032
2, 89034
3, 89041
2, 89055
1, 89062
3, 89076
1, 89090
2, 89092
3, 89114
2, 89114
1, 89128
3, 89136
2, 89143
3, 89159
2, 89164
1, 89184
3, 89185
2, 89189
3, 89208
2, 89218
1, 89227
3, 89240
1, 89249
2, 89258
2, 89279
3, 89282
1, 89283
1, 89306
2, 89318
3, 89319
3, 89344
1, 89330
3, 89354
3, 89367
2, 89334
2, 89379
1, 89392
2, 89406
1, 89422
3, 89422
2, 89434
1, 89454
3, 89454
2, 89471
1, 89472
3, 89493
2, 89501
1, 89501
2, 89520
3, 89524
3, 89549
2, 89559
3, 89559
1, 89567
2, 89574
3, 89591
2, 89601
1, 89605
3, 89623
2, 89630
3, 89646
1, 89647
2, 89664
1, 89670
3, 89680
2, 89697
2, 89708
3, 89711
2, 89729
1, 89730
2, 89746
3, 89750
1, 89758
3, 89774
2, 89793
3, 89794
1, 89800
3, 89821
2, 89822
1, 89834
2, 89850
1, 89862
3, 89864
2, 89877
3, 89886
1, 89905
3, 89910
2, 89912
3, 89929
1, 89939
2, 89944
1, 89970
2, 89970
3, 89978
2, 89994
1, 90004
3, 90006
2, 90026
3, 90034
1, 90039
3, 90058
1, 90064
2, 90058
1, 90085
3, 90085
1, 90103
3, 90120
2, 90122
3, 90141
1, 90149
3, 90155
2, 90162
3, 90183
1, 90184
2, 90200
3, 90206
2, 90228
1, 90228
2, 90245
3, 90245
1, 90259
2, 90270
3, 90271
3, 90293
1, 90298
3, 90311
2, 90316
3, 90336
2, 90337
1, 90357
3, 90361
2, 90371
1, 90389
2, 90393
3, 90390
2, 90420
1, 90422
3, 90424
2, 90449
3, 90455
2, 90468
1, 90476
2, 90485
2, 90506
3, 90492
3, 90526
1, 90496
1, 90547
2, 90516
1, 90558
3, 90536
2, 90580
1, 90593
2, 90601
3, 90603
1, 90616
3, 90632
1, 90639
2, 90644
3, 90659
1, 90668
2, 90684
1, 90691
3, 90708
2, 90715
1, 90726
3, 90732
2, 90746
3, 90755
1, 90761
2, 90775
3, 90782
3, 90793
2, 90812
3, 90817
1, 90816
3, 90841
2, 90841
1, 90859
3, 90863
2, 90885
3, 90887
1, 90891
3, 90906
2, 90914
3, 90930
3, 90944
2, 90946
1, 90963
2, 90971
3, 90966
2, 90991
1, 90994
3, 91016
2, 91021
1, 91023
2, 91045
3, 91056
1, 91058
2, 91077
1, 91082
3, 91090
2, 91106
1, 91110
3, 91122
2, 91143
1, 91145
3, 91155
2, 91168
1, 91175
3, 91178
2, 91199
1, 91202
3, 91219
2, 91224
1, 91234
2, 91242
3, 91260
1, 91265
2, 91269
2, 91294
2, 91304
3, 91315
2, 91320
1, 91323
2, 91341
2, 91351
1, 91364
1, 91375
2, 91389
1, 91391
3, 91400
1, 91413
1, 91424
2, 91436
3, 91447
1, 91449
2, 91460
1, 91471
2, 91494
3, 91496
3, 91507
1, 91511
2, 91523
3, 91535
2, 91543
3, 91565
1, 91565
2, 91581
3, 91585
1, 91596
3, 91613
2, 91614
3, 91630
1, 91639
3, 91654
2, 91662
2, 91682
1, 91664
1, 91703
3, 91672
1, 91714
2, 91692
3, 91730
2, 91749
1, 91749
2, 91767
3, 91768
3, 91793
1, 91795
2, 91801
2, 91820
3, 91827
1, 91828
3, 91842
1, 91860
2, 91867
3, 91869
2, 91893
3, 91897
3, 91910
1, 91916
3, 91929
2, 91944
3, 91947
1, 91953
2, 91968
1, 91986
3, 91994
2, 91989
1, 92011
2, 92025
3, 92034
1, 92034
3, 92054
2, 92064
1, 92065
2, 92091
3, 92094
2, 92109
1, 92106
2, 92125
3, 92129
2, 92145
2, 92155
3, 92167
2, 92182
1, 92182
3, 92198
2, 92203
3, 92217
1, 92231
3, 92236
2, 92242
2, 92264
1, 92263
2, 92287
1, 92288
3, 92296
2, 92306
3, 92324
1, 92324
2, 92342
3, 92347
1, 92359
3, 92370
2, 92384
3, 92393
1, 92384
3, 92412
2, 92422
2, 92432
3, 92439
3, 92449
2, 92466
1, 92464
2, 92483
1, 92497
3, 92499
2, 92507
1, 92525
2, 92532
3, 92541
1, 92562
3, 92564
2, 92572
1, 92590
2, 92598
3, 92600
1, 92624
3, 92627
2, 92633
1, 92652
1, 92667
3, 92676
3, 92689
2, 92691
1, 92689
3, 92712
2, 92716
1, 92733
3, 92740
2, 92742
3, 92760
1, 92775
2, 92784
3, 92785
2, 92811
1, 92815
3, 92821
2, 92837
2, 92855
1, 92841
1, 92876
3, 92845
1, 92887
1, 92898
2, 92865
1, 92926
2, 92933
3, 92926
1, 92949
2, 92954
3, 92976
1, 92977
2, 92990
1, 93005
3, 93005
2, 93027
1, 93033
3, 93040
3, 93061
2, 93062
2, 93072
1, 93086
2, 93093
3, 93106
3, 93116
2, 93132
3, 93133
1, 93143
3, 93154
1, 93168
1, 93180
2, 93188
1, 93199
3, 93205
2, 93211
2, 93233
3, 93234
2, 93253
1, 93255
3, 93260
2, 93284
3, 93288
1, 93298
3, 93312
1, 93327
2, 93327
3, 93341
1, 93343
3, 93361
2, 93368
1, 93378
2, 93396
1, 93409
3, 93412
2, 93423
2, 93433
3, 93443
2, 93460
1, 93461
2, 93476
3, 93484
1, 93497
2, 93503
2, 93514
3, 93525
2, 93546
3, 93546
1, 93550
2, 93566
3, 93574
1, 93583
1, 93607
2, 93615
3, 93615
2, 93633
1, 93634
3, 93652
2, 93660
1, 93671
2, 93684
3, 93691
1, 93694
3, 93712
2, 93727
1, 93727
3, 93744
2, 93749
3, 93766
2, 93767
1, 93780
2, 93794
3, 93805
2, 93811
1, 93825
3, 93833
2, 93847
3, 93852
3, 93871
1, 93874
2, 93888
1, 93900
3, 93901
1, 93921
2, 93921
1, 93940
2, 93947
3, 93953
1, 93974
3, 93974
2, 93992
1, 94001
3, 94003
3, 94032
2, 94020
3, 94042
1, 94022
2, 94067
3, 94067
2, 94087
1, 94087
2, 94104
3, 94114
1, 94128
2, 94134
3, 94135
2, 94160
3, 94162
1, 94177
2, 94181
3, 94195
2, 94209
1, 94212
3, 94226
2, 94240
1, 94248
3, 94249
1, 94268
3, 94281
2, 94288
2, 94306
1, 94308
3, 94309
1, 94325
2, 94344
3, 94354
2, 94360
1, 94365
1, 94388
2, 94395
3, 94395
1, 94416
2, 94419
3, 94426
1, 94443
2, 94446
1, 94471
3, 94470
2, 94485
1, 94487
2, 94504
2, 94523
3, 94525
1, 94527
3, 94547
2, 94559
1, 94571
3, 94580
1, 94589
2, 94582
3, 94611
1, 94617
2, 94636
1, 94641
3, 94640
3, 94668
1, 94674
2, 94682
3, 94690
1, 94696
2, 94711
3, 94719
2, 94736
1, 94745
3, 94747
1, 94770
3, 94775
2, 94776
1, 94801
2, 94807
3, 94811
2, 94821
1, 94835
3, 94845
1, 94850
2, 94863
1, 94873
2, 94892
1, 94898
2, 94912
3, 94912
2, 94933
1, 94948
3, 94948
1, 94967
3, 94971
2, 94978
1, 94987
3, 95003
2, 95010
3, 95021
1, 95031
3, 95036
1, 95056
3, 95062
2, 95082
2, 95093
3, 95093
2, 95111
3, 95117
1, 95123
2, 95128
2, 95156
1, 95156
3, 95161
2, 95167
2, 95198
1, 95185
1, 95219
3, 95188
1, 95230
2, 95208
3, 95241
3, 95269
2, 95271
1, 95281
2, 95281
3, 95305
1, 95308
1, 95319
2, 95328
3, 95339
1, 95353
2, 95359
1, 95372
3, 95391
1, 95397
2, 95405
3, 95408
2, 95434
1, 95437
2, 95450
3, 95449
2, 95471
1, 95483
2, 95488
3, 95496
1, 95501
3, 95520
2, 95535
1, 95546
2, 95546
2, 95570
1, 95572
2, 95587
3, 95587
2, 95599
2, 95618
3, 95624
3, 95636
1, 95637
2, 95651
3, 95652
1, 95676
2, 95682
3, 95685
2, 95701
1, 95718
2, 95728
1, 95739
3, 95739
1, 95755
2, 95765
1, 95773
3, 95785
1, 95803
2, 95803
2, 95824
3, 95823
1, 95839
2, 95848
2, 95859
2, 95876
3, 95879
1, 95888
3, 95903
2, 95906
3, 95919
1, 95926
2, 95935
3, 95948
2, 95956
1, 95969
3, 95985
2, 95986
1, 96001
2, 96017
1, 96021
3, 96027
2, 96051
1, 96053
3, 96059
2, 96068
3, 96091
2, 96092
2, 96111
1, 96115
3, 96126
2, 96131
2, 96142
1, 96165
3, 96165
2, 96174
1, 96180
3, 96194
1, 96203
1, 96227
3, 96229
2, 96238
3, 96245
1, 96258
3, 96271
1, 96278
2, 96288
3, 96297
1, 96304
1, 96328
3, 96332
2, 96341
1, 96347
1, 96376
3, 96356
1, 96387
2, 96365
3, 96407
2, 96423
3, 96429
1, 96441
2, 96451
1, 96460
3, 96460
1, 96476
1, 96496
3, 96503
2, 96514
1, 96516
3, 96528
2, 96550
3, 96553
1, 96550
3, 96578
1, 96582
2, 96592
3, 96600
1, 96617
3, 96628
2, 96627
1, 96646
3, 96653
1, 96671
3, 96680
2, 96681
2, 96697
3, 96717
2, 96718
2, 96731
1, 96734
1, 96745
1, 96764
3, 96767
1, 96785
2, 96787
3, 96797
3, 96816
2, 96816
1, 96834
2, 96836
2, 96860
2, 96870
3, 96873
1, 96879
3, 96898
2, 96900
2, 96914
3, 96925
2, 96938
1, 96939
3, 96955
2, 96965
3, 96975
1, 96966
1, 96994
3, 97012
2, 97012
3, 97022
3, 97037
1, 97040
2, 97051
2, 97076
3, 97078
1, 97086
2, 97090
3, 97109
2, 97109
2, 97129
3, 97138
3, 97148
2, 97165
2, 97176
3, 97185
1, 97185
3, 97198
2, 97201
3, 97210
1, 97231
3, 97237
2, 97246
3, 97250
2, 97266
1, 97289
2, 97297
2, 97311
1, 97301
2, 97321
3, 97325
1, 97344
1, 97355
1, 97366
3, 97369
3, 97379
3, 97390
3, 97400
3, 97411
2, 97421
3, 97425
1, 97450
3, 97454
3, 97464
2, 97467
3, 97480
1, 97505
2, 97505
3, 97513
1, 97527
2, 97530
1, 97549
3, 97538
3, 97579
2, 97579
1, 97585
2, 97595
3, 97613
2, 97615
3, 97636
1, 97640
2, 97649
3, 97662
1, 97664
2, 97680
1, 97699
2, 97701
3, 97712
2, 97721
3, 97733
1, 97739
2, 97750
3, 97756
2, 97770
2, 97789
1, 97789
2, 97807
3, 97812
2, 97819
2, 97834
2, 97844
2, 97862
3, 97867
1, 97873
3, 97882
2, 97898
3, 97904
2, 97914
1, 97922
2, 97932
2, 97952
3, 97957
1, 97960
2, 97974
2, 97986
1, 98001
3, 98009
2, 98009
3, 98026
2, 98037
1, 98044
2, 98062
1, 98068
2, 98076
1, 98094
1, 98105
3, 98106
3, 98116
3, 98127
3, 98137
3, 98149
3, 98159
3, 98172
2, 98175
3, 98187
1, 98204
2, 98219
3, 98227
1, 98229
2, 98240
3, 98250
3, 98265
3, 98276
2, 98283
1, 98288
3, 98299
3, 98324
2, 98324
1, 98338
3, 98341
2, 98360
3, 98362
1, 98370
3, 98389
2, 98394
2, 98404
2, 98414
2, 98428
1, 98438
2, 98440
2, 98465
2, 98475
2, 98485
2, 98495
3, 98501
2, 98508
3, 98526
1, 98527
2, 98541
1, 98542
2, 98570
3, 98571
3, 98581
3, 98591
3, 98601
3, 98611
1, 98612
1, 98623
1, 98643
3, 98653
2, 98662
3, 98669
1, 98683
2, 98688
2, 98716
2, 98726
2, 98736
2, 98746
2, 98756
1, 98699
2, 98766
2, 98776
3, 98706
1, 98795
1, 98807
2, 98810
1, 98826
3, 98834
2, 98846
2, 98860
3, 98869
2, 98879
1, 98883
3, 98904
2, 98908
3, 98919
2, 98930
2, 98948
3, 98951
1, 98952
3, 98972
2, 98982
3, 98987
3, 99006
3, 99016
2, 99019
3, 99041
2, 99041
3, 99054
1, 99057
2, 99062
3, 99078
3, 99088
3, 99100
2, 99107
3, 99121
1, 99126
2, 99134
1, 99158
3, 99159
1, 99181
2, 99183
3, 99197
1, 99198
3, 99212
2, 99224
3, 99239
2, 99250
1, 99251
2, 99265
3, 99270
3, 99285
1, 99298
3, 99306
2, 99311
2, 99324
2, 99343
1, 99353
3, 99355
2, 99362
3, 99381
2, 99391
3, 99404
2, 99409
1, 99424
2, 99426
2, 99447
1, 99455
3, 99455
1, 99476
3, 99482
2, 99475
1, 99497
3, 99511
2, 99522
1, 99530
3, 99541
2, 99550
3, 99560
2, 99574
1, 99582
2, 99597
3, 99599
1, 99613
2, 99622
1, 99642
2, 99643
1, 99664
3, 99670
2, 99671
2, 99696
1, 99699
2, 99710
3, 99711
2, 99727
3, 99745
1, 99746
1, 99758
3, 99778
2, 99781
3, 99796
1, 99799
2, 99802
1, 99827
2, 99834
3, 99835
1, 99859
3, 99865
3, 99885
1, 99873
3, 99895
2, 99875
3, 99913
2, 99929
3, 99935
1, 99937
2, 99954
2, 99964
1, 99979
2, 99991
3, 99991
Reached max sequence count, exiting
