2, 10
2, 30
2, 40
2, 50
3, 20
3, 70
3, 80
3, 90
2, 60
2, 110
3, 100
3, 130
3, 140
3, 150
2, 120
3, 161
3, 172
3, 182
3, 192
3, 216
1, 216
1, 227
3, 241
2, 253
1, 258
3, 268
1, 281
1, 292
3, 304
1, 315
1, 326
2, 332
3, 341
2, 360
1, 365
3, 370
3, 388
3, 401
1, 408
2, 420
3, 427
1, 441
2, 444
1, 456
1, 468
3, 474
3, 485
3, 495
1, 514
2, 525
3, 528
1, 550
2, 553
1, 565
3, 565
1, 585
2, 596
3, 598
1, 609
3, 632
3, 642
3, 654
1, 655
2, 658
1, 676
1, 688
2, 705
2, 720
3, 720
1, 727
1, 738
2, 749
2, 760
1, 778
3, 781
2, 783
3, 795
3, 805
1, 829
2, 830
2, 843
3, 853
1, 871
1, 883
3, 889
2, 888
3, 904
3, 922
2, 921
1, 938
3, 943
3, 960
2, 961
1, 973
2, 994
1, 1000
3, 997
3, 1020
2, 1026
1, 1036
3, 1041
2, 1064
1, 1068
1, 1084
3, 1087
2, 1104
1, 1105
3, 1123
2, 1119
1, 1139
1, 1155
3, 1157
3, 1182
2, 1186
1, 1187
3, 1206
2, 1202
3, 1227
1, 1223
2, 1247
3, 1256
3, 1266
3, 1284
1, 1286
2, 1288
1, 1303
2, 1323
1, 1325
3, 1330
2, 1354
3, 1363
1, 1364
2, 1387
2, 1398
3, 1400
2, 1414
3, 1427
1, 1428
1, 1450
2, 1452
1, 1464
3, 1464
3, 1495
1, 1475
3, 1505
3, 1515
2, 1485
3, 1536
1, 1527
3, 1549
2, 1570
1, 1578
3, 1571
2, 1592
3, 1605
2, 1618
1, 1624
3, 1630
1, 1653
3, 1663
2, 1668
2, 1678
1, 1682
3, 1699
2, 1707
1, 1712
2, 1732
2, 1742
2, 1752
2, 1762
1, 1768
3, 1785
2, 1796
1, 1800
2, 1809
3, 1818
1, 1828
2, 1841
1, 1850
1, 1861
2, 1881
1, 1885
3, 1897
3, 1907
3, 1917
2, 1933
3, 1940
3, 1950
3, 1960
1, 1974
2, 1975
3, 1991
1, 2000
3, 2004
3, 2023
2, 2028
1, 2030
3, 2053
3, 2066
1, 2071
1, 2084
2, 2092
3, 2103
1, 2097
3, 2123
2, 2133
2, 2150
2, 2161
1, 2161
2, 2174
1, 2189
3, 2193
2, 2206
3, 2210
1, 2216
3, 2234
3, 2244
2, 2251
3, 2267
3, 2277
2, 2281
1, 2298
2, 2301
3, 2316
1, 2328
2, 2333
3, 2341
1, 2364
3, 2368
2, 2381
1, 2393
2, 2401
2, 2413
3, 2415
2, 2429
3, 2436
1, 2448
2, 2464
3, 2466
1, 2477
3, 2501
2, 2501
3, 2516
2, 2526
1, 2526
1, 2552
3, 2553
2, 2558
2, 2568
1, 2588
3, 2593
1, 2604
2, 2610
2, 2623
1, 2645
2, 2646
3, 2656
1, 2669
2, 2683
3, 2688
1, 2692
1, 2703
3, 2722
2, 2731
3, 2741
1, 2731
2, 2752
1, 2774
3, 2785
2, 2783
2, 2813
3, 2795
1, 2803
2, 2827
3, 2839
1, 2848
1, 2859
2, 2873
3, 2877
2, 2897
2, 2907
1, 2916
3, 2921
2, 2938
3, 2945
1, 2951
3, 2970
2, 2968
3, 2984
1, 2993
3, 3011
2, 3018
1, 3024
3, 3033
3, 3049
1, 3063
3, 3074
3, 3084
2, 3085
1, 3103
3, 3114
2, 3111
1, 3125
3, 3139
2, 3155
1, 3160
3, 3171
2, 3176
2, 3198
1, 3206
3, 3207
2, 3227
1, 3230
1, 3243
3, 3254
1, 3270
2, 3274
3, 3278
1, 3295
2, 3308
1, 3313
3, 3321
3, 3331
1, 3354
3, 3357
2, 3367
1, 3372
1, 3394
3, 3398
2, 3409
2, 3425
1, 3432
3, 3434
1, 3455
3, 3459
2, 3481
1, 3484
3, 3491
1, 3505
2, 3518
3, 3525
2, 3538
1, 3542
3, 3558
2, 3564
3, 3573
3, 3594
1, 3598
2, 3610
1, 3619
3, 3619
2, 3645
3, 3653
1, 3658
2, 3662
3, 3677
3, 3687
1, 3706
2, 3708
3, 3718
3, 3728
3, 3748
1, 3753
2, 3753
2, 3777
2, 3788
3, 3795
1, 3798
3, 3814
2, 3811
1, 3834
3, 3837
1, 3857
3, 3871
2, 3873
3, 3884
1, 3897
1, 3912
3, 3922
2, 3922
3, 3936
1, 3942
3, 3965
2, 3969
2, 3979
1, 3988
1, 4000
3, 4013
2, 4016
3, 4026
1, 4040
2, 4047
1, 4059
3, 4073
1, 4090
1, 4101
2, 4102
3, 4115
3, 4135
1, 4115
1, 4156
2, 4125
3, 4145
1, 4182
3, 4186
2, 4193
2, 4203
2, 4224
3, 4225
1, 4240
3, 4252
1, 4259
2, 4260
1, 4272
1, 4283
2, 4309
3, 4312
1, 4310
3, 4322
2, 4333
3, 4342
1, 4353
3, 4378
1, 4380
2, 4387
2, 4407
3, 4409
1, 4422
3, 4432
1, 4453
3, 4455
2, 4457
2, 4481
3, 4483
2, 4497
3, 4513
1, 4514
2, 4528
3, 4538
1, 4552
1, 4564
2, 4562
3, 4583
1, 4592
2, 4593
3, 4606
3, 4616
3, 4629
1, 4636
2, 4658
1, 4661
1, 4672
3, 4680
2, 4687
3, 4695
1, 4706
3, 4729
2, 4728
1, 4747
3, 4754
2, 4758
1, 4777
3, 4782
2, 4796
2, 4809
3, 4819
1, 4819
2, 4840
1, 4853
3, 4857
1, 4869
2, 4880
1, 4891
3, 4883
2, 4905
2, 4926
3, 4930
2, 4940
2, 4950
1, 4959
3, 4971
2, 4976
2, 4990
3, 5009
2, 5009
1, 5026
3, 5032
3, 5042
2, 5050
3, 5064
1, 5065
2, 5090
1, 5093
3, 5097
3, 5107
3, 5118
2, 5143
3, 5145
1, 5143
1, 5167
3, 5176
3, 5186
3, 5200
2, 5208
3, 5214
1, 5217
2, 5236
1, 5239
1, 5250
1, 5261
1, 5272
3, 5282
1, 5301
3, 5306
3, 5316
2, 5323
1, 5338
1, 5349
1, 5360
1, 5371
1, 5382
1, 5393
1, 5404
1, 5415
3, 5432
1, 5440
1, 5462
2, 5441
3, 5451
1, 5486
3, 5487
2, 5506
3, 5511
1, 5529
1, 5540
2, 5544
3, 5547
1, 5556
1, 5582
3, 5586
2, 5603
1, 5605
2, 5618
3, 5624
3, 5634
2, 5651
2, 5664
1, 5669
2, 5676
3, 5687
2, 5694
2, 5716
3, 5716
1, 5731
2, 5735
1, 5751
3, 5763
1, 5771
2, 5776
3, 5782
1, 5798
1, 5818
2, 5823
3, 5831
1, 5836
3, 5863
3, 5873
1, 5879
2, 5880
1, 5894
3, 5910
2, 5914
1, 5924
3, 5934
3, 5944
2, 5956
1, 5969
3, 5960
3, 5997
2, 5997
3, 6009
1, 6013
3, 6034
3, 6045
1, 6057
1, 6069
3, 6071
1, 6084
2, 6082
3, 6099
3, 6109
1, 6115
3, 6130
2, 6140
2, 6160
3, 6162
1, 6174
2, 6178
1, 6190
3, 6209
1, 6220
2, 6220
1, 6237
3, 6248
1, 6255
2, 6269
3, 6274
1, 6286
3, 6298
2, 6302
3, 6312
1, 6338
3, 6340
1, 6356
2, 6358
3, 6369
1, 6377
3, 6385
2, 6395
3, 6417
1, 6420
3, 6434
2, 6432
3, 6447
1, 6465
2, 6468
3, 6484
3, 6495
1, 6503
1, 6518
3, 6523
2, 6530
2, 6542
2, 6561
2, 6571
3, 6575
2, 6584
2, 6594
2, 6613
1, 6613
2, 6629
3, 6635
3, 6645
1, 6661
3, 6675
3, 6688
2, 6691
1, 6701
2, 6704
3, 6710
2, 6724
1, 6747
3, 6757
1, 6762
1, 6783
2, 6762
1, 6794
3, 6772
3, 6819
1, 6826
2, 6829
1, 6840
3, 6853
2, 6859
2, 6873
1, 6882
3, 6900
2, 6902
2, 6926
3, 6925
1, 6930
1, 6941
2, 6949
3, 6963
3, 6981
2, 6983
2, 6994
1, 7015
3, 7019
1, 7035
2, 7035
3, 7050
3, 7060
1, 7075
2, 7078
3, 7091
1, 7094
2, 7110
2, 7120
3, 7131
1, 7146
1, 7157
3, 7163
1, 7180
3, 7184
2, 7198
3, 7204
2, 7220
1, 7233
3, 7233
2, 7242
2, 7252
2, 7272
2, 7282
1, 7285
3, 7294
2, 7307
3, 7314
1, 7322
1, 7334
3, 7354
2, 7356
2, 7367
1, 7374
1, 7385
2, 7400
1, 7419
3, 7421
2, 7431
3, 7441
1, 7457
1, 7469
2, 7474
1, 7489
3, 7490
1, 7505
3, 7521
1, 7527
2, 7528
3, 7549
3, 7562
1, 7569
2, 7572
1, 7594
2, 7609
1, 7613
2, 7622
3, 7626
1, 7634
3, 7650
3, 7667
1, 7673
2, 7674
3, 7697
1, 7701
2, 7704
2, 7727
3, 7741
1, 7746
2, 7744
3, 7767
2, 7774
1, 7793
3, 7805
1, 7806
2, 7810
2, 7820
1, 7836
3, 7843
2, 7853
2, 7863
1, 7874
3, 7879
3, 7890
1, 7905
2, 7929
3, 7930
1, 7938
2, 7941
1, 7954
3, 7972
1, 7975
2, 7996
2, 8008
3, 8017
2, 8022
1, 8029
2, 8045
1, 8054
3, 8060
2, 8076
1, 8070
2, 8087
2, 8108
1, 8114
2, 8124
1, 8134
3, 8149
1, 8161
2, 8165
1, 8179
3, 8188
1, 8201
2, 8195
3, 8225
2, 8225
2, 8239
3, 8253
1, 8258
3, 8270
1, 8277
2, 8293
1, 8306
3, 8318
1, 8323
2, 8327
3, 8337
3, 8349
3, 8361
2, 8380
2, 8390
1, 8399
1, 8410
3, 8414
2, 8419
2, 8437
3, 8451
1, 8463
2, 8465
1, 8480
3, 8483
2, 8490
3, 8501
2, 8523
2, 8533
2, 8543
1, 8552
2, 8558
1, 8573
3, 8574
1, 8585
1, 8607
1, 8618
1, 8629
3, 8632
3, 8649
1, 8654
3, 8666
2, 8672
1, 8683
1, 8694
2, 8704
2, 8715
1, 8731
3, 8742
1, 8749
3, 8762
3, 8773
2, 8774
2, 8789
3, 8796
3, 8808
1, 8815
1, 8826
3, 8842
3, 8860
1, 8860
2, 8866
1, 8878
1, 8894
3, 8900
1, 8911
2, 8918
2, 8933
2, 8950
3, 8948
1, 8962
2, 8975
2, 8988
3, 8996
1, 9005
1, 9016
3, 9026
2, 9032
3, 9040
1, 9056
1, 9074
1, 9087
3, 9090
2, 9093
1, 9112
1, 9123
2, 9135
3, 9137
1, 9155
3, 9165
3, 9178
1, 9179
1, 9200
1, 9211
1, 9222
2, 9228
2, 9238
3, 9248
1, 9258
1, 9277
1, 9288
3, 9291
2, 9299
1, 9308
1, 9328
2, 9330
1, 9344
3, 9361
3, 9375
1, 9375
2, 9392
1, 9396
1, 9411
3, 9414
3, 9439
2, 9419
3, 9449
1, 9429
1, 9464
2, 9476
3, 9486
1, 9500
2, 9510
1, 9520
3, 9527
2, 9535
2, 9553
3, 9567
3, 9577
2, 9580
2, 9598
1, 9606
3, 9609
2, 9628
1, 9631
2, 9644
1, 9651
3, 9655
1, 9669
1, 9680
1, 9691
3, 9717
1, 9725
2, 9733
2, 9747
1, 9750
3, 9735
2, 9760
3, 9775
2, 9786
2, 9796
3, 9814
2, 9823
1, 9825
1, 9836
1, 9851
2, 9870
1, 9873
1, 9885
3, 9886
1, 9896
1, 9922
1, 9933
3, 9934
3, 9944
2, 9952
1, 9970
1, 9981
1, 9999
3, 10000
2, 10009
1, 10024
3, 10026
1, 10044
3, 10052
2, 10063
2, 10073
1, 10080
3, 10096
2, 10107
1, 10109
3, 10125
3, 10135
2, 10144
2, 10157
1, 10166
3, 10170
1, 10179
2, 10200
3, 10201
1, 10212
2, 10229
1, 10236
1, 10255
3, 10262
2, 10262
3, 10280
1, 10283
3, 10292
3, 10304
1, 10326
2, 10326
1, 10346
2, 10350
3, 10364
3, 10375
1, 10389
3, 10391
2, 10394
2, 10419
2, 10429
1, 10430
2, 10450
1, 10455
3, 10464
1, 10486
3, 10486
2, 10497
1, 10511
2, 10520
1, 10532
3, 10533
1, 10544
2, 10560
1, 10571
3, 10561
2, 10597
1, 10602
3, 10598
1, 10623
2, 10616
3, 10633
3, 10654
2, 10655
2, 10684
2, 10694
3, 10666
2, 10704
1, 10674
1, 10723
2, 10737
3, 10739
1, 10752
3, 10764
1, 10771
1, 10782
3, 10798
1, 10805
2, 10820
1, 10831
2, 10831
1, 10849
3, 10858
2, 10863
3, 10884
1, 10897
2, 10906
2, 10917
3, 10917
2, 10934
2, 10945
3, 10949
1, 10955
2, 10975
1, 10976
3, 10999
1, 11004
2, 11006
1, 11030
3, 11032
2, 11050
3, 11060
1, 11067
2, 11068
1, 11083
3, 11103
1, 11106
2, 11114
3, 11123
3, 11137
2, 11142
1, 11151
2, 11175
2, 11186
1, 11190
1, 11201
3, 11211
1, 11217
1, 11235
3, 11246
1, 11259
1, 11272
2, 11277
1, 11286
1, 11297
2, 11308
3, 11325
1, 11329
2, 11328
1, 11354
3, 11355
3, 11378
2, 11379
1, 11389
1, 11400
1, 11419
3, 11421
2, 11435
1, 11445
2, 11461
2, 11471
2, 11483
2, 11493
2, 11503
2, 11513
2, 11523
2, 11533
2, 11543
2, 11553
2, 11563
2, 11573
2, 11583
2, 11593
2, 11603
2, 11613
2, 11623
2, 11633
2, 11643
2, 11653
2, 11663
2, 11673
2, 11683
2, 11693
2, 11703
2, 11713
2, 11723
2, 11733
2, 11743
2, 11753
2, 11763
2, 11773
2, 11783
2, 11793
1, 11473
2, 11803
1, 11823
1, 11834
1, 11845
1, 11856
1, 11867
1, 11878
1, 11889
1, 11900
1, 11911
1, 11922
1, 11933
1, 11944
1, 11955
1, 11966
1, 11977
1, 11988
1, 11999
1, 12010
1, 12021
1, 12032
1, 12043
1, 12054
1, 12065
1, 12076
1, 12087
1, 12098
1, 12109
1, 12120
1, 12131
1, 12142
1, 12153
1, 12164
1, 12175
1, 12186
1, 12197
1, 12208
1, 12219
1, 12230
1, 12241
1, 12252
2, 12262
3, 12263
1, 12268
2, 12282
3, 12294
2, 12312
3, 12315
1, 12319
2, 12334
3, 12341
3, 12361
2, 12367
1, 12379
3, 12383
2, 12399
1, 12404
1, 12416
2, 12435
3, 12441
3, 12456
1, 12458
1, 12469
2, 12481
3, 12492
1, 12505
3, 12513
2, 12516
1, 12539
3, 12544
2, 12555
1, 12556
1, 12576
3, 12582
3, 12593
2, 12599
3, 12610
2, 12630
1, 12630
1, 12650
3, 12650
1, 12676
2, 12677
3, 12687
1, 12704
3, 12704
2, 12729
3, 12731
1, 12731
1, 12750
3, 12766
2, 12768
2, 12780
3, 12796
1, 12797
1, 12820
3, 12821
2, 12825
1, 12852
3, 12854
2, 12867
1, 12873
3, 12885
3, 12895
3, 12911
1, 12915
2, 12917
2, 12936
1, 12941
1, 12958
1, 12969
2, 12983
3, 12988
3, 13000
1, 13009
3, 13022
2, 13032
2, 13052
1, 13038
2, 13062
3, 13042
3, 13088
1, 13094
2, 13095
2, 13117
1, 13121
3, 13129
3, 13150
3, 13161
1, 13166
2, 13172
3, 13191
1, 13199
3, 13204
2, 13222
3, 13225
1, 13232
2, 13250
1, 13254
1, 13265
3, 13271
3, 13287
2, 13303
1, 13308
3, 13311
1, 13330
1, 13341
3, 13347
3, 13368
1, 13378
2, 13381
1, 13391
3, 13395
1, 13418
2, 13431
3, 13431
1, 13438
3, 13459
2, 13463
1, 13470
3, 13489
2, 13491
3, 13511
1, 13518
2, 13520
2, 13545
3, 13547
2, 13561
1, 13564
3, 13581
1, 13587
2, 13591
3, 13610
3, 13625
1, 13625
3, 13640
2, 13660
1, 13669
2, 13671
3, 13676
2, 13700
3, 13701
1, 13704
1, 13720
3, 13735
1, 13745
2, 13754
3, 13757
1, 13778
3, 13788
2, 13789
1, 13806
3, 13819
1, 13827
1, 13838
2, 13854
2, 13864
3, 13868
1, 13883
2, 13884
1, 13899
3, 13905
3, 13929
1, 13931
2, 13940
1, 13952
1, 13964
3, 13969
2, 13981
2, 13992
1, 14008
3, 14019
2, 14021
1, 14032
3, 14047
2, 14058
1, 14066
3, 14076
2, 14080
1, 14102
3, 14103
2, 14118
1, 14122
3, 14138
2, 14145
1, 14150
1, 14170
2, 14180
1, 14190
1, 14201
1, 14215
1, 14235
2, 14220
1, 14246
3, 14224
2, 14273
1, 14277
3, 14276
2, 14287
1, 14311
2, 14317
3, 14319
3, 14334
2, 14352
3, 14355
1, 14372
3, 14384
1, 14390
2, 14383
3, 14405
1, 14418
2, 14425
3, 14445
2, 14447
1, 14452
1, 14469
1, 14491
3, 14499
2, 14499
2, 14520
1, 14525
3, 14521
2, 14539
3, 14552
1, 14563
3, 14578
3, 14588
1, 14604
2, 14604
1, 14616
3, 14619
3, 14645
1, 14648
2, 14661
3, 14668
1, 14672
3, 14691
2, 14702
2, 14714
3, 14722
1, 14728
2, 14734
1, 14746
3, 14761
2, 14777
1, 14784
2, 14795
3, 14802
1, 14813
2, 14817
1, 14830
2, 14848
1, 14850
3, 14857
3, 14883
1, 14886
2, 14898
1, 14907
3, 14912
1, 14922
3, 14943
2, 14953
2, 14965
1, 14972
3, 14973
1, 14993
2, 14999
1, 15011
3, 15012
1, 15032
2, 15036
1, 15049
3, 15056
2, 15081
1, 15086
2, 15092
3, 15098
2, 15117
3, 15121
1, 15141
3, 15142
2, 15154
3, 15174
1, 15175
1, 15186
2, 15190
3, 15210
2, 15214
3, 15231
2, 15235
1, 15251
3, 15255
2, 15272
1, 15274
2, 15296
3, 15297
1, 15315
2, 15322
1, 15331
2, 15348
1, 15352
3, 15354
3, 15379
1, 15379
2, 15395
2, 15415
3, 15397
2, 15425
1, 15405
2, 15447
3, 15453
3, 15468
2, 15474
3, 15488
1, 15490
1, 15501
3, 15511
2, 15517
2, 15533
1, 15541
3, 15556
1, 15568
2, 15580
3, 15584
1, 15602
3, 15605
2, 15622
2, 15634
1, 15646
3, 15648
2, 15658
2, 15672
1, 15676
3, 15692
2, 15709
1, 15716
2, 15726
1, 15734
3, 15744
3, 15754
3, 15774
2, 15774
1, 15787
1, 15798
2, 15804
3, 15811
1, 15830
2, 15836
1, 15848
1, 15859
3, 15868
2, 15882
3, 15893
1, 15895
3, 15911
2, 15924
3, 15929
3, 15946
1, 15958
2, 15959
1, 15972
3, 15973
2, 15994
3, 16003
1, 16010
3, 16015
1, 16034
2, 16046
3, 16055
2, 16057
3, 16078
3, 16091
2, 16094
3, 16105
1, 16107
1, 16126
2, 16139
3, 16143
1, 16163
3, 16166
2, 16174
1, 16193
2, 16197
3, 16204
2, 16214
1, 16224
3, 16235
3, 16256
1, 16260
2, 16255
3, 16271
1, 16290
2, 16298
2, 16311
1, 16322
3, 16334
1, 16338
1, 16361
2, 16361
1, 16373
3, 16377
3, 16388
1, 16408
2, 16412
3, 16427
1, 16430
3, 16443
2, 16451
2, 16474
3, 16482
2, 16488
1, 16488
1, 16512
3, 16523
1, 16527
2, 16534
3, 16551
1, 16564
2, 16573
2, 16592
3, 16577
2, 16602
1, 16582
1, 16628
3, 16629
2, 16645
1, 16654
3, 16650
3, 16676
2, 16688
1, 16696
3, 16709
2, 16713
1, 16718
1, 16742
1, 16753
3, 16756
3, 16767
2, 16770
3, 16788
1, 16803
2, 16808
1, 16818
1, 16829
3, 16840
2, 16857
3, 16859
1, 16870
3, 16882
2, 16888
1, 16908
3, 16918
3, 16929
2, 16929
1, 16943
3, 16950
3, 16967
2, 16970
3, 16981
1, 16999
3, 17002
2, 17005
2, 17018
1, 17037
2, 17047
3, 17049
2, 17066
1, 17074
1, 17085
1, 17096
1, 17111
3, 17123
2, 17124
3, 17137
1, 17147
2, 17157
3, 17173
2, 17184
1, 17197
3, 17200
2, 17203
3, 17228
2, 17238
1, 17241
3, 17243
1, 17255
2, 17272
1, 17280
3, 17299
2, 17304
1, 17318
3, 17319
1, 17334
2, 17348
1, 17360
3, 17360
1, 17385
3, 17386
2, 17391
3, 17414
3, 17427
1, 17430
2, 17433
1, 17444
3, 17458
1, 17472
2, 17480
1, 17491
3, 17495
1, 17505
2, 17528
2, 17538
3, 17551
1, 17553
2, 17558
1, 17568
3, 17590
2, 17595
2, 17607
1, 17614
3, 17632
1, 17637
2, 17644
3, 17653
1, 17668
3, 17679
2, 17682
3, 17692
3, 17703
1, 17714
2, 17729
1, 17733
1, 17762
3, 17742
1, 17773
2, 17751
3, 17795
2, 17797
1, 17819
1, 17830
3, 17837
1, 17844
2, 17852
2, 17862
1, 17872
3, 17888
3, 17903
2, 17908
1, 17910
2, 17930
1, 17943
1, 17954
3, 17959
1, 17966
2, 17972
3, 17990
1, 18001
2, 18013
3, 18021
3, 18039
1, 18041
2, 18055
3, 18058
1, 18080
3, 18089
2, 18090
3, 18101
3, 18115
1, 18116
3, 18130
2, 18150
1, 18152
3, 18157
3, 18178
2, 18183
1, 18198
3, 18204
1, 18214
2, 18223
3, 18240
2, 18247
1, 18254
2, 18274
1, 18280
3, 18284
1, 18292
3, 18312
1, 18317
2, 18328
3, 18346
3, 18359
1, 18361
1, 18372
2, 18389
1, 18396
3, 18397
2, 18417
3, 18421
3, 18436
1, 18446
2, 18453
1, 18463
2, 18480
1, 18491
3, 18492
1, 18504
2, 18515
3, 18526
1, 18533
2, 18548
3, 18564
1, 18571
2, 18568
3, 18591
1, 18600
1, 18612
2, 18620
3, 18631
1, 18636
3, 18655
2, 18663
3, 18670
1, 18688
3, 18689
1, 18706
2, 18716
1, 18730
3, 18736
3, 18752
2, 18754
3, 18769
3, 18781
1, 18791
1, 18802
2, 18809
1, 18819
2, 18835
3, 18842
2, 18851
1, 18853
3, 18873
1, 18882
2, 18875
1, 18908
3, 18908
1, 18926
2, 18928
3, 18936
2, 18956
3, 18961
1, 18973
3, 18986
2, 18996
3, 19008
1, 19019
3, 19022
1, 19040
2, 19040
1, 19055
2, 19065
3, 19075
1, 19093
2, 19093
2, 19106
3, 19111
2, 19135
3, 19138
1, 19145
3, 19167
2, 19171
1, 19175
1, 19196
3, 19198
3, 19220
2, 19222
1, 19226
3, 19241
2, 19252
3, 19263
1, 19276
2, 19283
1, 19295
3, 19296
1, 19321
2, 19330
1, 19337
3, 19338
1, 19354
2, 19370
1, 19382
1, 19393
3, 19403
1, 19409
2, 19411
1, 19425
1, 19451
3, 19453
2, 19465
1, 19472
1, 19483
1, 19498
3, 19501
2, 19521
3, 19522
1, 19533
2, 19548
2, 19562
1, 19565
1, 19576
3, 19583
2, 19601
3, 19607
1, 19611
2, 19636
3, 19638
3, 19653
1, 19655
1, 19666
2, 19681
1, 19694
3, 19700
2, 19713
1, 19724
3, 19713
2, 19734
3, 19746
1, 19762
1, 19773
3, 19793
3, 19805
2, 19806
1, 19812
3, 19828
3, 19838
1, 19848
2, 19859
3, 19866
1, 19870
2, 19882
3, 19895
1, 19915
2, 19917
1, 19938
2, 19940
3, 19952
1, 19953
3, 19969
2, 19983
1, 19990
3, 20002
2, 20011
3, 20018
1, 20025
1, 20037
3, 20055
2, 20065
1, 20082
3, 20091
1, 20097
2, 20091
2, 20128
3, 20108
2, 20138
1, 20118
2, 20159
1, 20173
3, 20178
2, 20194
1, 20202
2, 20204
1, 20224
2, 20230
3, 20238
1, 20249
3, 20262
2, 20272
1, 20276
3, 20294
3, 20304
1, 20320
3, 20322
2, 20338
1, 20352
3, 20354
2, 20367
1, 20368
1, 20385
1, 20396
2, 20412
1, 20414
3, 20419
1, 20445
3, 20452
2, 20463
1, 20465
2, 20484
1, 20492
1, 20505
2, 20513
3, 20517
2, 20539
1, 20546
3, 20556
2, 20558
2, 20569
3, 20581
2, 20600
1, 20601
2, 20624
3, 20625
1, 20627
1, 20638
3, 20652
2, 20672
3, 20678
1, 20689
1, 20700
2, 20717
1, 20717
3, 20727
3, 20738
2, 20747
1, 20753
2, 20773
2, 20785
1, 20800
2, 20801
3, 20812
2, 20812
1, 20837
3, 20838
2, 20858
1, 20858
3, 20869
3, 20881
1, 20897
2, 20909
1, 20916
3, 20909
3, 20939
1, 20946
2, 20957
1, 20972
1, 20983
2, 20985
2, 20996
3, 21001
3, 21023
2, 21029
3, 21040
1, 21042
1, 21053
3, 21063
3, 21083
1, 21093
3, 21103
2, 21103
3, 21128
1, 21128
2, 21141
3, 21153
1, 21159
2, 21172
1, 21188
2, 21192
3, 21210
2, 21216
1, 21217
2, 21228
3, 21242
3, 21265
1, 21272
3, 21275
2, 21285
2, 21308
3, 21296
2, 21318
1, 21298
2, 21336
3, 21343
1, 21355
2, 21366
2, 21377
3, 21385
1, 21391
3, 21416
2, 21420
1, 21423
1, 21446
1, 21457
2, 21459
1, 21471
2, 21487
1, 21490
2, 21509
1, 21511
2, 21530
1, 21532
2, 21543
2, 21553
2, 21563
2, 21573
2, 21583
2, 21593
2, 21603
2, 21613
2, 21623
2, 21633
2, 21643
2, 21653
2, 21663
2, 21673
2, 21683
2, 21693
2, 21703
2, 21713
2, 21723
2, 21733
2, 21743
2, 21753
2, 21763
2, 21773
2, 21783
2, 21793
2, 21803
2, 21813
2, 21823
1, 21835
1, 21846
1, 21857
2, 21865
3, 21883
3, 21895
2, 21898
1, 21905
2, 21916
3, 21923
1, 21941
2, 21946
3, 21957
1, 21974
1, 21985
2, 21991
3, 22001
2, 22010
3, 22025
1, 22027
3, 22047
1, 22053
2, 22069
3, 22074
1, 22079
2, 22102
1, 22109
3, 22110
3, 22129
1, 22140
2, 22142
3, 22159
1, 22167
1, 22187
2, 22190
3, 22201
3, 22213
1, 22216
1, 22235
2, 22247
1, 22253
3, 22256
1, 22273
2, 22287
1, 22292
3, 22299
1, 22323
2, 22328
3, 22328
1, 22348
3, 22354
1, 22374
2, 22376
3, 22389
1, 22399
2, 22406
1, 22423
3, 22432
1, 22441
2, 22442
2, 22473
2, 22483
3, 22463
2, 22493
1, 22453
3, 22507
1, 22519
2, 22525
3, 22543
1, 22545
3, 22560
1, 22576
2, 22583
3, 22589
1, 22603
2, 22626
1, 22627
2, 22639
3, 22639
2, 22655
1, 22670
3, 22674
3, 22693
2, 22703
1, 22705
1, 22724
2, 22726
3, 22741
2, 22753
1, 22755
1, 22767
3, 22782
2, 22789
1, 22800
3, 22814
2, 22829
1, 22835
3, 22842
1, 22849
3, 22869
2, 22881
1, 22881
3, 22890
2, 22907
3, 22917
3, 22930
1, 22938
3, 22954
2, 22954
3, 22969
1, 22969
3, 22979
1, 22997
2, 23014
1, 23017
1, 23028
1, 23039
2, 23054
1, 23063
1, 23075
1, 23086
2, 23100
1, 23112
2, 23120
2, 23130
1, 23138
2, 23148
2, 23158
1, 23165
2, 23176
1, 23193
2, 23199
2, 23209
1, 23219
2, 23231
2, 23243
1, 23253
1, 23264
2, 23269
1, 23288
2, 23292
2, 23302
1, 23311
2, 23324
1, 23335
1, 23353
2, 23353
2, 23375
1, 23381
3, 23393
1, 23399
2, 23397
3, 23419
1, 23433
2, 23436
3, 23456
3, 23468
2, 23471
1, 23474
1, 23485
3, 23493
3, 23514
2, 23521
1, 23536
3, 23539
2, 23554
1, 23567
3, 23572
3, 23584
2, 23589
1, 23601
2, 23617
1, 23620
1, 23632
1, 23658
2, 23641
1, 23669
3, 23647
3, 23698
1, 23699
1, 23713
2, 23714
3, 23729
3, 23743
2, 23750
1, 23752
1, 23763
2, 23773
3, 23787
3, 23802
1, 23821
3, 23821
2, 23838
1, 23848
1, 23859
3, 23863
2, 23879
1, 23881
3, 23901
2, 23906
2, 23916
1, 23922
3, 23935
1, 23952
2, 23952
3, 23970
1, 23981
2, 23987
3, 23999
3, 24010
1, 24015
2, 24030
1, 24043
3, 24049
2, 24057
2, 24079
1, 24080
3, 24088
1, 24110
2, 24110
3, 24118
3, 24128
2, 24146
1, 24155
3, 24164
1, 24177
2, 24180
3, 24190
2, 24206
1, 24221
1, 24233
3, 24240
2, 24241
1, 24264
2, 24266
3, 24278
1, 24285
3, 24310
2, 24310
2, 24321
1, 24321
2, 24337
1, 24361
3, 24361
2, 24374
3, 24380
3, 24391
1, 24411
1, 24422
3, 24423
3, 24434
2, 24434
2, 24462
2, 24472
1, 24474
3, 24485
2, 24502
1, 24503
3, 24516
1, 24525
2, 24540
3, 24551
1, 24554
2, 24571
3, 24581
2, 24588
1, 24594
3, 24612
1, 24622
2, 24625
3, 24632
2, 24648
3, 24660
2, 24674
1, 24676
3, 24685
2, 24698
1, 24717
3, 24720
2, 24729
1, 24745
3, 24761
1, 24771
2, 24773
3, 24782
1, 24802
2, 24806
3, 24809
3, 24836
3, 24846
1, 24826
3, 24856
2, 24819
3, 24874
1, 24890
2, 24901
3, 24901
1, 24917
3, 24933
3, 24943
2, 24944
2, 24954
1, 24966
3, 24985
2, 24988
1, 24991
1, 25014
3, 25020
2, 25034
3, 25038
1, 25053
2, 25055
3, 25067
2, 25084
3, 25099
1, 25102
2, 25103
3, 25113
3, 25142
1, 25143
1, 25154
3, 25164
2, 25165
2, 25175
1, 25199
2, 25209
1, 25221
3, 25221
2, 25239
1, 25247
1, 25258
3, 25261
3, 25273
2, 25286
3, 25294
3, 25307
3, 25318
1, 25332
3, 25343
2, 25346
1, 25353
1, 25377
3, 25379
2, 25385
3, 25408
1, 25410
2, 25413
1, 25433
3, 25444
2, 25447
2, 25469
1, 25472
3, 25476
1, 25494
2, 25502
3, 25517
2, 25522
1, 25534
3, 25545
1, 25563
1, 25575
3, 25579
2, 25580
2, 25603
1, 25612
3, 25615
1, 25630
2, 25645
1, 25652
3, 25654
1, 25675
3, 25684
3, 25695
2, 25701
1, 25712
3, 25723
2, 25734
1, 25736
3, 25753
2, 25762
1, 25773
2, 25789
3, 25789
2, 25804
3, 25821
1, 25826
2, 25827
1, 25849
3, 25856
2, 25862
3, 25881
1, 25891
2, 25892
3, 25910
2, 25918
1, 25934
3, 25941
1, 25952
2, 25952
3, 25967
1, 25982
2, 25994
2, 26013
1, 26001
2, 26023
3, 26003
1, 26049
2, 26053
3, 26058
3, 26070
1, 26084
3, 26092
2, 26097
1, 26116
3, 26118
1, 26139
3, 26144
2, 26154
1, 26171
1, 26183
3, 26183
2, 26204
3, 26208
1, 26212
2, 26228
3, 26234
3, 26246
1, 26260
2, 26267
3, 26285
3, 26297
1, 26298
2, 26303
1, 26323
2, 26336
3, 26336
3, 26360
3, 26373
1, 26374
2, 26374
1, 26398
2, 26403
3, 26411
2, 26434
3, 26433
1, 26442
2, 26451
3, 26465
2, 26476
1, 26481
1, 26499
3, 26504
2, 26512
1, 26530
3, 26532
2, 26555
1, 26558
3, 26560
1, 26581
2, 26587
3, 26598
1, 26608
2, 26615
2, 26636
1, 26649
3, 26649
1, 26669
2, 26675
3, 26678
1, 26695
2, 26709
3, 26708
1, 26728
1, 26739
1, 26750
3, 26754
2, 26767
3, 26776
2, 26781
2, 26791
2, 26807
1, 26815
1, 26827
3, 26836
2, 26845
1, 26857
2, 26867
3, 26875
1, 26889
2, 26901
3, 26919
1, 26919
2, 26927
1, 26940
3, 26954
3, 26970
1, 26975
2, 26977
2, 26998
3, 27005
1, 27009
2, 27029
3, 27030
2, 27044
1, 27055
3, 27067
3, 27079
2, 27087
1, 27099
2, 27105
3, 27125
2, 27129
1, 27129
3, 27141
3, 27158
2, 27169
2, 27190
3, 27177
2, 27200
1, 27180
2, 27226
1, 27230
3, 27237
2, 27245
3, 27264
1, 27276
3, 27283
1, 27294
2, 27294
2, 27317
1, 27327
3, 27328
1, 27345
2, 27348
3, 27362
1, 27382
2, 27384
3, 27393
3, 27405
2, 27416
3, 27432
3, 27445
1, 27446
2, 27447
3, 27460
1, 27469
2, 27496
3, 27497
1, 27509
2, 27516
1, 27530
3, 27535
2, 27544
1, 27561
3, 27572
2, 27575
1, 27598
3, 27600
2, 27611
3, 27623
1, 27624
2, 27646
3, 27653
1, 27661
2, 27665
1, 27684
3, 27694
1, 27706
2, 27711
3, 27730
1, 27732
1, 27744
2, 27757
3, 27767
1, 27776
2, 27789
3, 27787
1, 27809
2, 27820
2, 27831
3, 27840
1, 27845
1, 27857
1, 27875
1, 27886
3, 27891
3, 27901
3, 27913
2, 27923
1, 27937
3, 27942
2, 27954
1, 27968
3, 27971
2, 27988
3, 27994
3, 28011
2, 28016
2, 28027
1, 28027
3, 28053
1, 28057
2, 28058
3, 28083
2, 28086
1, 28096
2, 28114
3, 28113
1, 28132
2, 28136
3, 28150
3, 28164
1, 28171
2, 28175
3, 28197
2, 28202
1, 28211
2, 28227
3, 28234
3, 28244
1, 28248
2, 28264
3, 28273
1, 28282
1, 28294
2, 28295
1, 28311
2, 28328
1, 28332
1, 28358
3, 28338
1, 28370
2, 28347
1, 28392
2, 28402
2, 28413
3, 28415
3, 28437
1, 28439
2, 28443
2, 28470
3, 28472
1, 28483
1, 28494
3, 28500
3, 28522
2, 28522
1, 28533
3, 28543
2, 28552
1, 28557
1, 28570
3, 28592
1, 28595
2, 28597
2, 28626
3, 28636
2, 28637
1, 28643
1, 28654
2, 28669
2, 28681
3, 28686
1, 28705
3, 28708
2, 28717
1, 28724
3, 28743
2, 28755
2, 28766
1, 28767
2, 28784
1, 28793
3, 28784
1, 28815
3, 28822
2, 28833
3, 28849
2, 28861
1, 28871
2, 28872
3, 28876
2, 28894
3, 28903
3, 28914
1, 28927
2, 28928
3, 28940
3, 28954
3, 28964
1, 28985
2, 28986
3, 28995
3, 29005
1, 29026
3, 29028
2, 29033
3, 29041
2, 29061
1, 29064
3, 29077
1, 29086
2, 29100
1, 29107
3, 29122
1, 29137
2, 29140
3, 29142
3, 29170
2, 29171
1, 29180
3, 29197
2, 29205
1, 29206
2, 29225
1, 29235
1, 29246
3, 29247
3, 29257
2, 29266
3, 29292
1, 29293
2, 29309
3, 29311
1, 29326
2, 29331
3, 29343
3, 29360
2, 29373
1, 29375
3, 29389
1, 29399
3, 29414
2, 29416
3, 29428
1, 29444
3, 29453
2, 29453
2, 29479
3, 29482
1, 29482
3, 29509
2, 29513
2, 29533
1, 29516
2, 29543
3, 29523
3, 29573
2, 29573
1, 29584
3, 29587
1, 29610
2, 29613
3, 29623
1, 29641
3, 29643
2, 29649
1, 29664
1, 29678
2, 29694
3, 29699
1, 29699
3, 29725
2, 29727
1, 29738
3, 29750
3, 29760
2, 29767
1, 29774
3, 29783
3, 29806
2, 29813
1, 29814
3, 29825
3, 29849
1, 29851
2, 29853
1, 29873
3, 29885
1, 29896
2, 29907
3, 29911
3, 29932
1, 29940
2, 29941
3, 29966
1, 29967
2, 29966
1, 29987
1, 29998
3, 30003
3, 30025
2, 30027
3, 30038
1, 30043
2, 30051
1, 30068
2, 30084
3, 30087
1, 30110
2, 30111
3, 30122
3, 30132
3, 30151
1, 30152
2, 30153
2, 30176
1, 30180
3, 30185
2, 30208
3, 30211
1, 30229
3, 30230
2, 30245
1, 30251
3, 30257
1, 30275
2, 30284
2, 30295
3, 30308
1, 30311
1, 30323
3, 30344
1, 30353
2, 30353
1, 30376
2, 30379
3, 30389
3, 30399
1, 30410
1, 30424
3, 30433
2, 30442
3, 30448
2, 30465
1, 30473
2, 30482
3, 30491
3, 30501
1, 30517
2, 30519
1, 30537
3, 30541
2, 30558
2, 30571
1, 30576
3, 30583
2, 30602
2, 30613
1, 30613
2, 30627
3, 30642
1, 30647
2, 30649
1, 30675
2, 30687
1, 30688
1, 30712
3, 30691
2, 30701
2, 30736
3, 30746
2, 30755
1, 30765
3, 30768
3, 30787
2, 30786
1, 30807
3, 30820
2, 30832
1, 30833
3, 30844
3, 30854
2, 30870
2, 30883
3, 30888
1, 30896
2, 30906
2, 30917
1, 30929
3, 30932
2, 30953
1, 30955
3, 30965
2, 30984
1, 30987
2, 30994
3, 31010
1, 31019
2, 31023
3, 31042
2, 31054
1, 31067
3, 31070
1, 31090
2, 31090
3, 31101
1, 31115
2, 31119
1, 31136
3, 31140
2, 31159
3, 31164
1, 31169
1, 31184
3, 31200
2, 31206
3, 31216
1, 31219
2, 31229
2, 31243
3, 31260
2, 31267
3, 31278
1, 31279
2, 31289
2, 31303
3, 31316
2, 31328
1, 31339
1, 31353
2, 31356
3, 31372
2, 31384
2, 31396
1, 31402
3, 31404
3, 31429
2, 31430
1, 31442
2, 31451
3, 31459
2, 31477
1, 31480
2, 31487
3, 31504
1, 31506
2, 31527
2, 31538
1, 31546
3, 31561
2, 31565
1, 31566
2, 31586
1, 31595
1, 31607
1, 31618
1, 31629
1, 31640
1, 31651
1, 31662
1, 31673
1, 31684
1, 31695
1, 31706
1, 31717
1, 31728
1, 31739
1, 31750
1, 31761
1, 31772
1, 31783
1, 31794
1, 31805
1, 31816
1, 31827
1, 31838
1, 31849
1, 31860
1, 31871
1, 31882
1, 31893
1, 31904
1, 31915
1, 31926
1, 31937
1, 31948
1, 31959
1, 31970
1, 31981
1, 31992
1, 32004
3, 32005
3, 32015
3, 32025
1, 32036
3, 32046
2, 32069
3, 32075
1, 32087
2, 32096
1, 32107
3, 32108
1, 32129
2, 32137
2, 32158
1, 32159
2, 32169
3, 32172
1, 32198
2, 32199
3, 32207
3, 32217
1, 32233
2, 32238
3, 32247
3, 32257
1, 32273
2, 32288
3, 32292
1, 32295
3, 32307
2, 32327
1, 32333
3, 32346
2, 32353
3, 32363
3, 32375
1, 32381
2, 32398
2, 32409
3, 32417
2, 32426
2, 32436
1, 32443
3, 32458
2, 32464
2, 32475
1, 32489
3, 32491
3, 32515
2, 32516
1, 32527
2, 32540
3, 32549
1, 32549
1, 32573
3, 32582
2, 32582
1, 32608
3, 32612
2, 32622
3, 32630
1, 32634
2, 32645
3, 32655
3, 32679
2, 32679
1, 32692
3, 32697
1, 32720
2, 32721
3, 32730
2, 32743
3, 32759
1, 32759
3, 32777
2, 32790
1, 32791
3, 32801
3, 32812
2, 32832
2, 32846
3, 32847
1, 32847
3, 32864
1, 32884
2, 32885
3, 32894
1, 32914
3, 32920
2, 32929
2, 32940
1, 32950
2, 32967
1, 32970
3, 32973
2, 32986
3, 33004
1, 33007
2, 33012
1, 33039
2, 33042
3, 33049
3, 33074
1, 33055
2, 33064
3, 33102
1, 33104
3, 33119
2, 33119
3, 33134
1, 33152
2, 33154
3, 33163
2, 33183
1, 33184
3, 33204
2, 33206
2, 33216
3, 33226
1, 33233
2, 33256
3, 33257
2, 33272
2, 33282
1, 33286
3, 33294
1, 33308
3, 33324
2, 33323
1, 33339
3, 33345
3, 33356
3, 33379
2, 33379
1, 33389
2, 33401
3, 33404
2, 33420
3, 33436
1, 33436
2, 33454
3, 33465
1, 33466
1, 33481
3, 33502
1, 33506
2, 33502
2, 33533
3, 33533
1, 33542
2, 33548
1, 33568
1, 33579
3, 33584
2, 33596
3, 33613
2, 33615
2, 33626
1, 33644
2, 33647
3, 33658
1, 33672
2, 33679
1, 33690
3, 33705
1, 33713
2, 33716
3, 33738
1, 33739
2, 33759
3, 33761
1, 33775
1, 33789
2, 33794
3, 33803
3, 33815
1, 33827
3, 33835
2, 33842
1, 33852
3, 33874
2, 33879
1, 33879
3, 33904
1, 33908
2, 33910
3, 33937
2, 33939
1, 33943
3, 33966
1, 33969
2, 33977
3, 33995
1, 33997
2, 34014
3, 34022
1, 34034
3, 34044
2, 34056
3, 34065
1, 34066
2, 34090
3, 34097
2, 34106
1, 34107
2, 34134
3, 34136
1, 34145
2, 34147
2, 34170
3, 34174
3, 34186
1, 34193
3, 34211
2, 34224
3, 34229
3, 34249
1, 34230
3, 34259
2, 34239
3, 34283
1, 34290
2, 34293
3, 34316
1, 34320
2, 34335
3, 34335
1, 34355
2, 34355
2, 34377
3, 34380
2, 34392
1, 34410
3, 34411
2, 34428
3, 34431
1, 34447
2, 34454
3, 34456
2, 34473
1, 34486
3, 34495
1, 34506
2, 34510
1, 34529
3, 34536
2, 34538
1, 34559
2, 34569
1, 34579
3, 34584
3, 34606
1, 34608
2, 34610
3, 34630
1, 34634
1, 34650
3, 34663
1, 34674
2, 34675
2, 34703
1, 34703
3, 34709
2, 34715
3, 34733
1, 34743
1, 34761
1, 34772
3, 34776
3, 34788
2, 34792
3, 34800
3, 34822
1, 34828
2, 34836
1, 34844
3, 34861
2, 34864
2, 34887
3, 34890
1, 34891
3, 34914
2, 34914
3, 34934
2, 34939
1, 34957
1, 34969
3, 34974
2, 34974
1, 34995
3, 34999
1, 35014
2, 35014
3, 35030
2, 35039
1, 35061
2, 35061
3, 35071
3, 35085
3, 35095
1, 35106
2, 35119
1, 35126
3, 35132
1, 35140
1, 35168
2, 35168
3, 35178
2, 35186
3, 35206
1, 35212
2, 35212
1, 35233
3, 35240
2, 35243
3, 35265
3, 35278
1, 35285
2, 35285
3, 35298
3, 35315
1, 35321
2, 35327
2, 35338
3, 35351
1, 35363
2, 35369
3, 35385
1, 35390
2, 35404
2, 35426
1, 35409
2, 35436
3, 35416
2, 35450
3, 35470
1, 35472
2, 35486
1, 35492
3, 35507
3, 35522
1, 35529
2, 35532
3, 35554
1, 35558
3, 35573
1, 35579
2, 35586
2, 35597
2, 35616
1, 35617
3, 35637
2, 35639
1, 35657
1, 35669
2, 35672
3, 35684
1, 35697
2, 35698
3, 35720
1, 35721
3, 35742
2, 35745
3, 35755
1, 35760
3, 35776
2, 35779
2, 35793
3, 35813
2, 35816
1, 35825
3, 35836
2, 35849
3, 35853
1, 35868
3, 35878
2, 35880
1, 35907
2, 35909
3, 35910
2, 35931
1, 35945
1, 35956
1, 35967
3, 35978
1, 35984
2, 35984
1, 36002
2, 36014
3, 36027
2, 36035
1, 36042
3, 36054
1, 36061
2, 36082
1, 36086
3, 36095
2, 36099
3, 36117
3, 36127
1, 36139
2, 36149
3, 36156
1, 36168
1, 36179
1, 36190
3, 36196
3, 36216
1, 36223
2, 36228
3, 36240
2, 36249
1, 36271
3, 36271
2, 36280
1, 36290
2, 36310
1, 36315
1, 36326
1, 36337
1, 36348
3, 36354
1, 36361
1, 36372
2, 36381
2, 36391
2, 36402
1, 36427
2, 36432
3, 36438
2, 36455
3, 36460
3, 36480
3, 36490
1, 36491
2, 36497
3, 36516
1, 36517
3, 36538
2, 36538
1, 36552
3, 36566
1, 36572
2, 36586
2, 36607
3, 36591
2, 36617
1, 36597
2, 36637
3, 36640
1, 36664
1, 36675
1, 36686
2, 36687
2, 36700
3, 36700
3, 36724
1, 36729
3, 36736
2, 36750
2, 36761
3, 36778
1, 36779
2, 36784
2, 36804
1, 36811
3, 36813
3, 36837
1, 36840
3, 36859
1, 36863
2, 36872
2, 36883
2, 36901
1, 36907
3, 36908
1, 36927
2, 36937
3, 36940
2, 36956
1, 36970
1, 36981
1, 36992
2, 36997
3, 37001
3, 37014
1, 37031
2, 37036
1, 37053
3, 37055
2, 37071
1, 37075
1, 37090
2, 37102
1, 37111
3, 37116
3, 37141
1, 37145
2, 37153
3, 37160
1, 37168
2, 37188
3, 37197
1, 37200
3, 37219
1, 37234
1, 37246
2, 37246
3, 37263
1, 37271
1, 37283
2, 37289
1, 37298
3, 37313
2, 37326
1, 37327
2, 37345
3, 37350
2, 37357
1, 37374
3, 37390
1, 37393
2, 37401
1, 37421
3, 37425
2, 37441
1, 37442
3, 37460
1, 37473
2, 37473
3, 37499
2, 37500
1, 37499
3, 37522
1, 37531
2, 37523
1, 37551
3, 37561
2, 37565
1, 37585
1, 37596
3, 37598
3, 37614
2, 37614
2, 37635
3, 37640
1, 37647
2, 37658
3, 37671
1, 37682
2, 37695
1, 37702
1, 37725
3, 37727
1, 37739
2, 37741
3, 37766
1, 37767
1, 37791
2, 37773
1, 37802
3, 37780
1, 37827
2, 37833
3, 37833
2, 37853
3, 37862
3, 37874
1, 37885
2, 37895
3, 37896
3, 37924
2, 37924
1, 37926
2, 37945
1, 37955
3, 37961
2, 37972
3, 37986
1, 37995
1, 38016
2, 38019
2, 38030
2, 38049
1, 38050
2, 38068
1, 38072
1, 38083
2, 38099
1, 38103
2, 38122
1, 38124
1, 38135
1, 38146
2, 38158
3, 38008
2, 38182
1, 38182
3, 38190
2, 38199
1, 38221
3, 38221
2, 38244
3, 38247
1, 38252
1, 38263
3, 38273
2, 38282
2, 38303
1, 38306
3, 38318
2, 38338
3, 38343
2, 38352
1, 38355
3, 38380
1, 38382
2, 38386
1, 38405
2, 38410
2, 38427
3, 38431
1, 38449
3, 38452
2, 38460
3, 38481
2, 38486
1, 38486
3, 38509
1, 38516
2, 38509
1, 38539
1, 38551
2, 38557
1, 38567
3, 38574
2, 38592
2, 38604
1, 38610
1, 38621
3, 38630
2, 38641
2, 38652
1, 38664
2, 38670
3, 38684
1, 38684
3, 38704
2, 38711
1, 38717
3, 38726
3, 38749
1, 38752
2, 38756
3, 38782
1, 38792
3, 38793
2, 38809
1, 38811
3, 38833
1, 38837
2, 38839
1, 38859
2, 38865
2, 38884
3, 38887
1, 38895
3, 38916
2, 38918
1, 38931
3, 38942
3, 38962
2, 38950
1, 38952
3, 38984
2, 38993
2, 39004
2, 39020
1, 39022
1, 39033
3, 39042
1, 39056
2, 39059
3, 39072
3, 39086
1, 39098
2, 39100
3, 39121
1, 39129
2, 39130
3, 39151
1, 39160
2, 39164
1, 39175
3, 39194
1, 39203
3, 39213
2, 39214
2, 39237
1, 39237
3, 39252
1, 39256
2, 39272
1, 39278
3, 39298
2, 39298
3, 39314
1, 39315
2, 39335
1, 39349
2, 39355
3, 39358
3, 39368
2, 39377
2, 39400
3, 39404
1, 39413
2, 39429
1, 39432
3, 39444
3, 39455
2, 39468
1, 39478
2, 39486
3, 39495
1, 39512
2, 39514
3, 39527
1, 39543
3, 39543
1, 39565
2, 39567
3, 39582
3, 39593
1, 39603
1, 39614
3, 39619
3, 39633
2, 39634
1, 39657
2, 39662
3, 39673
1, 39679
2, 39695
2, 39706
3, 39713
2, 39729
1, 39731
2, 39750
3, 39753
2, 39766
3, 39779
1, 39785
2, 39790
3, 39810
2, 39816
1, 39829
2, 39835
1, 39846
3, 39854
3, 39865
3, 39884
2, 39890
1, 39892
1, 39916
2, 39920
1, 39931
3, 39934
3, 39953
2, 39957
2, 39968
1, 39989
3, 39992
2, 40005
3, 40009
1, 40018
3, 40039
1, 40045
2, 40038
1, 40057
3, 40080
1, 40082
1, 40093
3, 40103
2, 40108
2, 40139
1, 40119
2, 40149
3, 40129
3, 40177
1, 40179
2, 40180
1, 40201
2, 40212
3, 40219
2, 40224
3, 40248
2, 40249
1, 40263
3, 40273
3, 40286
2, 40286
2, 40298
1, 40313
2, 40317
3, 40343
1, 40343
2, 40349
1, 40360
3, 40372
2, 40385
1, 40395
2, 40408
2, 40419
3, 40421
1, 40440
1, 40452
3, 40456
2, 40470
1, 40475
3, 40479
1, 40506
2, 40508
3, 40517
3, 40527
3, 40546
1, 40547
2, 40559
1, 40566
1, 40591
3, 40591
2, 40602
3, 40612
1, 40617
3, 40633
2, 40642
2, 40653
3, 40659
3, 40678
2, 40684
2, 40697
1, 40700
3, 40709
2, 40727
1, 40734
3, 40736
2, 40765
3, 40766
1, 40772
1, 40783
2, 40801
1, 40803
3, 40817
2, 40835
1, 40836
3, 40844
3, 40855
2, 40870
1, 40886
3, 40891
2, 40895
3, 40910
2, 40922
2, 40935
1, 40938
2, 40958
3, 40959
1, 40970
2, 40984
1, 40994
3, 40995
2, 41010
2, 41027
3, 41036
1, 41046
2, 41052
1, 41063
3, 41074
2, 41091
2, 41102
1, 41109
3, 41111
1, 41131
1, 41142
2, 41147
3, 41166
2, 41167
1, 41179
3, 41194
1, 41200
2, 41207
3, 41229
1, 41232
2, 41232
3, 41254
1, 41258
2, 41267
3, 41282
2, 41300
2, 41314
3, 41302
2, 41324
1, 41304
2, 41342
3, 41351
1, 41360
3, 41383
1, 41386
2, 41386
2, 41414
1, 41414
3, 41429
2, 41435
1, 41440
3, 41460
1, 41471
2, 41479
3, 41491
1, 41491
1, 41504
2, 41530
1, 41530
3, 41538
2, 41548
1, 41565
1, 41577
3, 41579
2, 41595
1, 41603
1, 41615
3, 41621
2, 41644
1, 41646
3, 41647
1, 41669
3, 41679
2, 41691
1, 41691
3, 41711
2, 41720
1, 41731
3, 41734
3, 41749
1, 41768
2, 41769
3, 41777
2, 41800
1, 41800
3, 41809
1, 41823
2, 41827
3, 41838
2, 41857
3, 41859
1, 41872
2, 41884
3, 41896
3, 41907
1, 41907
3, 41932
1, 41935
2, 41936
2, 41963
1, 41963
3, 41979
1, 41985
2, 42001
1, 42005
3, 42017
2, 42027
1, 42031
2, 42052
2, 42063
3, 42074
2, 42086
1, 42089
3, 42101
2, 42112
1, 42122
3, 42127
3, 42149
2, 42149
1, 42162
2, 42174
3, 42189
2, 42193
1, 42198
3, 42211
2, 42227
2, 42238
1, 42241
3, 42262
1, 42266
1, 42277
2, 42280
1, 42303
3, 42303
2, 42322
1, 42325
3, 42339
1, 42346
2, 42363
3, 42369
1, 42371
1, 42382
3, 42392
1, 42420
3, 42421
2, 42430
3, 42449
1, 42452
2, 42454
3, 42469
3, 42495
1, 42477
2, 42485
2, 42520
3, 42520
1, 42534
2, 42537
1, 42566
3, 42566
2, 42572
1, 42591
1, 42602
2, 42605
2, 42616
3, 42623
2, 42633
3, 42656
2, 42660
1, 42664
1, 42675
3, 42682
3, 42705
2, 42711
2, 42721
2, 42735
1, 42737
3, 42751
1, 42761
2, 42778
1, 42779
2, 42796
3, 42808
1, 42818
2, 42818
1, 42837
3, 42841
2, 42865
1, 42865
1, 42877
3, 42881
2, 42901
2, 42911
3, 42919
2, 42923
1, 42934
2, 42952
1, 42958
3, 42970
2, 42985
3, 42994
2, 43000
1, 43007
2, 43023
3, 43025
3, 43050
1, 43051
2, 43068
1, 43073
3, 43074
1, 43096
2, 43104
3, 43112
3, 43126
1, 43140
2, 43141
3, 43159
1, 43164
2, 43173
3, 43181
3, 43192
1, 43205
2, 43223
3, 43227
1, 43228
2, 43250
3, 43252
2, 43263
3, 43282
2, 43290
1, 43292
3, 43312
1, 43317
1, 43328
3, 43337
2, 43345
3, 43358
1, 43376
3, 43379
2, 43392
3, 43404
1, 43418
1, 43430
2, 43432
3, 43437
1, 43456
2, 43463
1, 43476
3, 43487
2, 43489
3, 43512
2, 43514
1, 43523
2, 43547
2, 43557
3, 43557
1, 43569
2, 43570
3, 43578
2, 43594
3, 43614
2, 43618
1, 43623
2, 43642
2, 43660
1, 43649
2, 43670
3, 43650
1, 43696
3, 43703
1, 43711
2, 43712
2, 43734
3, 43743
2, 43750
1, 43758
2, 43773
3, 43791
2, 43793
1, 43803
2, 43804
3, 43821
1, 43832
2, 43842
2, 43854
3, 43862
2, 43874
1, 43887
2, 43889
1, 43916
3, 43916
2, 43923
1, 43938
1, 43949
2, 43954
2, 43969
3, 43969
2, 43980
2, 43998
1, 44015
2, 44020
3, 44022
3, 44033
1, 44058
3, 44059
2, 44073
3, 44083
1, 44098
1, 44110
2, 44116
3, 44116
2, 44129
1, 44153
3, 44153
2, 44166
1, 44172
3, 44179
2, 44196
3, 44202
1, 44214
2, 44224
3, 44240
1, 44240
1, 44252
3, 44276
2, 44283
3, 44292
1, 44294
3, 44312
1, 44319
2, 44320
3, 44340
3, 44351
2, 44361
1, 44373
3, 44383
1, 44390
2, 44397
1, 44409
3, 44419
1, 44437
2, 44439
3, 44453
1, 44456
1, 44478
3, 44491
1, 44496
2, 44507
1, 44517
3, 44521
2, 44540
1, 44544
3, 44558
1, 44564
1, 44586
2, 44593
3, 44592
1, 44616
2, 44617
1, 44638
3, 44644
2, 44655
3, 44655
1, 44681
2, 44681
3, 44691
1, 44700
2, 44722
1, 44722
3, 44731
2, 44748
2, 44759
3, 44768
1, 44777
2, 44784
1, 44798
3, 44808
2, 44824
2, 44839
3, 44827
2, 44849
1, 44829
2, 44873
1, 44877
3, 44882
3, 44896
1, 44917
3, 44923
2, 44930
1, 44933
2, 44958
3, 44962
2, 44973
1, 44974
3, 45001
1, 45006
3, 45013
2, 45019
1, 45030
2, 45043
2, 45062
3, 45071
1, 45074
2, 45081
3, 45090
2, 45112
1, 45114
3, 45117
1, 45133
2, 45150
1, 45159
3, 45150
1, 45182
2, 45194
3, 45194
1, 45211
3, 45225
2, 45234
3, 45239
3, 45249
1, 45259
2, 45275
3, 45285
3, 45296
2, 45298
1, 45312
3, 45318
3, 45330
2, 45341
1, 45353
3, 45366
2, 45368
3, 45392
1, 45396
2, 45394
3, 45417
1, 45424
1, 45436
2, 45444
3, 45458
1, 45471
2, 45479
3, 45486
1, 45507
2, 45507
3, 45510
1, 45534
3, 45538
2, 45541
3, 45562
2, 45566
1, 45576
3, 45591
2, 45598
3, 45604
2, 45625
1, 45629
3, 45641
2, 45645
2, 45657
3, 45672
2, 45691
1, 45692
3, 45697
2, 45703
3, 45731
1, 45733
2, 45738
1, 45749
3, 45769
1, 45774
2, 45776
3, 45793
1, 45798
1, 45815
2, 45825
1, 45832
3, 45848
1, 45853
2, 45879
2, 45889
3, 45886
2, 45904
1, 45909
3, 45919
2, 45924
3, 45951
1, 45952
2, 45952
3, 45979
1, 45981
2, 45988
2, 46014
3, 45993
2, 46024
1, 46004
2, 46052
3, 46053
1, 46064
2, 46080
1, 46083
3, 46089
1, 46099
3, 46122
1, 46128
2, 46129
1, 46146
2, 46158
1, 46164
3, 46179
2, 46183
1, 46193
3, 46209
2, 46211
1, 46232
1, 46243
2, 46253
3, 46256
2, 46279
3, 46281
1, 46287
3, 46305
2, 46318
1, 46325
3, 46319
2, 46344
1, 46354
3, 46371
3, 46382
2, 46379
1, 46405
3, 46406
2, 46414
1, 46419
2, 46439
3, 46449
1, 46453
3, 46464
2, 46476
2, 46491
3, 46504
1, 46505
2, 46518
3, 46520
1, 46540
2, 46544
1, 46563
3, 46577
2, 46581
2, 46591
3, 46601
1, 46604
2, 46629
3, 46629
3, 46648
1, 46645
3, 46671
2, 46675
1, 46672
2, 46696
3, 46699
3, 46711
1, 46730
3, 46733
2, 46744
3, 46754
1, 46769
2, 46774
3, 46786
3, 46796
1, 46800
1, 46821
2, 46826
3, 46831
3, 46854
1, 46858
2, 46861
3, 46883
1, 46887
2, 46891
3, 46917
2, 46922
2, 46940
3, 46942
2, 46953
1, 46957
1, 46969
2, 46988
1, 46993
1, 47005
3, 47010
2, 47027
3, 47041
1, 47041
1, 47064
2, 47064
3, 47078
3, 47089
1, 47096
3, 47104
2, 47122
1, 47124
2, 47141
3, 47153
1, 47155
2, 47160
1, 47181
3, 47179
2, 47206
1, 47207
3, 47213
3, 47225
1, 47245
2, 47248
1, 47271
2, 47273
3, 47284
1, 47288
1, 47311
3, 47313
2, 47324
3, 47342
1, 47345
2, 47354
1, 47367
3, 47372
2, 47394
3, 47396
1, 47412
2, 47414
3, 47428
2, 47446
1, 47450
3, 47448
2, 47472
1, 47482
3, 47486
2, 47494
2, 47505
3, 47521
1, 47540
3, 47540
1, 47551
2, 47561
1, 47571
3, 47575
3, 47593
2, 47609
1, 47612
3, 47627
2, 47636
1, 47648
1, 47660
3, 47664
2, 47669
1, 47680
3, 47700
3, 47712
2, 47719
1, 47720
3, 47733
3, 47755
2, 47755
3, 47776
2, 47779
1, 47786
2, 47806
1, 47812
3, 47813
2, 47835
1, 47837
3, 47852
2, 47861
1, 47864
1, 47876
3, 47898
2, 47898
1, 47919
3, 47927
2, 47940
3, 47944
1, 47951
1, 47975
2, 47975
3, 47985
3, 47995
3, 48014
2, 48013
1, 48030
3, 48037
2, 48048
3, 48055
1, 48064
3, 48087
2, 48088
1, 48099
3, 48105
2, 48115
2, 48127
3, 48143
1, 48152
2, 48154
3, 48167
1, 48180
3, 48196
2, 48200
1, 48204
3, 48218
3, 48235
2, 48244
1, 48253
2, 48255
3, 48275
1, 48285
2, 48288
2, 48314
1, 48315
1, 48326
3, 48327
3, 48356
3, 48368
2, 48357
1, 48358
3, 48379
3, 48403
2, 48404
1, 48417
1, 48429
2, 48433
1, 48448
3, 48452
3, 48479
2, 48478
1, 48488
1, 48508
3, 48512
2, 48513
3, 48537
3, 48548
2, 48556
1, 48557
3, 48566
3, 48580
1, 48594
1, 48605
3, 48612
3, 48630
2, 48630
3, 48645
1, 48659
2, 48671
3, 48676
3, 48686
1, 48704
3, 48708
2, 48726
1, 48728
3, 48734
2, 48753
1, 48754
3, 48769
1, 48788
2, 48789
3, 48799
2, 48811
1, 48824
3, 48837
2, 48837
1, 48855
2, 48864
3, 48875
2, 48889
1, 48890
1, 48901
3, 48917
3, 48929
2, 48938
1, 48938
3, 48953
2, 48960
1, 48977
3, 48994
1, 48998
2, 48998
2, 49024
1, 49026
3, 49030
3, 49058
2, 49058
1, 49067
3, 49090
2, 49090
1, 49099
3, 49103
2, 49124
3, 49127
2, 49149
3, 49155
1, 49149
1, 49181
2, 49181
3, 49190
3, 49212
2, 49212
1, 49221
3, 49231
2, 49240
1, 49256
3, 49263
3, 49274
2, 49280
2, 49291
1, 49310
3, 49312
2, 49324
1, 49329
3, 49338
1, 49354
1, 49373
2, 49381
2, 49392
3, 49393
2, 49412
2, 49422
1, 49426
3, 49434
3, 49449
3, 49468
2, 49468
1, 49481
3, 49485
3, 49498
2, 49516
2, 49532
3, 49517
2, 49542
1, 49522
2, 49564
3, 49567
1, 49588
2, 49597
1, 49604
3, 49604
3, 49630
1, 49637
3, 49642
2, 49647
3, 49668
1, 49680
2, 49681
2, 49703
1, 49704
3, 49719
3, 49730
1, 49744
3, 49750
2, 49750
3, 49768
2, 49779
1, 49782
3, 49797
2, 49808
1, 49813
3, 49825
2, 49831
2, 49845
3, 49866
2, 49872
3, 49885
1, 49887
1, 49902
2, 49910
3, 49926
3, 49937
1, 49940
2, 49948
1, 49960
3, 49972
3, 49993
1, 49994
2, 50005
1, 50006
3, 50028
2, 50037
1, 50039
2, 50057
2, 50067
2, 50083
3, 50085
1, 50100
2, 50107
3, 50110
1, 50127
2, 50140
1, 50147
3, 50156
1, 50166
3, 50183
2, 50182
1, 50201
3, 50202
3, 50227
3, 50239
2, 50239
1, 50250
3, 50265
2, 50267
2, 50279
1, 50300
3, 50301
2, 50312
2, 50323
3, 50339
2, 50341
1, 50353
1, 50365
3, 50382
1, 50387
2, 50394
1, 50405
3, 50414
3, 50425
1, 50439
2, 50441
1, 50460
2, 50474
1, 50480
3, 50485
2, 50505
1, 50511
3, 50517
2, 50526
3, 50547
1, 50547
1, 50568
1, 50579
3, 50584
2, 50593
3, 50608
2, 50615
1, 50620
3, 50644
1, 50647
2, 50644
1, 50666
3, 50674
2, 50685
2, 50709
1, 50689
2, 50719
3, 50699
2, 50733
3, 50755
2, 50761
1, 50761
3, 50773
3, 50796
2, 50799
3, 50810
1, 50814
3, 50833
2, 50834
2, 50857
1, 50858
1, 50870
3, 50883
3, 50898
2, 50898
1, 50907
2, 50921
1, 50939
1, 50951
2, 50954
3, 50963
1, 50983
2, 50987
1, 50998
3, 50999
1, 51016
3, 51026
2, 51042
1, 51045
3, 51057
1, 51073
2, 51084
2, 51095
3, 51095
2, 51111
1, 51114
3, 51138
2, 51144
3, 51153
1, 51156
3, 51178
2, 51178
1, 51194
3, 51200
2, 51211
1, 51227
3, 51229
2, 51245
3, 51248
3, 51269
2, 51276
1, 51277
3, 51290
3, 51305
1, 51318
2, 51327
1, 51337
3, 51344
1, 51356
2, 51369
2, 51380
3, 51382
2, 51398
2, 51417
3, 51417
1, 51428
2, 51435
2, 51446
3, 51456
1, 51474
2, 51474
3, 51493
2, 51503
2, 51515
1, 51517
1, 51528
3, 51553
1, 51554
2, 51553
3, 51576
2, 51590
2, 51602
3, 51608
1, 51614
2, 51621
3, 51628
1, 51644
2, 51654
3, 51660
1, 51680
3, 51689
2, 51695
1, 51700
3, 51710
3, 51726
2, 51739
3, 51742
2, 51759
1, 51761
3, 51778
1, 51788
2, 51798
3, 51809
3, 51820
1, 51826
3, 51847
2, 51849
3, 51864
3, 51882
1, 51866
3, 51892
2, 51872
3, 51918
1, 51920
2, 51932
3, 51937
1, 51956
2, 51958
1, 51976
3, 51989
3, 52000
2, 52005
3, 52017
1, 52018
2, 52035
2, 52046
3, 52064
1, 52066
2, 52073
3, 52085
3, 52100
1, 52102
2, 52111
3, 52126
1, 52138
1, 52149
3, 52151
3, 52162
2, 52185
3, 52188
1, 52192
2, 52221
1, 52221
3, 52222
1, 52245
3, 52256
2, 52256
3, 52278
1, 52284
2, 52294
3, 52303
3, 52315
2, 52324
1, 52331
3, 52347
2, 52349
2, 52360
1, 52378
2, 52385
3, 52386
2, 52406
3, 52424
2, 52428
1, 52437
2, 52439
1, 52460
3, 52474
2, 52475
1, 52488
3, 52498
2, 52501
3, 52523
2, 52527
1, 52535
3, 52549
3, 52562
3, 52573
2, 52579
3, 52592
1, 52598
1, 52610
2, 52622
3, 52623
2, 52645
1, 52646
3, 52661
2, 52669
1, 52688
2, 52688
2, 52711
3, 52712
1, 52726
2, 52729
1, 52754
3, 52754
2, 52763
1, 52769
3, 52789
1, 52799
2, 52801
1, 52824
1, 52835
2, 52837
1, 52849
3, 52863
1, 52865
3, 52884
2, 52890
3, 52902
2, 52911
1, 52921
3, 52933
2, 52944
1, 52945
1, 52959
2, 52981
3, 52981
1, 53002
2, 53008
1, 53016
3, 53020
2, 53029
1, 53048
3, 53048
1, 53070
3, 53086
1, 53089
2, 53095
1, 53105
1, 53127
3, 53128
2, 53143
2, 53154
1, 53161
2, 53168
3, 53180
2, 53184
1, 53206
3, 53211
2, 53214
2, 53226
1, 53253
3, 53254
2, 53258
1, 53267
3, 53284
1, 53291
2, 53308
3, 53322
1, 53327
1, 53342
2, 53342
3, 53363
1, 53368
2, 53372
1, 53396
2, 53399
3, 53407
1, 53414
1, 53438
2, 53439
3, 53454
1, 53456
3, 53473
2, 53487
1, 53490
3, 53496
1, 53514
2, 53525
2, 53538
3, 53542
1, 53549
2, 53558
1, 53577
2, 53589
1, 53595
3, 53610
1, 53627
3, 53627
2, 53637
1, 53644
3, 53653
3, 53664
1, 53687
2, 53689
3, 53700
2, 53709
2, 53729
1, 53730
3, 53733
3, 53758
1, 53757
2, 53781
3, 53783
1, 53791
3, 53803
2, 53812
2, 53823
3, 53844
1, 53845
2, 53858
2, 53868
3, 53871
3, 53885
1, 53897
2, 53901
2, 53923
3, 53923
2, 53939
1, 53953
3, 53965
1, 53966
2, 53979
3, 53991
1, 53994
1, 54007
2, 54025
3, 54027
1, 54039
3, 54050
1, 54059
2, 54075
1, 54083
3, 54084
1, 54108
3, 54111
2, 54125
1, 54140
1, 54151
1, 54162
1, 54173
1, 54184
1, 54195
1, 54206
1, 54217
1, 54228
1, 54239
1, 54250
1, 54261
1, 54272
1, 54283
1, 54294
1, 54305
1, 54316
1, 54327
1, 54338
1, 54349
1, 54360
1, 54371
1, 54382
1, 54393
1, 54404
1, 54415
1, 54426
1, 54437
1, 54448
1, 54459
1, 54470
1, 54481
1, 54492
1, 54503
1, 54514
1, 54525
1, 54536
1, 54547
1, 54558
1, 54569
1, 54580
1, 54591
3, 54598
3, 54608
3, 54624
2, 54627
1, 54636
3, 54647
1, 54656
2, 54673
3, 54676
1, 54695
2, 54697
3, 54705
2, 54722
1, 54726
3, 54743
3, 54754
2, 54761
1, 54766
3, 54774
3, 54784
2, 54801
3, 54810
1, 54825
3, 54840
2, 54844
1, 54856
3, 54857
3, 54881
1, 54888
2, 54896
1, 54902
3, 54911
2, 54931
1, 54932
1, 54948
3, 54960
2, 54964
3, 54983
1, 54985
3, 54999
2, 55001
3, 55014
2, 55026
1, 55042
2, 55049
3, 55058
1, 55062
3, 55087
1, 55092
2, 55097
1, 55108
3, 55127
2, 55133
1, 55141
2, 55152
2, 55163
3, 55172
3, 55183
1, 55196
2, 55209
3, 55215
1, 55221
3, 55240
2, 55240
1, 55250
3, 55264
3, 55280
1, 55288
3, 55301
2, 55300
1, 55317
2, 55336
3, 55339
1, 55349
3, 55361
3, 55374
2, 55377
3, 55387
3, 55397
1, 55409
1, 55432
2, 55417
3, 55421
3, 55460
2, 55460
1, 55468
2, 55491
1, 55493
3, 55497
2, 55509
3, 55529
1, 55535
2, 55529
1, 55555
3, 55568
2, 55581
2, 55592
3, 55600
3, 55611
2, 55621
1, 55622
1, 55633
3, 55638
2, 55655
3, 55668
2, 55673
1, 55685
1, 55697
3, 55717
2, 55721
1, 55722
3, 55748
1, 55752
2, 55752
1, 55776
3, 55786
2, 55796
1, 55805
3, 55807
3, 55825
2, 55831
3, 55851
2, 55852
1, 55861
2, 55878
2, 55892
1, 55897
1, 55909
3, 55914
2, 55922
1, 55932
2, 55953
2, 55965
3, 55966
1, 55979
2, 55989
3, 56004
1, 56005
1, 56016
2, 56029
1, 56040
3, 56052
2, 56052
3, 56074
2, 56084
1, 56085
3, 56102
1, 56111
2, 56122
1, 56129
3, 56145
3, 56156
2, 56166
1, 56180
2, 56187
1, 56197
3, 56198
2, 56222
1, 56225
1, 56236
3, 56247
2, 56258
2, 56270
1, 56280
3, 56288
2, 56294
1, 56316
3, 56316
2, 56331
1, 56334
3, 56353
1, 56360
2, 56368
3, 56377
1, 56389
3, 56406
3, 56419
2, 56419
1, 56437
2, 56447
3, 56452
2, 56467
1, 56474
3, 56486
3, 56502
2, 56507
1, 56507
2, 56526
3, 56537
1, 56548
2, 56553
3, 56570
1, 56576
3, 56589
3, 56610
1, 56598
3, 56620
2, 56600
3, 56630
2, 56659
1, 56659
1, 56672
3, 56674
2, 56688
3, 56710
1, 56711
2, 56720
3, 56724
3, 56734
3, 56749
3, 56768
2, 56774
1, 56776
3, 56792
2, 56807
3, 56812
1, 56822
3, 56839
1, 56846
2, 56839
1, 56866
1, 56878
3, 56891
2, 56895
1, 56913
3, 56915
2, 56929
3, 56939
1, 56941
2, 56970
1, 56970
3, 56971
2, 56994
1, 56999
3, 57019
1, 57022
2, 57027
1, 57038
3, 57056
2, 57059
1, 57066
3, 57089
1, 57096
2, 57101
1, 57112
1, 57132
2, 57138
1, 57149
3, 57155
3, 57172
1, 57173
2, 57187
3, 57195
1, 57211
3, 57224
2, 57228
1, 57232
2, 57256
1, 57259
3, 57270
3, 57283
2, 57294
1, 57294
3, 57307
2, 57327
1, 57333
3, 57344
1, 57360
2, 57360
1, 57377
3, 57383
3, 57405
2, 57410
1, 57416
1, 57427
1, 57438
3, 57440
3, 57451
2, 57475
1, 57480
3, 57497
1, 57502
2, 57503
3, 57512
3, 57536
1, 57545
2, 57547
3, 57560
3, 57572
1, 57585
1, 57599
2, 57610
2, 57621
3, 57621
2, 57635
1, 57641
1, 57666
3, 57666
2, 57673
1, 57680
3, 57700
2, 57710
1, 57714
3, 57724
3, 57734
2, 57748
2, 57766
2, 57777
2, 57790
1, 57778
2, 57800
2, 57812
3, 57780
3, 57827
1, 57843
3, 57848
2, 57865
1, 57867
3, 57881
2, 57896
1, 57902
1, 57914
3, 57921
1, 57932
2, 57947
1, 57954
3, 57956
3, 57981
1, 57992
2, 57992
2, 58013
3, 58013
1, 58029
2, 58038
3, 58050
2, 58062
1, 58071
3, 58071
1, 58091
2, 58099
3, 58116
2, 58121
2, 58131
1, 58141
3, 58153
3, 58165
2, 58168
1, 58174
2, 58193
3, 58197
1, 58211
3, 58222
3, 58234
2, 58237
2, 58248
3, 58267
3, 58277
2, 58283
1, 58293
2, 58308
3, 58317
2, 58320
1, 58329
3, 58348
1, 58360
3, 58364
2, 58369
1, 58378
2, 58398
3, 58403
1, 58418
1, 58430
2, 58434
1, 58445
3, 58462
2, 58468
1, 58481
3, 58486
2, 58502
2, 58513
3, 58523
1, 58535
1, 58547
2, 58551
3, 58555
2, 58579
1, 58582
3, 58597
2, 58598
3, 58615
1, 58630
2, 58633
3, 58644
1, 58651
2, 58669
1, 58682
3, 58687
2, 58691
2, 58701
3, 58711
3, 58729
1, 58735
2, 58741
1, 58764
2, 58766
3, 58786
2, 58798
3, 58798
1, 58803
3, 58822
2, 58834
1, 58835
3, 58846
2, 58860
1, 58866
3, 58889
2, 58889
1, 58897
3, 58911
2, 58926
1, 58930
3, 58940
3, 58965
1, 58953
3, 58975
2, 58955
3, 58985
2, 59004
1, 59018
3, 59019
3, 59045
3, 59055
1, 59056
2, 59057
1, 59074
3, 59088
2, 59094
3, 59104
3, 59124
1, 59130
2, 59131
3, 59151
1, 59161
2, 59165
3, 59172
2, 59193
3, 59196
1, 59205
1, 59217
2, 59231
3, 59236
3, 59248
1, 59258
1, 59270
3, 59289
2, 59289
2, 59300
1, 59312
2, 59322
3, 59331
3, 59341
1, 59360
2, 59366
3, 59378
2, 59385
1, 59393
2, 59408
2, 59419
3, 59419
3, 59443
2, 59443
1, 59452
1, 59463
1, 59474
1, 59485
2, 59507
1, 59508
3, 59514
3, 59525
1, 59544
2, 59554
2, 59565
3, 59565
1, 59582
2, 59598
1, 59600
3, 59605
1, 59627
3, 59629
2, 59650
3, 59656
1, 59659
3, 59678
2, 59685
1, 59690
3, 59706
1, 59720
2, 59722
1, 59746
2, 59749
3, 59759
1, 59773
2, 59775
3, 59786
3, 59799
1, 59815
2, 59824
3, 59834
1, 59842
2, 59847
3, 59857
2, 59877
3, 59882
1, 59885
2, 59903
2, 59915
1, 59923
2, 59935
3, 59947
1, 59955
2, 59965
1, 59973
3, 59982
3, 59994
1, 60011
2, 60013
3, 60026
1, 60030
2, 60049
3, 60060
2, 60065
1, 60079
3, 60082
3, 60103
2, 60110
2, 60131
1, 60114
2, 60141
3, 60121
2, 60165
1, 60167
3, 60184
1, 60189
2, 60204
2, 60215
3, 60225
1, 60227
1, 60239
2, 60250
2, 60264
1, 60277
3, 60285
1, 60294
2, 60306
3, 60315
3, 60330
1, 60339
2, 60343
3, 60355
3, 60368
2, 60378
1, 60391
3, 60393
1, 60409
3, 60426
1, 60430
1, 60441
2, 60443
3, 60465
1, 60473
2, 60466
1, 60490
2, 60509
3, 60517
2, 60523
1, 60529
3, 60545
2, 60551
3, 60568
1, 60582
2, 60586
3, 60597
2, 60605
1, 60608
2, 60632
1, 60638
3, 60632
1, 60662
2, 60672
3, 60675
2, 60690
3, 60699
1, 60711
3, 60719
3, 60739
1, 60742
2, 60750
3, 60753
2, 60776
1, 60779
3, 60787
2, 60806
1, 60816
3, 60817
1, 60834
2, 60841
3, 60860
1, 60861
2, 60869
1, 60890
3, 60891
2, 60904
1, 60918
3, 60920
2, 60940
2, 60950
1, 60958
3, 60971
2, 60980
1, 60987
3, 60994
2, 61001
1, 61018
3, 61033
2, 61038
1, 61043
3, 61068
2, 61071
1, 61074
1, 61085
2, 61105
3, 61106
1, 61123
2, 61128
3, 61145
2, 61158
1, 61157
3, 61168
2, 61188
3, 61189
2, 61213
1, 61212
2, 61226
2, 61236
3, 61219
1, 61248
3, 61264
2, 61285
3, 61288
3, 61308
1, 61288
3, 61318
2, 61298
3, 61333
3, 61356
2, 61358
1, 61365
3, 61377
1, 61394
3, 61400
2, 61404
1, 61421
3, 61435
2, 61435
1, 61456
3, 61458
2, 61472
1, 61490
3, 61501
1, 61503
2, 61511
1, 61529
1, 61543
2, 61548
3, 61558
1, 61567
2, 61578
3, 61590
1, 61598
2, 61608
3, 61609
2, 61625
1, 61644
3, 61648
2, 61659
1, 61667
1, 61681
3, 61693
1, 61699
2, 61705
1, 61725
2, 61729
3, 61743
3, 61754
2, 61769
1, 61772
3, 61782
2, 61797
3, 61808
3, 61819
1, 61817
2, 61843
1, 61845
3, 61850
3, 61872
1, 61873
3, 61889
2, 61891
3, 61904
3, 61922
1, 61927
1, 61938
2, 61951
1, 61956
1, 61969
3, 61979
3, 61989
2, 62002
1, 62005
3, 62019
2, 62028
2, 62048
1, 62049
2, 62059
3, 62075
2, 62083
1, 62088
3, 62095
3, 62107
3, 62127
3, 62137
1, 62146
2, 62152
3, 62175
1, 62174
2, 62181
1, 62202
3, 62205
2, 62216
1, 62229
3, 62230
3, 62253
1, 62258
3, 62276
3, 62286
1, 62295
1, 62309
3, 62310
2, 62316
3, 62327
1, 62338
2, 62346
3, 62369
2, 62369
1, 62381
3, 62388
2, 62402
1, 62421
2, 62434
1, 62434
2, 62449
3, 62463
1, 62466
1, 62487
2, 62474
1, 62499
3, 62476
2, 62518
2, 62538
3, 62539
1, 62543
2, 62566
2, 62577
3, 62579
1, 62588
2, 62593
3, 62614
3, 62626
2, 62630
1, 62633
2, 62656
2, 62666
1, 62673
3, 62682
2, 62692
1, 62699
2, 62718
3, 62720
1, 62737
3, 62743
2, 62749
1, 62760
2, 62779
3, 62780
2, 62798
3, 62811
2, 62816
1, 62825
3, 62838
2, 62851
1, 62854
2, 62872
1, 62879
3, 62879
1, 62903
2, 62906
3, 62915
1, 62930
3, 62932
2, 62955
3, 62961
1, 62973
3, 62981
2, 62985
1, 63003
2, 63011
3, 63029
1, 63032
2, 63033
1, 63052
1, 63072
3, 63084
1, 63084
2, 63091
3, 63111
1, 63111
2, 63126
1, 63133
3, 63151
2, 63153
2, 63164
1, 63181
2, 63183
3, 63200
1, 63210
2, 63218
1, 63235
3, 63235
1, 63256
2, 63257
3, 63273
1, 63285
2, 63291
1, 63312
1, 63323
2, 63325
3, 63335
1, 63350
2, 63351
3, 63368
3, 63379
2, 63392
2, 63403
1, 63406
3, 63418
2, 63428
3, 63437
1, 63443
3, 63464
2, 63468
1, 63477
3, 63485
2, 63502
2, 63513
3, 63526
2, 63532
1, 63533
1, 63545
3, 63570
1, 63572
2, 63572
3, 63590
2, 63606
1, 63608
3, 63627
1, 63632
2, 63643
2, 63665
3, 63649
2, 63675
1, 63655
2, 63698
2, 63708
3, 63715
1, 63719
2, 63738
1, 63741
2, 63764
3, 63766
1, 63780
2, 63782
3, 63804
2, 63806
1, 63820
3, 63830
2, 63845
3, 63851
1, 63852
1, 63863
3, 63873
3, 63891
1, 63911
3, 63912
2, 63911
3, 63928
2, 63952
1, 63953
1, 63967
3, 63967
1, 63985
2, 63988
3, 64007
2, 64015
1, 64018
3, 64039
1, 64043
2, 64052
1, 64069
3, 64076
2, 64091
1, 64096
3, 64099
1, 64126
2, 64128
3, 64138
1, 64155
2, 64159
3, 64168
2, 64177
1, 64186
2, 64198
2, 64209
3, 64225
1, 64237
2, 64238
1, 64259
3, 64264
2, 64276
1, 64278
2, 64297
3, 64307
1, 64309
2, 64327
3, 64341
2, 64346
1, 64350
3, 64367
2, 64382
1, 64385
3, 64392
2, 64408
3, 64422
1, 64425
2, 64436
3, 64446
2, 64460
1, 64461
3, 64471
1, 64498
3, 64498
1, 64510
2, 64513
3, 64526
1, 64538
1, 64558
3, 64565
3, 64575
2, 64583
3, 64591
1, 64602
3, 64617
3, 64630
2, 64636
1, 64638
1, 64663
3, 64663
2, 64673
1, 64694
3, 64695
2, 64711
1, 64717
3, 64724
2, 64734
3, 64754
1, 64758
2, 64769
3, 64781
1, 64792
3, 64797
2, 64807
2, 64832
1, 64819
2, 64842
3, 64822
2, 64864
3, 64871
3, 64890
1, 64893
2, 64893
3, 64909
3, 64925
1, 64935
2, 64941
3, 64958
1, 64968
2, 64968
3, 64990
2, 64991
1, 65003
1, 65015
3, 65026
2, 65031
2, 65043
1, 65062
2, 65066
3, 65077
1, 65081
2, 65102
1, 65107
3, 65111
3, 65134
1, 65143
2, 65145
3, 65157
3, 65169
1, 65179
2, 65195
3, 65196
2, 65221
1, 65228
2, 65232
3, 65239
1, 65255
2, 65260
3, 65275
1, 65282
2, 65292
1, 65303
3, 65316
1, 65330
2, 65332
3, 65342
3, 65352
1, 65369
1, 65380
1, 65391
2, 65408
1, 65410
3, 65414
2, 65425
1, 65443
3, 65454
3, 65464
2, 65476
3, 65479
1, 65489
2, 65499
3, 65510
1, 65518
2, 65535
3, 65539
1, 65554
3, 65567
3, 65584
2, 65585
1, 65596
3, 65605
2, 65607
3, 65620
3, 65631
1, 65647
1, 65658
1, 65669
1, 65680
1, 65691
1, 65702
1, 65713
1, 65724
1, 65735
1, 65746
1, 65757
1, 65768
1, 65779
1, 65790
1, 65801
1, 65812
1, 65823
1, 65834
1, 65845
1, 65856
1, 65867
1, 65878
1, 65889
1, 65900
1, 65911
1, 65922
1, 65933
1, 65944
1, 65955
1, 65966
1, 65977
1, 65988
1, 65999
1, 66010
1, 66021
3, 66024
3, 66034
3, 66048
3, 66058
3, 66068
2, 66077
1, 66084
3, 66095
3, 66111
2, 66120
3, 66126
1, 66146
3, 66148
2, 66163
3, 66179
3, 66189
2, 66193
2, 66207
1, 66211
2, 66227
3, 66230
2, 66245
1, 66254
3, 66264
3, 66277
2, 66286
1, 66300
3, 66300
1, 66312
2, 66324
2, 66344
1, 66344
3, 66356
2, 66371
1, 66378
1, 66390
3, 66398
2, 66413
2, 66426
3, 66429
3, 66439
1, 66449
3, 66465
2, 66464
3, 66485
2, 66488
1, 66505
2, 66511
1, 66523
3, 66534
1, 66540
2, 66549
2, 66561
3, 66571
3, 66586
1, 66593
2, 66600
2, 66611
2, 66634
3, 66632
3, 66646
1, 66646
3, 66671
2, 66671
3, 66690
1, 66697
2, 66700
3, 66713
3, 66730
1, 66735
3, 66754
2, 66755
2, 66765
1, 66777
2, 66781
3, 66796
2, 66804
3, 66820
3, 66833
1, 66834
2, 66848
1, 66855
3, 66876
2, 66876
1, 66895
3, 66895
1, 66915
3, 66928
2, 66934
3, 66943
3, 66954
1, 66955
2, 66975
3, 66979
2, 66994
2, 67004
1, 67017
2, 67027
3, 67032
1, 67042
3, 67056
1, 67065
2, 67077
3, 67080
3, 67104
2, 67107
1, 67119
3, 67121
2, 67142
2, 67154
1, 67143
3, 67168
2, 67171
2, 67200
2, 67210
2, 67220
2, 67230
2, 67240
2, 67250
2, 67260
2, 67270
2, 67280
2, 67290
1, 67180
3, 67190
1, 67311
2, 67300
2, 67325
3, 67337
2, 67353
2, 67363
2, 67373
1, 67380
3, 67384
3, 67407
1, 67412
2, 67415
3, 67432
3, 67451
2, 67452
3, 67465
1, 67468
2, 67474
2, 67502
1, 67505
3, 67504
3, 67531
2, 67538
3, 67544
1, 67556
2, 67568
3, 67572
1, 67594
2, 67595
3, 67605
1, 67611
3, 67628
2, 67641
3, 67645
2, 67665
3, 67667
3, 67678
1, 67684
2, 67700
1, 67709
3, 67715
2, 67731
3, 67738
1, 67751
3, 67766
2, 67772
1, 67773
2, 67793
3, 67800
3, 67813
1, 67821
2, 67832
2, 67843
3, 67858
1, 67864
2, 67866
3, 67882
1, 67891
2, 67906
3, 67909
1, 67934
2, 67934
3, 67942
3, 67961
3, 67971
1, 67974
3, 67990
2, 67995
1, 68012
3, 68014
1, 68032
2, 68043
1, 68049
3, 68050
3, 68070
2, 68070
2, 68099
2, 68110
1, 68109
3, 68122
3, 68132
2, 68135
3, 68145
2, 68162
3, 68163
3, 68175
2, 68189
2, 68203
3, 68208
1, 68223
2, 68227
3, 68239
3, 68249
3, 68261
1, 68272
2, 68284
3, 68291
2, 68309
3, 68311
1, 68316
3, 68330
3, 68340
3, 68365
1, 68350
3, 68375
2, 68355
3, 68393
2, 68406
1, 68421
2, 68427
1, 68438
3, 68438
2, 68467
1, 68468
3, 68467
2, 68488
2, 68498
2, 68511
1, 68519
3, 68530
2, 68544
1, 68545
3, 68557
3, 68569
2, 68586
3, 68591
1, 68593
2, 68617
3, 68619
1, 68629
1, 68644
2, 68655
1, 68662
3, 68668
2, 68681
1, 68688
3, 68706
2, 68711
1, 68718
3, 68732
2, 68753
3, 68756
1, 68770
1, 68781
1, 68792
2, 68795
1, 68807
2, 68827
3, 68828
1, 68832
3, 68844
3, 68866
2, 68866
1, 68882
3, 68894
3, 68904
2, 68894
2, 68918
1, 68932
1, 68944
3, 68951
2, 68958
1, 68977
2, 68986
2, 68997
3, 69002
3, 69012
1, 69020
2, 69044
1, 69046
3, 69054
2, 69064
1, 69077
3, 69094
2, 69093
1, 69115
3, 69118
2, 69124
3, 69134
2, 69149
3, 69162
3, 69173
3, 69187
1, 69197
2, 69197
3, 69207
1, 69224
2, 69232
1, 69241
3, 69244
1, 69259
2, 69266
2, 69282
3, 69287
2, 69300
3, 69309
1, 69323
2, 69336
1, 69342
3, 69356
1, 69365
2, 69377
1, 69384
3, 69397
1, 69403
2, 69416
3, 69422
3, 69448
2, 69446
1, 69455
3, 69460
3, 69480
2, 69480
3, 69507
2, 69507
1, 69524
2, 69529
2, 69551
3, 69530
2, 69561
1, 69541
3, 69576
2, 69591
3, 69601
1, 69603
3, 69621
1, 69632
2, 69651
1, 69654
3, 69664
2, 69678
1, 69680
3, 69692
2, 69706
2, 69719
1, 69723
2, 69735
3, 69749
1, 69754
2, 69758
2, 69779
3, 69793
1, 69795
2, 69813
1, 69817
3, 69820
2, 69831
2, 69845
1, 69863
1, 69874
2, 69876
2, 69886
3, 69904
2, 69904
2, 69928
1, 69930
3, 69933
3, 69943
2, 69968
3, 69972
1, 69974
1, 69997
3, 70003
1, 70017
2, 70020
3, 70038
2, 70038
3, 70055
1, 70065
2, 70079
3, 70080
2, 70097
1, 70110
3, 70121
3, 70131
2, 70133
2, 70143
2, 70156
1, 70160
2, 70183
1, 70184
3, 70202
2, 70207
3, 70224
3, 70235
1, 70234
3, 70252
2, 70264
1, 70263
3, 70283
2, 70275
1, 70307
3, 70310
2, 70319
3, 70326
1, 70346
3, 70358
2, 70364
1, 70366
3, 70377
3, 70394
2, 70410
1, 70410
1, 70433
3, 70434
1, 70452
2, 70455
2, 70475
1, 70476
3, 70482
3, 70505
1, 70510
2, 70511
3, 70539
1, 70539
2, 70553
3, 70555
2, 70574
1, 70582
3, 70586
2, 70599
1, 70612
3, 70615
2, 70634
1, 70647
2, 70651
3, 70658
2, 70671
1, 70689
1, 70705
2, 70691
3, 70694
1, 70727
3, 70734
2, 70745
3, 70758
1, 70762
1, 70775
3, 70795
2, 70798
1, 70805
3, 70821
2, 70834
2, 70844
2, 70855
1, 70855
2, 70870
3, 70879
1, 70887
2, 70894
1, 70912
3, 70921
3, 70938
2, 70940
1, 70944
3, 70963
2, 70979
1, 70978
2, 71001
3, 71005
1, 71014
2, 71023
3, 71041
2, 71042
3, 71062
1, 71060
3, 71076
2, 71070
3, 71099
2, 71104
1, 71110
1, 71133
3, 71139
2, 71139
2, 71153
2, 71178
3, 71180
1, 71176
3, 71201
2, 71213
3, 71221
1, 71231
2, 71240
3, 71241
2, 71257
3, 71276
3, 71289
1, 71288
2, 71298
2, 71317
3, 71322
2, 71335
1, 71340
3, 71345
2, 71362
2, 71373
3, 71381
2, 71397
3, 71404
3, 71415
1, 71416
2, 71434
3, 71438
1, 71452
2, 71456
3, 71477
1, 71481
2, 71485
2, 71504
3, 71520
1, 71522
2, 71526
3, 71540
3, 71558
1, 71563
2, 71580
3, 71585
1, 71590
2, 71603
1, 71624
3, 71628
2, 71634
1, 71644
2, 71661
3, 71672
2, 71681
1, 71688
1, 71702
2, 71719
2, 71729
3, 71729
2, 71744
3, 71755
1, 71763
1, 71777
2, 71783
3, 71793
2, 71813
1, 71813
2, 71826
3, 71833
2, 71844
3, 71853
3, 71876
2, 71863
3, 71886
1, 71866
2, 71914
3, 71914
1, 71920
3, 71940
2, 71946
3, 71959
1, 71965
2, 71970
3, 71990
1, 71997
2, 72007
3, 72020
1, 72026
1, 72038
2, 72059
1, 72061
1, 72072
3, 72079
3, 72100
1, 72102
2, 72104
2, 72127
1, 72134
3, 72152
3, 72162
3, 72172
2, 72181
3, 72183
1, 72194
2, 72200
2, 72222
3, 72222
1, 72245
2, 72255
1, 72257
3, 72262
1, 72277
2, 72288
3, 72297
3, 72311
1, 72312
2, 72328
1, 72342
3, 72360
2, 72361
1, 72371
1, 72385
3, 72392
2, 72402
3, 72417
2, 72425
1, 72433
2, 72441
3, 72458
2, 72461
1, 72470
2, 72483
1, 72495
1, 72506
1, 72517
3, 72525
1, 72545
3, 72548
2, 72553
3, 72569
1, 72579
3, 72594
2, 72594
1, 72612
3, 72616
2, 72629
3, 72642
1, 72645
2, 72660
3, 72681
1, 72681
2, 72687
3, 72705
2, 72713
1, 72722
3, 72735
3, 72747
2, 72752
2, 72774
3, 72774
1, 72779
2, 72786
1, 72807
3, 72817
2, 72825
3, 72831
3, 72841
3, 72860
1, 72861
2, 72876
3, 72884
1, 72892
2, 72906
1, 72918
1, 72929
2, 72946
3, 72947
2, 72962
1, 72972
1, 72984
3, 72996
2, 73006
1, 73009
3, 73021
1, 73027
1, 73055
3, 73036
2, 73044
1, 73078
2, 73088
3, 73088
1, 73100
2, 73118
3, 73129
1, 73130
2, 73148
1, 73157
3, 73163
2, 73186
1, 73188
3, 73191
3, 73215
2, 73222
1, 73228
3, 73237
2, 73255
3, 73259
1, 73273
3, 73284
1, 73291
2, 73294
2, 73315
3, 73329
2, 73334
1, 73329
2, 73345
1, 73368
2, 73373
3, 73378
3, 73391
2, 73399
1, 73415
3, 73419
1, 73438
3, 73444
2, 73448
2, 73469
3, 73479
1, 73488
3, 73490
1, 73510
2, 73518
3, 73523
1, 73547
1, 73559
2, 73560
3, 73568
1, 73574
1, 73593
2, 73600
3, 73612
1, 73614
2, 73642
1, 73645
3, 73645
1, 73669
3, 73670
2, 73687
3, 73691
1, 73707
1, 73718
3, 73724
2, 73737
1, 73747
1, 73759
3, 73760
3, 73786
1, 73791
2, 73800
3, 73802
2, 73823
3, 73828
1, 73834
1, 73846
2, 73867
3, 73867
2, 73889
1, 73890
3, 73900
1, 73907
3, 73931
2, 73932
1, 73943
3, 73954
2, 73959
2, 73983
1, 73990
2, 73997
3, 74008
1, 74014
1, 74036
2, 74037
3, 74045
3, 74057
3, 74077
1, 74077
1, 74089
2, 74092
2, 74120
3, 74120
2, 74136
1, 74137
3, 74148
2, 74158
1, 74176
2, 74177
3, 74188
1, 74212
3, 74212
3, 74235
1, 74223
3, 74245
2, 74225
3, 74255
1, 74280
2, 74285
3, 74291
2, 74300
1, 74312
2, 74331
1, 74334
3, 74347
2, 74351
3, 74375
2, 74377
1, 74387
3, 74396
2, 74402
1, 74419
3, 74432
2, 74434
3, 74452
2, 74457
1, 74475
3, 74482
2, 74490
3, 74504
1, 74504
2, 74522
3, 74530
3, 74543
1, 74549
1, 74561
3, 74573
1, 74585
2, 74596
1, 74605
3, 74606
1, 74630
3, 74635
2, 74638
3, 74663
2, 74666
1, 74669
1, 74681
2, 74704
3, 74704
1, 74710
2, 74731
3, 74733
1, 74751
1, 74763
2, 74774
3, 74776
1, 74790
2, 74805
1, 74810
3, 74823
1, 74835
2, 74835
2, 74857
2, 74874
1, 74875
3, 74879
1, 74896
3, 74905
2, 74918
3, 74922
1, 74930
2, 74954
1, 74959
3, 74959
1, 74984
3, 74990
3, 75005
1, 75017
3, 75022
2, 75025
3, 75034
3, 75045
1, 75060
2, 75075
1, 75080
3, 75090
1, 75105
3, 75115
2, 75115
2, 75142
3, 75143
1, 75151
2, 75165
3, 75169
2, 75186
3, 75193
1, 75200
3, 75221
3, 75232
2, 75236
3, 75248
1, 75257
2, 75269
1, 75275
2, 75287
3, 75290
2, 75303
3, 75322
1, 75328
2, 75331
3, 75355
2, 75363
1, 75367
3, 75385
1, 75391
2, 75388
2, 75420
1, 75421
3, 75429
2, 75439
3, 75450
3, 75461
1, 75475
2, 75478
3, 75490
3, 75503
1, 75508
1, 75530
3, 75535
2, 75543
1, 75548
3, 75564
1, 75576
3, 75587
2, 75587
3, 75605
2, 75618
3, 75630
1, 75633
2, 75646
1, 75653
3, 75670
1, 75679
2, 75686
1, 75701
3, 75712
1, 75725
2, 75728
3, 75737
3, 75761
2, 75763
1, 75773
1, 75784
3, 75792
2, 75807
1, 75816
3, 75819
2, 75834
1, 75839
3, 75856
2, 75872
2, 75883
1, 75884
3, 75890
3, 75913
3, 75924
2, 75923
1, 75939
3, 75942
2, 75966
1, 75974
2, 75977
3, 75992
1, 76001
2, 76010
1, 76019
3, 76030
2, 76033
2, 76059
3, 76060
1, 76071
2, 76073
3, 76100
2, 76100
2, 76117
1, 76126
1, 76138
3, 76138
3, 76160
1, 76167
2, 76167
3, 76191
2, 76195
1, 76207
3, 76215
3, 76225
2, 76228
2, 76238
2, 76261
1, 76265
3, 76267
3, 76290
2, 76304
3, 76307
1, 76312
2, 76332
1, 76336
1, 76347
3, 76360
1, 76374
2, 76377
1, 76398
2, 76402
3, 76407
1, 76415
2, 76432
1, 76440
3, 76454
1, 76469
3, 76479
2, 76484
1, 76486
3, 76509
1, 76517
2, 76509
3, 76542
2, 76548
1, 76557
1, 76579
2, 76566
3, 76568
1, 76599
3, 76615
3, 76626
2, 76628
1, 76641
2, 76652
3, 76653
2, 76672
3, 76684
1, 76686
2, 76701
1, 76709
3, 76732
1, 76733
2, 76737
1, 76751
2, 76768
3, 76773
1, 76778
2, 76800
3, 76803
1, 76813
3, 76830
2, 76831
1, 76855
3, 76855
2, 76870
1, 76882
3, 76883
3, 76908
2, 76908
1, 76919
3, 76926
2, 76938
3, 76960
1, 76961
2, 76960
1, 76979
3, 76993
2, 76996
2, 77016
3, 77020
1, 77030
2, 77047
3, 77048
1, 77064
2, 77077
3, 77084
1, 77087
1, 77100
1, 77111
1, 77122
1, 77133
1, 77144
1, 77155
1, 77166
1, 77177
1, 77188
1, 77199
1, 77210
1, 77221
1, 77232
1, 77243
1, 77254
1, 77265
1, 77276
1, 77287
1, 77298
1, 77309
1, 77320
1, 77331
1, 77342
1, 77353
1, 77364
1, 77375
1, 77386
1, 77397
1, 77408
1, 77419
1, 77430
1, 77441
1, 77452
1, 77463
1, 77474
1, 77485
1, 77496
1, 77507
1, 77518
1, 77529
1, 77540
1, 77551
1, 77562
1, 77573
1, 77584
1, 77595
1, 77606
1, 77617
1, 77628
1, 77639
1, 77650
1, 77661
1, 77672
1, 77683
1, 77694
1, 77705
1, 77716
1, 77727
1, 77738
1, 77749
1, 77760
1, 77771
2, 77777
1, 77798
3, 77807
2, 77809
1, 77820
3, 77846
1, 77846
2, 77863
3, 77867
1, 77880
2, 77897
1, 77900
3, 77908
2, 77917
3, 77930
3, 77940
1, 77949
2, 77963
3, 77970
2, 77980
3, 77996
1, 78000
2, 78006
2, 78026
3, 78034
3, 78044
1, 78057
2, 78059
3, 78077
2, 78090
1, 78099
2, 78100
3, 78113
1, 78123
3, 78143
2, 78144
1, 78158
3, 78165
1, 78179
2, 78187
3, 78196
1, 78208
2, 78219
3, 78224
1, 78242
3, 78249
2, 78257
3, 78269
1, 78286
1, 78298
2, 78301
3, 78313
3, 78323
2, 78334
1, 78340
3, 78347
1, 78364
2, 78378
3, 78390
1, 78392
1, 78403
2, 78407
2, 78418
3, 78437
2, 78446
1, 78461
3, 78465
2, 78473
3, 78493
1, 78496
2, 78510
3, 78522
1, 78530
3, 78532
1, 78560
2, 78560
3, 78565
3, 78575
2, 78596
3, 78598
1, 78615
2, 78618
3, 78631
2, 78648
1, 78648
3, 78655
3, 78667
1, 78686
2, 78691
3, 78700
2, 78720
3, 78728
1, 78731
2, 78736
3, 78762
1, 78767
2, 78777
3, 78782
2, 78797
1, 78807
3, 78817
2, 78826
1, 78841
3, 78849
2, 78857
3, 78878
1, 78879
2, 78878
1, 78907
2, 78912
3, 78913
1, 78936
2, 78939
3, 78945
1, 78962
2, 78953
3, 78982
1, 78990
2, 78995
1, 79019
3, 79021
2, 79030
3, 79045
1, 79048
2, 79069
3, 79077
2, 79088
1, 79089
2, 79106
3, 79108
1, 79134
2, 79135
3, 79147
3, 79157
1, 79169
2, 79179
3, 79180
2, 79201
1, 79205
3, 79226
1, 79229
2, 79230
1, 79250
3, 79262
3, 79274
2, 79282
1, 79289
3, 79294
2, 79315
3, 79316
2, 79333
3, 79342
1, 79356
2, 79363
3, 79376
1, 79384
2, 79386
3, 79402
3, 79417
1, 79426
2, 79428
3, 79445
2, 79454
1, 79463
3, 79473
2, 79481
2, 79491
1, 79508
3, 79510
2, 79531
1, 79535
3, 79539
2, 79561
3, 79575
2, 79580
1, 79589
1, 79601
3, 79610
2, 79621
3, 79632
1, 79641
2, 79654
3, 79655
2, 79673
1, 79673
1, 79696
3, 79700
2, 79714
3, 79721
1, 79735
1, 79747
2, 79756
3, 79760
2, 79775
3, 79787
1, 79794
2, 79802
3, 79820
1, 79827
2, 79841
1, 79846
3, 79849
2, 79863
2, 79873
2, 79890
1, 79899
3, 79911
3, 79921
2, 79929
3, 79949
2, 79949
1, 79953
1, 79965
3, 79980
2, 79992
3, 79996
1, 80016
2, 80021
3, 80028
2, 80046
3, 80050
1, 80060
2, 80067
3, 80077
2, 80093
1, 80098
3, 80106
1, 80123
1, 80146
2, 80129
3, 80135
3, 80164
2, 80175
1, 80181
3, 80191
2, 80202
3, 80219
1, 80232
2, 80243
1, 80244
3, 80252
3, 80266
2, 80282
1, 80289
3, 80297
2, 80305
1, 80327
2, 80330
3, 80336
2, 80349
3, 80360
1, 80377
3, 80390
2, 80392
1, 80401
2, 80407
3, 80423
2, 80425
1, 80440
3, 80457
2, 80467
2, 80478
1, 80480
3, 80493
3, 80505
2, 80509
3, 80528
1, 80536
1, 80551
2, 80558
3, 80559
2, 80575
3, 80592
1, 80592
2, 80609
3, 80618
1, 80622
2, 80645
1, 80647
1, 80658
1, 80669
3, 80672
3, 80683
2, 80705
3, 80716
1, 80715
2, 80730
3, 80745
1, 80756
2, 80764
3, 80776
1, 80784
3, 80794
1, 80801
2, 80816
2, 80836
3, 80836
1, 80844
3, 80858
2, 80858
1, 80882
3, 80882
2, 80898
1, 80901
3, 80923
2, 80928
1, 80936
3, 80954
3, 80966
2, 80973
1, 80978
3, 80991
2, 80992
1, 81002
2, 81030
3, 81030
1, 81044
2, 81051
3, 81053
2, 81072
1, 81081
2, 81093
3, 81094
3, 81109
2, 81129
3, 81134
3, 81147
1, 81148
1, 81162
1, 81184
3, 81184
1, 81199
2, 81206
3, 81211
2, 81235
1, 81237
1, 81249
3, 81265
2, 81274
3, 81281
1, 81267
1, 81312
3, 81298
2, 81301
3, 81333
2, 81338
3, 81359
2, 81361
2, 81372
1, 81384
3, 81395
3, 81407
2, 81408
1, 81426
3, 81436
1, 81447
2, 81447
3, 81462
2, 81479
1, 81482
3, 81489
3, 81504
2, 81516
1, 81523
2, 81537
3, 81542
3, 81563
2, 81566
1, 81575
3, 81586
2, 81591
1, 81614
1, 81626
2, 81629
3, 81635
2, 81645
3, 81668
1, 81671
3, 81679
2, 81686
3, 81700
2, 81714
1, 81724
1, 81738
3, 81738
2, 81757
3, 81762
1, 81772
3, 81788
1, 81795
2, 81795
1, 81819
2, 81830
3, 81832
2, 81843
3, 81861
1, 81869
2, 81881
1, 81883
3, 81894
3, 81904
3, 81917
2, 81924
3, 81939
1, 81946
2, 81949
1, 81970
3, 81981
2, 81982
1, 81992
2, 82014
3, 82015
1, 82038
2, 82040
3, 82047
2, 82059
2, 82080
1, 82081
2, 82092
2, 82102
3, 82112
1, 82117
2, 82127
2, 82149
3, 82152
2, 82164
1, 82175
3, 82192
2, 82192
1, 82196
2, 82207
3, 82227
1, 82237
2, 82239
3, 82259
1, 82272
2, 82275
3, 82284
3, 82298
1, 82315
3, 82326
1, 82328
2, 82334
3, 82341
2, 82363
3, 82368
2, 82380
1, 82381
3, 82400
3, 82411
1, 82425
2, 82426
3, 82443
1, 82444
2, 82468
2, 82484
3, 82468
2, 82494
1, 82474
1, 82510
2, 82527
3, 82532
1, 82543
3, 82561
3, 82573
2, 82574
3, 82586
1, 82597
2, 82611
1, 82617
3, 82619
2, 82644
3, 82647
1, 82657
2, 82668
3, 82670
3, 82693
1, 82699
2, 82700
1, 82724
3, 82736
2, 82741
1, 82748
3, 82752
3, 82778
3, 82792
2, 82791
1, 82799
1, 82813
3, 82819
2, 82835
3, 82839
2, 82858
1, 82857
3, 82869
3, 82889
2, 82891
1, 82906
1, 82921
3, 82921
1, 82945
2, 82946
3, 82960
1, 82964
2, 82976
3, 82979
2, 83001
1, 83006
1, 83021
3, 83028
3, 83041
2, 83045
1, 83054
3, 83063
1, 83085
3, 83096
3, 83107
2, 83105
3, 83131
1, 83134
2, 83142
1, 83146
3, 83172
1, 83174
2, 83183
3, 83199
2, 83206
1, 83212
1, 83227
3, 83235
2, 83239
2, 83264
2, 83274
3, 83282
2, 83287
1, 83296
3, 83303
3, 83320
2, 83329
1, 83334
3, 83340
1, 83357
3, 83375
2, 83378
1, 83389
3, 83398
1, 83422
3, 83424
2, 83422
1, 83438
2, 83454
3, 83464
3, 83478
1, 83488
2, 83499
1, 83501
1, 83514
3, 83528
2, 83534
1, 83546
2, 83562
1, 83569
3, 83572
1, 83583
3, 83610
2, 83610
2, 83621
1, 83619
1, 83647
1, 83663
1, 83674
2, 83652
1, 83685
3, 83651
2, 83709
3, 83713
1, 83732
3, 83733
2, 83744
1, 83748
3, 83763
2, 83770
2, 83796
3, 83796
1, 83798
3, 83809
3, 83835
2, 83842
3, 83846
1, 83856
2, 83862
1, 83879
3, 83894
2, 83901
1, 83901
3, 83914
2, 83922
2, 83936
2, 83946
3, 83966
1, 83966
2, 83984
3, 83986
2, 84005
1, 84006
3, 84026
1, 84036
3, 84047
3, 84058
2, 84058
3, 84070
2, 84092
3, 84096
1, 84096
3, 84120
1, 84126
1, 84138
2, 84137
3, 84167
2, 84167
1, 84169
1, 84181
1, 84206
3, 84209
2, 84218
1, 84222
3, 84243
1, 84249
2, 84257
2, 84270
3, 84287
2, 84297
3, 84302
2, 84314
1, 84310
3, 84338
2, 84338
3, 84354
1, 84355
2, 84366
2, 84377
3, 84402
2, 84403
1, 84409
3, 84428
2, 84434
3, 84452
1, 84452
3, 84468
2, 84467
1, 84488
2, 84492
3, 84508
1, 84522
2, 84524
3, 84534
3, 84547
2, 84560
2, 84571
3, 84581
1, 84586
3, 84607
1, 84611
2, 84607
3, 84632
1, 84644
3, 84649
2, 84657
3, 84667
2, 84686
1, 84690
3, 84701
2, 84717
1, 84717
3, 84735
1, 84743
2, 84751
1, 84766
1, 84778
3, 84789
2, 84791
2, 84816
1, 84815
1, 84838
2, 84826
1, 84849
3, 84827
3, 84873
1, 84881
2, 84883
3, 84907
1, 84907
2, 84919
1, 84930
3, 84933
1, 84952
2, 84962
3, 84976
1, 84982
2, 84989
2, 85001
3, 85017
2, 85023
1, 85035
2, 85043
3, 85054
1, 85057
2, 85072
3, 85084
1, 85090
2, 85107
3, 85111
2, 85127
1, 85134
2, 85152
1, 85157
3, 85176
2, 85181
1, 85188
1, 85199
3, 85205
2, 85225
3, 85232
1, 85231
3, 85251
2, 85262
1, 85268
3, 85273
2, 85300
3, 85304
1, 85303
3, 85330
2, 85328
1, 85338
3, 85356
1, 85361
1, 85385
3, 85386
2, 85394
1, 85400
3, 85420
2, 85434
3, 85437
1, 85442
2, 85458
1, 85467
2, 85485
1, 85491
3, 85491
3, 85515
1, 85516
2, 85532
3, 85536
3, 85559
1, 85566
2, 85566
3, 85585
1, 85587
2, 85603
3, 85611
1, 85630
3, 85633
2, 85640
3, 85656
2, 85668
1, 85669
1, 85687
3, 85694
2, 85702
2, 85724
3, 85729
1, 85727
3, 85749
2, 85763
3, 85766
1, 85784
2, 85792
2, 85802
3, 85806
3, 85816
1, 85820
2, 85834
2, 85853
3, 85861
1, 85877
3, 85880
2, 85885
1, 85893
2, 85916
1, 85921
3, 85923
3, 85946
2, 85950
1, 85956
3, 85974
2, 85979
2, 86005
3, 85995
2, 86015
1, 85995
3, 86029
3, 86042
1, 86060
3, 86065
2, 86082
3, 86087
1, 86099
2, 86102
3, 86110
3, 86123
3, 86146
1, 86145
2, 86155
3, 86174
2, 86176
1, 86188
3, 86204
1, 86211
2, 86211
3, 86229
3, 86250
1, 86249
2, 86257
1, 86275
3, 86277
2, 86300
1, 86302
3, 86308
2, 86323
3, 86339
1, 86341
2, 86355
2, 86365
3, 86369
3, 86392
2, 86393
2, 86406
1, 86413
3, 86425
3, 86436
1, 86452
2, 86453
3, 86464
2, 86473
1, 86491
3, 86501
3, 86516
1, 86519
2, 86519
3, 86543
2, 86546
1, 86561
2, 86570
3, 86576
1, 86593
2, 86597
3, 86607
3, 86618
1, 86626
2, 86644
3, 86644
2, 86660
1, 86673
2, 86680
3, 86690
2, 86711
3, 86713
1, 86713
3, 86730
2, 86744
3, 86751
1, 86764
3, 86775
2, 86783
3, 86797
1, 86798
3, 86820
2, 86820
2, 86831
1, 86843
3, 86856
2, 86864
3, 86869
3, 86880
1, 86897
1, 86912
3, 86912
2, 86930
3, 86932
2, 86957
3, 86959
1, 86959
3, 86984
3, 86995
2, 86996
2, 87011
1, 87014
1, 87025
2, 87035
3, 87048
2, 87060
1, 87066
3, 87087
2, 87093
1, 87094
3, 87108
3, 87118
2, 87138
3, 87145
1, 87144
1, 87175
3, 87156
2, 87164
2, 87200
2, 87210
3, 87218
3, 87228
1, 87236
3, 87243
2, 87257
1, 87263
3, 87275
3, 87287
2, 87297
1, 87302
2, 87327
1, 87329
3, 87334
2, 87340
2, 87364
2, 87375
3, 87376
1, 87390
3, 87400
2, 87400
3, 87424
1, 87433
2, 87435
1, 87455
3, 87462
2, 87479
3, 87482
1, 87484
3, 87504
1, 87516
1, 87528
3, 87534
2, 87537
1, 87550
3, 87557
3, 87572
2, 87591
3, 87598
1, 87600
2, 87607
2, 87631
3, 87635
1, 87649
3, 87665
2, 87673
3, 87677
1, 87686
2, 87693
2, 87707
1, 87723
3, 87734
1, 87737
2, 87752
3, 87767
1, 87767
3, 87790
2, 87794
3, 87804
1, 87802
2, 87830
3, 87834
1, 87834
3, 87858
1, 87864
2, 87866
1, 87886
3, 87893
2, 87906
1, 87909
3, 87927
1, 87939
2, 87927
2, 87961
3, 87972
1, 87971
2, 87994
2, 88005
3, 88014
1, 88013
3, 88031
2, 88033
3, 88057
1, 88058
2, 88070
3, 88081
2, 88096
1, 88102
2, 88109
3, 88118
2, 88135
3, 88147
2, 88154
1, 88162
2, 88179
1, 88185
3, 88185
1, 88205
2, 88214
3, 88230
3, 88240
2, 88254
1, 88252
2, 88265
3, 88276
1, 88283
2, 88297
1, 88306
3, 88319
2, 88329
2, 88349
3, 88338
2, 88359
1, 88339
3, 88377
2, 88385
3, 88404
1, 88403
2, 88416
3, 88435
1, 88438
2, 88441
3, 88455
3, 88473
1, 88482
2, 88486
3, 88507
1, 88510
2, 88513
3, 88539
2, 88540
1, 88550
1, 88561
1, 88572
3, 88591
3, 88602
2, 88604
1, 88611
2, 88619
3, 88641
2, 88644
1, 88655
3, 88667
2, 88671
2, 88691
3, 88698
2, 88709
1, 88722
1, 88734
3, 88737
2, 88743
1, 88767
3, 88771
2, 88768
1, 88792
1, 88803
1, 88814
1, 88825
3, 88839
3, 88849
3, 88859
3, 88869
3, 88879
3, 88889
3, 88899
3, 88909
3, 88919
3, 88929
3, 88939
3, 88949
3, 88959
3, 88969
3, 88979
3, 88989
1, 88991
3, 89008
1, 89016
3, 89024
2, 89033
3, 89040
1, 89054
3, 89070
1, 89080
2, 89084
1, 89099
3, 89112
1, 89118
2, 89134
1, 89140
3, 89147
2, 89164
3, 89174
1, 89181
2, 89185
1, 89205
2, 89220
3, 89224
1, 89225
1, 89247
2, 89257
3, 89263
3, 89273
2, 89282
2, 89293
1, 89300
3, 89322
2, 89325
1, 89339
3, 89351
2, 89362
1, 89363
1, 89377
3, 89390
2, 89395
1, 89414
3, 89420
2, 89426
1, 89442
3, 89445
1, 89471
3, 89472
2, 89486
3, 89492
1, 89502
1, 89525
2, 89508
1, 89536
3, 89514
3, 89566
1, 89566
2, 89572
1, 89587
3, 89606
2, 89606
1, 89613
2, 89631
3, 89634
2, 89654
3, 89656
1, 89672
1, 89683
2, 89686
1, 89708
3, 89712
2, 89724
1, 89731
3, 89739
3, 89751
1, 89770
2, 89770
3, 89782
1, 89791
2, 89803
3, 89818
2, 89821
1, 89829
3, 89846
1, 89854
2, 89857
3, 89885
2, 89893
3, 89897
1, 89904
3, 89917
2, 89932
2, 89945
1, 89950
1, 89962
3, 89967
1, 89986
3, 89991
2, 89991
3, 90013
1, 90023
1, 90034
3, 90045
2, 90048
1, 90062
2, 90079
3, 90081
2, 90096
1, 90098
3, 90111
2, 90122
2, 90132
1, 90138
1, 90159
3, 90162
2, 90178
1, 90188
3, 90195
2, 90207
3, 90212
1, 90225
1, 90237
3, 90243
1, 90253
1, 90276
3, 90276
2, 90299
1, 90301
1, 90314
3, 90319
3, 90331
2, 90344
2, 90355
1, 90365
3, 90375
1, 90384
2, 90386
1, 90413
3, 90414
2, 90424
2, 90434
3, 90443
1, 90457
2, 90472
2, 90482
3, 90494
1, 90496
3, 90507
2, 90512
3, 90534
2, 90536
1, 90549
3, 90563
2, 90564
3, 90589
1, 90592
2, 90590
2, 90614
3, 90617
2, 90630
3, 90640
1, 90647
2, 90665
3, 90666
2, 90680
2, 90703
3, 90686
2, 90713
1, 90693
2, 90732
3, 90741
1, 90748
2, 90771
3, 90771
2, 90787
1, 90788
3, 90807
1, 90809
1, 90830
3, 90838
2, 90839
3, 90857
2, 90868
1, 90874
3, 90896
1, 90897
2, 90903
3, 90927
2, 90936
1, 90938
1, 90950
3, 90959
2, 90963
3, 90984
2, 90993
1, 91002
3, 91005
2, 91024
1, 91031
2, 91044
3, 91045
3, 91070
1, 91074
2, 91075
3, 91091
3, 91101
3, 91111
1, 91121
3, 91141
2, 91143
1, 91154
2, 91172
2, 91183
3, 91180
2, 91204
1, 91207
3, 91206
1, 91228
2, 91241
3, 91242
2, 91257
1, 91267
3, 91277
2, 91282
1, 91304
3, 91310
1, 91320
2, 91321
1, 91337
2, 91351
3, 91367
1, 91368
2, 91380
3, 91390
1, 91397
2, 91418
3, 91425
2, 91429
1, 91444
2, 91456
2, 91475
3, 91473
2, 91490
3, 91501
1, 91504
2, 91507
2, 91533
3, 91535
1, 91546
2, 91560
2, 91571
3, 91577
1, 91580
1, 91604
2, 91610
3, 91618
2, 91627
3, 91640
2, 91655
1, 91657
1, 91669
3, 91681
2, 91685
1, 91705
3, 91706
2, 91726
1, 91729
2, 91748
3, 91747
1, 91761
3, 91773
2, 91783
3, 91792
1, 91805
2, 91820
1, 91826
3, 91826
1, 91842
1, 91868
3, 91850
2, 91857
1, 91879
2, 91899
3, 91899
3, 91914
1, 91935
2, 91936
3, 91948
2, 91959
2, 91980
1, 91981
3, 91990
1, 91999
2, 92006
3, 92029
2, 92031
1, 92043
3, 92048
3, 92060
2, 92071
3, 92089
2, 92089
3, 92109
2, 92113
1, 92119
1, 92131
2, 92146
3, 92157
2, 92164
1, 92171
2, 92187
1, 92196
3, 92201
3, 92213
2, 92226
2, 92237
1, 92252
3, 92252
3, 92275
2, 92275
1, 92286
1, 92298
3, 92302
1, 92321
2, 92329
1, 92340
3, 92353
1, 92358
1, 92369
2, 92387
1, 92393
3, 92395
1, 92418
3, 92427
2, 92428
3, 92453
1, 92456
1, 92467
3, 92477
2, 92479
2, 92505
3, 92506
2, 92517
1, 92534
2, 92539
3, 92545
3, 92555
1, 92569
2, 92581
2, 92592
3, 92598
1, 92609
2, 92625
1, 92630
3, 92633
2, 92650
2, 92671
3, 92673
1, 92682
1, 92693
1, 92704
2, 92706
2, 92722
3, 92729
2, 92746
3, 92752
1, 92759
3, 92779
2, 92783
1, 92797
3, 92802
3, 92819
2, 92825
3, 92831
1, 92850
3, 92856
2, 92859
2, 92870
3, 92891
1, 92893
1, 92904
1, 92915
3, 92925
3, 92941
2, 92946
2, 92956
2, 92968
3, 92987
1, 92994
3, 92999
2, 93008
3, 93023
3, 93043
2, 93028
3, 93053
1, 93033
3, 93071
3, 93092
1, 93093
2, 93100
3, 93104
1, 93129
2, 93135
1, 93146
3, 93150
2, 93164
3, 93169
3, 93193
1, 93199
2, 93199
3, 93210
2, 93234
3, 93237
2, 93252
1, 93253
1, 93265
2, 93282
3, 93288
2, 93300
1, 93303
3, 93321
3, 93335
2, 93344
3, 93349
1, 93360
2, 93373
1, 93379
3, 93385
2, 93396
2, 93407
1, 93422
3, 93430
3, 93446
2, 93449
3, 93464
1, 93465
3, 93488
1, 93497
3, 93501
2, 93513
1, 93518
3, 93528
3, 93548
2, 93554
1, 93557
1, 93568
1, 93579
2, 93589
3, 93599
3, 93622
1, 93627
2, 93634
2, 93648
2, 93666
3, 93670
1, 93671
2, 93693
3, 93695
2, 93713
1, 93713
1, 93728
3, 93751
1, 93754
2, 93754
1, 93773
3, 93787
2, 93789
2, 93801
3, 93816
2, 93824
1, 93826
3, 93851
1, 93862
2, 93865
3, 93867
2, 93892
2, 93905
1, 93907
1, 93918
2, 93927
3, 93929
3, 93940
3, 93961
1, 93976
2, 93977
3, 93987
1, 94004
2, 94009
3, 94020
1, 94022
1, 94033
2, 94043
3, 94053
3, 94071
3, 94088
3, 94102
2, 94102
1, 94114
3, 94124
1, 94132
2, 94140
2, 94151
1, 94169
3, 94171
2, 94188
1, 94188
1, 94218
2, 94204
3, 94207
1, 94237
1, 94249
3, 94260
2, 94271
1, 94285
3, 94285
2, 94303
1, 94309
3, 94314
3, 94325
2, 94350
1, 94354
3, 94352
3, 94376
1, 94384
2, 94392
1, 94401
3, 94416
1, 94421
2, 94433
3, 94442
1, 94451
1, 94462
3, 94479
2, 94493
3, 94494
1, 94504
1, 94516
2, 94535
3, 94537
1, 94549
2, 94556
3, 94578
1, 94579
1, 94591
2, 94598
3, 94609
3, 94630
1, 94636
2, 94637
3, 94659
1, 94662
2, 94665
3, 94683
1, 94700
2, 94710
1, 94717
3, 94717
3, 94743
2, 94749
1, 94753
2, 94773
1, 94777
3, 94783
3, 94805
1, 94808
2, 94812
1, 94829
3, 94842
2, 94851
1, 94854
1, 94865
3, 94890
1, 94893
2, 94894
1, 94912
2, 94916
1, 94942
3, 94945
2, 94947
3, 94964
2, 94977
3, 94981
1, 94996
2, 95012
1, 95018
3, 95018
2, 95042
2, 95054
3, 95062
1, 95062
2, 95079
2, 95090
3, 95096
1, 95113
2, 95119
1, 95129
3, 95134
3, 95158
1, 95159
2, 95168
3, 95182
3, 95192
3, 95211
1, 95214
2, 95221
3, 95224
2, 95246
1, 95258
3, 95262
2, 95275
1, 95285
2, 95286
1, 95315
3, 95315
2, 95323
1, 95329
3, 95345
2, 95354
1, 95360
3, 95380
3, 95399
2, 95385
3, 95409
1, 95389
3, 95434
2, 95437
1, 95451
1, 95463
2, 95468
3, 95481
1, 95484
3, 95510
2, 95510
1, 95522
1, 95538
3, 95550
2, 95555
1, 95565
3, 95568
3, 95589
1, 95599
2, 95607
3, 95614
2, 95627
1, 95644
3, 95648
2, 95655
1, 95663
3, 95672
1, 95697
3, 95698
2, 95705
1, 95726
3, 95727
1, 95749
3, 95749
2, 95751
3, 95774
2, 95781
1, 95790
3, 95805
2, 95806
2, 95829
3, 95831
3, 95842
1, 95846
2, 95866
3, 95873
1, 95887
2, 95897
3, 95899
2, 95921
1, 95921
3, 95928
1, 95953
2, 95956
1, 95971
3, 95972
3, 95994
2, 95994
1, 96003
3, 96021
2, 96027
3, 96036
1, 96054
2, 96067
1, 96067
3, 96074
2, 96092
3, 96097
1, 96115
2, 96115
3, 96137
1, 96139
2, 96147
3, 96163
3, 96173
1, 96187
3, 96192
2, 96193
2, 96216
3, 96218
1, 96237
2, 96241
3, 96250
2, 96262
1, 96275
3, 96281
1, 96299
2, 96311
3, 96318
2, 96328
1, 96327
2, 96349
3, 96352
2, 96375
1, 96376
3, 96394
2, 96399
1, 96408
2, 96416
3, 96426
1, 96446
2, 96456
2, 96466
3, 96472
1, 96482
2, 96491
3, 96503
1, 96505
2, 96521
3, 96533
2, 96539
2, 96563
1, 96550
1, 96584
3, 96553
2, 96573
3, 96606
2, 96613
3, 96632
1, 96643
2, 96643
1, 96660
3, 96665
2, 96678
1, 96688
2, 96693
3, 96706
3, 96716
1, 96735
2, 96737
3, 96741
3, 96751
3, 96776
2, 96777
1, 96788
3, 96791
1, 96814
2, 96817
3, 96828
2, 96842
3, 96850
1, 96855
3, 96862
3, 96884
2, 96896
1, 96895
3, 96905
3, 96918
2, 96928
2, 96947
1, 96952
3, 96961
3, 96971
2, 96984
1, 96988
3, 97003
2, 97011
3, 97027
3, 97040
1, 97042
2, 97045
1, 97061
2, 97079
3, 97079
2, 97096
3, 97110
3, 97120
1, 97116
2, 97139
3, 97147
2, 97158
1, 97162
3, 97179
1, 97181
1, 97192
2, 97200
2, 97215
3, 97238
3, 97248
1, 97247
2, 97265
3, 97276
1, 97276
2, 97292
1, 97300
3, 97314
1, 97322
2, 97336
3, 97339
3, 97363
1, 97364
1, 97376
2, 97379
2, 97401
3, 97402
1, 97414
3, 97418
2, 97441
1, 97444
3, 97448
1, 97469
2, 97481
3, 97487
1, 97498
3, 97506
2, 97528
1, 97528
3, 97542
1, 97543
1, 97567
2, 97570
3, 97579
1, 97597
3, 97599
3, 97621
1, 97626
1, 97637
1, 97648
2, 97657
1, 97672
1, 97684
3, 97689
1, 97703
2, 97705
3, 97723
3, 97741
2, 97727
3, 97751
1, 97731
3, 97761
1, 97786
2, 97790
3, 97798
1, 97808
2, 97824
1, 97832
2, 97848
3, 97857
2, 97867
2, 97877
1, 97886
3, 97902
2, 97907
2, 97918
1, 97917
3, 97941
2, 97948
1, 97948
2, 97967
3, 97973
3, 97987
3, 97997
2, 98017
1, 98018
2, 98028
3, 98029
3, 98039
3, 98049
3, 98072
2, 98073
3, 98097
2, 98097
1, 98100
1, 98114
3, 98126
2, 98139
2, 98149
1, 98157
3, 98161
2, 98180
2, 98190
3, 98199
2, 98208
1, 98228
3, 98239
1, 98240
2, 98249
3, 98268
2, 98276
1, 98280
2, 98288
3, 98300
3, 98310
1, 98330
2, 98342
1, 98342
3, 98355
1, 98372
2, 98374
3, 98384
2, 98396
1, 98409
3, 98420
2, 98425
3, 98440
1, 98449
2, 98452
3, 98475
1, 98474
2, 98485
3, 98493
2, 98506
2, 98516
1, 98530
3, 98535
3, 98559
2, 98559
1, 98571
3, 98576
2, 98599
1, 98598
3, 98613
2, 98610
3, 98643
1, 98644
2, 98652
3, 98667
1, 98668
2, 98683
1, 98689
1, 98713
2, 98714
3, 98726
2, 98747
3, 98748
1, 98749
1, 98772
3, 98773
2, 98790
3, 98805
1, 98808
2, 98810
2, 98831
3, 98834
3, 98845
3, 98866
2, 98872
1, 98876
1, 98887
1, 98913
3, 98894
1, 98924
2, 98902
1, 98945
3, 98953
1, 98966
2, 98974
1, 98985
3, 98997
2, 99000
1, 99018
2, 99032
3, 99032
1, 99053
2, 99060
3, 99064
1, 99080
2, 99088
3, 99094
3, 99104
2, 99113
2, 99123
1, 99131
3, 99155
1, 99165
2, 99166
1, 99186
3, 99187
2, 99209
1, 99212
3, 99214
2, 99239
3, 99240
2, 99257
1, 99268
1, 99279
3, 99284
2, 99294
1, 99306
3, 99316
2, 99326
1, 99333
3, 99349
2, 99360
1, 99362
3, 99379
2, 99387
3, 99401
3, 99411
1, 99412
2, 99433
1, 99440
3, 99455
2, 99461
3, 99476
3, 99487
2, 99492
1, 99499
3, 99507
2, 99516
3, 99527
3, 99542
3, 99552
1, 99565
2, 99571
3, 99575
3, 99586
3, 99606
2, 99609
2, 99630
3, 99632
3, 99644
1, 99647
2, 99672
1, 99674
3, 99683
2, 99693
1, 99712
3, 99715
2, 99721
2, 99731
2, 99741
2, 99751
2, 99761
2, 99775
1, 99781
2, 99798
1, 99814
3, 99814
2, 99826
3, 99835
3, 99853
1, 99860
2, 99862
3, 99872
3, 99890
2, 99893
3, 99914
1, 99916
1, 99928
2, 99939
1, 99951
2, 99965
3, 99966
1, 99986
3, 99999
Reached max sequence count, exiting
