1, 205
2, 257
3, 391
2, 475
3, 627
2, 717
1, 800
3, 872
2, 1048
3, 1125
1, 1158
3, 1332
2, 1333
3, 1560
2, 1601
1, 1683
3, 1832
2, 1838
3, 2089
2, 2101
1, 2131
2, 2330
3, 2340
3, 2551
2, 2583
1, 2730
3, 2780
2, 2901
3, 2991
1, 3149
3, 3209
2, 3253
3, 3400
2, 3518
3, 3651
2, 3718
1, 3747
3, 3884
2, 4084
3, 4094
1, 4168
3, 4284
2, 4363
3, 4529
1, 4676
2, 4725
3, 4738
2, 4986
3, 4988
1, 5074
3, 5244
2, 5307
3, 5439
1, 5489
2, 5631
3, 5658
2, 5878
3, 5897
1, 5928
3, 6131
2, 6166
3, 6355
2, 6405
1, 6492
3, 6588
2, 6695
3, 6810
2, 6957
1, 7037
3, 7081
2, 7230
3, 7312
2, 7449
1, 7487
3, 7610
2, 7692
3, 7807
2, 8008
3, 8025
1, 8029
3, 8239
2, 8267
3, 8471
2, 8545
1, 8552
3, 8679
2, 8861
3, 8921
1, 8953
3, 9143
2, 9170
2, 9361
3, 9407
1, 9570
2, 9572
3, 9667
2, 9877
3, 9916
1, 9979
1, 10105
3, 10233
2, 10273
3, 10432
3, 10594
2, 10625
1, 10658
3, 10805
2, 10914
3, 11047
2, 11174
1, 11211
3, 11255
2, 11446
3, 11503
1, 11686
3, 11707
2, 11775
3, 11912
2, 12075
3, 12111
3, 12288
3, 12388
3, 12488
3, 12588
1, 12648
3, 12731
2, 12759
1, 12846
2, 13050
3, 13076
2, 13317
3, 13321
1, 13354
3, 13513
2, 13599
3, 13714
3, 13890
1, 13979
2, 13981
3, 14076
3, 14264
2, 14313
3, 14483
1, 14508
2, 14627
3, 14689
2, 14905
1, 14919
3, 14956
2, 15112
3, 15261
2, 15348
1, 15445
3, 15495
2, 15631
3, 15741
1, 15871
2, 15891
3, 15985
2, 16163
3, 16252
1, 16324
2, 16402
3, 16546
2, 16604
3, 16767
1, 16861
2, 16909
3, 16982
3, 17180
2, 17224
3, 17348
1, 17451
2, 17497
3, 17600
2, 17783
3, 17822
1, 17876
2, 18040
3, 18091
3, 18305
2, 18318
1, 18426
3, 18559
2, 18568
3, 18801
2, 18827
1, 18933
3, 19045
2, 19095
3, 19291
1, 19362
2, 19383
3, 19507
1, 19624
2, 19742
1, 19776
1, 19944
2, 20039
3, 20091
2, 20314
1, 20324
3, 20368
3, 20639
2, 20641
1, 20653
1, 20944
3, 20947
2, 20960
1, 21221
3, 21225
2, 21286
3, 21445
2, 21570
1, 21607
3, 21759
2, 21798
1, 21992
2, 22064
3, 22100
1, 22230
2, 22342
3, 22426
1, 22502
2, 22696
3, 22737
1, 22761
2, 22995
1, 23054
3, 23083
1, 23338
2, 23339
3, 23368
2, 23584
3, 23638
1, 23686
2, 23851
3, 23942
1, 24030
2, 24147
1, 24264
3, 24293
1, 24509
2, 24525
3, 24623
1, 24782
2, 24838
3, 24970
1, 25005
2, 25208
3, 25225
1, 25333
2, 25496
1, 25542
3, 25659
2, 25789
1, 25797
3, 26005
1, 26086
2, 26125
3, 26281
1, 26340
2, 26514
3, 26544
1, 26604
3, 26828
1, 26852
2, 26900
3, 27084
1, 27141
3, 27282
2, 27302
3, 27497
1, 27596
2, 27641
3, 27784
2, 27917
1, 27918
3, 28070
2, 28175
1, 28249
3, 28349
2, 28537
1, 28561
3, 28628
2, 28786
1, 28898
3, 28942
2, 29072
3, 29206
1, 29232
2, 29405
3, 29459
1, 29550
2, 29709
3, 29744
1, 29874
3, 30010
2, 30016
1, 30190
2, 30295
3, 30331
1, 30490
3, 30614
2, 30615
1, 30794
3, 30874
2, 30937
1, 31110
3, 31143
2, 31253
1, 31409
3, 31456
2, 31544
1, 31726
3, 31752
2, 31875
3, 32007
1, 32034
2, 32200
3, 32298
1, 32335
2, 32521
3, 32585
1, 32655
2, 32786
3, 32857
1, 32984
3, 33106
2, 33146
1, 33346
3, 33353
2, 33444
3, 33626
1, 33721
2, 33755
3, 33850
1, 34054
3, 34091
2, 34100
2, 34387
3, 34387
1, 34394
2, 34680
3, 34689
1, 34703
2, 34966
3, 34971
1, 35066
3, 35211
2, 35243
1, 35439
3, 35485
2, 35531
1, 35768
3, 35790
2, 35819
3, 36062
1, 36098
2, 36133
3, 36341
1, 36383
2, 36456
3, 36629
1, 36680
2, 36769
3, 36889
1, 37007
2, 37082
3, 37175
1, 37323
2, 37407
3, 37438
1, 37650
2, 37711
3, 37720
3, 37972
1, 38004
2, 38019
3, 38259
1, 38322
2, 38329
3, 38528
1, 38641
2, 38646
3, 38810
2, 38935
1, 38978
3, 39110
2, 39229
1, 39279
3, 39396
2, 39566
1, 39576
3, 39656
1, 39875
2, 39882
3, 39947
2, 40163
1, 40198
3, 40231
2, 40462
1, 40508
3, 40536
2, 40777
3, 40818
1, 40836
2, 41085
3, 41093
1, 41139
3, 41346
2, 41412
1, 41501
3, 41614
2, 41693
1, 41826
3, 41887
2, 41997
1, 42153
3, 42169
2, 42312
3, 42426
1, 42480
2, 42629
3, 42731
1, 42779
3, 42966
2, 42970
1, 43119
3, 43234
2, 43299
1, 43403
3, 43514
2, 43603
1, 43748
3, 43773
2, 43931
3, 44045
1, 44058
3, 44212
3, 44312
3, 44412
3, 44512
2, 44594
1, 44763
3, 44797
2, 44958
1, 45019
3, 45079
2, 45221
1, 45358
3, 45371
2, 45537
1, 45652
3, 45652
2, 45854
3, 45916
1, 45983
2, 46136
3, 46263
1, 46287
2, 46422
3, 46545
1, 46658
2, 46724
3, 46789
1, 46956
2, 47041
3, 47072
1, 47223
2, 47375
3, 47377
1, 47542
2, 47663
3, 47666
1, 47855
3, 47956
2, 47975
1, 48197
3, 48230
2, 48266
1, 48507
3, 48516
2, 48583
3, 48754
1, 48827
2, 48911
3, 49043
1, 49139
2, 49247
3, 49301
1, 49421
2, 49557
3, 49595
1, 49790
2, 49840
3, 49860
2, 50127
3, 50131
1, 50144
3, 50412
1, 50435
2, 50470
3, 50713
1, 50748
2, 50755
3, 50866
3, 50966
3, 51066
3, 51216
2, 51369
1, 51416
3, 51477
1, 51713
2, 51722
3, 51773
1, 51971
3, 52069
2, 52071
1, 52263
3, 52326
2, 52439
1, 52568
3, 52622
2, 52745
1, 52863
3, 52897
2, 53064
3, 53169
1, 53180
2, 53392
3, 53455
1, 53473
2, 53678
3, 53735
1, 53840
2, 53968
3, 54001
1, 54176
2, 54250
3, 54297
1, 54472
3, 54573
2, 54582
1, 54770
3, 54868
2, 54929
1, 55055
3, 55180
2, 55184
1, 55414
3, 55434
2, 55529
3, 55707
1, 55752
2, 55830
3, 55925
1, 56107
2, 56165
3, 56178
1, 56437
3, 56455
2, 56494
1, 56725
3, 56742
2, 56792
3, 57010
1, 57065
2, 57088
3, 57312
1, 57361
2, 57402
1, 57544
1, 57645
1, 57746
1, 57847
3, 57998
1, 58040
2, 58158
3, 58303
1, 58319
2, 58454
3, 58542
1, 58687
2, 58769
3, 58807
1, 59017
3, 59063
2, 59089
3, 59339
1, 59348
2, 59431
3, 59569
1, 59699
2, 59758
3, 59861
1, 59954
2, 60108
3, 60133
1, 60251
3, 60398
2, 60445
1, 60556
3, 60664
2, 60762
3, 60898
1, 60923
2, 61103
3, 61180
1, 61239
2, 61384
3, 61489
1, 61576
2, 61682
3, 61727
1, 61921
2, 61955
3, 62002
2, 62256
1, 62269
3, 62304
2, 62535
3, 62589
1, 62595
1, 62854
2, 62874
3, 62910
1, 63157
2, 63171
3, 63190
3, 63465
1, 63475
2, 63505
3, 63716
1, 63795
2, 63828
3, 64032
2, 64103
1, 64139
1, 64336
3, 64369
2, 64493
1, 64604
3, 64624
2, 64848
1, 64889
3, 64913
2, 65158
3, 65189
1, 65196
2, 65447
3, 65502
1, 65523
2, 65711
3, 65794
1, 65851
2, 65990
3, 66115
1, 66159
2, 66314
3, 66359
1, 66511
3, 66619
2, 66631
1, 66850
3, 66891
2, 66915
1, 67162
3, 67176
2, 67232
3, 67420
1, 67535
2, 67539
3, 67637
1, 67862
2, 67883
3, 67940
1, 68191
2, 68199
3, 68206
3, 68483
1, 68495
2, 68512
3, 68746
1, 68810
2, 68828
3, 69060
1, 69124
2, 69128
3, 69348
1, 69433
2, 69433
3, 69614
2, 69742
1, 69777
3, 69877
2, 70025
1, 70101
3, 70159
2, 70301
1, 70423
3, 70460
2, 70602
3, 70740
1, 70777
2, 70899
3, 71019
1, 71066
2, 71211
3, 71311
1, 71361
2, 71487
3, 71627
1, 71702
2, 71785
3, 71925
1, 72012
2, 72058
3, 72128
3, 72381
1, 72389
2, 72456
3, 72646
1, 72701
2, 72813
3, 72884
1, 73040
2, 73100
3, 73197
1, 73365
2, 73367
3, 73498
1, 73636
2, 73716
3, 73768
1, 73976
2, 74023
3, 74039
3, 74284
1, 74306
2, 74348
3, 74560
2, 74622
1, 74678
3, 74849
2, 74951
1, 74954
3, 75131
2, 75267
1, 75293
3, 75379
1, 75586
3, 75636
2, 75656
1, 75842
3, 75886
2, 76021
1, 76153
3, 76205
2, 76282
1, 76466
3, 76508
2, 76562
1, 76766
3, 76798
2, 76871
1, 77116
2, 77123
3, 77132
3, 77402
1, 77416
2, 77450
3, 77664
1, 77742
2, 77771
3, 77900
1, 78085
2, 78121
3, 78142
3, 78406
2, 78421
1, 78449
3, 78699
2, 78726
1, 78783
3, 78937
2, 79029
1, 79108
3, 79241
2, 79362
1, 79395
3, 79505
1, 79704
2, 79718
3, 79771
2, 80000
1, 80011
3, 80091
2, 80264
1, 80341
3, 80393
2, 80570
1, 80633
3, 80674
2, 80851
1, 80965
3, 80971
2, 81163
3, 81266
1, 81283
2, 81408
3, 81581
1, 81634
2, 81678
3, 81872
1, 81933
2, 81985
3, 82161
1, 82275
2, 82304
3, 82431
1, 82558
2, 82595
1, 82730
1, 82831
1, 82932
1, 83033
3, 83138
1, 83286
2, 83319
3, 83410
2, 83601
1, 83608
3, 83710
1, 83906
2, 83920
3, 83998
1, 84209
2, 84258
3, 84276
1, 84493
2, 84570
3, 84574
1, 84792
2, 84868
3, 84905
1, 85054
3, 85176
2, 85216
1, 85364
3, 85463
2, 85513
1, 85690
3, 85737
2, 85825
1, 86010
3, 86016
2, 86137
3, 86300
1, 86308
2, 86447
3, 86571
1, 86640
2, 86766
3, 86824
1, 86977
2, 87061
3, 87130
1, 87297
2, 87372
3, 87410
1, 87570
3, 87665
2, 87713
1, 87905
3, 87933
2, 88042
1, 88226
3, 88240
2, 88324
3, 88492
1, 88559
3, 88674
2, 88693
1, 88952
2, 88965
3, 88978
3, 89235
2, 89254
1, 89309
3, 89488
2, 89554
1, 89610
2, 89833
3, 89842
1, 89921
3, 90099
2, 90152
1, 90234
3, 90364
2, 90466
1, 90581
3, 90639
2, 90779
1, 90884
3, 90913
2, 91105
3, 91185
1, 91213
2, 91420
3, 91455
1, 91555
2, 91712
3, 91741
1, 91849
2, 92017
3, 92028
1, 92193
3, 92294
2, 92345
1, 92508
3, 92568
2, 92609
1, 92824
3, 92853
2, 92965
3, 93071
1, 93159
2, 93258
3, 93385
1, 93473
2, 93542
3, 93690
1, 93824
2, 93861
3, 93948
1, 94108
2, 94176
3, 94229
1, 94464
2, 94476
3, 94497
3, 94754
2, 94782
1, 94815
3, 95037
2, 95094
1, 95112
3, 95288
2, 95445
1, 95454
3, 95543
2, 95718
1, 95789
3, 95832
2, 95989
1, 96105
3, 96141
2, 96317
3, 96383
1, 96460
2, 96632
3, 96645
1, 96791
3, 96920
2, 96936
1, 97087
3, 97200
2, 97271
1, 97428
3, 97461
2, 97577
3, 97709
1, 97785
2, 97925
3, 97956
1, 98121
2, 98207
3, 98254
1, 98379
3, 98519
2, 98579
1, 98683
3, 98801
2, 98879
1, 99017
3, 99089
2, 99193
1, 99287
3, 99320
2, 99540
3, 99607
1, 99663
2, 99865
3, 99886
1, 99935
Reached max sequence count, exiting
