1, 241
3, 268
2, 351
1, 496
2, 562
3, 645
1, 874
2, 877
3, 943
2, 1143
1, 1175
3, 1312
2, 1430
3, 1532
1, 1592
2, 1669
3, 1761
1, 1891
2, 2050
3, 2072
1, 2162
3, 2360
2, 2365
1, 2544
2, 2613
3, 2727
2, 2798
1, 2928
3, 3002
2, 3111
1, 3200
3, 3315
2, 3357
1, 3516
3, 3626
2, 3633
2, 3851
3, 3903
1, 3967
2, 4111
3, 4174
1, 4351
2, 4399
3, 4464
1, 4634
3, 4717
2, 4755
1, 4989
2, 5024
3, 5031
2, 5187
3, 5343
2, 5390
1, 5469
2, 5638
3, 5672
1, 5857
3, 5902
2, 5980
1, 6168
3, 6192
2, 6274
3, 6417
1, 6546
2, 6546
3, 6700
2, 6842
1, 6870
3, 7012
2, 7053
1, 7206
2, 7333
3, 7376
1, 7568
2, 7571
3, 7663
1, 7879
2, 7893
3, 7985
2, 8160
3, 8264
1, 8290
2, 8401
2, 8558
3, 8560
1, 8740
3, 8852
2, 8866
1, 9065
3, 9128
2, 9148
3, 9270
1, 9510
2, 9531
3, 9563
2, 9759
1, 9829
3, 9887
2, 9965
3, 10114
2, 10245
1, 10319
3, 10408
2, 10531
1, 10628
3, 10682
2, 10789
3, 10964
1, 10999
2, 11081
3, 11263
2, 11333
1, 11354
2, 11578
3, 11596
1, 11769
3, 11842
2, 11843
1, 12033
2, 12156
3, 12219
1, 12265
2, 12454
1, 12534
3, 12583
2, 12702
1, 12838
2, 12965
3, 12979
1, 13110
2, 13231
3, 13297
1, 13522
2, 13543
3, 13555
3, 13773
1, 13825
2, 13891
2, 14112
1, 14127
3, 14158
2, 14377
3, 14406
1, 14522
2, 14617
3, 14692
1, 14852
2, 14896
3, 15035
1, 15180
2, 15216
3, 15350
1, 15375
2, 15528
3, 15646
2, 15769
1, 15823
2, 15970
3, 15980
1, 16159
1, 16297
2, 16214
1, 16399
3, 16491
2, 16668
1, 16750
3, 16890
2, 16895
1, 17073
2, 17164
3, 17170
1, 17406
2, 17442
3, 17499
1, 17713
2, 17727
3, 17826
1, 17975
2, 18007
3, 18171
2, 18269
1, 18289
3, 18444
2, 18561
1, 18633
3, 18760
2, 18861
1, 18923
3, 19058
2, 19176
3, 19309
1, 19331
2, 19397
3, 19635
1, 19657
2, 19703
3, 19895
2, 19974
1, 19983
3, 20166
1, 20284
2, 20347
3, 20473
2, 20584
1, 20588
3, 20820
2, 20849
1, 20924
2, 21051
3, 21114
1, 21334
2, 21358
3, 21413
2, 21617
1, 21671
3, 21701
2, 21887
1, 22016
3, 22073
2, 22119
1, 22262
3, 22373
2, 22390
3, 22583
1, 22662
2, 22756
3, 22843
1, 23040
2, 23046
3, 23103
2, 23300
3, 23363
1, 23417
2, 23584
3, 23666
1, 23817
2, 23859
3, 23917
2, 24070
3, 24222
1, 24233
2, 24300
3, 24505
2, 24550
1, 24687
3, 24763
2, 24795
3, 25052
1, 25054
2, 25095
3, 25343
2, 25406
1, 25418
3, 25592
2, 25659
1, 25826
3, 25851
2, 25964
3, 26154
2, 26172
1, 26186
3, 26396
2, 26468
1, 26549
3, 26695
2, 26755
1, 26888
3, 26961
2, 27057
1, 27211
2, 27298
3, 27305
1, 27509
3, 27590
2, 27642
1, 27804
3, 27909
2, 27964
1, 28065
3, 28136
2, 28258
3, 28383
2, 28482
1, 28589
3, 28673
2, 28782
1, 28910
3, 28997
2, 29026
1, 29243
3, 29258
2, 29314
3, 29518
3, 29645
2, 29709
1, 29806
3, 29868
2, 30003
1, 30101
3, 30130
2, 30293
3, 30383
1, 30443
2, 30597
3, 30697
1, 30767
2, 30874
3, 30933
1, 31094
2, 31178
3, 31238
1, 31417
3, 31492
2, 31550
1, 31727
2, 31774
3, 31809
3, 32016
1, 32074
2, 32166
3, 32291
1, 32396
2, 32509
3, 32588
1, 32661
2, 32804
3, 32887
1, 32959
2, 33087
3, 33189
1, 33311
2, 33368
3, 33426
3, 33692
1, 33703
2, 33704
3, 33948
1, 33992
2, 34094
3, 34213
1, 34249
2, 34401
3, 34463
1, 34622
3, 34720
2, 34722
3, 34912
1, 35008
2, 35066
3, 35193
2, 35345
1, 35361
3, 35477
2, 35590
1, 35662
3, 35894
2, 35903
1, 35939
3, 36071
2, 36163
1, 36340
3, 36393
2, 36487
3, 36628
1, 36746
2, 36810
3, 36878
2, 37051
1, 37091
3, 37153
2, 37356
1, 37423
3, 37434
1, 37644
2, 37728
3, 37745
3, 37979
2, 38014
1, 38031
3, 38243
2, 38297
1, 38492
2, 38517
3, 38549
1, 38733
2, 38791
3, 38851
2, 39052
1, 39118
3, 39175
2, 39301
3, 39418
1, 39508
2, 39575
3, 39753
1, 39824
2, 39881
3, 40024
2, 40138
1, 40143
3, 40350
2, 40427
1, 40466
2, 40633
3, 40674
1, 40850
3, 40914
2, 40969
3, 41200
2, 41226
1, 41238
2, 41505
1, 41520
3, 41540
3, 41765
2, 41768
1, 41985
2, 42033
3, 42040
3, 42278
3, 42379
3, 42479
2, 42561
3, 42614
1, 42647
2, 42833
3, 42888
2, 43079
1, 43107
3, 43155
2, 43357
3, 43386
2, 43575
3, 43653
1, 43675
2, 43793
3, 43956
2, 43995
2, 44195
1, 44213
3, 44237
2, 44453
3, 44516
1, 44632
2, 44688
3, 44863
1, 44941
2, 44968
3, 45118
2, 45232
3, 45365
1, 45383
2, 45526
3, 45604
2, 45769
1, 45821
3, 45891
2, 45997
2, 46202
3, 46233
1, 46247
2, 46385
3, 46568
2, 46649
1, 46687
3, 46841
2, 46901
2, 47129
3, 47130
1, 47134
2, 47339
3, 47441
1, 47589
2, 47593
3, 47695
2, 47833
1, 47951
3, 48000
2, 48132
3, 48233
1, 48311
2, 48454
3, 48526
2, 48650
1, 48765
3, 48805
2, 48876
3, 49101
2, 49130
1, 49192
3, 49366
2, 49398
3, 49587
1, 49649
3, 49754
2, 49839
3, 50003
1, 50013
2, 50070
2, 50277
3, 50293
3, 50511
1, 50538
2, 50546
3, 50792
2, 50844
1, 50901
3, 51001
2, 51178
3, 51217
2, 51389
1, 51413
3, 51511
2, 51639
1, 51750
3, 51911
2, 51955
1, 51965
2, 52212
3, 52244
1, 52257
2, 52465
3, 52502
2, 52691
1, 52756
3, 52792
2, 52948
3, 53035
2, 53227
1, 53246
3, 53267
3, 53474
2, 53529
1, 53619
3, 53746
2, 53780
1, 53989
3, 54033
2, 54081
3, 54306
2, 54358
1, 54378
3, 54560
2, 54626
3, 54792
2, 54841
1, 54868
3, 55115
1, 55152
2, 55185
3, 55389
2, 55435
3, 55587
1, 55608
2, 55739
3, 55878
2, 55955
1, 55982
2, 56199
3, 56218
1, 56380
3, 56430
2, 56515
1, 56696
3, 56751
2, 56853
2, 57039
1, 57056
3, 57073
2, 57319
1, 57346
3, 57362
2, 57593
3, 57612
1, 57726
3, 57890
2, 57907
1, 58135
2, 58162
3, 58173
2, 58408
3, 58418
1, 58468
3, 58681
2, 58718
1, 58882
3, 58972
2, 58988
3, 59250
1, 59260
2, 59285
3, 59484
2, 59591
1, 59649
3, 59728
2, 59810
1, 60002
2, 60081
3, 60087
2, 60309
3, 60342
1, 60419
2, 60546
3, 60637
2, 60751
1, 60833
3, 60941
2, 61037
3, 61160
2, 61309
1, 61372
3, 61406
2, 61604
3, 61658
1, 61716
2, 61884
3, 61956
1, 62033
2, 62158
3, 62222
1, 62351
2, 62478
3, 62511
1, 62735
2, 62782
3, 62786
2, 63039
3, 63044
1, 63214
3, 63291
2, 63337
1, 63527
3, 63557
2, 63647
3, 63809
2, 63887
1, 63899
3, 64054
3, 64187
1, 64313
2, 64332
3, 64477
1, 64586
2, 64664
3, 64764
1, 64864
2, 64958
3, 65096
1, 65212
2, 65250
3, 65325
1, 65496
2, 65576
3, 65638
1, 65826
2, 65867
3, 65950
1, 66087
2, 66212
3, 66234
1, 66380
3, 66495
2, 66555
1, 66711
3, 66816
2, 66850
1, 66999
3, 67123
2, 67128
1, 67315
2, 67404
3, 67424
1, 67609
2, 67703
3, 67740
1, 67866
2, 68019
3, 68031
1, 68241
2, 68273
3, 68346
1, 68566
2, 68569
3, 68640
2, 68821
1, 68887
3, 68932
2, 69072
3, 69190
1, 69305
2, 69407
3, 69456
1, 69614
2, 69637
3, 69775
2, 69902
3, 70024
1, 70061
2, 70182
3, 70275
2, 70424
1, 70519
3, 70535
2, 70697
1, 70831
3, 70886
2, 70918
3, 71122
1, 71209
2, 71243
3, 71440
1, 71475
2, 71541
3, 71713
2, 71815
1, 71849
3, 71988
2, 72110
1, 72222
3, 72244
2, 72444
3, 72509
1, 72532
2, 72700
3, 72804
1, 72849
2, 72953
3, 73163
1, 73215
2, 73247
3, 73448
2, 73536
1, 73559
3, 73674
2, 73780
3, 73943
1, 74016
2, 74066
3, 74168
1, 74360
2, 74395
3, 74443
2, 74651
1, 74721
3, 74741
2, 74923
3, 75061
1, 75062
2, 75178
3, 75337
1, 75432
2, 75474
3, 75670
2, 75686
1, 75836
3, 75901
2, 75950
2, 76165
1, 76180
1, 76281
1, 76382
1, 76530
3, 76551
2, 76690
3, 76881
2, 76932
1, 76940
2, 77138
3, 77224
1, 77290
2, 77412
3, 77467
2, 77675
1, 77707
3, 77757
2, 77964
3, 77980
1, 78148
2, 78197
3, 78310
2, 78469
1, 78505
3, 78572
2, 78746
3, 78856
2, 78940
1, 78952
2, 79174
3, 79184
1, 79409
3, 79433
2, 79441
3, 79670
2, 79703
1, 79749
2, 79955
3, 80028
1, 80084
2, 80253
1, 80334
3, 80354
2, 80540
3, 80632
1, 80688
2, 80814
3, 80913
2, 81040
1, 81133
3, 81218
2, 81286
1, 81520
2, 81540
3, 81558
3, 81806
1, 81840
2, 81842
3, 82014
1, 82100
2, 82311
3, 82315
1, 82426
3, 82527
2, 82558
3, 82788
2, 82807
1, 82866
2, 83104
1, 83124
3, 83190
2, 83372
3, 83453
1, 83460
2, 83639
3, 83731
2, 83842
1, 83893
3, 84064
2, 84080
3, 84247
1, 84354
2, 84407
3, 84498
2, 84650
3, 84738
1, 84894
2, 84940
3, 84968
2, 85196
3, 85218
1, 85340
2, 85468
3, 85476
2, 85696
1, 85741
3, 85760
2, 85951
1, 86052
3, 86073
2, 86248
3, 86378
2, 86466
1, 86536
3, 86682
2, 86696
1, 86858
3, 86954
2, 86986
1, 87172
3, 87221
2, 87315
1, 87472
3, 87545
2, 87666
1, 87742
3, 87840
2, 87918
3, 88102
2, 88115
1, 88213
2, 88364
3, 88382
3, 88625
2, 88640
1, 88658
3, 88908
2, 88934
1, 89006
2, 89163
3, 89243
1, 89378
2, 89415
3, 89516
3, 89711
2, 89732
1, 89773
3, 90016
1, 90052
2, 90077
3, 90273
1, 90362
2, 90373
1, 90630
3, 90661
2, 90676
3, 90903
1, 90968
2, 90987
3, 91128
2, 91293
1, 91322
3, 91429
2, 91614
3, 91673
1, 91695
2, 91886
3, 91927
1, 91986
2, 92190
3, 92214
2, 92425
3, 92449
1, 92492
2, 92677
3, 92740
1, 92857
2, 92972
3, 93000
2, 93201
3, 93249
1, 93290
2, 93499
1, 93539
3, 93610
2, 93743
3, 93850
2, 94013
1, 94067
3, 94142
2, 94203
3, 94441
2, 94470
1, 94474
2, 94697
3, 94702
1, 94918
2, 94959
3, 95007
2, 95207
3, 95224
1, 95318
3, 95479
2, 95563
3, 95664
1, 95792
3, 95880
3, 95980
3, 96080
2, 96133
2, 96357
3, 96358
1, 96409
2, 96636
3, 96637
1, 96749
3, 96894
2, 96924
3, 97103
1, 97128
2, 97263
1, 97411
2, 97474
3, 97504
2, 97713
3, 97737
1, 97842
2, 97977
3, 98061
1, 98193
2, 98284
3, 98320
1, 98458
2, 98587
3, 98623
1, 98811
3, 98879
2, 98891
1, 99121
3, 99154
2, 99206
3, 99427
2, 99448
1, 99553
2, 99700
3, 99728
1, 99942
2, 99958
Reached max sequence count, exiting
