2, 173
1, 284
3, 401
2, 497
1, 557
2, 738
3, 782
1, 821
2, 1049
3, 1096
1, 1158
2, 1342
3, 1416
1, 1417
3, 1672
2, 1703
1, 1735
3, 1883
1, 2041
2, 2051
3, 2166
1, 2363
2, 2393
3, 2443
1, 2620
2, 2715
3, 2766
1, 2892
2, 3026
3, 3076
1, 3198
3, 3297
2, 3394
1, 3531
3, 3602
2, 3692
3, 3826
1, 3870
2, 4063
3, 4124
1, 4130
3, 4382
2, 4386
1, 4428
3, 4694
1, 4695
2, 4752
3, 4892
1, 4993
2, 5143
3, 5160
1, 5311
3, 5396
2, 5488
1, 5606
3, 5655
2, 5882
1, 5920
3, 5927
3, 6162
1, 6230
2, 6260
3, 6471
1, 6538
2, 6558
3, 6736
2, 6854
1, 6859
3, 7070
2, 7136
1, 7159
3, 7312
2, 7463
1, 7485
3, 7573
2, 7806
1, 7823
3, 7840
2, 8061
3, 8121
1, 8176
3, 8358
2, 8443
1, 8461
3, 8697
1, 8716
2, 8761
1, 8986
3, 9018
2, 9078
1, 9265
3, 9300
2, 9401
1, 9558
3, 9622
2, 9678
1, 9885
3, 9919
2, 10000
1, 10154
3, 10222
2, 10298
1, 10430
2, 10566
3, 10580
1, 10737
3, 10856
2, 10864
1, 11037
1, 11212
3, 11237
2, 11269
2, 11427
1, 11531
3, 11591
2, 11750
1, 11860
3, 11884
2, 12062
1, 12169
3, 12172
2, 12358
1, 12448
3, 12524
2, 12667
1, 12738
3, 12787
2, 12930
3, 13089
1, 13091
2, 13275
1, 13345
3, 13367
2, 13611
3, 13635
1, 13670
2, 13897
3, 13924
1, 13997
2, 14200
3, 14246
1, 14275
2, 14474
3, 14538
1, 14586
3, 14846
1, 14847
2, 14865
1, 15102
3, 15173
2, 15195
1, 15376
2, 15470
3, 15487
1, 15683
2, 15752
3, 15779
1, 15975
2, 16068
3, 16077
2, 16266
1, 16321
3, 16448
2, 16576
1, 16608
3, 16740
2, 16876
1, 16900
1, 17145
2, 17153
3, 17171
2, 17413
1, 17446
3, 17494
2, 17706
1, 17753
3, 17825
1, 17982
2, 18028
3, 18194
2, 18274
1, 18281
2, 18526
3, 18560
1, 18590
2, 18775
3, 18903
1, 18908
2, 19027
3, 19156
1, 19312
2, 19313
3, 19420
1, 19601
2, 19653
3, 19776
2, 19884
1, 19900
3, 20052
1, 20190
2, 20198
3, 20426
2, 20430
1, 20539
2, 20686
3, 20753
1, 20863
2, 20980
3, 21077
1, 21125
2, 21303
1, 21384
3, 21402
2, 21616
3, 21697
1, 21698
2, 21907
1, 21986
3, 22028
2, 22176
1, 22252
3, 22404
2, 22483
1, 22530
2, 22737
3, 22750
1, 22822
2, 23033
1, 23083
3, 23105
1, 23329
2, 23345
3, 23509
3, 23620
3, 23720
3, 23820
2, 23912
1, 23914
3, 24115
1, 24186
2, 24204
3, 24428
2, 24495
1, 24511
1, 24754
3, 24763
2, 24842
3, 25022
2, 25087
1, 25121
3, 25335
2, 25373
1, 25412
3, 25626
2, 25720
1, 25730
3, 25917
2, 26010
1, 26012
1, 26224
2, 26288
3, 26319
1, 26516
2, 26605
3, 26630
1, 26830
2, 26888
3, 26935
1, 27113
2, 27164
3, 27261
2, 27417
1, 27460
3, 27613
2, 27707
1, 27756
3, 27887
2, 28001
1, 28040
3, 28205
1, 28311
2, 28392
3, 28516
1, 28538
2, 28727
1, 28809
3, 28872
2, 28980
1, 29118
3, 29148
2, 29251
3, 29445
1, 29482
2, 29534
3, 29757
1, 29774
2, 29843
1, 30044
2, 30097
3, 30120
1, 30347
2, 30381
3, 30506
1, 30583
2, 30724
3, 30772
1, 30871
2, 31022
1, 31128
3, 31152
1, 31377
2, 31379
3, 31481
1, 31648
2, 31742
3, 31773
1, 31875
2, 32027
1, 32135
3, 32177
2, 32325
1, 32384
3, 32483
1, 32634
2, 32692
3, 32827
1, 32882
2, 33009
1, 33128
3, 33185
2, 33346
1, 33379
3, 33502
2, 33661
1, 33670
3, 33820
1, 33892
2, 34062
1, 34117
3, 34207
1, 34324
2, 34372
1, 34574
3, 34650
2, 34668
1, 34806
2, 34971
3, 34972
1, 35092
2, 35222
3, 35364
1, 35405
2, 35482
3, 35674
1, 35686
2, 35755
1, 35969
3, 35992
2, 36161
1, 36223
3, 36288
1, 36466
2, 36509
1, 36671
3, 36671
2, 36852
1, 36912
3, 37018
2, 37148
1, 37169
1, 37362
2, 37460
3, 37489
1, 37630
2, 37774
3, 37802
1, 37890
2, 38067
1, 38151
3, 38197
2, 38335
1, 38428
3, 38535
2, 38637
1, 38671
3, 38879
1, 38907
2, 39015
1, 39189
3, 39227
2, 39298
1, 39460
2, 39584
3, 39602
1, 39726
2, 39894
3, 39918
1, 40023
2, 40157
3, 40221
1, 40324
2, 40487
3, 40522
1, 40584
3, 40793
2, 40854
1, 40858
1, 41054
3, 41170
2, 41217
1, 41315
2, 41499
3, 41514
1, 41588
1, 41823
3, 41850
2, 41904
1, 42040
3, 42181
2, 42265
1, 42306
3, 42476
1, 42567
2, 42568
1, 42780
3, 42864
2, 42884
1, 43085
3, 43168
2, 43224
1, 43349
3, 43454
2, 43543
1, 43621
3, 43810
2, 43867
1, 43871
1, 44099
3, 44153
2, 44221
1, 44341
3, 44477
2, 44566
1, 44635
3, 44820
1, 44846
2, 44884
1, 45092
3, 45189
2, 45213
1, 45364
3, 45469
2, 45523
1, 45665
3, 45804
2, 45868
1, 45937
3, 46104
1, 46143
2, 46249
1, 46373
3, 46460
1, 46591
2, 46616
3, 46776
2, 46873
1, 46915
2, 47084
3, 47147
1, 47230
2, 47430
3, 47479
1, 47489
1, 47738
2, 47759
3, 47859
1, 47924
2, 48108
3, 48179
1, 48217
2, 48395
1, 48482
3, 48567
2, 48675
1, 48772
3, 48888
2, 48959
1, 49051
3, 49210
1, 49304
2, 49308
3, 49528
2, 49566
1, 49606
3, 49850
1, 49861
2, 49910
1, 50121
2, 50196
3, 50238
1, 50376
2, 50495
3, 50600
1, 50611
2, 50821
1, 50888
2, 50978
3, 50997
1, 51186
2, 51306
3, 51347
1, 51442
2, 51606
1, 51692
3, 51750
1, 51909
2, 51950
3, 52093
1, 52172
2, 52264
1, 52409
3, 52444
2, 52607
1, 52677
3, 52777
1, 52903
2, 52932
3, 53125
2, 53209
1, 53220
3, 53416
2, 53464
1, 53537
2, 53745
1, 53785
3, 53837
1, 54022
2, 54101
3, 54137
1, 54267
3, 54448
2, 54454
1, 54566
3, 54764
1, 54789
2, 54830
1, 55024
2, 55114
3, 55181
1, 55242
2, 55449
1, 55500
3, 55574
1, 55709
2, 55804
3, 55904
2, 56016
1, 56052
1, 56232
3, 56271
2, 56366
1, 56494
3, 56659
2, 56662
1, 56741
3, 56982
1, 57002
2, 57046
1, 57255
3, 57353
2, 57355
1, 57486
2, 57578
2, 57762
3, 57808
1, 57849
2, 58026
3, 58095
1, 58254
3, 58287
2, 58392
3, 58526
1, 58548
2, 58751
3, 58809
1, 58882
2, 59007
3, 59147
2, 59227
1, 59240
2, 59487
3, 59512
1, 59529
3, 59744
2, 59805
1, 59909
3, 59973
3, 60164
2, 60201
1, 60286
3, 60373
2, 60504
3, 60626
1, 60690
2, 60807
3, 60942
2, 61073
1, 61099
3, 61175
3, 61369
1, 61433
2, 61467
3, 61598
3, 61768
2, 61813
1, 61860
3, 62022
2, 62091
1, 62288
3, 62329
2, 62352
3, 62590
1, 62629
2, 62670
3, 62849
2, 62937
1, 62973
3, 63105
2, 63189
1, 63327
3, 63432
2, 63497
3, 63657
2, 63761
1, 63768
3, 63944
2, 63998
1, 64101
3, 64243
2, 64286
3, 64507
1, 64512
2, 64546
3, 64703
2, 64866
3, 64909
1, 65019
3, 65169
2, 65235
1, 65295
3, 65379
2, 65583
3, 65590
1, 65765
2, 65850
3, 65857
3, 66048
1, 66182
2, 66189
3, 66293
3, 66480
2, 66505
1, 66587
3, 66744
1, 66855
2, 66888
3, 67074
2, 67149
1, 67180
3, 67367
2, 67408
3, 67594
1, 67597
2, 67667
3, 67861
1, 67942
2, 68014
3, 68149
2, 68275
1, 68287
3, 68407
2, 68536
3, 68650
2, 68776
1, 68801
3, 68919
1, 69075
3, 69160
2, 69198
3, 69385
1, 69414
2, 69478
3, 69627
2, 69785
3, 69838
1, 69864
2, 70068
3, 70102
3, 70270
1, 70319
2, 70409
3, 70572
2, 70665
1, 70683
3, 70835
2, 70920
3, 71077
1, 71206
2, 71214
3, 71284
3, 71432
1, 71603
2, 71652
3, 71713
1, 71918
2, 71964
3, 71997
2, 72199
1, 72214
3, 72319
2, 72452
1, 72556
3, 72605
2, 72787
3, 72803
1, 72929
2, 73067
3, 73148
1, 73187
2, 73349
3, 73454
1, 73519
2, 73689
3, 73739
1, 73866
3, 73936
2, 74030
3, 74169
1, 74207
2, 74346
3, 74390
3, 74621
2, 74647
1, 74713
3, 74866
2, 74944
1, 75038
3, 75133
2, 75244
3, 75377
1, 75391
3, 75594
2, 75617
1, 75818
3, 75841
2, 75881
3, 76095
2, 76124
3, 76317
1, 76349
2, 76407
3, 76523
1, 76723
2, 76759
3, 76770
2, 77019
3, 77038
1, 77145
3, 77274
2, 77326
1, 77441
3, 77563
2, 77644
1, 77794
3, 77869
2, 77922
3, 78090
2, 78166
1, 78194
3, 78400
2, 78493
1, 78507
3, 78651
2, 78768
3, 78898
1, 78916
2, 79039
3, 79132
3, 79330
2, 79357
1, 79381
3, 79560
3, 79744
2, 79764
1, 79819
2, 79987
3, 79989
3, 80196
2, 80258
1, 80389
3, 80439
2, 80618
3, 80636
1, 80760
2, 80879
3, 80925
1, 81101
3, 81167
2, 81183
3, 81374
2, 81474
1, 81545
3, 81600
3, 81791
2, 81861
3, 82029
1, 82036
2, 82168
3, 82273
2, 82371
1, 82469
2, 82617
3, 82631
2, 82844
3, 82858
1, 82970
2, 83113
3, 83126
1, 83292
3, 83408
2, 83447
3, 83605
1, 83643
2, 83744
3, 83853
3, 84036
2, 84058
1, 84229
3, 84273
2, 84317
3, 84481
2, 84575
1, 84668
3, 84776
2, 84889
1, 84946
3, 85082
2, 85197
3, 85307
1, 85319
2, 85468
3, 85653
1, 85686
2, 85725
3, 85881
2, 86030
1, 86046
3, 86124
2, 86337
3, 86349
1, 86507
2, 86578
3, 86645
2, 86839
3, 86900
1, 86912
2, 87104
1, 87170
3, 87250
2, 87428
1, 87497
3, 87522
2, 87728
3, 87738
1, 87859
3, 87993
2, 88042
3, 88221
1, 88295
2, 88339
3, 88471
2, 88665
1, 88666
3, 88728
3, 88915
2, 88956
3, 89127
1, 89181
2, 89260
3, 89432
2, 89495
1, 89583
3, 89670
2, 89773
3, 89901
2, 90076
3, 90088
1, 90100
3, 90307
2, 90413
1, 90432
3, 90597
2, 90766
1, 90794
3, 90825
2, 90995
3, 91129
1, 91170
2, 91267
1, 91389
3, 91512
2, 91574
1, 91701
3, 91794
2, 91900
3, 92026
1, 92036
2, 92160
3, 92301
2, 92412
1, 92495
3, 92580
2, 92742
3, 92795
1, 92885
3, 93031
2, 93033
1, 93265
3, 93316
2, 93326
3, 93524
2, 93617
1, 93681
3, 93767
2, 93891
3, 93985
3, 94185
1, 94194
2, 94239
3, 94393
2, 94521
1, 94617
3, 94667
2, 94801
3, 94893
3, 95074
2, 95094
1, 95124
3, 95362
1, 95420
2, 95462
3, 95650
2, 95714
1, 95755
2, 95967
3, 95994
1, 96035
3, 96216
2, 96275
3, 96459
1, 96466
2, 96581
3, 96704
1, 96850
3, 96885
2, 96965
3, 97128
1, 97184
2, 97293
3, 97395
1, 97467
3, 97653
2, 97684
1, 97815
2, 97913
3, 98016
1, 98173
3, 98212
2, 98263
1, 98471
3, 98527
2, 98605
3, 98741
1, 98755
2, 98949
3, 98996
1, 99058
3, 99209
2, 99308
1, 99476
3, 99490
2, 99562
3, 99754
2, 99876
1, 99898
3, 99936
Reached max sequence count, exiting
