2, 21
3, 31
1, 11
3, 54
1, 60
2, 64
3, 78
1, 85
1, 96
2, 104
1, 128
2, 138
2, 149
3, 155
3, 165
3, 175
3, 185
1, 192
3, 212
1, 218
2, 218
3, 242
1, 243
1, 256
2, 264
3, 280
2, 284
3, 296
3, 306
1, 319
2, 335
3, 342
2, 351
1, 357
2, 373
3, 382
2, 392
1, 393
2, 407
3, 428
1, 433
2, 442
3, 444
2, 463
1, 477
3, 489
2, 491
2, 502
1, 508
3, 520
1, 531
2, 556
3, 556
1, 563
3, 587
1, 587
2, 597
3, 602
3, 614
3, 628
2, 637
1, 650
3, 654
1, 672
2, 673
1, 692
3, 704
1, 717
2, 717
3, 728
3, 741
1, 757
3, 766
2, 769
1, 776
2, 800
2, 811
1, 815
1, 826
3, 831
2, 836
2, 847
2, 865
3, 874
2, 891
1, 901
3, 901
2, 916
3, 921
3, 933
2, 946
1, 958
1, 970
3, 978
2, 994
3, 994
1, 1012
3, 1016
2, 1029
1, 1031
3, 1056
1, 1060
2, 1069
1, 1075
1, 1097
2, 1106
3, 1106
2, 1130
3, 1136
1, 1141
3, 1146
2, 1171
3, 1173
1, 1179
2, 1189
3, 1202
3, 1213
2, 1229
1, 1241
3, 1241
3, 1265
2, 1268
1, 1273
2, 1291
3, 1296
1, 1300
2, 1311
2, 1331
1, 1340
1, 1351
3, 1359
3, 1372
2, 1386
1, 1386
2, 1402
2, 1415
2, 1425
3, 1429
3, 1447
1, 1447
3, 1465
2, 1477
2, 1494
1, 1478
2, 1504
2, 1517
3, 1484
1, 1530
2, 1544
1, 1558
2, 1565
2, 1584
3, 1581
1, 1596
2, 1609
3, 1609
2, 1631
1, 1639
1, 1654
2, 1661
3, 1665
1, 1670
3, 1695
1, 1706
3, 1713
2, 1709
1, 1726
2, 1743
1, 1749
3, 1762
1, 1772
1, 1785
2, 1800
1, 1806
3, 1800
3, 1832
3, 1842
3, 1852
2, 1864
1, 1863
3, 1874
1, 1885
2, 1896
3, 1902
1, 1920
2, 1931
3, 1931
2, 1948
1, 1966
3, 1970
2, 1978
1, 1982
2, 2003
1, 2013
3, 2023
1, 2035
2, 2040
1, 2054
3, 2054
1, 2075
2, 2092
3, 2092
1, 2107
2, 2118
3, 2131
2, 2136
1, 2147
2, 2153
2, 2174
1, 2179
1, 2190
3, 2196
2, 2202
1, 2220
1, 2231
2, 2244
3, 2248
3, 2258
3, 2268
2, 2278
1, 2291
2, 2294
3, 2310
2, 2324
2, 2334
3, 2351
1, 2352
2, 2367
1, 2374
3, 2376
1, 2391
2, 2406
1, 2419
3, 2423
1, 2435
1, 2456
2, 2457
3, 2461
1, 2473
2, 2484
3, 2504
2, 2508
1, 2522
3, 2529
2, 2535
1, 2552
3, 2561
2, 2569
2, 2579
1, 2595
2, 2600
3, 2607
1, 2616
2, 2637
3, 2637
1, 2653
2, 2663
3, 2668
3, 2679
1, 2700
3, 2704
2, 2714
1, 2720
2, 2745
3, 2744
1, 2754
1, 2777
3, 2777
2, 2788
1, 2790
1, 2820
2, 2805
1, 2831
3, 2809
3, 2861
2, 2861
1, 2869
2, 2878
2, 2897
3, 2895
1, 2915
2, 2926
3, 2932
1, 2935
2, 2956
3, 2966
2, 2972
1, 2985
3, 2992
3, 3004
2, 3022
2, 3032
2, 3043
1, 3045
3, 3046
2, 3073
3, 3076
1, 3077
2, 3102
3, 3111
1, 3116
1, 3127
2, 3141
3, 3143
2, 3157
1, 3169
3, 3175
1, 3194
2, 3196
3, 3218
2, 3219
1, 3227
3, 3242
1, 3258
2, 3260
3, 3271
1, 3285
3, 3300
2, 3306
1, 3315
2, 3325
3, 3335
3, 3347
1, 3351
3, 3369
2, 3377
1, 3386
3, 3391
2, 3398
1, 3420
3, 3422
2, 3442
1, 3445
1, 3456
1, 3467
1, 3478
1, 3489
3, 3505
1, 3519
1, 3530
3, 3539
2, 3543
1, 3555
3, 3562
2, 3569
1, 3581
2, 3594
3, 3610
1, 3618
2, 3620
1, 3639
3, 3649
2, 3654
1, 3669
2, 3681
3, 3694
3, 3706
1, 3713
2, 3714
2, 3739
3, 3741
1, 3750
2, 3765
1, 3770
3, 3784
3, 3798
1, 3805
2, 3817
3, 3819
1, 3837
2, 3842
2, 3863
3, 3864
1, 3874
3, 3887
2, 3899
1, 3905
3, 3911
2, 3928
3, 3942
1, 3948
2, 3945
2, 3977
3, 3977
1, 3990
2, 3991
1, 4014
3, 4015
2, 4031
1, 4036
3, 4060
2, 4062
1, 4061
2, 4076
2, 4097
3, 4098
2, 4117
1, 4117
1, 4144
2, 4127
1, 4155
3, 4133
2, 4171
1, 4183
3, 4186
3, 4212
2, 4219
1, 4228
3, 4239
2, 4240
3, 4258
2, 4261
1, 4282
2, 4287
3, 4294
2, 4311
1, 4314
2, 4326
3, 4334
1, 4347
3, 4353
2, 4362
3, 4378
1, 4397
2, 4399
3, 4409
1, 4425
1, 4436
2, 4438
2, 4448
3, 4463
2, 4475
1, 4481
2, 4496
1, 4505
3, 4496
2, 4525
3, 4535
1, 4538
2, 4559
1, 4563
3, 4576
2, 4591
3, 4597
1, 4603
1, 4618
3, 4627
3, 4643
2, 4645
2, 4667
3, 4670
1, 4681
2, 4684
3, 4699
1, 4703
2, 4726
3, 4727
1, 4750
3, 4751
2, 4753
1, 4779
2, 4783
3, 4797
1, 4799
2, 4821
1, 4821
3, 4832
2, 4846
1, 4848
3, 4870
1, 4879
2, 4890
1, 4894
2, 4910
3, 4915
3, 4931
2, 4943
1, 4944
3, 4955
3, 4965
3, 4975
2, 4988
3, 4992
3, 5014
2, 5016
1, 5028
3, 5044
2, 5047
1, 5058
3, 5078
1, 5079
1, 5091
2, 5097
3, 5116
2, 5129
3, 5134
1, 5137
2, 5157
3, 5161
3, 5174
1, 5188
3, 5197
2, 5204
3, 5217
1, 5228
2, 5230
3, 5241
3, 5252
1, 5273
3, 5276
2, 5283
3, 5294
1, 5307
3, 5320
2, 5320
3, 5338
1, 5356
1, 5367
3, 5370
2, 5372
2, 5398
3, 5400
1, 5409
2, 5419
3, 5425
1, 5443
1, 5463
2, 5450
1, 5474
3, 5452
2, 5484
2, 5504
3, 5523
1, 5530
3, 5534
2, 5541
3, 5563
2, 5566
1, 5567
1, 5578
3, 5597
2, 5603
3, 5615
1, 5627
2, 5642
3, 5648
1, 5654
3, 5665
1, 5689
3, 5689
2, 5696
1, 5705
1, 5725
2, 5734
3, 5742
1, 5745
2, 5759
3, 5769
1, 5789
2, 5792
3, 5801
2, 5813
3, 5821
2, 5841
1, 5842
3, 5854
2, 5870
1, 5871
1, 5883
1, 5899
3, 5908
1, 5922
3, 5932
3, 5943
2, 5944
3, 5955
2, 5977
1, 5988
2, 5988
3, 6000
1, 6014
2, 6020
3, 6023
2, 6048
1, 6051
3, 6063
2, 6065
3, 6092
1, 6094
2, 6091
3, 6110
1, 6127
3, 6130
2, 6143
3, 6151
1, 6158
3, 6175
1, 6190
2, 6196
1, 6207
3, 6209
3, 6231
2, 6233
1, 6246
1, 6263
3, 6263
2, 6281
1, 6283
2, 6297
1, 6311
1, 6322
1, 6333
3, 6343
2, 6345
1, 6361
3, 6369
3, 6380
1, 6398
2, 6405
3, 6414
1, 6429
2, 6433
1, 6454
2, 6458
3, 6470
3, 6480
3, 6490
1, 6497
2, 6503
3, 6521
2, 6526
1, 6537
3, 6544
2, 6557
2, 6568
3, 6585
2, 6585
1, 6601
3, 6614
3, 6624
2, 6636
3, 6638
1, 6655
3, 6659
2, 6662
2, 6673
3, 6694
2, 6695
2, 6715
3, 6726
1, 6730
2, 6745
1, 6748
3, 6753
3, 6784
3, 6794
1, 6769
3, 6804
3, 6814
2, 6774
2, 6835
1, 6841
3, 6853
2, 6855
3, 6876
2, 6882
1, 6891
3, 6909
2, 6912
2, 6933
1, 6939
3, 6946
2, 6952
3, 6965
2, 6980
1, 6989
2, 6999
3, 6992
3, 7024
1, 7026
2, 7038
3, 7039
1, 7054
2, 7071
2, 7087
3, 7089
2, 7102
1, 7104
3, 7117
2, 7126
2, 7148
1, 7150
2, 7160
3, 7178
2, 7182
1, 7193
2, 7199
3, 7214
2, 7217
2, 7236
3, 7237
1, 7250
2, 7267
3, 7274
1, 7284
2, 7294
1, 7307
3, 7312
2, 7319
2, 7345
1, 7346
3, 7347
2, 7362
1, 7376
2, 7391
3, 7391
2, 7406
3, 7417
3, 7427
1, 7439
3, 7441
3, 7459
2, 7464
3, 7472
3, 7491
1, 7492
3, 7509
3, 7522
1, 7532
1, 7544
2, 7550
3, 7564
1, 7579
2, 7584
1, 7595
2, 7608
3, 7608
1, 7625
2, 7629
3, 7645
1, 7656
3, 7674
3, 7684
2, 7688
3, 7697
1, 7702
3, 7725
1, 7729
2, 7729
2, 7757
3, 7758
1, 7769
2, 7781
1, 7785
2, 7806
3, 7811
1, 7812
3, 7827
2, 7835
2, 7846
2, 7861
1, 7877
2, 7879
3, 7891
1, 7900
2, 7911
3, 7931
3, 7941
2, 7944
2, 7957
1, 7960
2, 7978
2, 7988
3, 7999
2, 8001
1, 8008
3, 8029
1, 8034
2, 8037
2, 8064
3, 8066
1, 8067
3, 8077
1, 8098
2, 8087
3, 8115
3, 8138
1, 8136
2, 8147
1, 8163
3, 8170
2, 8172
3, 8192
2, 8199
2, 8210
1, 8228
2, 8236
1, 8240
3, 8243
1, 8263
2, 8268
3, 8283
3, 8299
1, 8305
2, 8311
3, 8328
1, 8337
2, 8338
2, 8356
2, 8366
3, 8368
2, 8383
3, 8393
1, 8410
2, 8412
3, 8424
2, 8433
3, 8445
2, 8454
1, 8471
2, 8473
3, 8484
3, 8494
2, 8511
1, 8515
3, 8524
3, 8534
3, 8545
1, 8562
2, 8562
2, 8582
3, 8583
1, 8606
2, 8609
3, 8616
2, 8623
3, 8642
2, 8654
3, 8656
3, 8666
3, 8684
1, 8683
2, 8703
3, 8705
2, 8721
1, 8729
2, 8736
2, 8755
3, 8766
1, 8769
2, 8783
3, 8786
1, 8804
2, 8809
1, 8829
2, 8833
3, 8842
2, 8862
3, 8863
1, 8876
2, 8881
3, 8890
3, 8900
3, 8912
3, 8926
1, 8937
2, 8937
3, 8962
3, 8972
2, 8981
1, 8981
3, 9002
2, 9002
3, 9023
2, 9028
1, 9036
3, 9042
2, 9053
2, 9066
1, 9079
3, 9089
2, 9094
3, 9116
2, 9121
1, 9117
2, 9132
3, 9150
2, 9166
3, 9169
1, 9176
2, 9192
3, 9184
2, 9217
3, 9223
1, 9228
2, 9235
2, 9254
1, 9262
2, 9268
3, 9283
2, 9291
2, 9302
2, 9324
3, 9324
2, 9340
3, 9350
3, 9362
2, 9365
1, 9364
2, 9384
2, 9406
2, 9416
1, 9390
3, 9396
1, 9437
2, 9426
2, 9452
2, 9471
3, 9471
2, 9489
3, 9499
2, 9510
2, 9520
1, 9523
3, 9539
3, 9550
3, 9560
2, 9572
3, 9580
1, 9577
3, 9593
2, 9605
3, 9628
2, 9630
1, 9631
2, 9640
3, 9663
2, 9663
1, 9673
2, 9682
3, 9707
2, 9710
1, 9726
3, 9731
2, 9733
3, 9752
2, 9754
1, 9771
2, 9778
2, 9797
1, 9803
3, 9812
1, 9824
2, 9836
3, 9836
2, 9859
1, 9863
3, 9868
2, 9880
2, 9901
3, 9901
2, 9920
1, 9923
3, 9927
1, 9944
1, 9959
3, 9969
2, 9969
1, 9992
3, 10000
2, 10009
3, 10020
2, 10040
1, 10041
3, 10051
2, 10050
1, 10072
1, 10085
2, 10090
2, 10100
3, 10106
3, 10126
2, 10127
3, 10138
1, 10149
3, 10169
2, 10171
3, 10189
2, 10192
1, 10203
3, 10207
1, 10231
2, 10232
3, 10245
3, 10255
3, 10270
2, 10273
3, 10286
3, 10298
2, 10305
3, 10316
1, 10328
2, 10337
3, 10334
3, 10358
3, 10368
2, 10382
3, 10387
1, 10390
2, 10398
2, 10423
3, 10424
2, 10435
1, 10444
3, 10454
2, 10461
3, 10486
2, 10489
1, 10491
2, 10510
3, 10500
1, 10526
2, 10543
3, 10545
2, 10560
3, 10576
2, 10582
1, 10579
2, 10593
3, 10606
1, 10623
2, 10614
2, 10649
1, 10654
3, 10665
1, 10668
2, 10675
2, 10695
3, 10710
2, 10713
3, 10732
2, 10732
1, 10742
1, 10757
1, 10771
2, 10779
3, 10791
2, 10799
3, 10806
1, 10817
2, 10825
3, 10842
2, 10847
1, 10856
3, 10861
3, 10880
2, 10890
1, 10893
3, 10901
1, 10924
2, 10929
2, 10941
1, 10958
3, 10960
1, 10972
2, 10981
3, 10995
2, 11002
1, 11014
3, 11027
2, 11029
1, 11047
1, 11062
2, 11065
3, 11076
1, 11081
2, 11089
3, 11107
2, 11116
1, 11130
2, 11137
2, 11158
1, 11160
3, 11160
1, 11181
2, 11184
3, 11197
3, 11207
3, 11225
3, 11235
3, 11245
2, 11252
1, 11256
3, 11281
3, 11291
2, 11293
1, 11300
1, 11312
3, 11318
2, 11330
3, 11340
2, 11357
3, 11366
2, 11373
1, 11381
2, 11396
1, 11410
2, 11424
3, 11428
2, 11438
1, 11441
2, 11456
2, 11467
1, 11480
3, 11482
2, 11498
3, 11512
2, 11523
1, 11526
3, 11544
2, 11549
1, 11560
3, 11563
1, 11585
2, 11587
3, 11607
2, 11609
1, 11615
2, 11635
2, 11646
2, 11657
1, 11672
3, 11672
2, 11676
2, 11695
2, 11705
2, 11717
3, 11717
1, 11732
2, 11743
1, 11751
2, 11770
3, 11774
2, 11784
2, 11806
3, 11792
3, 11826
3, 11836
1, 11796
3, 11846
3, 11856
2, 11816
1, 11877
3, 11887
2, 11888
2, 11906
3, 11918
3, 11928
2, 11943
3, 11946
2, 11965
3, 11965
2, 11983
1, 11987
2, 11997
3, 11999
2, 12018
2, 12034
3, 12033
1, 12051
2, 12058
1, 12070
3, 12074
2, 12081
3, 12097
2, 12110
3, 12121
1, 12136
3, 12140
2, 12148
1, 12165
3, 12171
1, 12184
2, 12192
3, 12205
3, 12219
1, 12223
2, 12232
3, 12245
2, 12251
1, 12260
2, 12267
3, 12281
3, 12291
1, 12303
3, 12309
2, 12326
3, 12332
1, 12344
2, 12361
3, 12372
2, 12377
1, 12383
1, 12398
3, 12403
2, 12418
2, 12433
1, 12440
3, 12441
3, 12464
1, 12470
2, 12482
3, 12495
2, 12500
1, 12504
3, 12523
3, 12533
2, 12547
1, 12549
1, 12561
3, 12573
2, 12576
3, 12591
2, 12606
1, 12613
3, 12625
1, 12632
2, 12636
1, 12665
3, 12666
3, 12677
2, 12675
2, 12704
2, 12714
3, 12718
2, 12727
1, 12736
2, 12745
3, 12755
1, 12762
3, 12777
3, 12789
3, 12801
2, 12801
3, 12829
2, 12829
3, 12846
2, 12850
1, 12851
1, 12873
2, 12878
1, 12891
3, 12902
2, 12903
1, 12927
3, 12931
2, 12934
1, 12955
2, 12961
1, 12975
3, 12964
3, 13001
2, 13001
3, 13017
1, 13020
2, 13026
3, 13049
1, 13056
2, 13058
3, 13074
3, 13084
3, 13094
1, 13101
2, 13118
3, 13129
3, 13140
1, 13146
1, 13168
3, 13168
2, 13186
3, 13189
1, 13197
3, 13214
2, 13215
1, 13225
2, 13235
3, 13244
3, 13264
2, 13265
1, 13287
2, 13292
3, 13301
2, 13317
3, 13323
1, 13329
3, 13351
2, 13355
3, 13369
2, 13378
1, 13384
2, 13399
2, 13409
3, 13397
3, 13429
1, 13437
2, 13450
1, 13453
2, 13466
3, 13478
3, 13489
1, 13499
3, 13508
2, 13522
1, 13532
3, 13533
3, 13556
2, 13559
1, 13571
3, 13575
3, 13594
2, 13597
2, 13617
3, 13622
2, 13630
1, 13633
1, 13659
3, 13660
2, 13673
3, 13686
2, 13695
3, 13709
1, 13709
2, 13720
3, 13725
2, 13743
1, 13756
3, 13768
2, 13779
2, 13789
3, 13779
1, 13802
2, 13811
3, 13825
1, 13827
1, 13852
2, 13855
2, 13865
3, 13870
2, 13889
2, 13899
1, 13905
3, 13910
3, 13937
2, 13938
1, 13940
2, 13949
2, 13970
2, 13980
2, 13992
3, 13997
3, 14010
1, 14017
2, 14024
2, 14046
3, 14052
1, 14053
1, 14080
2, 14081
1, 14097
2, 14102
3, 14107
3, 14134
3, 14144
1, 14115
3, 14154
3, 14164
2, 14124
2, 14175
2, 14194
1, 14209
3, 14218
1, 14221
2, 14236
3, 14236
2, 14254
3, 14257
2, 14281
1, 14283
3, 14295
2, 14305
3, 14318
2, 14327
1, 14337
3, 14344
2, 14360
1, 14369
3, 14371
1, 14391
2, 14393
2, 14418
3, 14418
2, 14431
1, 14433
1, 14448
2, 14458
3, 14469
1, 14477
1, 14488
3, 14505
2, 14508
1, 14528
3, 14542
2, 14546
1, 14546
3, 14566
2, 14569
1, 14591
1, 14604
2, 14608
3, 14604
2, 14624
3, 14643
2, 14652
3, 14661
1, 14662
2, 14669
2, 14690
1, 14702
3, 14704
2, 14718
1, 14734
2, 14747
1, 14749
3, 14752
1, 14770
3, 14783
3, 14793
3, 14803
2, 14810
1, 14821
2, 14828
1, 14853
3, 14854
2, 14871
3, 14876
1, 14883
3, 14893
3, 14903
2, 14907
2, 14921
1, 14929
3, 14944
3, 14955
2, 14974
1, 14979
3, 14979
1, 15000
3, 15005
2, 15023
3, 15025
1, 15035
3, 15049
2, 15053
2, 15075
3, 15079
2, 15088
1, 15097
2, 15112
2, 15123
3, 15129
2, 15138
1, 15157
2, 15158
3, 15166
2, 15181
1, 15192
1, 15208
2, 15217
2, 15227
2, 15238
3, 15239
3, 15263
2, 15266
3, 15274
1, 15278
3, 15285
1, 15306
2, 15295
2, 15325
1, 15342
3, 15349
2, 15358
3, 15369
2, 15386
2, 15396
3, 15401
1, 15408
1, 15424
2, 15425
2, 15440
3, 15448
1, 15463
2, 15463
3, 15480
2, 15492
1, 15504
3, 15506
2, 15527
1, 15533
1, 15545
3, 15545
2, 15570
3, 15571
1, 15581
2, 15587
3, 15614
2, 15614
1, 15624
3, 15628
2, 15646
3, 15655
3, 15667
1, 15675
2, 15689
2, 15699
3, 15708
2, 15711
2, 15730
3, 15738
1, 15741
2, 15747
2, 15772
3, 15779
3, 15790
1, 15802
2, 15815
3, 15817
1, 15831
2, 15843
3, 15850
2, 15862
3, 15873
1, 15874
2, 15880
3, 15898
1, 15907
1, 15918
1, 15929
2, 15941
3, 15955
1, 15957
3, 15969
2, 15980
1, 15995
3, 16000
2, 16013
1, 16029
3, 16031
2, 16052
1, 16063
2, 16063
3, 16083
2, 16083
1, 16092
1, 16103
1, 16117
1, 16134
3, 16137
1, 16152
1, 16164
2, 16172
3, 16180
1, 16187
1, 16201
2, 16217
3, 16221
1, 16235
2, 16246
1, 16253
2, 16266
1, 16279
3, 16289
2, 16294
2, 16304
1, 16321
2, 16331
3, 16336
2, 16349
3, 16360
2, 16368
1, 16385
2, 16386
3, 16394
1, 16409
2, 16413
2, 16441
3, 16441
2, 16458
3, 16465
3, 16482
2, 16471
3, 16492
1, 16472
2, 16503
2, 16528
3, 16532
1, 16539
3, 16559
1, 16567
2, 16567
3, 16580
3, 16590
3, 16608
1, 16609
2, 16620
2, 16630
3, 16648
1, 16660
2, 16663
3, 16673
3, 16683
3, 16693
2, 16711
1, 16719
3, 16720
2, 16745
1, 16746
3, 16755
3, 16765
3, 16775
2, 16781
2, 16805
1, 16806
3, 16822
1, 16833
2, 16834
3, 16851
3, 16865
2, 16866
3, 16882
3, 16893
2, 16902
3, 16908
1, 16914
3, 16934
2, 16936
2, 16957
3, 16960
1, 16968
3, 16984
2, 16996
3, 16999
1, 17009
2, 17020
3, 17030
2, 17039
2, 17059
3, 17062
3, 17073
1, 17085
2, 17102
2, 17112
3, 17116
2, 17126
1, 17129
2, 17147
3, 17148
2, 17163
3, 17174
1, 17178
2, 17199
3, 17205
2, 17216
1, 17224
2, 17231
1, 17252
2, 17256
3, 17266
3, 17276
2, 17289
2, 17299
2, 17313
3, 17321
1, 17318
3, 17335
1, 17351
2, 17353
3, 17375
2, 17375
2, 17398
1, 17398
3, 17417
2, 17417
2, 17440
1, 17438
3, 17452
2, 17452
1, 17474
1, 17486
2, 17487
1, 17507
3, 17515
1, 17531
2, 17534
3, 17552
2, 17553
1, 17567
2, 17574
3, 17579
3, 17600
2, 17602
1, 17612
1, 17632
1, 17650
3, 17633
2, 17639
2, 17676
3, 17676
2, 17694
1, 17702
3, 17707
1, 17717
2, 17729
3, 17737
2, 17751
2, 17761
2, 17771
1, 17775
1, 17793
3, 17797
3, 17816
2, 17826
1, 17834
3, 17838
2, 17857
2, 17867
3, 17882
3, 17892
2, 17893
2, 17903
2, 17913
1, 17916
1, 17935
1, 17947
3, 17963
2, 17971
1, 17978
3, 17997
2, 17997
1, 18009
3, 18025
3, 18035
3, 18045
2, 18054
3, 18056
2, 18074
3, 18078
3, 18088
1, 18093
2, 18115
3, 18123
1, 18125
3, 18147
2, 18147
1, 18166
2, 18169
3, 18186
2, 18186
3, 18212
2, 18214
1, 18217
3, 18224
2, 18253
3, 18253
1, 18256
1, 18268
2, 18287
3, 18304
1, 18313
2, 18319
3, 18314
2, 18346
3, 18348
1, 18348
3, 18360
2, 18385
1, 18390
3, 18399
2, 18407
3, 18418
2, 18436
3, 18436
1, 18449
3, 18457
2, 18464
3, 18482
1, 18489
3, 18492
1, 18513
2, 18523
3, 18533
1, 18539
2, 18553
3, 18562
2, 18573
3, 18584
1, 18601
2, 18602
3, 18612
3, 18633
1, 18633
2, 18639
3, 18656
2, 18667
2, 18677
1, 18682
3, 18700
2, 18699
1, 18720
2, 18724
3, 18731
3, 18741
3, 18751
1, 18759
2, 18780
1, 18788
2, 18798
2, 18820
3, 18802
2, 18830
1, 18810
3, 18841
3, 18869
2, 18869
1, 18881
3, 18893
2, 18893
3, 18913
2, 18920
1, 18926
3, 18932
2, 18957
3, 18963
1, 18958
3, 18983
2, 18983
1, 19001
3, 19020
2, 19021
1, 19039
2, 19053
2, 19064
3, 19072
2, 19078
1, 19082
1, 19094
2, 19114
1, 19118
3, 19124
2, 19128
3, 19147
2, 19150
1, 19166
2, 19171
3, 19194
2, 19196
2, 19215
3, 19219
1, 19221
2, 19232
3, 19245
1, 19263
3, 19273
1, 19280
2, 19294
3, 19301
2, 19317
1, 19321
2, 19333
3, 19324
1, 19350
3, 19366
1, 19375
3, 19387
2, 19389
3, 19403
1, 19411
2, 19430
3, 19434
1, 19450
2, 19459
3, 19466
1, 19479
3, 19482
2, 19497
3, 19515
2, 19520
1, 19522
3, 19540
3, 19550
3, 19565
1, 19573
2, 19577
2, 19587
3, 19596
3, 19612
1, 19618
1, 19629
1, 19647
3, 19653
2, 19656
2, 19681
1, 19690
3, 19692
2, 19706
3, 19710
1, 19730
2, 19730
3, 19740
2, 19758
3, 19761
1, 19770
1, 19781
3, 19789
2, 19801
3, 19823
2, 19823
2, 19834
2, 19851
1, 19856
3, 19868
2, 19863
3, 19891
1, 19903
1, 19914
3, 19926
3, 19937
2, 19940
3, 19952
1, 19955
2, 19962
1, 19982
3, 19971
2, 20006
3, 20009
1, 20024
3, 20031
2, 20039
1, 20047
2, 20068
1, 20075
3, 20078
2, 20096
3, 20100
3, 20123
2, 20123
3, 20143
1, 20141
3, 20158
2, 20172
3, 20175
1, 20186
2, 20190
1, 20206
1, 20218
2, 20226
3, 20238
1, 20252
2, 20256
3, 20271
3, 20281
3, 20291
1, 20298
2, 20306
3, 20321
3, 20331
1, 20340
3, 20348
2, 20357
2, 20379
2, 20389
3, 20395
1, 20399
3, 20413
2, 20421
3, 20434
2, 20446
3, 20450
1, 20468
3, 20478
2, 20479
1, 20495
3, 20501
2, 20517
1, 20527
3, 20531
3, 20549
1, 20554
3, 20563
2, 20575
2, 20585
2, 20598
3, 20609
1, 20612
2, 20618
3, 20632
3, 20642
2, 20658
3, 20673
1, 20677
1, 20693
2, 20699
3, 20702
2, 20721
3, 20726
2, 20738
1, 20743
2, 20761
3, 20774
1, 20774
3, 20786
3, 20809
2, 20808
1, 20824
3, 20835
1, 20837
1, 20849
3, 20869
3, 20884
1, 20877
2, 20891
3, 20897
2, 20917
2, 20929
2, 20943
2, 20953
3, 20962
1, 20966
3, 20975
2, 20988
3, 20991
1, 21011
2, 21015
3, 21027
3, 21041
1, 21048
3, 21057
2, 21060
2, 21082
3, 21090
1, 21099
2, 21104
3, 21115
3, 21129
2, 21134
2, 21161
2, 21171
1, 21141
1, 21192
3, 21151
2, 21181
3, 21215
2, 21226
1, 21227
2, 21250
1, 21254
3, 21254
1, 21271
2, 21280
3, 21289
2, 21308
3, 21311
1, 21326
2, 21340
1, 21340
3, 21359
2, 21368
1, 21371
1, 21392
2, 21398
3, 21403
1, 21415
2, 21425
3, 21430
3, 21444
2, 21457
2, 21473
3, 21471
2, 21488
3, 21505
2, 21514
1, 21515
2, 21526
2, 21546
3, 21549
3, 21564
2, 21575
1, 21584
3, 21594
1, 21596
3, 21608
2, 21626
3, 21631
1, 21635
2, 21644
3, 21659
3, 21669
2, 21686
3, 21700
3, 21710
2, 21720
1, 21721
3, 21725
1, 21743
2, 21757
2, 21769
3, 21780
2, 21784
1, 21798
3, 21800
1, 21819
2, 21821
2, 21841
3, 21840
2, 21857
1, 21869
3, 21877
2, 21894
1, 21903
3, 21903
1, 21916
2, 21927
3, 21939
3, 21955
1, 21966
2, 21969
3, 21983
1, 21993
2, 22004
1, 22015
2, 22019
3, 22037
3, 22047
3, 22057
1, 22059
2, 22065
1, 22092
3, 22099
3, 22112
1, 22119
2, 22119
1, 22140
2, 22146
2, 22157
2, 22169
3, 22170
2, 22180
2, 22199
1, 22213
2, 22217
3, 22226
1, 22235
2, 22249
3, 22261
3, 22271
3, 22281
1, 22284
2, 22299
2, 22322
3, 22305
3, 22342
3, 22352
1, 22312
3, 22362
2, 22332
2, 22386
1, 22392
3, 22394
3, 22409
3, 22423
1, 22435
3, 22440
2, 22449
3, 22461
1, 22470
2, 22477
3, 22494
1, 22510
2, 22512
2, 22522
2, 22537
3, 22538
2, 22560
1, 22560
2, 22575
3, 22580
2, 22588
2, 22607
3, 22612
2, 22622
3, 22642
2, 22647
1, 22654
2, 22671
1, 22675
2, 22694
2, 22704
3, 22692
1, 22719
2, 22725
1, 22736
3, 22750
3, 22761
2, 22769
1, 22781
2, 22787
3, 22794
2, 22807
2, 22817
2, 22832
3, 22837
2, 22845
1, 22861
2, 22871
3, 22882
1, 22884
1, 22899
3, 22919
3, 22929
3, 22939
3, 22949
1, 22958
2, 22959
3, 22970
3, 22984
1, 23000
3, 23009
1, 23014
2, 23018
3, 23033
3, 23043
1, 23051
2, 23070
3, 23081
3, 23095
2, 23105
3, 23112
1, 23117
2, 23122
2, 23143
3, 23151
3, 23165
2, 23174
1, 23182
3, 23186
2, 23191
2, 23211
2, 23221
1, 23233
3, 23236
1, 23254
2, 23262
3, 23265
3, 23277
2, 23296
1, 23301
3, 23307
2, 23316
3, 23332
2, 23339
3, 23359
2, 23363
1, 23373
3, 23383
2, 23403
2, 23413
2, 23423
3, 23426
1, 23438
2, 23438
1, 23454
2, 23467
2, 23488
3, 23473
3, 23508
1, 23478
2, 23498
1, 23529
3, 23518
1, 23556
2, 23561
3, 23569
2, 23575
2, 23598
1, 23602
3, 23602
3, 23621
2, 23628
1, 23646
2, 23647
3, 23664
1, 23665
3, 23685
3, 23695
2, 23698
3, 23712
2, 23726
3, 23739
3, 23749
1, 23754
2, 23757
1, 23783
2, 23784
3, 23789
1, 23802
2, 23818
3, 23826
2, 23839
3, 23850
2, 23857
1, 23858
2, 23880
3, 23880
3, 23901
3, 23915
1, 23915
3, 23931
2, 23931
3, 23948
1, 23952
2, 23961
2, 23979
3, 23986
2, 24007
3, 24007
1, 24023
2, 24029
3, 24032
2, 24045
2, 24070
3, 24069
2, 24084
1, 24084
2, 24101
1, 24115
2, 24122
3, 24129
1, 24145
2, 24148
3, 24164
2, 24169
1, 24187
2, 24189
3, 24206
2, 24218
3, 24221
1, 24231
3, 24250
3, 24261
2, 24261
1, 24282
2, 24294
1, 24295
3, 24308
3, 24318
3, 24328
3, 24338
2, 24345
1, 24356
2, 24363
3, 24376
1, 24383
1, 24404
2, 24414
3, 24414
2, 24429
1, 24438
3, 24452
1, 24460
2, 24462
2, 24483
1, 24496
3, 24499
2, 24511
2, 24530
3, 24534
2, 24545
1, 24548
3, 24561
2, 24576
2, 24586
3, 24595
3, 24605
3, 24615
1, 24625
3, 24634
3, 24656
2, 24635
3, 24666
1, 24646
3, 24685
3, 24696
2, 24704
3, 24714
2, 24724
1, 24732
3, 24747
3, 24762
1, 24767
1, 24778
2, 24791
3, 24791
2, 24811
1, 24829
3, 24829
2, 24837
3, 24850
2, 24869
3, 24871
1, 24872
1, 24884
2, 24904
1, 24910
3, 24917
2, 24926
2, 24944
3, 24947
1, 24964
3, 24968
2, 24991
1, 24997
3, 24997
2, 25018
1, 25027
3, 25028
3, 25050
2, 25053
1, 25069
3, 25073
2, 25084
1, 25091
3, 25105
2, 25114
3, 25129
1, 25143
3, 25147
2, 25153
3, 25166
2, 25187
1, 25189
3, 25194
1, 25208
2, 25214
2, 25233
1, 25244
2, 25256
3, 25262
2, 25269
3, 25286
1, 25288
1, 25303
2, 25308
3, 25324
2, 25326
1, 25338
2, 25358
3, 25358
3, 25380
2, 25380
3, 25402
2, 25405
3, 25423
1, 25426
1, 25446
3, 25446
2, 25453
1, 25463
3, 25479
3, 25489
2, 25494
2, 25518
3, 25516
1, 25526
2, 25536
3, 25551
2, 25554
1, 25562
3, 25581
3, 25593
2, 25602
3, 25610
3, 25620
3, 25639
2, 25640
1, 25644
2, 25665
3, 25672
1, 25678
3, 25691
1, 25699
2, 25703
2, 25725
1, 25729
3, 25736
3, 25747
3, 25757
3, 25767
1, 25789
2, 25800
2, 25816
3, 25799
3, 25836
1, 25806
3, 25846
2, 25826
3, 25856
2, 25875
1, 25893
3, 25898
2, 25900
3, 25921
1, 25933
2, 25933
3, 25947
3, 25958
2, 25974
2, 25985
1, 25986
3, 25996
1, 26012
2, 26019
3, 26023
2, 26045
3, 26046
1, 26070
2, 26070
3, 26075
2, 26095
2, 26105
1, 26114
3, 26126
2, 26131
1, 26135
2, 26159
3, 26167
2, 26174
1, 26179
3, 26200
1, 26201
2, 26212
3, 26218
1, 26234
1, 26246
2, 26254
3, 26263
1, 26277
3, 26283
1, 26302
2, 26309
3, 26311
1, 26338
2, 26339
3, 26346
1, 26353
3, 26380
3, 26391
2, 26392
3, 26408
1, 26409
3, 26424
2, 26433
1, 26438
3, 26451
2, 26465
1, 26477
3, 26479
2, 26496
1, 26496
2, 26515
2, 26526
1, 26543
3, 26544
2, 26558
1, 26560
3, 26578
2, 26582
1, 26601
3, 26601
3, 26624
1, 26628
2, 26635
3, 26644
1, 26661
2, 26663
1, 26678
2, 26691
3, 26705
2, 26712
1, 26705
3, 26740
2, 26743
1, 26740
2, 26753
3, 26782
1, 26782
2, 26792
1, 26808
3, 26814
2, 26817
3, 26839
3, 26853
2, 26856
3, 26866
1, 26868
2, 26882
1, 26897
3, 26911
2, 26912
1, 26933
1, 26947
2, 26947
3, 26958
2, 26966
2, 26990
1, 26970
2, 27000
3, 26980
1, 27021
2, 27014
3, 27036
3, 27058
1, 27059
1, 27070
2, 27080
1, 27090
3, 27102
2, 27107
3, 27121
3, 27142
1, 27143
2, 27145
1, 27168
2, 27175
3, 27181
1, 27196
2, 27203
3, 27222
1, 27228
2, 27236
1, 27246
3, 27257
3, 27279
1, 27280
2, 27294
3, 27296
1, 27312
2, 27320
3, 27323
2, 27338
1, 27353
2, 27361
3, 27364
2, 27378
1, 27389
3, 27407
1, 27410
2, 27419
2, 27432
3, 27443
1, 27461
2, 27462
3, 27471
1, 27483
3, 27497
1, 27508
2, 27508
2, 27523
1, 27530
3, 27540
2, 27561
1, 27567
3, 27569
1, 27582
2, 27608
3, 27610
1, 27612
2, 27631
1, 27642
3, 27658
1, 27664
2, 27674
3, 27677
1, 27701
2, 27701
3, 27721
2, 27721
3, 27740
2, 27749
1, 27760
2, 27760
3, 27765
2, 27786
3, 27792
1, 27801
2, 27819
3, 27826
1, 27839
2, 27841
3, 27861
1, 27867
2, 27878
3, 27886
1, 27890
2, 27906
1, 27915
3, 27929
2, 27939
2, 27950
1, 27961
3, 27968
2, 27980
1, 27987
2, 28005
3, 28010
1, 28021
2, 28032
3, 28045
1, 28055
2, 28058
1, 28075
3, 28084
2, 28090
1, 28098
3, 28111
2, 28125
1, 28138
1, 28149
1, 28169
3, 28153
1, 28180
2, 28158
3, 28200
2, 28213
1, 28216
3, 28223
3, 28244
1, 28255
2, 28256
2, 28280
1, 28283
3, 28284
1, 28304
2, 28312
3, 28323
2, 28341
1, 28341
3, 28352
2, 28359
3, 28381
3, 28392
1, 28399
2, 28401
3, 28415
3, 28426
2, 28440
1, 28440
3, 28456
2, 28459
3, 28476
2, 28491
3, 28499
1, 28497
3, 28516
1, 28534
3, 28538
2, 28543
3, 28557
1, 28569
3, 28575
1, 28596
2, 28600
3, 28601
2, 28623
3, 28629
1, 28642
3, 28647
2, 28667
3, 28678
2, 28678
2, 28699
1, 28698
3, 28714
3, 28725
1, 28736
2, 28746
3, 28746
1, 28766
2, 28772
1, 28786
3, 28788
2, 28809
3, 28821
1, 28830
2, 28842
1, 28842
3, 28867
2, 28867
1, 28875
3, 28893
2, 28904
2, 28914
1, 28914
2, 28928
3, 28936
2, 28945
1, 28959
3, 28968
2, 28978
1, 28992
2, 29002
3, 29005
3, 29031
1, 29029
2, 29040
3, 29055
1, 29060
2, 29072
3, 29087
1, 29090
2, 29095
2, 29120
3, 29127
1, 29128
3, 29141
3, 29153
3, 29173
2, 29173
1, 29187
3, 29192
2, 29206
3, 29219
1, 29219
3, 29242
2, 29253
1, 29253
2, 29276
3, 29277
1, 29289
3, 29300
2, 29311
3, 29320
3, 29341
1, 29322
3, 29351
2, 29331
1, 29375
3, 29379
2, 29388
1, 29402
2, 29414
3, 29414
1, 29433
2, 29441
3, 29456
1, 29470
2, 29477
3, 29473
1, 29492
2, 29508
3, 29519
1, 29519
3, 29538
2, 29546
1, 29553
3, 29560
3, 29583
2, 29593
2, 29604
1, 29604
3, 29624
1, 29631
2, 29632
2, 29658
2, 29668
3, 29668
1, 29682
3, 29690
2, 29697
3, 29713
3, 29724
1, 29734
2, 29736
2, 29759
3, 29762
1, 29775
2, 29778
3, 29788
1, 29801
2, 29819
1, 29828
3, 29830
2, 29845
3, 29847
2, 29865
1, 29873
3, 29892
1, 29896
2, 29907
1, 29918
3, 29928
2, 29932
2, 29943
2, 29964
1, 29963
2, 29981
3, 29988
1, 30000
3, 30006
2, 30018
1, 30031
2, 30045
1, 30052
3, 30054
2, 30075
3, 30083
1, 30084
3, 30103
2, 30118
1, 30123
1, 30136
3, 30140
2, 30151
2, 30162
2, 30180
3, 30186
3, 30197
1, 30196
3, 30215
2, 30223
3, 30234
1, 30248
3, 30256
2, 30262
3, 30277
2, 30294
1, 30292
2, 30305
3, 30323
2, 30324
1, 30340
3, 30343
2, 30358
3, 30373
1, 30378
2, 30391
3, 30391
3, 30414
2, 30427
3, 30431
1, 30434
3, 30456
1, 30460
1, 30474
3, 30489
3, 30504
2, 30489
3, 30514
1, 30494
3, 30543
2, 30543
1, 30550
2, 30561
2, 30581
3, 30583
1, 30595
2, 30610
3, 30620
2, 30629
1, 30630
2, 30642
3, 30661
3, 30672
2, 30673
1, 30684
3, 30699
2, 30712
1, 30719
3, 30726
2, 30745
2, 30757
3, 30758
1, 30764
1, 30781
2, 30791
1, 30800
3, 30810
2, 30822
3, 30839
1, 30838
2, 30851
3, 30864
1, 30873
1, 30886
2, 30900
3, 30901
1, 30916
3, 30926
2, 30928
3, 30948
3, 30959
1, 30969
2, 30971
1, 30984
3, 30996
2, 31009
1, 31012
1, 31036
3, 31038
2, 31044
1, 31059
2, 31066
1, 31086
3, 31096
2, 31096
3, 31115
1, 31122
2, 31126
3, 31143
2, 31158
1, 31159
2, 31174
1, 31184
3, 31192
2, 31205
3, 31218
2, 31226
1, 31229
3, 31246
2, 31257
3, 31276
1, 31276
2, 31286
1, 31299
3, 31309
2, 31316
3, 31329
1, 31340
3, 31352
2, 31357
1, 31368
3, 31374
1, 31395
2, 31405
3, 31405
1, 31419
2, 31425
3, 31444
1, 31445
1, 31456
3, 31470
3, 31493
1, 31494
2, 31506
1, 31515
1, 31536
3, 31536
2, 31542
3, 31556
1, 31570
2, 31575
3, 31585
2, 31603
1, 31603
3, 31621
2, 31632
3, 31638
3, 31655
1, 31653
1, 31681
3, 31667
1, 31692
2, 31670
3, 31715
1, 31726
3, 31732
2, 31737
1, 31755
3, 31767
2, 31768
3, 31787
1, 31797
3, 31805
2, 31812
3, 31832
2, 31833
2, 31853
3, 31857
1, 31861
2, 31867
3, 31889
3, 31903
2, 31903
1, 31918
3, 31922
1, 31942
3, 31947
2, 31953
3, 31964
2, 31976
1, 31985
1, 31999
3, 32005
3, 32016
1, 32033
3, 32046
3, 32056
3, 32066
2, 32073
1, 32077
3, 32082
2, 32104
3, 32118
1, 32116
2, 32134
3, 32143
2, 32157
1, 32164
2, 32171
3, 32180
2, 32193
3, 32208
1, 32209
1, 32228
2, 32238
3, 32239
3, 32262
1, 32270
2, 32281
1, 32282
2, 32307
3, 32307
1, 32312
3, 32322
1, 32340
2, 32353
3, 32354
2, 32372
1, 32372
3, 32397
2, 32397
1, 32408
2, 32414
2, 32438
3, 32438
2, 32456
1, 32461
3, 32466
2, 32492
3, 32492
1, 32494
2, 32518
3, 32520
1, 32532
3, 32540
3, 32551
2, 32556
3, 32580
2, 32587
1, 32587
2, 32603
2, 32626
1, 32626
3, 32634
2, 32641
3, 32661
2, 32667
1, 32670
3, 32682
2, 32705
3, 32708
1, 32718
2, 32726
2, 32736
3, 32750
2, 32755
1, 32775
3, 32780
2, 32778
1, 32801
2, 32816
3, 32817
1, 32831
1, 32853
2, 32837
1, 32864
3, 32842
3, 32892
2, 32897
3, 32910
3, 32920
1, 32920
3, 32938
2, 32945
1, 32948
3, 32959
3, 32981
3, 32993
2, 32996
2, 33006
1, 33010
3, 33030
1, 33036
2, 33041
3, 33062
2, 33075
1, 33075
3, 33090
2, 33103
3, 33114
1, 33113
3, 33131
2, 33133
1, 33153
2, 33157
3, 33168
3, 33188
2, 33194
1, 33193
2, 33212
3, 33223
1, 33226
2, 33247
3, 33252
1, 33256
2, 33267
1, 33287
2, 33298
1, 33308
3, 33316
2, 33320
3, 33338
1, 33343
2, 33348
3, 33372
2, 33380
1, 33387
3, 33390
1, 33411
2, 33426
1, 33429
3, 33435
2, 33454
3, 33465
3, 33475
1, 33472
3, 33492
2, 33492
3, 33516
2, 33522
3, 33532
3, 33543
1, 33547
2, 33553
2, 33581
1, 33581
3, 33591
2, 33593
2, 33621
1, 33619
2, 33637
3, 33643
2, 33653
1, 33667
2, 33673
3, 33683
1, 33687
2, 33713
3, 33713
1, 33722
2, 33731
1, 33753
3, 33754
1, 33774
2, 33778
3, 33779
2, 33803
1, 33813
2, 33819
3, 33826
2, 33843
1, 33847
3, 33867
1, 33871
2, 33876
1, 33890
3, 33904
2, 33908
1, 33923
2, 33934
3, 33937
1, 33948
2, 33966
3, 33974
1, 33987
1, 33999
3, 34005
3, 34028
2, 34009
3, 34038
1, 34018
2, 34066
3, 34066
2, 34082
3, 34090
1, 34091
3, 34108
2, 34118
1, 34133
3, 34135
2, 34149
3, 34152
1, 34173
3, 34174
3, 34198
2, 34203
1, 34201
2, 34215
1, 34239
2, 34251
1, 34251
3, 34261
2, 34268
1, 34282
3, 34299
2, 34308
1, 34314
3, 34320
1, 34345
3, 34346
2, 34353
3, 34374
3, 34385
1, 34390
2, 34390
3, 34408
1, 34412
2, 34427
2, 34438
1, 34453
2, 34460
3, 34464
2, 34484
3, 34488
3, 34508
2, 34513
1, 34520
1, 34532
3, 34536
2, 34561
3, 34562
1, 34570
2, 34573
2, 34595
1, 34602
2, 34616
3, 34616
1, 34637
1, 34648
2, 34655
3, 34667
2, 34678
1, 34680
3, 34704
2, 34716
1, 34718
3, 34716
3, 34746
1, 34748
2, 34749
1, 34771
3, 34778
2, 34788
1, 34805
3, 34812
2, 34820
1, 34823
2, 34848
1, 34850
3, 34859
1, 34874
2, 34888
3, 34889
3, 34908
1, 34914
3, 34929
2, 34937
1, 34937
3, 34961
1, 34965
2, 34967
3, 34986
2, 34994
3, 35006
1, 35024
2, 35026
3, 35035
1, 35050
3, 35056
2, 35063
2, 35086
3, 35091
1, 35092
2, 35110
3, 35121
1, 35121
1, 35145
2, 35150
3, 35158
1, 35175
1, 35194
3, 35179
1, 35205
2, 35183
3, 35235
1, 35235
2, 35242
3, 35251
2, 35269
1, 35275
3, 35282
1, 35305
2, 35306
3, 35315
1, 35333
3, 35341
2, 35341
3, 35358
1, 35372
3, 35374
2, 35391
3, 35405
1, 35408
2, 35416
3, 35435
2, 35439
1, 35446
2, 35465
1, 35477
3, 35478
2, 35491
3, 35510
1, 35510
2, 35524
3, 35530
1, 35544
2, 35557
3, 35566
1, 35580
2, 35582
1, 35600
2, 35610
3, 35621
1, 35622
3, 35642
2, 35649
1, 35650
1, 35672
2, 35678
3, 35693
1, 35698
2, 35703
3, 35728
2, 35732
1, 35735
2, 35757
3, 35759
2, 35780
1, 35783
3, 35783
1, 35810
2, 35812
3, 35820
1, 35836
3, 35840
2, 35863
3, 35863
1, 35871
2, 35889
3, 35890
1, 35907
2, 35917
3, 35919
2, 35944
1, 35946
3, 35950
2, 35971
1, 35974
3, 35984
3, 36006
2, 36007
1, 36019
3, 36027
2, 36035
2, 36046
1, 36068
2, 36070
3, 36080
2, 36089
1, 36100
2, 36117
3, 36121
1, 36135
2, 36144
3, 36145
1, 36173
3, 36173
2, 36182
1, 36191
3, 36204
2, 36212
3, 36233
1, 36237
2, 36237
1, 36259
3, 36271
2, 36271
1, 36295
3, 36295
2, 36300
3, 36321
1, 36326
2, 36342
1, 36348
1, 36371
2, 36357
1, 36382
3, 36360
2, 36401
3, 36412
1, 36423
2, 36435
3, 36435
1, 36461
3, 36463
2, 36471
3, 36483
1, 36494
2, 36508
3, 36514
1, 36525
2, 36544
3, 36546
1, 36550
1, 36561
2, 36574
1, 36585
2, 36606
1, 36606
3, 36619
2, 36625
3, 36646
2, 36649
2, 36660
1, 36667
3, 36681
2, 36692
1, 36696
2, 36716
1, 36719
3, 36730
3, 36741
1, 36760
2, 36760
3, 36772
2, 36788
1, 36792
3, 36797
2, 36818
3, 36830
1, 36830
2, 36847
3, 36858
3, 36870
1, 36877
2, 36882
2, 36892
3, 36905
1, 36925
2, 36927
2, 36942
3, 36958
2, 36960
1, 36958
3, 36986
3, 36997
1, 36998
2, 37002
1, 37024
2, 37033
3, 37043
1, 37045
1, 37067
2, 37075
3, 37086
1, 37087
3, 37105
1, 37115
3, 37127
2, 37132
3, 37149
2, 37154
1, 37166
2, 37178
3, 37182
1, 37197
1, 37208
2, 37214
2, 37224
3, 37228
3, 37238
3, 37259
1, 37270
2, 37278
3, 37280
1, 37308
2, 37308
3, 37328
2, 37329
1, 37337
3, 37358
2, 37358
3, 37376
1, 37382
2, 37390
3, 37407
1, 37409
2, 37414
1, 37434
2, 37439
2, 37450
3, 37466
2, 37478
1, 37478
3, 37494
1, 37507
3, 37520
2, 37520
2, 37547
2, 37557
3, 37530
1, 37537
2, 37567
2, 37577
2, 37587
2, 37599
2, 37609
3, 37632
2, 37636
3, 37647
1, 37660
3, 37667
2, 37670
2, 37680
2, 37698
3, 37711
2, 37716
1, 37722
2, 37746
1, 37746
3, 37757
3, 37768
2, 37785
1, 37786
1, 37799
3, 37812
2, 37817
3, 37826
3, 37850
3, 37860
2, 37862
1, 37870
3, 37880
2, 37898
1, 37908
3, 37908
2, 37925
1, 37927
3, 37938
3, 37953
1, 37963
3, 37975
2, 37981
1, 37992
3, 38011
2, 38013
1, 38034
1, 38045
3, 38052
1, 38059
2, 38062
3, 38084
2, 38096
1, 38096
3, 38113
2, 38125
1, 38125
2, 38145
3, 38145
1, 38165
3, 38179
2, 38185
1, 38195
3, 38208
2, 38210
1, 38217
2, 38240
1, 38245
3, 38247
1, 38268
2, 38275
3, 38290
1, 38298
2, 38301
1, 38321
3, 38328
2, 38339
1, 38349
3, 38360
2, 38366
1, 38388
3, 38391
2, 38396
2, 38418
3, 38418
3, 38429
1, 38435
1, 38456
3, 38464
3, 38476
2, 38481
1, 38494
2, 38505
3, 38518
1, 38520
2, 38534
3, 38545
1, 38548
2, 38571
1, 38574
3, 38591
3, 38601
2, 38610
1, 38622
3, 38622
2, 38640
1, 38655
1, 38666
3, 38667
3, 38677
2, 38683
3, 38696
3, 38721
1, 38705
3, 38731
2, 38711
2, 38760
1, 38763
3, 38774
1, 38787
2, 38788
2, 38810
3, 38813
1, 38825
2, 38836
3, 38847
1, 38855
2, 38863
3, 38872
2, 38893
1, 38893
3, 38905
2, 38915
2, 38925
1, 38938
3, 38947
2, 38957
1, 38960
3, 38986
1, 38988
2, 38989
3, 39015
1, 39016
2, 39036
1, 39038
3, 39048
1, 39059
1, 39070
3, 39083
2, 39095
2, 39105
3, 39119
2, 39124
1, 39125
3, 39149
3, 39160
2, 39161
3, 39173
2, 39186
1, 39188
3, 39206
2, 39216
3, 39218
3, 39239
3, 39249
2, 39259
3, 39265
1, 39268
3, 39293
2, 39296
1, 39297
1, 39321
3, 39327
3, 39340
2, 39343
3, 39354
1, 39366
3, 39384
2, 39384
1, 39403
2, 39410
3, 39415
2, 39430
3, 39443
1, 39447
2, 39454
2, 39466
1, 39485
2, 39492
3, 39502
2, 39518
1, 39520
3, 39533
2, 39551
1, 39551
3, 39560
1, 39582
2, 39582
3, 39594
2, 39604
1, 39617
3, 39627
2, 39627
2, 39649
1, 39657
1, 39668
3, 39679
2, 39679
3, 39694
2, 39710
3, 39715
1, 39726
2, 39742
2, 39757
1, 39761
3, 39761
1, 39783
3, 39791
2, 39799
3, 39808
1, 39816
2, 39836
3, 39839
1, 39850
3, 39857
3, 39876
3, 39894
2, 39876
3, 39904
1, 39884
2, 39931
3, 39932
1, 39943
2, 39952
3, 39959
3, 39982
2, 39982
1, 39996
3, 40007
2, 40015
1, 40020
2, 40034
3, 40045
2, 40052
2, 40063
3, 40081
1, 40087
2, 40091
2, 40117
3, 40119
1, 40117
3, 40133
3, 40155
2, 40154
2, 40176
1, 40181
3, 40182
2, 40201
1, 40210
3, 40211
1, 40231
3, 40240
3, 40253
2, 40259
1, 40265
3, 40280
3, 40298
3, 40308
2, 40308
3, 40321
1, 40328
1, 40351
2, 40357
3, 40360
1, 40380
2, 40384
3, 40393
1, 40412
2, 40415
3, 40427
1, 40439
1, 40453
3, 40459
2, 40469
3, 40479
1, 40483
2, 40501
3, 40512
2, 40521
1, 40526
3, 40545
1, 40551
2, 40554
1, 40576
2, 40585
1, 40593
3, 40598
1, 40612
3, 40634
2, 40641
3, 40645
1, 40649
2, 40666
1, 40679
3, 40688
2, 40690
3, 40712
1, 40715
2, 40720
1, 40737
3, 40750
1, 40759
2, 40766
3, 40772
2, 40793
1, 40794
3, 40804
2, 40819
3, 40837
1, 40838
3, 40855
2, 40855
1, 40876
3, 40884
2, 40887
3, 40906
1, 40912
2, 40915
2, 40937
3, 40947
1, 40949
2, 40971
3, 40974
1, 40984
2, 40993
2, 41008
3, 41016
1, 41019
3, 41035
3, 41058
1, 41044
3, 41068
2, 41048
1, 41095
3, 41096
2, 41113
1, 41125
2, 41125
2, 41145
3, 41144
1, 41162
3, 41165
2, 41184
2, 41197
1, 41200
2, 41209
3, 41228
2, 41229
1, 41245
3, 41254
2, 41255
3, 41272
1, 41276
3, 41294
2, 41309
2, 41323
1, 41324
2, 41334
3, 41339
2, 41357
1, 41362
3, 41374
2, 41377
3, 41394
3, 41406
1, 41419
2, 41436
1, 41437
3, 41444
1, 41462
2, 41470
3, 41470
2, 41493
1, 41500
3, 41513
3, 41526
1, 41533
1, 41545
2, 41544
3, 41557
1, 41566
2, 41590
3, 41591
1, 41598
3, 41607
2, 41630
3, 41632
1, 41641
3, 41651
2, 41657
3, 41680
1, 41684
3, 41690
2, 41709
3, 41721
1, 41729
1, 41740
2, 41744
1, 41756
3, 41769
2, 41776
1, 41782
3, 41797
1, 41811
2, 41820
1, 41830
3, 41837
2, 41848
1, 41855
3, 41872
2, 41873
2, 41897
3, 41897
1, 41910
3, 41923
1, 41937
2, 41940
3, 41958
1, 41963
2, 41967
1, 41992
2, 41995
3, 42007
1, 42018
2, 42028
1, 42038
2, 42051
1, 42061
2, 42074
3, 42076
2, 42090
1, 42097
3, 42119
2, 42119
1, 42131
2, 42144
3, 42144
2, 42168
1, 42174
3, 42175
2, 42197
1, 42199
3, 42209
3, 42235
2, 42217
1, 42225
3, 42254
2, 42262
3, 42275
1, 42288
2, 42296
1, 42309
3, 42316
1, 42337
2, 42337
3, 42344
1, 42358
2, 42368
1, 42381
3, 42386
1, 42404
3, 42410
2, 42418
3, 42436
2, 42438
2, 42458
1, 42459
3, 42467
1, 42486
2, 42488
3, 42507
2, 42516
3, 42528
2, 42536
1, 42539
1, 42550
2, 42559
2, 42570
2, 42591
3, 42591
2, 42614
3, 42615
1, 42616
1, 42641
2, 42649
3, 42651
2, 42667
1, 42674
2, 42689
3, 42691
3, 42703
1, 42718
3, 42722
1, 42747
2, 42747
3, 42759
1, 42767
3, 42789
2, 42793
1, 42796
2, 42821
1, 42822
3, 42824
3, 42848
1, 42855
1, 42866
2, 42868
2, 42878
2, 42896
3, 42904
2, 42918
1, 42930
2, 42934
3, 42941
2, 42953
3, 42964
3, 42974
1, 42989
1, 43000
2, 43005
2, 43015
3, 43018
3, 43028
2, 43050
1, 43055
3, 43067
3, 43078
1, 43096
3, 43102
2, 43107
3, 43121
2, 43139
1, 43139
2, 43149
3, 43155
1, 43171
2, 43177
3, 43195
2, 43207
3, 43213
1, 43216
2, 43241
3, 43244
1, 43244
2, 43268
3, 43268
1, 43281
3, 43301
1, 43306
2, 43307
1, 43327
3, 43337
2, 43342
2, 43361
1, 43366
3, 43373
3, 43388
3, 43409
2, 43390
3, 43419
1, 43399
3, 43447
1, 43448
2, 43455
3, 43466
2, 43477
1, 43493
3, 43502
2, 43512
1, 43515
3, 43533
2, 43547
2, 43557
3, 43564
1, 43565
2, 43584
3, 43594
1, 43596
3, 43619
2, 43624
1, 43633
3, 43644
2, 43656
1, 43669
3, 43677
2, 43678
2, 43699
1, 43707
3, 43712
2, 43728
1, 43736
3, 43742
2, 43758
1, 43760
3, 43783
2, 43794
1, 43794
3, 43814
2, 43814
2, 43826
3, 43846
1, 43851
2, 43853
3, 43869
3, 43889
1, 43890
1, 43901
2, 43907
1, 43926
3, 43929
1, 43952
2, 43954
3, 43961
1, 43969
3, 43989
1, 44000
2, 44009
3, 44009
2, 44033
1, 44038
3, 44039
1, 44060
3, 44076
1, 44081
2, 44081
2, 44103
3, 44113
1, 44114
1, 44128
1, 44139
3, 44158
2, 44167
1, 44169
2, 44183
3, 44198
2, 44204
3, 44214
1, 44223
2, 44239
3, 44239
1, 44262
3, 44263
2, 44275
1, 44282
3, 44304
1, 44307
2, 44313
3, 44331
1, 44337
2, 44350
3, 44351
2, 44371
1, 44379
3, 44385
2, 44404
1, 44404
2, 44424
3, 44424
2, 44440
1, 44451
3, 44463
2, 44468
2, 44478
1, 44496
2, 44503
3, 44505
3, 44531
1, 44535
2, 44536
1, 44557
3, 44562
3, 44586
2, 44569
3, 44596
1, 44576
2, 44623
3, 44623
1, 44632
2, 44643
3, 44655
1, 44665
1, 44676
2, 44680
2, 44690
3, 44699
3, 44714
2, 44729
3, 44732
3, 44743
1, 44764
2, 44774
3, 44781
2, 44794
1, 44801
3, 44804
2, 44821
1, 44839
2, 44841
3, 44852
2, 44858
1, 44868
2, 44881
3, 44889
3, 44912
1, 44913
2, 44924
3, 44935
1, 44945
2, 44954
3, 44957
2, 44973
1, 44988
3, 44992
2, 45005
1, 45009
3, 45026
1, 45037
2, 45046
3, 45054
1, 45065
3, 45078
2, 45098
3, 45098
1, 45106
3, 45124
2, 45124
2, 45135
2, 45156
3, 45161
1, 45169
2, 45178
3, 45185
3, 45196
2, 45220
1, 45221
1, 45233
3, 45234
1, 45260
3, 45271
2, 45271
1, 45290
3, 45294
2, 45300
3, 45314
1, 45323
2, 45337
3, 45341
2, 45356
1, 45372
3, 45374
2, 45396
3, 45398
1, 45400
3, 45418
1, 45433
2, 45439
3, 45448
1, 45454
3, 45479
2, 45479
1, 45487
2, 45504
3, 45505
2, 45522
1, 45526
2, 45544
1, 45553
3, 45560
1, 45575
3, 45586
2, 45586
2, 45609
1, 45615
3, 45624
2, 45636
2, 45646
1, 45648
3, 45662
3, 45676
1, 45688
2, 45693
1, 45714
2, 45719
3, 45721
3, 45749
2, 45730
3, 45759
1, 45739
3, 45778
2, 45790
1, 45792
1, 45818
2, 45818
3, 45832
1, 45845
2, 45851
1, 45864
2, 45873
3, 45877
2, 45900
1, 45905
3, 45905
1, 45921
2, 45934
3, 45950
1, 45960
2, 45960
3, 45973
1, 45990
2, 45991
1, 46010
2, 46016
3, 46024
2, 46042
1, 46046
3, 46052
1, 46069
3, 46081
3, 46093
2, 46103
1, 46105
3, 46124
1, 46127
2, 46136
3, 46151
1, 46163
2, 46170
3, 46181
2, 46198
1, 46201
3, 46213
1, 46221
2, 46239
3, 46247
1, 46253
2, 46260
3, 46274
2, 46284
1, 46292
2, 46307
3, 46320
3, 46330
1, 46334
2, 46341
2, 46362
1, 46366
1, 46377
3, 46387
1, 46402
2, 46409
3, 46412
1, 46434
1, 46445
2, 46450
2, 46460
3, 46463
3, 46473
2, 46498
3, 46499
2, 46519
1, 46520
3, 46532
1, 46541
3, 46551
2, 46570
1, 46570
3, 46579
2, 46604
1, 46607
1, 46618
3, 46627
1, 46631
2, 46651
1, 46658
2, 46669
3, 46687
3, 46699
2, 46702
1, 46709
1, 46720
3, 46728
1, 46752
3, 46752
2, 46755
2, 46778
3, 46778
2, 46796
1, 46800
3, 46810
2, 46821
1, 46841
3, 46843
1, 46860
2, 46867
3, 46868
1, 46891
2, 46893
2, 46917
2, 46928
1, 46917
2, 46938
2, 46948
3, 46918
3, 46976
1, 46978
2, 46986
1, 47006
2, 47011
3, 47015
1, 47035
3, 47039
2, 47048
3, 47066
1, 47067
1, 47078
3, 47100
2, 47100
1, 47112
3, 47128
1, 47134
2, 47135
1, 47152
2, 47172
3, 47172
1, 47183
2, 47201
2, 47211
3, 47214
3, 47226
1, 47231
2, 47239
3, 47263
2, 47269
1, 47270
1, 47282
3, 47299
2, 47302
1, 47320
2, 47334
3, 47334
2, 47350
2, 47360
1, 47369
3, 47390
3, 47400
2, 47405
3, 47412
1, 47419
1, 47430
1, 47441
1, 47458
3, 47470
2, 47475
1, 47487
1, 47498
3, 47511
1, 47517
2, 47527
2, 47537
2, 47547
3, 47555
1, 47570
1, 47581
2, 47590
3, 47605
2, 47609
2, 47620
2, 47630
1, 47638
3, 47649
2, 47655
3, 47678
1, 47679
3, 47701
2, 47704
3, 47715
3, 47733
2, 47734
1, 47740
1, 47751
2, 47767
3, 47774
1, 47785
2, 47798
1, 47807
3, 47809
2, 47819
1, 47828
2, 47846
1, 47854
3, 47863
3, 47873
3, 47883
3, 47893
2, 47901
2, 47911
2, 47921
2, 47935
1, 47941
3, 47963
1, 47978
3, 47980
2, 47995
1, 47999
3, 48002
1, 48018
1, 48038
3, 48045
2, 48051
1, 48063
2, 48078
3, 48080
2, 48096
3, 48107
3, 48117
1, 48093
1, 48131
3, 48153
1, 48155
3, 48172
2, 48179
1, 48185
3, 48192
2, 48212
3, 48220
1, 48213
2, 48245
1, 48247
3, 48259
3, 48271
1, 48288
2, 48291
2, 48303
3, 48303
2, 48317
3, 48328
3, 48338
1, 48350
3, 48356
2, 48371
3, 48384
1, 48385
2, 48408
1, 48416
3, 48417
1, 48441
3, 48442
2, 48456
1, 48465
3, 48477
2, 48488
1, 48495
3, 48498
3, 48516
1, 48523
3, 48530
2, 48545
1, 48567
3, 48568
2, 48578
2, 48593
3, 48594
3, 48613
2, 48628
3, 48632
1, 48630
2, 48650
3, 48651
3, 48676
3, 48686
1, 48694
2, 48702
3, 48713
1, 48728
2, 48730
2, 48746
3, 48753
2, 48766
1, 48772
3, 48776
1, 48798
3, 48801
2, 48815
1, 48821
3, 48826
2, 48842
1, 48851
2, 48862
1, 48875
3, 48878
3, 48908
2, 48908
1, 48920
2, 48929
3, 48932
3, 48950
3, 48965
3, 48975
1, 48980
2, 48982
3, 49001
1, 49015
2, 49023
3, 49035
2, 49035
3, 49048
2, 49063
3, 49075
2, 49083
1, 49087
3, 49093
3, 49112
3, 49122
3, 49135
2, 49131
3, 49150
1, 49168
3, 49170
3, 49186
2, 49184
3, 49201
3, 49218
1, 49226
3, 49233
2, 49236
2, 49246
2, 49275
2, 49285
2, 49295
1, 49256
2, 49305
2, 49315
3, 49265
1, 49341
2, 49344
2, 49356
3, 49356
3, 49375
2, 49387
3, 49396
2, 49403
3, 49424
2, 49424
1, 49432
2, 49445
3, 49449
3, 49477
2, 49479
1, 49485
3, 49488
3, 49509
3, 49525
2, 49523
3, 49539
1, 49540
3, 49549
3, 49564
3, 49581
3, 49597
2, 49599
3, 49608
1, 49614
3, 49623
3, 49637
2, 49647
2, 49659
3, 49671
1, 49674
2, 49682
2, 49695
3, 49709
1, 49722
2, 49729
3, 49742
3, 49752
1, 49760
3, 49772
2, 49776
1, 49786
3, 49794
1, 49816
3, 49826
3, 49844
1, 49847
3, 49855
2, 49863
1, 49870
3, 49886
3, 49904
1, 49910
2, 49911
3, 49928
1, 49942
2, 49945
3, 49959
2, 49970
1, 49972
1, 49986
3, 49997
3, 50007
1, 50018
2, 50027
1, 50042
2, 50048
3, 50055
2, 50079
2, 50089
2, 50102
1, 50104
3, 50104
3, 50126
1, 50134
3, 50145
2, 50150
2, 50168
3, 50170
3, 50190
1, 50191
2, 50206
1, 50217
3, 50226
1, 50240
2, 50247
2, 50258
3, 50261
1, 50280
3, 50293
2, 50297
1, 50300
2, 50317
2, 50328
3, 50334
3, 50350
3, 50370
1, 50371
1, 50384
2, 50389
3, 50405
2, 50407
2, 50418
2, 50443
2, 50453
2, 50463
1, 50427
3, 50433
3, 50490
1, 50493
2, 50495
3, 50512
3, 50522
3, 50532
2, 50546
1, 50551
3, 50571
1, 50578
2, 50579
3, 50596
3, 50606
3, 50619
1, 50625
2, 50632
3, 50640
1, 50662
3, 50664
3, 50683
1, 50686
2, 50697
3, 50703
1, 50722
3, 50731
1, 50740
3, 50761
1, 50768
3, 50772
2, 50786
1, 50791
3, 50799
2, 50812
3, 50820
3, 50830
1, 50845
3, 50853
2, 50870
3, 50875
1, 50872
2, 50894
3, 50901
2, 50914
3, 50924
3, 50934
1, 50948
2, 50954
3, 50963
3, 50973
3, 50990
2, 50994
1, 50997
2, 51008
3, 51028
3, 51038
2, 51054
1, 51056
3, 51062
2, 51074
2, 51089
3, 51096
1, 51101
3, 51125
1, 51131
2, 51131
3, 51150
3, 51160
1, 51178
3, 51180
2, 51196
2, 51206
1, 51216
1, 51228
3, 51228
2, 51239
3, 51246
3, 51267
3, 51277
1, 51279
1, 51291
2, 51309
1, 51316
3, 51328
1, 51333
2, 51344
3, 51350
1, 51372
2, 51378
3, 51382
1, 51395
2, 51406
3, 51421
2, 51428
1, 51432
3, 51444
3, 51454
3, 51467
1, 51482
2, 51489
3, 51496
3, 51514
2, 51524
1, 51527
3, 51539
3, 51558
2, 51558
3, 51570
3, 51588
3, 51603
2, 51588
3, 51613
1, 51593
2, 51625
3, 51640
2, 51661
3, 51665
1, 51663
3, 51681
3, 51698
1, 51709
3, 51717
2, 51724
1, 51726
3, 51746
2, 51742
3, 51767
1, 51768
2, 51780
3, 51787
3, 51797
1, 51814
3, 51827
3, 51837
3, 51850
2, 51861
1, 51865
3, 51877
2, 51893
1, 51896
1, 51908
3, 51912
3, 51928
3, 51945
2, 51947
3, 51956
2, 51975
3, 51983
1, 51983
1, 52012
3, 52012
3, 52026
2, 52025
3, 52037
3, 52055
1, 52056
1, 52068
2, 52083
3, 52100
1, 52104
2, 52106
1, 52123
3, 52139
1, 52148
2, 52163
3, 52169
1, 52164
1, 52197
3, 52199
2, 52206
2, 52221
3, 52224
3, 52242
1, 52254
2, 52262
1, 52272
3, 52272
2, 52294
1, 52299
1, 52310
3, 52318
2, 52337
3, 52346
1, 52358
2, 52359
2, 52383
2, 52393
3, 52393
1, 52407
3, 52412
3, 52423
2, 52439
1, 52446
1, 52459
3, 52461
3, 52479
3, 52489
1, 52505
2, 52509
3, 52517
1, 52520
2, 52542
1, 52549
3, 52552
1, 52574
3, 52583
2, 52592
3, 52604
1, 52593
1, 52621
2, 52629
1, 52646
3, 52649
2, 52672
3, 52676
1, 52674
3, 52686
3, 52709
3, 52719
1, 52726
2, 52731
1, 52746
3, 52757
3, 52779
2, 52762
2, 52799
1, 52769
2, 52809
3, 52789
1, 52824
2, 52840
1, 52854
3, 52855
3, 52876
2, 52878
3, 52887
1, 52900
3, 52915
2, 52923
3, 52928
1, 52946
3, 52953
2, 52958
1, 52965
1, 52987
3, 52996
2, 52996
3, 53019
1, 53022
2, 53027
1, 53042
3, 53054
2, 53066
1, 53072
3, 53085
2, 53095
2, 53107
3, 53123
1, 53125
2, 53134
3, 53145
3, 53155
3, 53174
1, 53179
2, 53180
3, 53197
3, 53207
1, 53230
2, 53230
3, 53239
1, 53244
3, 53272
2, 53269
3, 53284
1, 53284
3, 53307
1, 53310
2, 53315
1, 53330
2, 53350
1, 53354
3, 53357
3, 53375
3, 53392
2, 53392
3, 53406
1, 53414
2, 53421
3, 53437
2, 53448
3, 53455
1, 53476
3, 53477
2, 53485
3, 53491
2, 53516
1, 53518
3, 53530
1, 53530
3, 53551
2, 53551
3, 53565
1, 53586
2, 53586
1, 53602
3, 53595
2, 53614
1, 53639
2, 53645
3, 53656
1, 53656
3, 53669
2, 53690
3, 53693
1, 53695
3, 53719
2, 53725
2, 53735
1, 53749
2, 53752
1, 53769
3, 53776
2, 53791
1, 53792
3, 53805
2, 53824
1, 53828
3, 53829
3, 53844
2, 53855
3, 53871
1, 53874
2, 53891
3, 53901
1, 53902
3, 53923
2, 53930
2, 53952
3, 53936
2, 53962
3, 53979
1, 53942
3, 53989
2, 53997
1, 54007
3, 54028
1, 54033
2, 54046
2, 54056
3, 54061
2, 54075
3, 54085
1, 54090
2, 54106
3, 54117
2, 54129
1, 54129
3, 54144
3, 54163
2, 54166
2, 54176
1, 54186
3, 54198
2, 54211
1, 54211
3, 54223
2, 54242
1, 54245
1, 54257
3, 54269
3, 54287
2, 54293
3, 54301
1, 54313
3, 54323
2, 54329
1, 54337
3, 54353
2, 54362
1, 54369
2, 54377
3, 54401
2, 54403
1, 54412
3, 54424
3, 54441
2, 54444
1, 54455
3, 54459
2, 54470
1, 54482
2, 54497
3, 54507
2, 54519
3, 54526
3, 54536
1, 54542
3, 54552
3, 54569
3, 54579
2, 54586
1, 54595
3, 54601
2, 54617
3, 54630
2, 54640
1, 54645
3, 54658
3, 54668
2, 54679
2, 54689
3, 54698
3, 54716
3, 54727
2, 54731
3, 54740
1, 54750
1, 54762
2, 54771
3, 54783
2, 54787
2, 54811
1, 54812
1, 54826
3, 54826
2, 54851
3, 54853
2, 54864
1, 54875
2, 54885
3, 54885
3, 54904
3, 54914
2, 54923
1, 54932
3, 54943
2, 54951
3, 54957
3, 54983
1, 54986
2, 54990
2, 55000
2, 55014
2, 55025
3, 55032
2, 55048
1, 55051
3, 55061
3, 55083
2, 55091
3, 55096
2, 55108
1, 55107
2, 55120
3, 55135
2, 55152
1, 55156
3, 55159
3, 55183
1, 55189
2, 55198
1, 55210
3, 55220
2, 55222
3, 55243
1, 55244
1, 55263
2, 55275
2, 55286
3, 55285
1, 55300
3, 55320
2, 55326
3, 55336
1, 55339
1, 55350
2, 55372
3, 55379
1, 55389
3, 55390
2, 55409
1, 55410
3, 55426
2, 55436
1, 55440
3, 55460
2, 55463
3, 55480
1, 55481
3, 55499
3, 55509
2, 55515
2, 55525
3, 55548
1, 55549
2, 55558
3, 55576
1, 55583
2, 55584
3, 55603
1, 55604
3, 55619
1, 55633
3, 55645
2, 55651
3, 55659
3, 55675
1, 55676
2, 55697
3, 55708
2, 55718
1, 55720
2, 55731
3, 55743
2, 55753
1, 55760
1, 55772
3, 55786
1, 55794
2, 55814
3, 55814
1, 55826
2, 55843
3, 55850
1, 55852
1, 55879
3, 55880
2, 55892
1, 55895
3, 55911
2, 55913
2, 55939
3, 55946
2, 55956
1, 55957
1, 55968
3, 55978
3, 55991
3, 56001
3, 56024
1, 56025
2, 56027
2, 56037
3, 56054
2, 56056
3, 56070
3, 56080
3, 56097
2, 56107
3, 56111
3, 56129
1, 56139
3, 56147
2, 56152
3, 56170
2, 56173
1, 56187
3, 56199
2, 56203
3, 56212
3, 56237
1, 56239
2, 56245
1, 56258
1, 56281
2, 56265
1, 56292
3, 56270
1, 56319
3, 56324
2, 56327
3, 56339
2, 56347
1, 56367
3, 56369
1, 56392
2, 56392
3, 56399
2, 56422
1, 56423
3, 56426
2, 56452
3, 56462
2, 56469
1, 56470
3, 56490
1, 56494
2, 56511
3, 56514
2, 56535
1, 56540
3, 56542
3, 56561
1, 56574
2, 56578
1, 56594
3, 56600
3, 56610
3, 56620
2, 56631
3, 56641
1, 56643
1, 56671
3, 56672
3, 56690
1, 56693
2, 56698
3, 56708
1, 56729
3, 56742
2, 56747
1, 56748
2, 56769
3, 56776
2, 56794
1, 56798
3, 56798
3, 56814
1, 56829
2, 56839
3, 56849
1, 56851
2, 56874
3, 56876
3, 56886
2, 56901
3, 56912
1, 56921
2, 56924
3, 56941
2, 56949
3, 56965
1, 56972
2, 56976
3, 56999
2, 56999
1, 57013
3, 57016
2, 57035
2, 57046
3, 57055
2, 57063
1, 57065
1, 57092
3, 57092
3, 57111
2, 57113
1, 57124
3, 57129
3, 57144
1, 57160
3, 57166
2, 57167
2, 57184
3, 57195
1, 57206
2, 57215
2, 57225
3, 57233
3, 57251
1, 57256
2, 57261
1, 57285
3, 57285
2, 57297
3, 57307
1, 57326
3, 57328
1, 57349
3, 57353
2, 57357
3, 57367
2, 57385
3, 57394
1, 57399
1, 57410
3, 57432
2, 57432
2, 57454
3, 57442
2, 57464
1, 57444
3, 57480
3, 57493
2, 57509
3, 57522
1, 57522
2, 57537
3, 57544
1, 57560
3, 57564
3, 57579
2, 57583
1, 57599
2, 57603
3, 57616
1, 57622
2, 57636
3, 57654
1, 57652
2, 57673
2, 57684
3, 57685
3, 57702
2, 57711
1, 57714
2, 57735
3, 57742
2, 57750
1, 57755
3, 57761
3, 57780
2, 57798
1, 57799
3, 57809
3, 57826
3, 57836
1, 57841
2, 57847
3, 57869
1, 57876
2, 57877
3, 57884
1, 57897
3, 57920
3, 57931
3, 57941
2, 57943
3, 57959
1, 57958
3, 57982
3, 57992
2, 58002
3, 58003
2, 58026
1, 58026
3, 58037
2, 58040
3, 58063
2, 58065
1, 58079
2, 58087
3, 58094
3, 58112
2, 58124
2, 58135
1, 58136
3, 58149
3, 58159
2, 58168
3, 58170
2, 58190
1, 58196
3, 58200
2, 58220
2, 58231
3, 58245
2, 58253
1, 58256
2, 58270
3, 58282
3, 58299
1, 58300
3, 58309
2, 58317
3, 58324
3, 58339
3, 58357
1, 58361
2, 58364
1, 58383
3, 58399
2, 58403
3, 58413
3, 58430
1, 58434
3, 58442
2, 58451
1, 58461
1, 58487
2, 58470
1, 58498
3, 58476
2, 58524
1, 58531
3, 58527
2, 58540
2, 58552
3, 58565
1, 58583
3, 58588
1, 58601
1, 58622
2, 58602
1, 58633
3, 58611
1, 58655
3, 58662
2, 58666
3, 58675
3, 58692
2, 58706
3, 58716
1, 58724
3, 58732
2, 58751
3, 58752
3, 58768
1, 58766
3, 58781
3, 58799
2, 58799
3, 58824
3, 58834
2, 58839
1, 58843
3, 58849
3, 58871
2, 58884
1, 58888
3, 58886
1, 58912
3, 58920
1, 58931
2, 58936
3, 58950
1, 58957
2, 58974
3, 58982
1, 58984
1, 59011
3, 59011
2, 59019
2, 59029
3, 59053
1, 59052
3, 59065
2, 59065
3, 59081
1, 59098
1, 59109
2, 59118
1, 59121
3, 59133
3, 59155
3, 59165
2, 59169
3, 59176
1, 59190
2, 59195
3, 59203
2, 59225
3, 59227
3, 59244
1, 59253
2, 59254
3, 59268
1, 59281
2, 59283
2, 59301
3, 59315
2, 59325
1, 59329
3, 59332
3, 59349
2, 59361
1, 59364
3, 59372
3, 59398
3, 59408
2, 59417
1, 59417
2, 59436
3, 59443
1, 59446
3, 59455
2, 59477
1, 59484
3, 59498
2, 59504
1, 59508
3, 59525
2, 59529
3, 59541
1, 59562
1, 59573
2, 59575
3, 59591
2, 59599
1, 59600
3, 59617
3, 59627
1, 59637
2, 59644
2, 59667
1, 59667
3, 59691
1, 59691
2, 59697
1, 59711
1, 59722
3, 59733
1, 59744
3, 59759
2, 59761
2, 59773
2, 59796
2, 59806
1, 59777
3, 59786
2, 59824
1, 59832
3, 59848
1, 59857
2, 59865
3, 59872
3, 59890
2, 59902
1, 59911
3, 59913
2, 59922
3, 59931
3, 59941
3, 59955
1, 59973
2, 59975
3, 59980
3, 60008
2, 60009
1, 60022
3, 60025
2, 60046
2, 60058
1, 60062
2, 60071
3, 60088
3, 60098
3, 60108
2, 60111
1, 60116
3, 60133
1, 60139
2, 60160
3, 60162
2, 60181
1, 60181
3, 60195
2, 60197
3, 60210
1, 60224
3, 60238
1, 60246
2, 60249
3, 60267
3, 60279
2, 60285
3, 60293
3, 60309
3, 60325
2, 60327
2, 60343
3, 60349
3, 60365
2, 60367
1, 60377
3, 60385
1, 60398
3, 60408
2, 60412
1, 60420
2, 60435
3, 60442
2, 60460
3, 60473
2, 60480
1, 60495
1, 60506
1, 60521
3, 60521
2, 60529
1, 60537
1, 60548
3, 60562
2, 60582
1, 60585
3, 60591
3, 60601
3, 60615
2, 60628
2, 60641
3, 60649
1, 60657
1, 60669
2, 60672
1, 60688
3, 60698
2, 60708
3, 60712
1, 60720
2, 60739
1, 60748
3, 60754
2, 60777
2, 60791
1, 60792
3, 60804
1, 60804
3, 60817
3, 60833
3, 60848
1, 60853
2, 60856
1, 60875
3, 60880
2, 60898
3, 60903
3, 60923
2, 60926
1, 60927
3, 60945
1, 60957
2, 60948
3, 60970
3, 60987
3, 61004
2, 61007
1, 61008
2, 61035
3, 61047
2, 61048
3, 61062
2, 61077
1, 61077
3, 61088
2, 61100
1, 61105
1, 61117
1, 61128
2, 61147
3, 61147
1, 61156
3, 61176
2, 61179
3, 61192
1, 61206
2, 61209
3, 61216
2, 61242
3, 61242
1, 61255
2, 61261
3, 61274
1, 61288
3, 61298
2, 61304
3, 61313
1, 61327
2, 61331
2, 61342
3, 61353
3, 61363
1, 61380
3, 61385
2, 61395
1, 61404
2, 61424
3, 61424
3, 61442
2, 61448
1, 61454
3, 61461
2, 61484
3, 61487
1, 61500
2, 61507
1, 61521
3, 61527
3, 61537
3, 61553
2, 61568
3, 61570
3, 61588
1, 61585
2, 61609
3, 61611
3, 61621
1, 61632
3, 61636
3, 61654
1, 61657
1, 61668
3, 61677
3, 61687
2, 61696
2, 61708
1, 61723
3, 61730
2, 61745
3, 61754
1, 61769
3, 61774
2, 61786
1, 61791
2, 61805
3, 61821
1, 61833
3, 61837
2, 61842
2, 61869
1, 61870
2, 61888
3, 61893
2, 61907
3, 61912
1, 61918
2, 61923
3, 61939
3, 61962
1, 61962
2, 61969
3, 61986
1, 61995
2, 61998
1, 62010
3, 62021
2, 62039
3, 62047
3, 62064
2, 62066
1, 62066
2, 62083
3, 62089
1, 62114
1, 62128
3, 62115
2, 62117
3, 62147
1, 62155
3, 62163
2, 62181
1, 62183
3, 62199
3, 62212
3, 62222
3, 62232
3, 62242
3, 62252
3, 62262
3, 62272
3, 62282
3, 62292
3, 62302
3, 62312
3, 62322
3, 62332
3, 62342
3, 62352
3, 62362
3, 62372
3, 62382
3, 62392
3, 62402
3, 62412
3, 62422
3, 62432
3, 62442
3, 62452
3, 62462
3, 62472
3, 62482
3, 62492
3, 62502
3, 62512
3, 62522
3, 62532
3, 62542
2, 62551
1, 62559
3, 62568
2, 62571
2, 62596
1, 62599
3, 62602
3, 62619
1, 62628
3, 62637
2, 62650
3, 62661
2, 62665
3, 62683
3, 62693
1, 62702
3, 62709
2, 62720
2, 62733
3, 62752
1, 62752
2, 62767
3, 62772
3, 62782
3, 62792
1, 62807
3, 62809
1, 62830
1, 62841
2, 62849
3, 62860
2, 62868
3, 62879
1, 62893
2, 62895
3, 62908
2, 62917
1, 62928
3, 62940
2, 62944
1, 62953
3, 62967
3, 62978
2, 62986
3, 63004
3, 63015
1, 63016
1, 63033
1, 63044
1, 63055
1, 63066
1, 63077
1, 63088
1, 63099
1, 63110
1, 63121
1, 63132
1, 63143
1, 63154
1, 63165
1, 63176
1, 63187
1, 63198
1, 63209
1, 63220
1, 63231
1, 63242
1, 63253
2, 63261
3, 63270
3, 63280
3, 63304
1, 63288
1, 63325
2, 63294
1, 63336
3, 63314
1, 63364
3, 63366
2, 63377
1, 63379
2, 63399
1, 63401
2, 63419
1, 63422
1, 63434
3, 63450
3, 63460
1, 63467
3, 63485
2, 63494
1, 63495
3, 63510
3, 63520
1, 63530
2, 63538
2, 63561
1, 63566
3, 63567
3, 63587
1, 63589
2, 63609
3, 63611
3, 63632
2, 63636
1, 63645
1, 63656
2, 63670
3, 63678
1, 63682
2, 63689
3, 63711
3, 63722
2, 63734
3, 63740
1, 63741
3, 63752
3, 63770
2, 63780
1, 63782
2, 63807
3, 63815
2, 63820
1, 63833
3, 63840
2, 63848
1, 63857
3, 63864
1, 63883
3, 63889
2, 63907
1, 63915
2, 63922
3, 63932
1, 63949
1, 63960
3, 63975
3, 63985
2, 63993
1, 63998
1, 64009
1, 64025
3, 64036
2, 64037
3, 64049
1, 64054
2, 64063
3, 64079
1, 64082
3, 64104
1, 64111
2, 64115
3, 64143
1, 64143
2, 64154
3, 64155
2, 64169
1, 64181
3, 64197
2, 64211
3, 64218
1, 64219
3, 64232
3, 64249
1, 64258
2, 64261
3, 64274
1, 64294
2, 64298
3, 64305
2, 64318
1, 64325
2, 64346
1, 64351
3, 64352
3, 64371
2, 64380
3, 64388
1, 64405
3, 64410
1, 64421
2, 64423
2, 64449
1, 64452
3, 64453
3, 64484
1, 64464
1, 64505
2, 64474
1, 64516
3, 64494
1, 64539
3, 64547
3, 64557
2, 64562
1, 64575
2, 64587
2, 64604
1, 64607
3, 64616
2, 64634
1, 64637
3, 64647
3, 64657
3, 64670
1, 64679
1, 64693
2, 64700
3, 64713
1, 64728
2, 64729
3, 64744
2, 64754
1, 64756
2, 64775
3, 64777
3, 64798
1, 64803
2, 64812
3, 64825
1, 64827
3, 64842
2, 64857
1, 64861
3, 64880
2, 64882
3, 64895
2, 64911
1, 64917
3, 64922
2, 64938
3, 64947
1, 64961
3, 64970
2, 64977
3, 64987
3, 65006
1, 65012
2, 65012
3, 65031
2, 65034
3, 65048
1, 65063
2, 65065
3, 65072
1, 65087
2, 65110
3, 65110
1, 65125
3, 65135
2, 65143
1, 65145
3, 65166
1, 65169
3, 65192
2, 65193
3, 65207
1, 65216
2, 65227
3, 65237
2, 65254
1, 65255
3, 65265
1, 65274
2, 65294
1, 65295
3, 65307
2, 65311
1, 65336
3, 65337
3, 65357
3, 65367
1, 65368
2, 65375
3, 65391
1, 65397
2, 65421
3, 65420
1, 65429
2, 65445
2, 65456
3, 65461
2, 65474
1, 65476
3, 65489
2, 65501
1, 65520
3, 65520
1, 65539
3, 65544
2, 65548
3, 65559
3, 65580
3, 65592
1, 65593
2, 65608
2, 65618
3, 65623
3, 65642
3, 65658
2, 65645
3, 65668
1, 65648
2, 65680
1, 65702
3, 65703
1, 65725
3, 65727
1, 65747
2, 65751
3, 65756
1, 65763
2, 65784
1, 65795
3, 65795
2, 65819
3, 65823
3, 65841
2, 65844
1, 65846
3, 65863
2, 65873
1, 65877
3, 65888
3, 65908
1, 65910
3, 65926
3, 65936
3, 65953
1, 65959
2, 65963
2, 65976
3, 65989
1, 65990
1, 66003
3, 66021
2, 66027
1, 66039
3, 66049
2, 66052
3, 66070
2, 66075
1, 66087
3, 66101
2, 66104
3, 66116
1, 66138
3, 66139
2, 66153
1, 66163
3, 66175
1, 66184
2, 66188
2, 66210
1, 66215
3, 66217
1, 66233
3, 66246
3, 66256
2, 66265
3, 66271
3, 66290
1, 66297
2, 66307
3, 66318
1, 66326
2, 66347
1, 66348
3, 66351
2, 66361
1, 66387
2, 66389
3, 66396
2, 66407
3, 66420
2, 66431
1, 66441
2, 66441
2, 66467
1, 66471
3, 66473
1, 66490
3, 66504
2, 66505
1, 66519
3, 66528
3, 66538
2, 66558
1, 66563
2, 66579
3, 66584
1, 66589
3, 66611
2, 66612
3, 66626
1, 66635
3, 66644
3, 66656
3, 66673
1, 66680
2, 66680
3, 66699
2, 66705
3, 66721
3, 66731
2, 66738
1, 66740
3, 66752
3, 66762
3, 66777
3, 66793
1, 66805
1, 66821
3, 66808
1, 66832
2, 66810
1, 66859
3, 66861
3, 66882
1, 66883
2, 66892
2, 66906
1, 66913
3, 66919
2, 66939
3, 66940
1, 66961
2, 66962
3, 66975
1, 66987
2, 66999
1, 67009
3, 66999
2, 67022
1, 67040
3, 67049
2, 67064
3, 67067
1, 67076
3, 67100
2, 67100
1, 67113
3, 67129
2, 67130
3, 67142
3, 67159
1, 67162
2, 67166
3, 67176
3, 67194
2, 67202
1, 67205
1, 67226
3, 67236
1, 67246
2, 67256
3, 67263
1, 67272
2, 67285
3, 67296
3, 67306
3, 67319
3, 67335
2, 67339
1, 67339
3, 67351
3, 67369
2, 67373
1, 67381
3, 67397
2, 67408
3, 67413
3, 67430
2, 67445
1, 67453
3, 67453
3, 67471
3, 67481
1, 67497
2, 67499
3, 67505
2, 67527
1, 67529
3, 67537
2, 67544
2, 67555
1, 67572
1, 67584
3, 67592
3, 67603
2, 67608
1, 67631
3, 67633
2, 67646
1, 67649
3, 67664
2, 67671
1, 67679
3, 67697
1, 67707
2, 67711
1, 67727
3, 67741
2, 67746
3, 67753
1, 67773
3, 67773
2, 67791
3, 67796
3, 67815
1, 67816
2, 67824
3, 67840
2, 67848
3, 67855
2, 67869
2, 67880
3, 67889
2, 67907
1, 67908
3, 67916
3, 67926
3, 67944
2, 67958
1, 67960
3, 67970
3, 67993
2, 67974
3, 68003
1, 67983
2, 68019
3, 68029
3, 68047
2, 68055
3, 68060
1, 68068
3, 68089
2, 68095
1, 68095
2, 68118
3, 68120
2, 68141
2, 68152
3, 68154
3, 68170
1, 68175
2, 68185
3, 68198
1, 68203
2, 68208
1, 68229
3, 68238
2, 68248
2, 68258
2, 68272
1, 68274
2, 68291
3, 68300
1, 68300
2, 68318
2, 68330
3, 68343
2, 68347
1, 68354
2, 68375
1, 68383
3, 68383
3, 68407
1, 68417
2, 68417
3, 68437
2, 68439
1, 68454
3, 68461
3, 68477
2, 68486
2, 68496
3, 68512
2, 68515
1, 68521
3, 68532
2, 68537
1, 68548
3, 68564
3, 68574
2, 68584
1, 68592
3, 68597
2, 68624
3, 68626
3, 68638
1, 68641
3, 68649
3, 68675
1, 68681
2, 68681
3, 68694
3, 68704
3, 68726
1, 68734
2, 68734
3, 68747
3, 68757
1, 68778
3, 68778
2, 68788
1, 68802
3, 68794
2, 68817
1, 68828
2, 68841
3, 68845
1, 68855
3, 68868
3, 68885
2, 68892
1, 68896
2, 68918
3, 68920
3, 68938
1, 68945
2, 68957
3, 68967
1, 68976
3, 68994
2, 68992
3, 69011
1, 69014
3, 69035
1, 69039
2, 69039
1, 69056
3, 69068
2, 69078
1, 69086
3, 69097
2, 69112
1, 69115
3, 69135
1, 69146
1, 69164
3, 69147
1, 69175
2, 69153
3, 69189
1, 69201
3, 69212
3, 69227
2, 69236
3, 69252
1, 69252
2, 69272
3, 69277
1, 69280
3, 69305
2, 69303
3, 69315
1, 69322
3, 69342
2, 69344
3, 69356
2, 69373
1, 69381
1, 69394
2, 69405
3, 69409
1, 69420
2, 69436
2, 69449
3, 69452
1, 69462
3, 69469
2, 69477
1, 69491
2, 69503
1, 69512
3, 69515
3, 69534
2, 69543
1, 69552
3, 69566
1, 69580
2, 69584
3, 69595
2, 69614
3, 69616
3, 69630
2, 69643
1, 69644
3, 69654
3, 69664
2, 69677
3, 69687
1, 69699
3, 69710
2, 69717
1, 69723
3, 69735
2, 69755
1, 69761
3, 69763
2, 69780
3, 69796
2, 69804
3, 69811
1, 69815
3, 69834
3, 69844
3, 69858
2, 69865
1, 69865
3, 69881
3, 69900
2, 69908
1, 69910
2, 69921
3, 69932
2, 69940
2, 69957
1, 69958
1, 69980
3, 69988
2, 69995
3, 70002
1, 70016
3, 70023
2, 70032
3, 70053
1, 70060
1, 70071
2, 70076
1, 70086
3, 70097
3, 70113
2, 70115
3, 70127
1, 70137
3, 70159
1, 70161
2, 70162
3, 70184
1, 70192
3, 70199
2, 70210
3, 70228
2, 70232
1, 70234
3, 70255
2, 70268
1, 70269
3, 70277
3, 70287
3, 70297
2, 70317
2, 70336
3, 70324
2, 70346
2, 70357
1, 70326
2, 70367
1, 70389
3, 70391
3, 70409
1, 70416
2, 70429
1, 70437
3, 70442
2, 70456
2, 70467
3, 70487
1, 70490
2, 70490
3, 70509
1, 70512
1, 70523
1, 70548
3, 70555
2, 70555
3, 70575
1, 70591
2, 70592
3, 70599
3, 70616
1, 70626
1, 70637
1, 70653
3, 70657
2, 70661
3, 70680
3, 70690
1, 70695
3, 70701
1, 70721
3, 70722
3, 70741
2, 70747
3, 70753
3, 70774
2, 70783
1, 70787
3, 70791
3, 70808
3, 70818
1, 70837
3, 70840
2, 70847
1, 70856
3, 70864
2, 70885
1, 70888
3, 70898
3, 70908
2, 70921
2, 70931
1, 70940
1, 70951
3, 70968
3, 70982
1, 70983
2, 70995
3, 71006
1, 71007
1, 71018
2, 71048
1, 71048
3, 71053
3, 71071
2, 71075
1, 71087
3, 71103
2, 71110
1, 71118
1, 71130
3, 71137
2, 71154
1, 71164
3, 71165
1, 71189
2, 71190
3, 71202
3, 71212
3, 71225
1, 71233
1, 71245
2, 71254
1, 71267
3, 71272
2, 71284
2, 71296
3, 71308
3, 71319
1, 71326
3, 71338
2, 71341
2, 71368
1, 71368
3, 71380
1, 71380
2, 71404
1, 71413
3, 71417
2, 71436
3, 71441
2, 71457
1, 71457
3, 71471
3, 71481
3, 71493
3, 71513
1, 71499
1, 71534
2, 71503
1, 71545
3, 71523
2, 71564
1, 71578
3, 71580
2, 71600
3, 71607
1, 71624
2, 71626
3, 71633
1, 71644
3, 71658
1, 71668
2, 71675
3, 71690
1, 71707
3, 71709
3, 71726
2, 71726
3, 71740
1, 71748
3, 71758
2, 71766
1, 71781
3, 71792
1, 71802
2, 71812
3, 71824
1, 71828
2, 71835
1, 71860
3, 71860
2, 71878
3, 71885
3, 71895
3, 71907
1, 71917
2, 71929
3, 71941
1, 71942
3, 71956
2, 71968
3, 71972
1, 71993
2, 71997
3, 72003
3, 72013
3, 72023
3, 72046
2, 72049
1, 72050
2, 72063
1, 72074
2, 72100
3, 72100
1, 72103
2, 72121
1, 72134
2, 72138
3, 72149
1, 72171
2, 72175
3, 72172
2, 72202
1, 72202
3, 72209
3, 72229
2, 72236
1, 72247
3, 72248
1, 72268
2, 72272
3, 72282
2, 72305
3, 72306
1, 72310
3, 72325
1, 72335
2, 72356
1, 72360
3, 72360
2, 72387
1, 72387
2, 72399
3, 72402
3, 72424
2, 72426
3, 72439
1, 72444
3, 72459
2, 72469
1, 72479
3, 72484
1, 72499
2, 72523
3, 72523
1, 72532
3, 72544
3, 72554
2, 72570
1, 72575
3, 72571
2, 72589
3, 72609
3, 72619
1, 72630
1, 72641
2, 72655
1, 72655
1, 72679
3, 72660
1, 72690
2, 72668
1, 72702
3, 72715
3, 72725
2, 72735
1, 72750
3, 72757
1, 72781
3, 72781
3, 72797
1, 72803
3, 72816
2, 72817
3, 72830
1, 72842
3, 72848
1, 72872
3, 72873
2, 72888
3, 72890
2, 72911
3, 72920
2, 72930
3, 72934
1, 72941
3, 72964
2, 72967
1, 72977
3, 72985
3, 73006
2, 73008
1, 73015
3, 73021
3, 73037
2, 73041
3, 73062
3, 73072
1, 73073
1, 73084
1, 73099
2, 73117
1, 73122
3, 73138
2, 73140
3, 73152
1, 73165
3, 73174
2, 73188
1, 73192
3, 73195
1, 73215
3, 73218
3, 73237
2, 73246
1, 73247
3, 73263
1, 73273
3, 73294
1, 73296
2, 73310
3, 73321
1, 73323
2, 73333
3, 73349
2, 73355
2, 73373
1, 73375
3, 73386
3, 73397
2, 73414
1, 73418
1, 73429
3, 73438
1, 73450
3, 73472
3, 73482
2, 73492
1, 73494
3, 73495
3, 73513
3, 73528
1, 73538
3, 73553
3, 73564
1, 73565
2, 73577
3, 73585
3, 73595
3, 73609
1, 73617
2, 73624
3, 73633
2, 73646
3, 73652
1, 73667
2, 73680
3, 73680
3, 73701
2, 73706
3, 73727
3, 73737
1, 73737
3, 73750
2, 73761
1, 73771
3, 73781
1, 73795
3, 73800
2, 73811
3, 73814
2, 73835
2, 73853
1, 73841
3, 73843
1, 73874
2, 73863
3, 73884
3, 73898
1, 73918
2, 73923
3, 73929
2, 73940
3, 73950
2, 73963
2, 73974
1, 73990
3, 73993
2, 74001
3, 74006
2, 74027
3, 74037
2, 74044
2, 74054
3, 74068
2, 74084
1, 74088
3, 74089
2, 74114
1, 74117
3, 74131
1, 74140
2, 74142
3, 74161
2, 74175
1, 74182
2, 74185
1, 74199
3, 74209
2, 74223
3, 74233
3, 74243
1, 74256
1, 74267
1, 74278
2, 74287
3, 74300
1, 74303
2, 74306
1, 74328
3, 74331
2, 74343
3, 74355
3, 74373
1, 74378
2, 74379
3, 74399
1, 74408
2, 74411
3, 74431
2, 74433
3, 74448
2, 74460
1, 74462
3, 74471
3, 74482
3, 74497
2, 74512
2, 74523
1, 74526
2, 74537
3, 74546
3, 74556
2, 74571
3, 74579
2, 74592
1, 74601
2, 74603
3, 74621
3, 74637
2, 74644
1, 74652
3, 74657
2, 74671
3, 74685
1, 74688
3, 74709
2, 74708
1, 74730
3, 74733
2, 74741
1, 74751
3, 74759
1, 74775
2, 74791
3, 74792
1, 74808
2, 74814
2, 74831
3, 74837
1, 74856
3, 74857
2, 74865
3, 74870
3, 74888
3, 74904
1, 74912
2, 74913
3, 74929
1, 74942
2, 74950
3, 74962
1, 74966
2, 74974
1, 74990
1, 75001
1, 75024
3, 75009
1, 75035
2, 75013
3, 75047
3, 75062
3, 75078
2, 75086
1, 75086
1, 75098
3, 75123
2, 75127
1, 75129
3, 75149
1, 75161
2, 75166
2, 75177
3, 75182
2, 75203
3, 75209
2, 75227
1, 75229
3, 75230
3, 75255
3, 75265
3, 75279
2, 75281
1, 75283
2, 75307
1, 75309
3, 75312
3, 75333
1, 75342
2, 75357
1, 75365
3, 75365
2, 75383
3, 75401
1, 75406
2, 75406
3, 75416
3, 75432
3, 75450
2, 75458
1, 75466
1, 75477
3, 75481
3, 75498
1, 75501
2, 75517
1, 75526
3, 75531
2, 75551
1, 75565
2, 75568
3, 75577
3, 75587
2, 75603
3, 75609
3, 75619
1, 75633
1, 75649
2, 75650
3, 75661
3, 75677
2, 75679
1, 75691
2, 75704
1, 75713
3, 75715
1, 75735
2, 75746
3, 75747
3, 75764
1, 75775
2, 75783
1, 75801
3, 75804
2, 75817
3, 75825
1, 75835
3, 75850
2, 75850
2, 75870
1, 75875
3, 75887
2, 75899
2, 75914
3, 75919
1, 75927
1, 75946
2, 75949
1, 75960
3, 75964
2, 75982
2, 75995
3, 76000
2, 76016
1, 76020
3, 76024
3, 76041
3, 76058
2, 76064
3, 76073
1, 76078
2, 76097
1, 76101
3, 76118
2, 76122
2, 76133
1, 76141
3, 76151
2, 76169
3, 76175
2, 76187
1, 76179
2, 76198
3, 76213
2, 76225
3, 76241
3, 76251
1, 76256
2, 76261
3, 76276
3, 76286
3, 76304
1, 76311
3, 76320
2, 76323
3, 76331
3, 76359
1, 76359
2, 76367
1, 76380
3, 76383
1, 76401
3, 76410
2, 76418
1, 76428
3, 76434
1, 76454
2, 76459
1, 76475
3, 76486
3, 76496
3, 76508
2, 76517
1, 76528
3, 76539
2, 76543
1, 76547
2, 76558
2, 76574
3, 76590
2, 76592
1, 76612
3, 76614
3, 76630
2, 76643
1, 76647
3, 76649
3, 76670
1, 76677
2, 76684
3, 76698
3, 76708
1, 76718
3, 76722
3, 76751
2, 76751
1, 76757
2, 76778
1, 76780
3, 76783
3, 76803
1, 76817
3, 76821
2, 76831
1, 76838
3, 76852
3, 76862
3, 76876
1, 76885
2, 76895
3, 76907
3, 76917
3, 76928
2, 76936
1, 76939
2, 76954
3, 76968
1, 76982
3, 76988
2, 76982
1, 77009
3, 77016
3, 77033
1, 77047
2, 77047
3, 77060
2, 77074
1, 77076
3, 77085
3, 77102
2, 77110
1, 77116
3, 77122
3, 77142
2, 77146
2, 77161
1, 77173
3, 77181
2, 77187
1, 77196
3, 77215
1, 77222
2, 77229
3, 77236
2, 77255
3, 77257
1, 77276
3, 77284
3, 77305
3, 77315
1, 77320
3, 77328
2, 77332
2, 77358
3, 77340
2, 77368
3, 77384
1, 77348
3, 77394
2, 77403
2, 77415
3, 77430
2, 77439
3, 77446
3, 77457
1, 77475
3, 77480
3, 77496
2, 77494
1, 77513
3, 77515
3, 77534
3, 77549
2, 77546
1, 77562
3, 77566
2, 77580
2, 77601
1, 77602
3, 77609
3, 77630
3, 77640
2, 77640
3, 77650
1, 77658
3, 77670
3, 77680
3, 77694
2, 77698
3, 77705
1, 77723
3, 77737
1, 77746
2, 77746
2, 77770
3, 77775
2, 77788
1, 77789
1, 77802
3, 77818
2, 77829
1, 77832
1, 77844
3, 77859
2, 77869
3, 77878
1, 77887
2, 77904
1, 77911
3, 77911
1, 77938
3, 77944
2, 77937
2, 77966
3, 77971
2, 77988
3, 77991
1, 78000
2, 78012
3, 78025
2, 78039
1, 78040
3, 78049
3, 78059
3, 78073
2, 78088
1, 78094
3, 78095
3, 78119
3, 78129
1, 78137
3, 78146
2, 78157
1, 78167
3, 78173
2, 78182
1, 78190
2, 78208
3, 78216
3, 78233
1, 78236
1, 78247
2, 78256
2, 78279
2, 78289
3, 78291
1, 78304
1, 78315
3, 78323
2, 78339
3, 78340
1, 78344
1, 78361
3, 78375
2, 78386
1, 78387
1, 78413
3, 78414
2, 78422
3, 78434
3, 78453
2, 78455
3, 78468
1, 78469
2, 78487
1, 78498
3, 78499
3, 78529
2, 78508
3, 78539
3, 78551
1, 78519
2, 78568
2, 78579
3, 78596
2, 78600
1, 78600
2, 78610
1, 78630
3, 78642
2, 78651
3, 78660
2, 78678
3, 78685
1, 78685
3, 78700
1, 78715
3, 78722
2, 78735
1, 78740
3, 78752
2, 78760
3, 78779
2, 78786
1, 78787
1, 78812
2, 78814
2, 78826
3, 78833
1, 78842
1, 78863
2, 78869
2, 78886
3, 78890
1, 78901
1, 78912
2, 78917
2, 78930
1, 78941
3, 78947
2, 78953
3, 78963
1, 78982
3, 78988
2, 79003
3, 79012
1, 79031
2, 79034
3, 79034
2, 79049
3, 79060
2, 79076
1, 79082
3, 79085
1, 79104
3, 79107
3, 79129
2, 79139
1, 79139
3, 79157
3, 79174
1, 79177
2, 79178
3, 79198
2, 79209
1, 79210
3, 79227
2, 79240
1, 79243
3, 79250
3, 79272
2, 79274
2, 79298
3, 79298
1, 79302
1, 79314
2, 79338
3, 79341
1, 79350
2, 79356
3, 79365
3, 79375
3, 79390
1, 79405
3, 79409
2, 79420
2, 79431
3, 79447
2, 79452
1, 79466
3, 79469
2, 79486
3, 79491
1, 79513
2, 79514
3, 79522
1, 79527
2, 79543
2, 79560
3, 79563
3, 79582
3, 79592
2, 79595
1, 79601
3, 79613
2, 79631
3, 79639
2, 79652
1, 79653
3, 79669
2, 79681
2, 79699
1, 79683
2, 79709
3, 79689
2, 79730
1, 79731
2, 79760
1, 79761
3, 79762
3, 79772
2, 79784
2, 79807
1, 79811
3, 79813
3, 79829
1, 79839
3, 79855
2, 79865
1, 79873
3, 79875
2, 79892
1, 79904
2, 79916
3, 79925
2, 79929
3, 79951
1, 79959
2, 79959
3, 79970
2, 79987
1, 79999
3, 80002
2, 80020
2, 80032
1, 80033
3, 80046
2, 80063
1, 80067
3, 80069
3, 80085
2, 80102
1, 80108
3, 80111
2, 80133
1, 80140
3, 80153
1, 80166
3, 80173
2, 80177
3, 80192
1, 80200
2, 80212
3, 80220
1, 80232
3, 80242
3, 80252
3, 80263
3, 80273
3, 80283
3, 80293
3, 80303
3, 80313
3, 80323
3, 80333
3, 80343
3, 80353
3, 80363
3, 80373
3, 80383
3, 80393
3, 80403
3, 80413
3, 80423
3, 80433
3, 80443
3, 80453
3, 80463
3, 80473
3, 80483
3, 80493
3, 80503
3, 80513
3, 80523
3, 80533
3, 80543
3, 80553
3, 80563
3, 80573
3, 80583
3, 80593
3, 80603
3, 80613
3, 80623
3, 80633
3, 80643
3, 80653
3, 80663
3, 80673
3, 80683
3, 80693
3, 80703
3, 80713
3, 80723
3, 80733
3, 80743
3, 80753
3, 80763
3, 80773
3, 80783
3, 80793
3, 80803
3, 80813
3, 80823
3, 80833
3, 80843
3, 80853
3, 80863
3, 80873
3, 80883
2, 80892
1, 80898
1, 80911
1, 80922
3, 80934
1, 80939
1, 80950
1, 80964
3, 80979
1, 80992
3, 81001
1, 81015
1, 81027
3, 81036
1, 81043
2, 81049
3, 81067
2, 81071
1, 81090
3, 81093
3, 81108
2, 81119
1, 81126
3, 81120
3, 81152
1, 81155
2, 81158
1, 81174
2, 81183
2, 81194
3, 81209
1, 81211
2, 81235
2, 81246
3, 81249
2, 81266
1, 81267
3, 81280
2, 81283
3, 81303
1, 81310
2, 81314
1, 81329
3, 81336
1, 81357
3, 81360
1, 81379
2, 81382
2, 81394
3, 81400
2, 81416
3, 81429
2, 81435
1, 81447
2, 81461
2, 81471
3, 81472
3, 81482
1, 81493
1, 81505
3, 81510
1, 81526
3, 81532
3, 81553
1, 81555
2, 81571
3, 81574
2, 81593
1, 81595
3, 81600
3, 81622
1, 81637
2, 81638
1, 81653
3, 81658
3, 81680
1, 81680
3, 81696
3, 81707
2, 81713
3, 81721
1, 81728
2, 81741
3, 81745
3, 81767
3, 81777
1, 81785
2, 81788
2, 81806
1, 81814
3, 81825
2, 81837
1, 81843
3, 81847
3, 81871
2, 81884
1, 81884
3, 81898
2, 81896
3, 81915
1, 81931
2, 81935
3, 81949
2, 81967
1, 81967
3, 81989
2, 81993
1, 81993
3, 82010
3, 82032
2, 82018
2, 82052
1, 82022
2, 82062
3, 82042
2, 82081
3, 82092
1, 82094
3, 82106
3, 82117
1, 82139
3, 82142
2, 82146
1, 82157
2, 82175
3, 82185
1, 82199
2, 82201
1, 82217
3, 82228
2, 82235
1, 82244
3, 82256
2, 82264
3, 82280
1, 82288
3, 82298
1, 82312
2, 82325
3, 82328
1, 82340
3, 82355
2, 82359
3, 82371
1, 82386
2, 82389
3, 82404
1, 82413
2, 82418
3, 82423
2, 82443
3, 82451
1, 82466
3, 82469
1, 82487
3, 82494
2, 82500
1, 82510
3, 82517
3, 82539
3, 82549
1, 82557
1, 82569
2, 82572
2, 82596
3, 82600
1, 82605
2, 82612
2, 82633
3, 82635
1, 82644
2, 82661
3, 82667
1, 82681
3, 82699
2, 82699
1, 82712
3, 82714
3, 82736
1, 82746
3, 82756
2, 82756
3, 82775
2, 82789
3, 82794
1, 82795
1, 82824
2, 82824
3, 82828
2, 82847
1, 82857
3, 82860
2, 82876
3, 82890
1, 82902
3, 82904
1, 82923
3, 82925
2, 82937
1, 82942
2, 82963
1, 82973
3, 82973
2, 82991
1, 82984
3, 83016
2, 83021
2, 83032
1, 83036
3, 83047
3, 83057
1, 83065
3, 83088
2, 83092
1, 83103
3, 83105
3, 83128
2, 83139
2, 83152
1, 83156
3, 83157
1, 83172
1, 83197
3, 83178
1, 83208
2, 83186
3, 83224
3, 83248
1, 83248
2, 83251
1, 83262
1, 83283
1, 83294
3, 83307
1, 83309
2, 83320
3, 83335
2, 83342
3, 83354
1, 83367
3, 83370
2, 83385
2, 83396
3, 83406
1, 83414
2, 83428
1, 83434
1, 83445
2, 83454
3, 83460
3, 83472
1, 83488
2, 83493
1, 83508
3, 83527
2, 83527
1, 83540
1, 83553
3, 83565
2, 83565
2, 83590
2, 83600
3, 83601
1, 83609
2, 83618
2, 83636
2, 83647
1, 83653
3, 83657
2, 83678
1, 83687
2, 83696
3, 83700
1, 83709
1, 83729
3, 83740
1, 83750
2, 83757
3, 83762
2, 83782
2, 83792
3, 83800
3, 83810
1, 83812
2, 83825
3, 83838
1, 83840
3, 83858
3, 83869
2, 83878
1, 83883
3, 83891
3, 83901
3, 83923
2, 83929
1, 83935
3, 83942
3, 83965
1, 83976
2, 83977
3, 83992
1, 83997
1, 84008
3, 84022
1, 84034
2, 84046
3, 84053
1, 84059
2, 84073
3, 84081
2, 84093
1, 84105
3, 84117
1, 84128
2, 84135
1, 84144
3, 84159
3, 84170
1, 84184
3, 84188
2, 84201
3, 84205
1, 84218
2, 84234
2, 84245
3, 84254
2, 84263
1, 84265
3, 84286
1, 84288
1, 84310
2, 84314
3, 84314
2, 84338
1, 84341
3, 84347
3, 84376
1, 84356
3, 84386
2, 84366
3, 84402
3, 84413
1, 84422
2, 84443
1, 84444
2, 84456
3, 84464
1, 84485
1, 84496
2, 84503
3, 84505
1, 84522
2, 84531
3, 84533
3, 84548
3, 84564
2, 84564
1, 84585
2, 84592
3, 84605
2, 84611
1, 84619
3, 84639
2, 84641
1, 84645
3, 84673
2, 84673
1, 84687
1, 84698
3, 84709
1, 84720
2, 84722
1, 84737
3, 84745
3, 84765
2, 84767
1, 84778
3, 84786
2, 84796
3, 84802
3, 84813
1, 84831
3, 84834
1, 84852
2, 84860
3, 84868
1, 84888
2, 84888
3, 84903
1, 84902
2, 84932
3, 84941
2, 84943
1, 84950
2, 84964
3, 84972
1, 84981
2, 84995
2, 85007
3, 85015
1, 85019
3, 85032
3, 85054
1, 85055
2, 85062
3, 85080
1, 85090
2, 85096
2, 85109
3, 85112
1, 85124
3, 85137
1, 85150
2, 85160
3, 85162
2, 85180
3, 85195
2, 85201
1, 85202
2, 85217
2, 85236
3, 85239
1, 85256
2, 85258
1, 85269
3, 85276
2, 85299
1, 85303
3, 85305
1, 85325
2, 85340
1, 85344
3, 85348
1, 85361
3, 85375
3, 85385
2, 85390
2, 85404
1, 85410
1, 85425
3, 85436
2, 85455
3, 85458
1, 85461
3, 85483
2, 85493
1, 85501
3, 85500
1, 85531
2, 85530
2, 85553
2, 85563
2, 85573
1, 85543
2, 85583
3, 85533
1, 85608
3, 85614
2, 85612
3, 85627
3, 85648
2, 85651
3, 85668
2, 85675
1, 85678
3, 85689
2, 85704
2, 85717
3, 85729
1, 85734
2, 85740
1, 85753
1, 85771
3, 85785
2, 85785
1, 85793
3, 85807
3, 85817
3, 85835
3, 85846
2, 85850
1, 85861
3, 85871
2, 85878
3, 85892
1, 85893
1, 85909
3, 85916
2, 85936
3, 85940
1, 85950
2, 85963
3, 85967
2, 85980
1, 85991
3, 86004
2, 86007
1, 86030
2, 86038
3, 86038
2, 86053
2, 86069
1, 86080
2, 86085
3, 86092
2, 86112
3, 86115
1, 86121
3, 86134
2, 86155
1, 86155
3, 86159
3, 86172
2, 86190
1, 86201
3, 86213
2, 86220
1, 86231
3, 86232
1, 86250
3, 86260
2, 86268
3, 86290
1, 86300
2, 86306
3, 86306
1, 86326
2, 86331
3, 86343
1, 86356
2, 86356
2, 86368
3, 86379
3, 86394
2, 86408
1, 86408
1, 86420
3, 86434
1, 86451
3, 86453
3, 86477
2, 86477
2, 86492
1, 86493
1, 86504
3, 86520
1, 86521
3, 86545
3, 86556
1, 86562
2, 86563
1, 86578
3, 86591
3, 86601
1, 86617
2, 86618
1, 86640
2, 86641
2, 86661
1, 86663
3, 86671
3, 86681
3, 86691
2, 86698
2, 86726
1, 86706
2, 86736
2, 86748
3, 86716
2, 86768
2, 86778
3, 86795
1, 86796
2, 86806
3, 86811
1, 86828
3, 86831
3, 86851
2, 86860
1, 86860
3, 86877
2, 86893
3, 86900
1, 86894
3, 86917
2, 86932
1, 86937
3, 86953
2, 86960
1, 86966
3, 86973
1, 86997
3, 87006
3, 87018
2, 87023
3, 87031
1, 87042
1, 87057
3, 87062
2, 87084
2, 87094
3, 87102
1, 87102
3, 87120
1, 87125
3, 87145
1, 87147
2, 87153
3, 87161
3, 87181
1, 87193
2, 87197
3, 87207
1, 87221
3, 87235
1, 87241
2, 87242
1, 87257
3, 87273
1, 87277
1, 87299
3, 87301
1, 87321
3, 87324
2, 87331
2, 87343
3, 87354
2, 87370
3, 87380
1, 87391
2, 87391
1, 87408
3, 87415
2, 87430
3, 87433
1, 87448
3, 87462
2, 87469
2, 87479
2, 87490
1, 87494
3, 87511
1, 87521
1, 87532
2, 87540
3, 87549
1, 87559
2, 87579
3, 87579
1, 87593
3, 87595
2, 87620
1, 87623
3, 87624
1, 87646
3, 87657
2, 87665
1, 87668
3, 87681
1, 87704
2, 87704
3, 87720
2, 87728
1, 87739
3, 87745
1, 87760
2, 87770
3, 87772
1, 87787
2, 87800
3, 87807
1, 87815
1, 87826
3, 87852
1, 87853
2, 87865
2, 87875
2, 87894
1, 87882
3, 87884
1, 87917
3, 87928
1, 87940
2, 87941
1, 87957
3, 87958
2, 87970
2, 87980
1, 87998
2, 88005
3, 88023
1, 88026
2, 88035
3, 88056
1, 88057
1, 88068
2, 88084
1, 88093
2, 88095
3, 88111
1, 88120
2, 88141
1, 88142
3, 88146
1, 88163
3, 88169
1, 88183
3, 88205
1, 88205
2, 88209
3, 88233
2, 88241
1, 88243
2, 88257
3, 88261
2, 88277
1, 88284
3, 88296
2, 88306
1, 88314
3, 88323
1, 88339
3, 88345
1, 88368
1, 88379
2, 88384
2, 88394
3, 88397
3, 88407
1, 88417
1, 88428
2, 88438
3, 88458
1, 88463
1, 88475
2, 88491
3, 88493
1, 88503
1, 88526
2, 88527
3, 88540
1, 88544
2, 88558
1, 88564
1, 88576
3, 88594
1, 88594
2, 88615
3, 88618
2, 88640
2, 88650
3, 88655
1, 88664
3, 88678
2, 88686
3, 88695
1, 88687
2, 88706
3, 88727
2, 88736
3, 88741
2, 88757
3, 88766
1, 88769
1, 88787
2, 88790
1, 88800
1, 88811
2, 88833
2, 88843
1, 88858
3, 88859
1, 88878
3, 88881
2, 88887
1, 88895
2, 88914
3, 88924
1, 88926
2, 88943
2, 88956
3, 88967
3, 88977
3, 88987
2, 88992
2, 89003
1, 89005
3, 89019
3, 89035
3, 89045
1, 89053
1, 89076
2, 89058
2, 89097
3, 89065
2, 89107
1, 89087
3, 89128
2, 89131
2, 89141
2, 89153
2, 89167
1, 89175
3, 89188
1, 89197
2, 89204
3, 89212
2, 89231
3, 89244
2, 89247
1, 89262
3, 89265
2, 89284
1, 89290
3, 89296
2, 89307
1, 89315
2, 89338
2, 89349
1, 89351
3, 89359
2, 89375
3, 89378
1, 89393
2, 89402
2, 89413
3, 89422
1, 89431
3, 89453
1, 89457
2, 89466
3, 89469
1, 89493
2, 89496
3, 89498
3, 89524
2, 89530
1, 89530
3, 89542
3, 89556
1, 89568
1, 89580
3, 89587
2, 89605
1, 89611
3, 89608
2, 89637
1, 89638
2, 89648
2, 89660
3, 89669
3, 89679
3, 89689
1, 89705
3, 89712
2, 89729
3, 89731
1, 89739
3, 89745
2, 89764
3, 89774
1, 89776
1, 89800
3, 89807
2, 89817
3, 89823
1, 89827
1, 89849
2, 89858
3, 89860
2, 89881
3, 89889
1, 89898
2, 89905
3, 89918
1, 89932
3, 89946
3, 89959
1, 89961
2, 89965
3, 89974
3, 89994
2, 90002
1, 90003
3, 90021
1, 90039
2, 90042
3, 90052
1, 90056
1, 90073
3, 90088
2, 90093
3, 90103
1, 90113
2, 90124
1, 90137
3, 90126
1, 90156
3, 90174
2, 90174
3, 90190
2, 90198
1, 90204
3, 90226
1, 90227
1, 90251
3, 90237
1, 90262
2, 90240
3, 90278
1, 90289
3, 90304
2, 90307
2, 90319
3, 90332
3, 90348
2, 90361
1, 90364
3, 90374
1, 90388
2, 90398
1, 90404
3, 90413
1, 90422
3, 90445
1, 90445
2, 90453
2, 90464
3, 90481
1, 90493
2, 90494
3, 90512
1, 90517
3, 90535
2, 90539
1, 90541
3, 90564
1, 90565
2, 90584
3, 90598
1, 90584
2, 90616
3, 90628
1, 90628
2, 90650
2, 90661
3, 90667
3, 90678
1, 90682
3, 90704
2, 90704
1, 90716
3, 90720
1, 90741
3, 90747
2, 90759
3, 90763
2, 90781
2, 90792
3, 90803
1, 90804
3, 90823
1, 90827
2, 90841
1, 90845
3, 90858
2, 90861
3, 90877
1, 90896
3, 90902
2, 90906
3, 90924
1, 90931
2, 90944
3, 90945
1, 90964
3, 90972
3, 90982
2, 91003
3, 91004
1, 91003
1, 91033
2, 91014
3, 91040
1, 91052
3, 91058
3, 91080
1, 91087
2, 91096
1, 91102
2, 91124
1, 91131
3, 91131
1, 91151
2, 91165
3, 91170
1, 91183
3, 91193
2, 91198
1, 91203
2, 91216
2, 91234
3, 91244
1, 91244
2, 91269
1, 91272
3, 91278
2, 91298
1, 91305
3, 91299
3, 91333
1, 91333
2, 91340
2, 91352
3, 91362
1, 91377
3, 91390
3, 91405
1, 91408
1, 91429
2, 91408
1, 91440
3, 91418
3, 91457
2, 91472
1, 91476
3, 91484
2, 91497
3, 91514
1, 91522
2, 91529
3, 91534
1, 91556
2, 91561
3, 91573
2, 91584
3, 91597
1, 91601
2, 91607
1, 91619
3, 91636
2, 91637
2, 91659
2, 91669
1, 91673
3, 91682
3, 91694
2, 91706
2, 91717
1, 91735
1, 91747
3, 91735
2, 91750
1, 91760
2, 91778
3, 91797
2, 91797
1, 91813
3, 91820
2, 91824
2, 91836
1, 91856
2, 91858
3, 91873
1, 91881
3, 91895
1, 91906
2, 91909
3, 91913
3, 91935
1, 91946
2, 91961
3, 91962
1, 91965
3, 91985
3, 91996
1, 92012
2, 92015
3, 92031
3, 92041
1, 92042
1, 92053
2, 92071
2, 92084
3, 92088
3, 92100
1, 92101
3, 92117
2, 92135
1, 92138
1, 92158
3, 92163
2, 92164
3, 92179
3, 92193
1, 92202
3, 92212
2, 92226
1, 92230
3, 92239
1, 92253
3, 92263
2, 92273
1, 92285
3, 92288
2, 92303
3, 92319
2, 92325
1, 92340
3, 92342
2, 92353
2, 92366
3, 92375
2, 92385
1, 92392
3, 92401
3, 92411
3, 92421
3, 92431
1, 92446
2, 92453
1, 92469
2, 92481
3, 92486
1, 92507
2, 92507
1, 92522
3, 92527
3, 92537
3, 92555
2, 92558
3, 92566
2, 92583
2, 92602
3, 92590
2, 92612
1, 92592
2, 92626
3, 92639
1, 92658
3, 92664
2, 92668
1, 92684
3, 92676
3, 92701
2, 92717
1, 92724
3, 92726
2, 92746
3, 92752
1, 92770
3, 92776
2, 92775
3, 92792
2, 92809
3, 92814
1, 92829
2, 92835
1, 92850
3, 92839
3, 92862
3, 92885
1, 92887
2, 92892
1, 92910
3, 92911
2, 92924
2, 92937
2, 92958
1, 92962
1, 92974
3, 92962
2, 92993
3, 93005
2, 93013
3, 93026
1, 93027
3, 93044
1, 93047
2, 93062
2, 93083
3, 93085
1, 93092
2, 93095
3, 93118
3, 93130
1, 93135
2, 93138
1, 93163
1, 93174
1, 93185
3, 93195
2, 93196
1, 93211
3, 93214
1, 93235
2, 93241
3, 93241
3, 93268
1, 93271
2, 93280
2, 93294
3, 93284
1, 93313
3, 93326
2, 93304
1, 93347
3, 93354
2, 93356
3, 93372
1, 93391
2, 93397
3, 93397
1, 93412
3, 93429
2, 93437
1, 93448
1, 93461
3, 93474
3, 93485
2, 93485
3, 93498
1, 93508
3, 93523
1, 93530
1, 93541
2, 93554
3, 93561
1, 93562
3, 93579
3, 93589
1, 93608
2, 93616
3, 93617
3, 93640
2, 93652
1, 93654
3, 93652
1, 93683
2, 93684
3, 93693
2, 93702
3, 93724
1, 93724
2, 93733
3, 93737
1, 93754
3, 93766
2, 93773
3, 93782
1, 93802
3, 93808
2, 93810
2, 93824
3, 93841
2, 93849
1, 93854
1, 93869
2, 93883
3, 93889
1, 93891
2, 93918
1, 93922
1, 93933
3, 93933
1, 93947
2, 93968
3, 93969
3, 93990
1, 93991
2, 94005
3, 94014
1, 94029
2, 94031
1, 94052
3, 94056
2, 94069
1, 94069
3, 94086
2, 94094
1, 94106
3, 94115
3, 94131
2, 94144
3, 94150
1, 94145
2, 94160
3, 94184
1, 94193
2, 94196
1, 94207
3, 94218
1, 94225
1, 94236
2, 94252
3, 94267
1, 94275
2, 94281
3, 94286
1, 94311
3, 94315
1, 94331
2, 94332
3, 94347
1, 94354
2, 94369
1, 94375
3, 94381
1, 94405
2, 94412
1, 94420
3, 94425
2, 94446
3, 94447
1, 94464
2, 94476
1, 94483
3, 94483
3, 94502
1, 94518
3, 94523
2, 94531
1, 94538
2, 94558
3, 94568
1, 94568
3, 94582
3, 94600
1, 94611
2, 94612
3, 94627
3, 94638
1, 94646
3, 94658
1, 94667
2, 94680
2, 94693
3, 94700
1, 94709
1, 94723
3, 94735
1, 94742
2, 94748
3, 94764
2, 94770
1, 94786
2, 94796
3, 94802
2, 94818
3, 94821
2, 94838
1, 94843
3, 94846
3, 94869
2, 94874
1, 94877
3, 94898
1, 94903
2, 94909
3, 94925
3, 94947
1, 94928
3, 94957
2, 94937
3, 94972
3, 94992
1, 94994
2, 94999
2, 95024
2, 95034
1, 95035
1, 95046
3, 95057
1, 95075
2, 95081
2, 95092
3, 95094
2, 95115
3, 95122
1, 95123
3, 95145
3, 95155
1, 95159
2, 95168
3, 95186
2, 95190
1, 95201
3, 95212
1, 95222
3, 95240
1, 95252
3, 95259
2, 95259
3, 95274
2, 95290
3, 95294
1, 95307
2, 95309
2, 95331
3, 95331
2, 95347
1, 95356
3, 95370
3, 95383
1, 95388
2, 95396
1, 95413
2, 95417
3, 95438
1, 95441
2, 95447
3, 95452
3, 95472
2, 95478
1, 95487
3, 95496
1, 95512
3, 95521
2, 95528
2, 95552
3, 95553
1, 95554
3, 95583
2, 95583
1, 95602
3, 95602
2, 95614
3, 95618
1, 95637
3, 95649
2, 95649
1, 95674
3, 95675
2, 95687
1, 95692
2, 95708
2, 95718
3, 95722
1, 95746
2, 95746
3, 95758
3, 95778
1, 95781
2, 95781
1, 95797
3, 95817
1, 95823
2, 95831
1, 95843
3, 95847
3, 95868
1, 95869
3, 95888
2, 95889
1, 95909
3, 95915
2, 95922
1, 95929
3, 95947
1, 95948
2, 95965
3, 95973
1, 95982
2, 96000
1, 96008
2, 96021
3, 96023
1, 96033
3, 96045
1, 96064
3, 96073
2, 96082
1, 96086
2, 96095
2, 96123
3, 96108
1, 96113
1, 96149
3, 96152
2, 96154
3, 96167
3, 96190
1, 96193
2, 96198
2, 96222
3, 96222
3, 96242
1, 96245
2, 96251
1, 96266
3, 96284
3, 96294
2, 96302
1, 96305
3, 96313
1, 96333
2, 96345
3, 96345
1, 96356
2, 96366
1, 96382
3, 96383
2, 96407
2, 96418
3, 96425
2, 96432
1, 96436
3, 96449
2, 96461
3, 96465
3, 96488
1, 96492
3, 96504
3, 96514
2, 96518
3, 96531
1, 96542
2, 96557
3, 96560
1, 96578
2, 96578
1, 96596
3, 96603
2, 96620
3, 96629
1, 96635
1, 96646
2, 96661
2, 96673
1, 96678
2, 96685
3, 96701
1, 96703
1, 96720
2, 96725
1, 96738
3, 96745
3, 96764
1, 96777
2, 96779
3, 96794
1, 96794
3, 96823
2, 96823
1, 96834
3, 96853
2, 96856
1, 96859
3, 96875
1, 96888
2, 96892
3, 96915
2, 96916
1, 96922
3, 96938
1, 96953
2, 96955
3, 96971
2, 96980
1, 96980
2, 97008
1, 97010
1, 97024
3, 97029
3, 97039
2, 97057
1, 97057
3, 97068
2, 97086
1, 97095
3, 97087
2, 97116
2, 97126
1, 97135
3, 97140
2, 97150
2, 97162
3, 97179
3, 97189
1, 97199
3, 97204
2, 97207
3, 97224
2, 97238
1, 97246
3, 97252
1, 97273
3, 97280
3, 97299
2, 97283
2, 97319
1, 97289
2, 97329
3, 97309
1, 97351
2, 97358
2, 97369
3, 97377
2, 97386
1, 97403
3, 97412
1, 97425
2, 97428
1, 97443
1, 97456
3, 97459
2, 97468
2, 97479
1, 97501
2, 97506
3, 97519
2, 97524
1, 97528
3, 97544
3, 97561
2, 97566
1, 97576
3, 97582
2, 97594
3, 97599
2, 97617
3, 97630
1, 97632
3, 97654
2, 97658
1, 97661
1, 97686
3, 97689
2, 97697
1, 97703
3, 97716
3, 97726
1, 97750
2, 97751
3, 97762
1, 97765
2, 97787
1, 97791
3, 97794
3, 97815
1, 97830
1, 97843
3, 97848
2, 97850
3, 97861
2, 97878
3, 97892
1, 97899
2, 97902
3, 97923
2, 97928
1, 97934
3, 97950
1, 97957
1, 97968
3, 97982
1, 97992
2, 98001
3, 98005
1, 98021
2, 98032
3, 98038
2, 98052
1, 98062
3, 98072
2, 98085
1, 98090
3, 98096
1, 98111
2, 98124
2, 98134
1, 98152
2, 98157
3, 98160
3, 98184
2, 98185
1, 98190
2, 98205
3, 98214
3, 98224
2, 98238
1, 98252
2, 98262
3, 98266
1, 98278
3, 98292
1, 98305
3, 98311
2, 98315
1, 98323
2, 98339
1, 98350
3, 98366
2, 98368
2, 98378
2, 98393
1, 98402
1, 98416
3, 98424
3, 98434
3, 98444
1, 98455
2, 98447
1, 98479
2, 98485
3, 98491
3, 98503
2, 98519
1, 98525
3, 98528
1, 98555
2, 98557
1, 98571
3, 98575
2, 98594
1, 98598
3, 98608
2, 98628
1, 98631
3, 98628
1, 98653
3, 98665
2, 98671
1, 98676
1, 98689
2, 98700
3, 98713
2, 98723
1, 98743
3, 98745
2, 98753
3, 98760
1, 98775
1, 98792
3, 98801
2, 98803
3, 98814
2, 98833
3, 98839
1, 98852
1, 98865
2, 98869
3, 98869
1, 98891
2, 98892
3, 98915
2, 98922
1, 98932
3, 98943
2, 98955
3, 98960
1, 98967
3, 98982
2, 98988
3, 99005
2, 99012
1, 99017
3, 99037
1, 99039
2, 99051
3, 99067
1, 99078
3, 99085
2, 99085
1, 99108
3, 99114
2, 99120
3, 99127
3, 99149
2, 99153
2, 99165
1, 99177
2, 99190
2, 99201
3, 99201
2, 99217
3, 99225
2, 99235
1, 99240
3, 99264
3, 99274
1, 99278
2, 99285
3, 99291
3, 99316
2, 99319
3, 99328
1, 99336
3, 99353
2, 99361
3, 99373
1, 99361
2, 99387
3, 99404
2, 99417
3, 99420
1, 99431
1, 99442
1, 99454
2, 99466
3, 99473
1, 99480
3, 99494
3, 99505
1, 99520
2, 99525
3, 99533
1, 99540
2, 99556
1, 99564
3, 99573
3, 99596
1, 99599
2, 99600
1, 99612
1, 99641
3, 99620
1, 99652
2, 99630
3, 99666
1, 99685
2, 99688
3, 99698
1, 99712
3, 99731
1, 99735
2, 99734
1, 99758
3, 99766
2, 99770
2, 99780
1, 99793
2, 99805
3, 99810
2, 99824
1, 99840
3, 99846
2, 99862
1, 99873
2, 99873
3, 99886
2, 99899
1, 99902
3, 99910
2, 99932
3, 99941
1, 99946
2, 99958
1, 99963
3, 99987
1, 99989
2, 100000
Reached max sequence count, exiting
