1, 11
2, 21
2, 52
3, 31
1, 42
1, 83
2, 62
2, 104
3, 72
2, 114
1, 94
1, 135
2, 142
3, 150
3, 162
3, 177
1, 178
3, 196
2, 201
1, 214
2, 231
3, 239
1, 243
2, 256
3, 265
2, 284
3, 289
1, 296
3, 301
1, 314
1, 330
3, 344
3, 355
2, 355
2, 370
3, 380
2, 390
1, 398
3, 416
3, 428
2, 428
2, 444
1, 452
3, 456
2, 480
1, 489
3, 498
1, 505
2, 498
1, 532
3, 533
2, 546
1, 553
2, 564
3, 572
2, 580
1, 595
1, 606
1, 618
3, 631
3, 644
2, 646
2, 658
2, 671
1, 682
2, 693
1, 702
3, 694
1, 714
3, 733
1, 749
1, 760
3, 764
2, 772
1, 782
2, 799
3, 805
1, 812
1, 832
3, 847
1, 847
2, 854
3, 873
2, 875
1, 884
3, 901
2, 911
1, 917
3, 929
1, 937
1, 949
3, 963
1, 978
3, 985
2, 985
2, 1010
1, 1010
2, 1030
3, 1031
2, 1046
2, 1056
1, 1064
3, 1073
1, 1090
1, 1101
1, 1112
1, 1123
3, 1137
2, 1144
2, 1154
3, 1161
3, 1175
2, 1183
1, 1183
3, 1198
3, 1208
3, 1218
2, 1226
2, 1237
1, 1249
3, 1255
2, 1276
1, 1277
1, 1289
3, 1299
2, 1311
3, 1322
1, 1326
1, 1343
1, 1354
3, 1363
3, 1375
2, 1386
1, 1401
1, 1413
2, 1416
2, 1434
1, 1438
3, 1440
2, 1451
1, 1472
3, 1476
3, 1502
2, 1481
3, 1512
1, 1492
3, 1527
3, 1537
3, 1559
2, 1562
2, 1573
1, 1575
3, 1594
2, 1599
1, 1604
3, 1622
2, 1636
1, 1645
3, 1637
2, 1661
1, 1668
3, 1681
1, 1702
2, 1703
1, 1718
3, 1724
3, 1738
3, 1748
3, 1758
1, 1770
2, 1777
1, 1783
1, 1798
3, 1809
3, 1821
1, 1831
3, 1843
2, 1843
3, 1871
1, 1877
3, 1881
2, 1884
3, 1906
2, 1913
3, 1923
1, 1930
2, 1938
1, 1950
3, 1969
2, 1970
1, 1982
3, 1992
2, 2001
1, 2008
3, 2019
3, 2034
2, 2042
3, 2051
3, 2066
2, 2078
3, 2083
1, 2092
2, 2099
2, 2111
3, 2130
1, 2140
2, 2144
1, 2155
3, 2160
1, 2176
2, 2187
3, 2199
1, 2211
3, 2222
2, 2226
3, 2243
1, 2249
2, 2265
1, 2273
3, 2275
1, 2293
2, 2311
3, 2319
2, 2324
1, 2332
2, 2340
3, 2356
3, 2371
2, 2375
1, 2385
2, 2399
2, 2412
3, 2417
1, 2425
1, 2436
2, 2444
1, 2452
1, 2465
3, 2485
1, 2487
2, 2493
1, 2509
3, 2523
2, 2536
3, 2542
1, 2555
3, 2561
2, 2566
2, 2578
3, 2597
1, 2609
3, 2610
2, 2616
3, 2639
2, 2645
2, 2657
1, 2658
3, 2670
1, 2690
2, 2690
3, 2704
2, 2720
1, 2729
3, 2733
1, 2752
3, 2756
2, 2768
1, 2780
3, 2783
2, 2803
2, 2821
3, 2806
2, 2831
1, 2811
2, 2856
3, 2869
2, 2869
2, 2880
1, 2884
2, 2897
2, 2915
3, 2916
1, 2935
2, 2942
3, 2944
2, 2962
1, 2974
3, 2974
2, 2991
3, 3006
1, 3010
3, 3020
3, 3034
2, 3041
1, 3054
1, 3065
2, 3072
3, 3083
1, 3096
2, 3112
2, 3122
3, 3128
2, 3139
3, 3146
1, 3159
3, 3172
3, 3182
2, 3186
3, 3204
2, 3211
1, 3220
3, 3230
2, 3231
2, 3256
1, 3256
1, 3278
2, 3280
3, 3290
1, 3298
3, 3311
3, 3321
2, 3333
3, 3341
2, 3349
3, 3362
1, 3372
2, 3380
3, 3394
1, 3399
2, 3407
3, 3428
2, 3433
3, 3444
1, 3448
3, 3471
2, 3475
1, 3479
3, 3494
3, 3508
2, 3510
1, 3529
2, 3534
3, 3539
3, 3552
2, 3567
2, 3577
1, 3581
3, 3604
2, 3618
1, 3624
1, 3635
3, 3636
3, 3646
2, 3662
3, 3667
1, 3678
3, 3694
2, 3710
2, 3720
3, 3731
2, 3732
1, 3748
1, 3759
1, 3770
1, 3782
3, 3784
2, 3788
3, 3809
2, 3811
1, 3829
3, 3831
2, 3848
2, 3858
3, 3873
1, 3877
1, 3888
1, 3899
1, 3910
1, 3921
1, 3932
1, 3943
1, 3954
1, 3965
1, 3976
1, 3987
1, 3998
1, 4009
1, 4020
1, 4031
1, 4042
1, 4053
2, 4058
2, 4079
2, 4089
1, 4086
3, 4103
3, 4114
2, 4122
2, 4146
3, 4129
2, 4156
1, 4136
3, 4174
2, 4190
1, 4194
3, 4203
3, 4213
2, 4219
1, 4228
3, 4244
1, 4263
3, 4266
1, 4286
2, 4288
3, 4292
2, 4309
1, 4313
1, 4334
3, 4336
1, 4351
2, 4370
2, 4380
3, 4389
3, 4403
1, 4409
3, 4413
2, 4423
1, 4427
1, 4438
3, 4450
2, 4466
3, 4468
2, 4488
1, 4500
3, 4501
2, 4510
3, 4521
1, 4535
3, 4552
1, 4554
1, 4565
2, 4573
3, 4589
1, 4601
2, 4609
3, 4617
2, 4631
1, 4632
3, 4649
3, 4669
1, 4669
2, 4690
1, 4694
3, 4691
1, 4722
2, 4724
3, 4732
2, 4744
1, 4748
3, 4759
3, 4786
2, 4786
1, 4798
1, 4809
2, 4816
3, 4828
2, 4846
1, 4846
3, 4858
2, 4863
3, 4881
1, 4885
1, 4903
2, 4910
3, 4926
1, 4939
3, 4943
2, 4941
3, 4966
1, 4966
2, 4977
3, 4999
3, 5012
2, 5012
1, 5020
2, 5029
3, 5039
3, 5051
1, 5063
2, 5068
2, 5087
1, 5092
3, 5105
2, 5119
2, 5129
1, 5141
2, 5156
1, 5158
3, 5156
2, 5178
1, 5180
2, 5195
1, 5212
3, 5220
2, 5235
1, 5241
1, 5256
2, 5260
3, 5268
2, 5280
1, 5295
2, 5304
3, 5309
3, 5319
1, 5336
3, 5346
2, 5350
1, 5357
1, 5379
2, 5380
3, 5396
3, 5408
2, 5419
1, 5430
2, 5435
1, 5449
1, 5469
2, 5455
1, 5480
3, 5458
2, 5507
3, 5510
1, 5517
2, 5521
3, 5539
3, 5550
2, 5563
1, 5566
3, 5579
3, 5593
1, 5605
2, 5607
3, 5621
3, 5631
1, 5641
2, 5655
1, 5660
3, 5669
3, 5680
2, 5705
3, 5705
1, 5709
2, 5733
1, 5734
3, 5751
1, 5761
2, 5767
2, 5777
3, 5783
2, 5806
3, 5808
1, 5809
3, 5828
1, 5838
2, 5842
3, 5859
1, 5873
3, 5880
2, 5884
1, 5894
3, 5912
1, 5919
2, 5936
1, 5949
2, 5954
3, 5967
1, 5973
2, 5981
3, 5990
1, 6012
3, 6016
2, 6012
3, 6027
3, 6051
2, 6063
1, 6068
3, 6070
1, 6089
2, 6101
3, 6104
1, 6111
3, 6132
2, 6142
1, 6146
2, 6163
2, 6175
3, 6175
3, 6197
1, 6205
2, 6208
1, 6229
3, 6230
2, 6243
2, 6253
1, 6262
2, 6273
2, 6283
3, 6286
3, 6297
1, 6310
3, 6326
2, 6331
1, 6346
2, 6353
3, 6373
3, 6383
2, 6385
1, 6394
3, 6403
3, 6416
2, 6427
1, 6431
3, 6443
3, 6455
2, 6462
1, 6480
3, 6481
1, 6500
3, 6512
2, 6523
3, 6523
1, 6531
3, 6552
1, 6554
2, 6577
3, 6583
1, 6590
2, 6604
3, 6610
1, 6616
3, 6642
2, 6645
1, 6645
1, 6663
2, 6676
3, 6683
2, 6699
3, 6710
1, 6713
2, 6727
1, 6740
3, 6742
2, 6761
1, 6767
1, 6789
3, 6773
1, 6800
2, 6778
2, 6829
1, 6831
3, 6836
1, 6851
1, 6862
1, 6877
1, 6890
2, 6895
3, 6904
3, 6914
2, 6924
1, 6932
3, 6947
2, 6949
2, 6974
1, 6976
1, 6988
3, 6987
1, 7015
2, 7022
3, 7022
2, 7040
1, 7045
2, 7057
3, 7065
1, 7077
3, 7095
2, 7102
3, 7110
1, 7115
3, 7131
1, 7138
2, 7158
3, 7161
2, 7174
1, 7174
3, 7190
3, 7204
2, 7208
1, 7216
3, 7236
2, 7238
3, 7252
3, 7265
2, 7272
1, 7280
3, 7290
2, 7310
3, 7311
2, 7324
1, 7335
3, 7341
2, 7348
1, 7360
1, 7388
2, 7388
2, 7399
3, 7396
3, 7422
2, 7426
3, 7441
2, 7450
1, 7452
3, 7464
1, 7483
2, 7487
3, 7500
1, 7517
3, 7518
2, 7536
2, 7546
1, 7548
3, 7561
2, 7580
3, 7583
1, 7592
1, 7603
1, 7614
1, 7626
2, 7628
3, 7655
1, 7658
2, 7672
1, 7680
3, 7682
3, 7692
2, 7714
1, 7719
2, 7738
3, 7741
1, 7740
1, 7760
3, 7766
2, 7780
3, 7793
1, 7794
2, 7819
2, 7829
3, 7839
1, 7839
2, 7852
2, 7862
3, 7868
1, 7875
2, 7891
3, 7905
1, 7918
2, 7923
3, 7936
3, 7948
1, 7952
1, 7963
2, 7975
3, 7990
1, 8002
2, 8009
3, 8015
2, 8025
1, 8036
1, 8048
3, 8060
3, 8070
2, 8074
3, 8085
1, 8096
1, 8123
2, 8102
1, 8134
1, 8146
3, 8112
3, 8161
2, 8180
1, 8180
3, 8200
1, 8206
1, 8217
3, 8227
2, 8240
3, 8249
1, 8263
3, 8269
2, 8274
2, 8286
2, 8304
1, 8302
3, 8318
3, 8339
2, 8341
1, 8341
1, 8358
3, 8370
2, 8372
1, 8387
3, 8406
1, 8419
3, 8421
1, 8434
2, 8437
1, 8451
2, 8467
2, 8479
1, 8484
3, 8488
1, 8511
2, 8517
3, 8525
3, 8537
1, 8543
2, 8566
1, 8570
3, 8567
3, 8594
1, 8596
2, 8610
1, 8620
3, 8624
1, 8645
3, 8660
2, 8663
2, 8674
1, 8676
3, 8693
1, 8700
2, 8707
3, 8724
1, 8740
3, 8742
2, 8748
2, 8766
3, 8780
1, 8784
2, 8799
3, 8803
1, 8809
1, 8830
2, 8836
3, 8854
3, 8864
1, 8872
1, 8883
3, 8889
2, 8898
3, 8902
1, 8923
2, 8926
1, 8949
3, 8952
2, 8961
3, 8971
2, 8982
1, 8996
2, 9010
3, 9011
1, 9016
1, 9035
2, 9042
3, 9059
3, 9069
2, 9081
3, 9088
1, 9096
2, 9113
3, 9118
1, 9121
1, 9132
2, 9154
1, 9158
3, 9160
3, 9184
2, 9191
1, 9198
1, 9209
2, 9230
3, 9233
1, 9241
2, 9244
1, 9260
3, 9269
1, 9289
2, 9295
1, 9309
3, 9310
3, 9336
1, 9336
2, 9347
1, 9356
3, 9364
2, 9372
3, 9388
2, 9400
1, 9403
3, 9416
2, 9429
1, 9430
1, 9461
3, 9440
1, 9472
2, 9450
3, 9483
2, 9497
1, 9511
3, 9526
1, 9533
2, 9534
3, 9558
1, 9560
1, 9571
1, 9582
1, 9593
1, 9604
1, 9620
2, 9621
1, 9641
2, 9642
3, 9658
2, 9673
3, 9689
3, 9699
2, 9703
2, 9714
1, 9712
2, 9733
3, 9744
2, 9752
1, 9755
2, 9769
1, 9787
3, 9791
2, 9797
1, 9807
1, 9831
3, 9835
2, 9845
3, 9856
1, 9858
3, 9877
2, 9891
1, 9892
3, 9914
2, 9914
1, 9921
3, 9939
2, 9951
1, 9953
2, 9974
1, 9987
3, 9988
2, 10002
1, 10008
2, 10029
1, 10031
1, 10048
3, 10055
1, 10065
2, 10055
1, 10078
3, 10099
2, 10099
3, 10115
1, 10125
3, 10145
1, 10151
3, 10159
2, 10160
1, 10175
3, 10190
1, 10199
2, 10208
1, 10217
3, 10226
2, 10243
3, 10253
3, 10266
1, 10268
2, 10279
1, 10290
3, 10298
3, 10314
2, 10317
1, 10333
2, 10344
1, 10355
3, 10345
1, 10371
3, 10389
2, 10395
1, 10405
3, 10410
1, 10430
2, 10433
1, 10445
3, 10449
3, 10462
1, 10484
3, 10486
2, 10502
1, 10510
2, 10524
1, 10531
3, 10533
3, 10543
2, 10564
3, 10573
1, 10583
2, 10591
3, 10595
3, 10614
2, 10622
1, 10624
3, 10645
1, 10660
2, 10661
2, 10686
3, 10669
2, 10696
1, 10676
1, 10721
3, 10726
2, 10738
3, 10746
1, 10751
3, 10764
2, 10772
3, 10797
2, 10806
3, 10808
1, 10813
2, 10821
1, 10847
3, 10848
2, 10859
2, 10869
1, 10883
3, 10892
2, 10905
1, 10912
3, 10913
3, 10932
1, 10940
2, 10950
2, 10960
3, 10971
2, 10993
1, 10994
3, 10993
2, 11017
1, 11025
3, 11038
2, 11041
1, 11055
3, 11071
3, 11081
2, 11082
1, 11094
2, 11106
2, 11124
3, 11124
1, 11131
2, 11143
3, 11158
2, 11171
1, 11178
2, 11191
3, 11198
1, 11200
3, 11222
1, 11230
2, 11231
3, 11247
3, 11262
2, 11270
1, 11274
2, 11288
2, 11300
3, 11315
1, 11322
2, 11334
3, 11338
1, 11345
1, 11361
3, 11369
1, 11391
3, 11394
2, 11403
1, 11415
3, 11422
2, 11431
3, 11455
2, 11464
3, 11466
2, 11480
3, 11491
1, 11493
3, 11508
2, 11514
3, 11528
1, 11541
2, 11542
3, 11551
3, 11574
3, 11584
1, 11592
1, 11603
2, 11605
2, 11616
3, 11624
2, 11636
3, 11647
1, 11660
3, 11672
2, 11679
1, 11686
3, 11698
2, 11709
2, 11730
2, 11740
3, 11743
1, 11748
3, 11759
2, 11770
3, 11782
1, 11793
3, 11808
3, 11818
2, 11821
2, 11846
2, 11856
3, 11836
2, 11866
1, 11826
2, 11889
1, 11896
1, 11914
3, 11921
2, 11930
1, 11935
1, 11946
2, 11955
3, 11968
2, 11970
3, 11994
1, 11999
2, 12012
3, 12023
2, 12030
3, 12044
1, 12050
2, 12067
1, 12069
2, 12088
3, 12092
2, 12105
2, 12115
1, 12120
3, 12129
2, 12143
1, 12152
2, 12158
3, 12171
2, 12188
3, 12189
3, 12202
1, 12212
2, 12228
3, 12241
1, 12246
3, 12251
2, 12272
1, 12279
3, 12289
2, 12294
3, 12315
2, 12323
3, 12331
1, 12332
3, 12356
1, 12360
2, 12362
3, 12372
1, 12394
3, 12398
2, 12412
3, 12420
1, 12424
3, 12442
1, 12453
3, 12461
2, 12471
1, 12478
3, 12497
1, 12502
2, 12512
1, 12522
3, 12528
2, 12553
1, 12555
2, 12568
3, 12581
1, 12585
3, 12596
2, 12601
1, 12611
3, 12626
2, 12632
2, 12647
3, 12658
1, 12666
2, 12682
1, 12695
3, 12697
2, 12718
1, 12718
3, 12730
2, 12739
1, 12749
3, 12759
1, 12770
2, 12785
3, 12793
3, 12805
1, 12814
1, 12825
2, 12830
3, 12844
1, 12857
2, 12862
3, 12882
1, 12884
1, 12895
2, 12906
3, 12917
1, 12926
2, 12941
3, 12945
1, 12952
3, 12975
2, 12982
1, 12993
3, 13000
3, 13023
2, 13003
1, 13013
2, 13044
3, 13057
1, 13059
1, 13079
2, 13087
3, 13089
1, 13101
1, 13113
3, 13128
2, 13144
3, 13148
1, 13150
2, 13174
3, 13178
1, 13182
2, 13197
1, 13203
3, 13223
1, 13225
3, 13246
1, 13248
2, 13252
3, 13264
1, 13277
3, 13301
2, 13303
1, 13305
1, 13316
1, 13334
2, 13350
3, 13362
1, 13367
2, 13375
1, 13386
3, 13393
2, 13406
2, 13417
1, 13420
1, 13435
3, 13454
2, 13457
2, 13475
1, 13481
3, 13486
2, 13499
2, 13511
3, 13522
3, 13538
3, 13548
1, 13557
3, 13563
2, 13563
3, 13573
1, 13589
2, 13608
3, 13610
1, 13614
3, 13634
2, 13645
1, 13654
2, 13668
3, 13668
3, 13688
2, 13696
3, 13707
2, 13717
1, 13717
3, 13741
2, 13750
1, 13753
3, 13761
2, 13781
2, 13791
1, 13793
3, 13814
3, 13824
2, 13828
1, 13832
1, 13851
2, 13853
1, 13867
3, 13876
1, 13886
1, 13908
2, 13917
1, 13924
3, 13929
2, 13937
3, 13957
2, 13966
1, 13969
3, 13986
2, 13993
1, 14008
2, 14016
3, 14020
2, 14031
3, 14055
2, 14056
2, 14067
1, 14075
3, 14085
3, 14098
2, 14098
1, 14117
2, 14121
3, 14146
1, 14147
1, 14158
2, 14163
2, 14173
2, 14201
3, 14183
2, 14211
1, 14191
2, 14236
2, 14248
1, 14248
3, 14260
1, 14276
2, 14281
3, 14293
1, 14299
2, 14310
3, 14321
1, 14329
2, 14350
1, 14357
3, 14358
1, 14386
2, 14386
3, 14396
3, 14406
2, 14422
1, 14427
3, 14439
2, 14456
3, 14463
1, 14464
3, 14479
2, 14482
2, 14494
3, 14518
2, 14520
1, 14521
1, 14532
1, 14548
3, 14564
2, 14568
1, 14588
3, 14590
2, 14604
3, 14615
1, 14618
2, 14624
1, 14645
2, 14653
3, 14664
3, 14675
2, 14687
1, 14691
3, 14705
1, 14718
2, 14727
3, 14729
2, 14755
3, 14757
1, 14758
1, 14778
3, 14788
2, 14794
3, 14805
1, 14814
2, 14828
1, 14834
3, 14843
2, 14859
1, 14875
2, 14880
3, 14897
1, 14899
2, 14915
3, 14925
1, 14931
2, 14939
3, 14957
1, 14963
3, 14974
1, 14987
1, 14998
2, 15014
1, 15014
3, 15020
3, 15030
2, 15051
3, 15053
2, 15075
1, 15077
3, 15079
1, 15100
2, 15117
3, 15117
1, 15134
3, 15136
2, 15151
3, 15158
1, 15164
2, 15173
1, 15184
1, 15202
2, 15221
3, 15223
1, 15231
2, 15249
3, 15252
1, 15272
3, 15274
2, 15286
1, 15304
3, 15308
2, 15319
1, 15326
1, 15337
3, 15348
1, 15363
1, 15381
1, 15392
1, 15403
1, 15414
1, 15425
1, 15436
1, 15447
1, 15458
1, 15469
1, 15480
1, 15491
1, 15502
1, 15513
1, 15524
1, 15535
1, 15546
1, 15557
1, 15568
1, 15579
1, 15590
1, 15601
1, 15612
1, 15623
1, 15634
1, 15645
1, 15656
1, 15667
1, 15678
1, 15689
1, 15700
1, 15711
1, 15722
1, 15733
1, 15744
1, 15755
1, 15766
1, 15777
1, 15788
1, 15799
1, 15810
1, 15821
1, 15832
1, 15843
1, 15854
1, 15865
1, 15876
1, 15887
3, 15365
2, 15370
2, 15918
1, 15898
2, 15928
3, 15908
1, 15949
2, 15956
3, 15964
3, 15981
2, 15990
1, 15992
3, 16007
1, 16012
1, 16029
2, 16036
3, 16044
2, 16055
3, 16079
3, 16090
2, 16091
1, 16099
3, 16119
1, 16120
2, 16126
2, 16146
3, 16155
3, 16166
1, 16171
1, 16182
1, 16199
2, 16199
3, 16215
3, 16228
1, 16235
3, 16252
2, 16261
3, 16270
1, 16274
1, 16285
2, 16304
3, 16310
1, 16316
1, 16329
2, 16343
3, 16349
1, 16356
2, 16368
3, 16391
2, 16395
1, 16396
2, 16415
3, 16420
1, 16434
2, 16446
1, 16452
3, 16458
3, 16468
3, 16486
2, 16490
3, 16512
3, 16524
1, 16525
2, 16527
3, 16550
2, 16559
2, 16578
1, 16563
3, 16568
1, 16599
2, 16588
3, 16609
2, 16632
1, 16641
3, 16646
2, 16664
3, 16670
1, 16673
3, 16692
2, 16703
3, 16707
3, 16721
1, 16724
3, 16751
3, 16761
2, 16763
1, 16773
3, 16776
2, 16796
3, 16801
1, 16809
3, 16830
3, 16841
1, 16845
1, 16856
2, 16868
1, 16871
1, 16887
2, 16900
3, 16905
1, 16917
2, 16931
3, 16934
3, 16949
2, 16955
1, 16970
3, 16990
2, 16990
1, 16997
3, 17006
1, 17026
1, 17041
2, 17041
3, 17053
3, 17063
1, 17072
2, 17079
3, 17087
2, 17111
3, 17117
2, 17128
1, 17129
1, 17140
1, 17159
2, 17167
3, 17176
1, 17179
2, 17195
3, 17214
2, 17218
1, 17221
3, 17236
3, 17250
2, 17256
1, 17272
3, 17280
3, 17290
2, 17293
2, 17316
1, 17321
3, 17333
2, 17341
1, 17344
3, 17355
2, 17364
3, 17384
3, 17397
1, 17401
1, 17412
3, 17422
2, 17428
3, 17436
3, 17456
3, 17469
2, 17471
1, 17485
3, 17489
3, 17514
1, 17516
2, 17516
1, 17531
2, 17543
1, 17551
2, 17567
3, 17570
1, 17594
3, 17594
2, 17611
1, 17620
3, 17615
1, 17631
2, 17649
1, 17667
3, 17670
2, 17673
2, 17688
3, 17696
3, 17714
2, 17719
3, 17730
1, 17738
1, 17764
2, 17743
2, 17785
3, 17753
2, 17795
1, 17775
2, 17822
1, 17825
3, 17829
1, 17841
3, 17860
2, 17875
1, 17875
2, 17890
3, 17892
3, 17906
1, 17926
3, 17927
2, 17930
2, 17956
3, 17962
2, 17973
1, 17977
3, 17983
1, 17997
3, 18011
3, 18024
1, 18031
1, 18045
2, 18046
1, 18057
3, 18066
1, 18089
3, 18094
2, 18107
3, 18116
1, 18129
1, 18140
1, 18151
1, 18163
3, 18165
2, 18186
1, 18186
2, 18203
3, 18205
1, 18229
2, 18229
3, 18241
3, 18251
2, 18258
1, 18270
2, 18284
3, 18287
2, 18309
3, 18311
1, 18318
1, 18339
2, 18345
2, 18355
3, 18356
3, 18367
2, 18384
1, 18390
3, 18399
1, 18416
2, 18420
1, 18433
1, 18452
3, 18456
2, 18459
3, 18474
2, 18488
3, 18499
1, 18504
3, 18514
2, 18533
1, 18535
1, 18546
2, 18556
3, 18561
3, 18584
1, 18594
2, 18598
1, 18611
1, 18629
3, 18637
2, 18636
3, 18649
1, 18665
2, 18680
1, 18684
3, 18687
1, 18710
2, 18717
1, 18728
3, 18728
2, 18746
1, 18755
3, 18759
1, 18781
3, 18784
1, 18810
2, 18810
3, 18820
3, 18830
3, 18843
1, 18849
3, 18863
2, 18866
1, 18873
1, 18891
2, 18903
3, 18915
1, 18919
1, 18946
2, 18925
2, 18967
3, 18935
2, 18977
1, 18957
2, 18995
3, 19002
1, 19010
3, 19029
2, 19037
3, 19042
2, 19057
1, 19070
3, 19079
1, 19089
2, 19096
1, 19102
3, 19111
3, 19126
2, 19140
1, 19148
3, 19167
2, 19176
1, 19179
3, 19197
2, 19206
3, 19211
1, 19214
3, 19237
1, 19240
3, 19256
2, 19270
1, 19272
1, 19284
3, 19287
2, 19298
1, 19315
3, 19333
2, 19334
1, 19344
3, 19357
1, 19373
2, 19381
1, 19391
3, 19382
2, 19401
1, 19426
3, 19435
2, 19443
1, 19454
3, 19456
3, 19477
1, 19483
2, 19494
3, 19502
3, 19519
2, 19519
2, 19532
1, 19537
3, 19548
1, 19560
2, 19577
1, 19580
1, 19593
3, 19604
2, 19610
3, 19623
2, 19641
1, 19651
1, 19662
3, 19664
2, 19671
2, 19695
1, 19699
3, 19702
2, 19719
1, 19727
3, 19741
2, 19750
3, 19760
1, 19768
2, 19785
1, 19795
3, 19797
2, 19817
1, 19823
3, 19831
2, 19837
1, 19854
3, 19858
3, 19879
2, 19886
1, 19891
3, 19899
3, 19920
2, 19922
2, 19935
1, 19941
3, 19955
2, 19972
1, 19976
3, 19980
2, 19993
1, 20002
3, 20026
3, 20036
1, 20044
1, 20055
2, 20056
2, 20066
2, 20082
2, 20094
2, 20113
3, 20096
2, 20123
1, 20103
2, 20149
1, 20162
3, 20163
1, 20175
2, 20175
1, 20187
3, 20197
3, 20217
1, 20218
2, 20234
2, 20248
3, 20252
1, 20261
2, 20274
3, 20281
1, 20306
3, 20309
2, 20316
3, 20333
1, 20333
1, 20357
3, 20358
2, 20376
2, 20386
1, 20383
1, 20405
2, 20414
3, 20416
1, 20428
3, 20444
1, 20453
2, 20455
1, 20467
1, 20489
1, 20501
3, 20505
2, 20509
2, 20520
2, 20534
3, 20551
1, 20559
2, 20564
1, 20574
2, 20593
3, 20602
3, 20612
3, 20628
2, 20629
1, 20634
2, 20658
2, 20669
1, 20678
1, 20689
3, 20696
2, 20700
2, 20711
1, 20718
3, 20733
1, 20745
2, 20745
2, 20767
3, 20770
1, 20782
3, 20797
2, 20797
2, 20822
2, 20833
1, 20839
3, 20839
2, 20859
1, 20869
3, 20875
1, 20885
3, 20903
2, 20911
1, 20917
3, 20936
1, 20939
2, 20943
3, 20959
3, 20975
2, 20980
1, 20987
3, 21006
2, 21018
1, 21020
3, 21032
2, 21041
3, 21049
1, 21061
3, 21077
2, 21080
1, 21094
3, 21103
2, 21119
3, 21127
1, 21129
2, 21144
3, 21156
2, 21166
1, 21171
1, 21192
1, 21203
2, 21212
1, 21217
3, 21233
3, 21246
3, 21259
1, 21260
2, 21262
2, 21292
1, 21272
2, 21302
3, 21282
1, 21323
2, 21313
3, 21336
3, 21353
1, 21355
3, 21376
2, 21385
3, 21398
1, 21401
1, 21412
1, 21433
3, 21436
2, 21437
1, 21461
3, 21470
2, 21479
3, 21484
2, 21499
1, 21504
3, 21514
1, 21520
2, 21542
1, 21545
3, 21562
1, 21576
3, 21586
2, 21587
1, 21601
3, 21608
1, 21623
2, 21635
1, 21635
3, 21656
3, 21667
2, 21671
3, 21685
1, 21689
3, 21714
1, 21719
2, 21721
1, 21737
2, 21744
3, 21752
1, 21765
2, 21773
2, 21794
3, 21794
3, 21809
2, 21826
1, 21831
3, 21829
2, 21853
3, 21859
1, 21865
2, 21884
3, 21891
1, 21903
2, 21912
3, 21917
1, 21925
2, 21943
2, 21958
1, 21959
1, 21970
2, 21992
1, 21994
3, 21996
1, 22023
2, 22028
3, 22029
2, 22045
3, 22055
1, 22064
3, 22079
2, 22096
1, 22099
3, 22100
3, 22125
1, 22128
2, 22136
1, 22150
3, 22168
2, 22172
1, 22170
3, 22191
1, 22202
1, 22213
2, 22229
3, 22234
1, 22240
2, 22250
3, 22262
2, 22268
1, 22289
2, 22300
3, 22309
2, 22316
1, 22327
3, 22331
2, 22346
1, 22357
3, 22361
2, 22381
1, 22390
3, 22390
1, 22409
2, 22423
1, 22430
3, 22431
3, 22462
1, 22442
2, 22452
3, 22488
1, 22491
1, 22502
2, 22512
2, 22533
3, 22532
1, 22538
1, 22556
2, 22557
2, 22579
3, 22585
3, 22599
1, 22602
2, 22617
1, 22628
3, 22629
1, 22642
2, 22657
2, 22675
3, 22677
1, 22689
3, 22704
2, 22705
1, 22723
3, 22724
2, 22745
1, 22747
3, 22761
1, 22773
2, 22783
1, 22796
3, 22796
1, 22815
3, 22819
2, 22829
3, 22838
3, 22859
1, 22871
1, 22882
3, 22894
1, 22897
2, 22901
1, 22911
3, 22931
1, 22938
2, 22947
3, 22958
1, 22975
1, 22986
1, 23001
2, 23002
3, 23010
3, 23020
3, 23034
2, 23047
3, 23054
1, 23057
2, 23070
2, 23080
2, 23094
1, 23108
1, 23119
2, 23127
2, 23137
3, 23144
2, 23162
3, 23165
1, 23168
2, 23185
3, 23190
1, 23203
3, 23219
1, 23229
2, 23220
3, 23252
1, 23257
1, 23268
1, 23286
2, 23293
3, 23294
2, 23313
3, 23320
1, 23332
2, 23340
3, 23359
2, 23362
3, 23372
1, 23385
3, 23394
2, 23409
3, 23410
1, 23427
3, 23436
1, 23441
3, 23462
2, 23474
3, 23474
1, 23492
2, 23502
1, 23507
3, 23508
2, 23528
1, 23538
3, 23546
2, 23564
3, 23572
1, 23583
3, 23589
2, 23593
1, 23618
2, 23619
2, 23642
1, 23630
2, 23652
3, 23632
3, 23676
2, 23680
1, 23683
2, 23701
2, 23713
3, 23715
2, 23736
1, 23738
1, 23749
1, 23760
1, 23771
1, 23782
1, 23793
1, 23804
1, 23815
1, 23826
1, 23837
1, 23848
1, 23859
1, 23870
1, 23881
1, 23892
1, 23903
1, 23914
1, 23925
1, 23936
1, 23947
1, 23958
1, 23969
1, 23980
1, 23991
1, 24002
1, 24013
1, 24024
1, 24035
1, 24046
1, 24057
1, 24068
1, 24079
1, 24090
1, 24101
1, 24112
1, 24123
1, 24134
1, 24145
1, 24156
1, 24167
1, 24178
1, 24189
1, 24200
1, 24211
1, 24222
1, 24233
1, 24244
3, 24259
1, 24267
2, 24283
3, 24290
1, 24303
2, 24307
3, 24328
1, 24333
2, 24333
3, 24349
1, 24362
3, 24373
2, 24387
1, 24391
3, 24395
2, 24417
2, 24428
3, 24437
1, 24441
2, 24454
3, 24460
1, 24469
2, 24487
1, 24497
2, 24499
3, 24517
3, 24529
3, 24542
1, 24551
1, 24562
2, 24570
3, 24580
1, 24585
2, 24598
3, 24604
3, 24627
2, 24640
1, 24640
3, 24656
2, 24664
1, 24667
1, 24690
3, 24691
2, 24705
1, 24711
3, 24722
2, 24736
1, 24736
3, 24746
3, 24770
2, 24778
1, 24782
3, 24796
2, 24798
1, 24820
3, 24827
3, 24849
2, 24828
3, 24859
1, 24839
3, 24879
2, 24885
2, 24900
3, 24909
3, 24921
2, 24936
3, 24940
1, 24950
1, 24961
2, 24971
2, 24981
1, 24998
3, 24999
1, 25011
2, 25018
2, 25029
2, 25050
3, 25051
3, 25062
1, 25064
3, 25083
2, 25090
3, 25095
3, 25118
3, 25130
2, 25132
1, 25140
3, 25158
2, 25168
1, 25173
3, 25181
3, 25191
2, 25198
1, 25207
1, 25231
3, 25241
3, 25251
2, 25256
3, 25265
3, 25276
2, 25286
3, 25296
1, 25303
2, 25311
3, 25334
1, 25347
2, 25349
3, 25352
1, 25371
2, 25364
3, 25400
1, 25401
2, 25410
3, 25413
3, 25436
1, 25450
3, 25454
2, 25455
3, 25466
2, 25478
3, 25489
1, 25500
3, 25522
2, 25525
1, 25526
3, 25544
2, 25560
1, 25568
3, 25569
2, 25586
2, 25596
3, 25604
1, 25616
2, 25626
3, 25628
3, 25648
2, 25652
2, 25672
1, 25674
3, 25686
2, 25694
3, 25704
3, 25725
2, 25733
1, 25741
2, 25744
1, 25761
2, 25776
3, 25778
2, 25788
1, 25796
2, 25810
3, 25814
3, 25834
1, 25837
2, 25852
3, 25860
2, 25869
1, 25875
3, 25890
2, 25910
1, 25911
3, 25930
1, 25931
2, 25940
2, 25951
3, 25967
1, 25976
3, 25986
2, 25990
2, 26017
3, 25999
2, 26027
1, 26007
2, 26047
3, 26052
1, 26065
2, 26076
3, 26082
1, 26096
1, 26107
3, 26116
2, 26125
2, 26136
1, 26156
3, 26158
2, 26170
1, 26180
3, 26187
1, 26198
3, 26208
2, 26224
1, 26241
3, 26243
2, 26251
2, 26268
1, 26278
3, 26279
2, 26287
3, 26310
1, 26309
2, 26328
1, 26336
2, 26349
3, 26350
2, 26376
1, 26378
1, 26389
3, 26390
3, 26400
2, 26422
3, 26426
1, 26431
3, 26451
3, 26469
2, 26471
1, 26471
3, 26497
2, 26507
1, 26511
2, 26520
3, 26523
1, 26543
2, 26557
1, 26562
3, 26574
1, 26577
3, 26594
1, 26610
3, 26614
2, 26624
3, 26634
1, 26644
3, 26663
2, 26672
1, 26684
2, 26693
3, 26693
1, 26700
3, 26723
2, 26728
1, 26730
1, 26759
3, 26760
2, 26768
1, 26783
2, 26791
3, 26801
3, 26811
1, 26823
3, 26836
2, 26837
2, 26861
1, 26862
1, 26873
3, 26875
3, 26888
2, 26902
3, 26909
1, 26931
2, 26935
1, 26952
3, 26953
3, 26964
2, 26969
3, 26980
2, 27002
1, 27002
3, 27014
3, 27024
3, 27039
2, 27047
2, 27061
1, 27076
3, 27078
1, 27092
2, 27103
1, 27107
2, 27122
1, 27136
2, 27139
3, 27149
3, 27160
1, 27167
1, 27194
2, 27173
2, 27215
3, 27183
2, 27225
1, 27205
2, 27249
3, 27253
1, 27268
2, 27270
1, 27292
2, 27295
3, 27308
1, 27310
2, 27329
1, 27336
2, 27358
1, 27360
3, 27359
2, 27385
3, 27391
1, 27391
2, 27408
2, 27425
3, 27431
1, 27436
3, 27459
1, 27463
2, 27458
3, 27484
1, 27484
2, 27504
1, 27513
3, 27524
1, 27539
2, 27541
3, 27556
1, 27562
2, 27575
2, 27593
3, 27601
3, 27611
1, 27619
1, 27631
2, 27633
1, 27644
3, 27651
3, 27673
3, 27690
1, 27689
2, 27694
1, 27705
2, 27723
2, 27734
3, 27742
1, 27746
2, 27754
1, 27765
1, 27776
1, 27793
1, 27805
2, 27819
3, 27826
1, 27829
3, 27855
2, 27858
1, 27860
2, 27881
3, 27893
1, 27893
3, 27914
2, 27923
1, 27931
3, 27934
1, 27955
2, 27958
1, 27970
3, 27976
1, 27992
2, 28003
3, 28009
1, 28027
3, 28033
3, 28047
1, 28058
2, 28061
2, 28082
3, 28086
1, 28091
2, 28103
2, 28119
2, 28131
3, 28144
1, 28144
2, 28159
1, 28172
3, 28177
2, 28189
1, 28199
3, 28204
3, 28214
2, 28221
2, 28237
1, 28251
2, 28257
1, 28267
3, 28284
1, 28287
2, 28304
3, 28306
1, 28322
3, 28338
1, 28345
1, 28366
3, 28355
1, 28377
2, 28337
2, 28396
3, 28401
2, 28419
3, 28426
2, 28440
1, 28451
3, 28458
3, 28476
2, 28476
1, 28486
3, 28498
2, 28500
3, 28516
2, 28533
1, 28544
3, 28545
1, 28560
3, 28575
2, 28574
1, 28583
3, 28595
1, 28610
1, 28621
1, 28632
1, 28643
1, 28654
1, 28674
2, 28676
1, 28688
3, 28692
3, 28709
2, 28720
2, 28733
1, 28734
3, 28744
3, 28767
3, 28777
2, 28779
1, 28783
2, 28794
2, 28815
3, 28819
1, 28825
3, 28846
1, 28849
2, 28869
2, 28882
3, 28885
1, 28887
1, 28898
3, 28920
2, 28922
3, 28935
1, 28938
2, 28953
3, 28961
2, 28983
3, 28984
1, 28988
1, 29011
3, 29019
2, 29019
3, 29037
1, 29048
3, 29058
3, 29074
2, 29075
3, 29094
1, 29096
2, 29109
2, 29124
1, 29129
3, 29134
2, 29151
2, 29163
1, 29170
3, 29177
2, 29185
3, 29200
3, 29216
1, 29222
2, 29223
1, 29239
1, 29258
3, 29265
2, 29273
1, 29285
3, 29300
1, 29305
2, 29308
2, 29326
1, 29344
3, 29346
2, 29350
2, 29362
2, 29379
3, 29389
1, 29394
1, 29405
2, 29412
3, 29427
2, 29434
1, 29451
2, 29462
2, 29476
3, 29477
2, 29497
3, 29501
1, 29507
3, 29532
3, 29543
1, 29533
1, 29564
2, 29532
2, 29585
3, 29553
2, 29595
1, 29575
3, 29618
1, 29621
3, 29642
2, 29648
1, 29653
3, 29661
1, 29673
1, 29689
2, 29702
1, 29708
2, 29723
2, 29733
3, 29737
3, 29750
1, 29753
2, 29765
1, 29772
3, 29788
3, 29800
2, 29809
1, 29826
3, 29827
2, 29837
2, 29850
3, 29858
3, 29874
2, 29881
3, 29891
1, 29897
2, 29913
1, 29923
3, 29933
2, 29947
1, 29954
3, 29965
3, 29975
2, 29978
3, 29988
3, 30010
1, 30020
2, 30023
3, 30040
3, 30052
1, 30053
3, 30063
3, 30074
2, 30082
3, 30090
1, 30105
2, 30121
1, 30125
3, 30144
2, 30149
1, 30160
2, 30169
3, 30174
2, 30196
3, 30208
2, 30215
1, 30217
3, 30228
1, 30249
1, 30260
2, 30261
2, 30274
3, 30274
2, 30295
3, 30304
1, 30312
3, 30328
2, 30328
2, 30350
3, 30354
1, 30356
2, 30382
1, 30387
3, 30383
2, 30397
3, 30414
2, 30424
1, 30441
2, 30449
1, 30459
3, 30465
3, 30480
2, 30490
3, 30491
1, 30510
2, 30519
3, 30521
2, 30541
1, 30541
1, 30568
1, 30579
2, 30581
2, 30592
3, 30593
2, 30605
1, 30627
3, 30631
2, 30636
3, 30652
2, 30668
1, 30675
3, 30690
2, 30690
2, 30716
3, 30703
2, 30726
2, 30737
1, 30706
3, 30761
2, 30762
1, 30775
3, 30786
2, 30789
3, 30805
1, 30825
3, 30826
2, 30837
1, 30848
3, 30850
1, 30868
2, 30877
3, 30882
1, 30901
2, 30908
1, 30922
3, 30926
3, 30938
2, 30948
3, 30961
2, 30973
1, 30975
3, 30991
2, 31000
1, 31017
3, 31020
1, 31032
2, 31044
1, 31049
1, 31066
3, 31070
1, 31090
3, 31093
1, 31113
2, 31120
1, 31128
3, 31133
2, 31145
1, 31163
1, 31174
2, 31180
3, 31194
1, 31196
3, 31217
2, 31225
2, 31236
1, 31243
2, 31252
3, 31267
1, 31273
2, 31281
2, 31297
1, 31305
2, 31310
3, 31320
2, 31337
1, 31342
3, 31362
1, 31368
2, 31363
1, 31396
3, 31398
1, 31410
2, 31410
1, 31423
3, 31442
1, 31456
2, 31458
3, 31471
1, 31486
2, 31492
3, 31500
1, 31510
2, 31519
1, 31532
3, 31551
2, 31556
3, 31568
1, 31574
2, 31581
3, 31592
3, 31606
1, 31615
2, 31628
3, 31628
3, 31645
2, 31658
2, 31671
3, 31682
1, 31685
2, 31698
1, 31709
3, 31711
1, 31736
1, 31747
3, 31753
1, 31760
2, 31776
3, 31783
2, 31795
1, 31801
3, 31815
1, 31819
1, 31835
2, 31840
2, 31851
1, 31865
2, 31875
2, 31897
3, 31880
2, 31907
1, 31887
2, 31929
1, 31933
3, 31944
1, 31954
2, 31962
3, 31978
1, 31981
3, 31995
2, 32003
3, 32014
3, 32038
3, 32048
1, 32054
2, 32054
3, 32069
3, 32079
2, 32090
3, 32101
1, 32106
2, 32128
3, 32130
2, 32146
1, 32146
3, 32157
1, 32176
3, 32185
1, 32195
2, 32185
3, 32206
3, 32217
2, 32231
2, 32241
1, 32255
3, 32264
1, 32276
2, 32291
1, 32297
3, 32308
1, 32313
3, 32333
2, 32340
3, 32345
1, 32357
2, 32369
1, 32378
3, 32392
1, 32397
2, 32404
3, 32425
2, 32429
1, 32436
3, 32453
3, 32466
2, 32474
1, 32474
2, 32489
1, 32512
3, 32514
2, 32526
1, 32528
3, 32554
1, 32557
2, 32557
3, 32577
3, 32595
2, 32597
1, 32606
1, 32617
3, 32628
2, 32637
1, 32651
3, 32664
2, 32668
3, 32685
2, 32687
2, 32698
1, 32706
1, 32718
2, 32735
3, 32747
2, 32747
1, 32765
2, 32768
3, 32780
3, 32800
1, 32804
2, 32805
1, 32827
2, 32838
3, 32841
3, 32858
2, 32862
1, 32879
3, 32880
2, 32888
3, 32913
1, 32918
2, 32919
1, 32933
1, 32954
2, 32964
3, 32967
1, 32971
2, 32991
1, 33002
3, 33006
2, 33014
1, 33030
3, 33042
3, 33063
3, 33073
2, 33053
3, 33083
1, 33048
2, 33101
3, 33109
2, 33119
2, 33139
1, 33142
1, 33153
3, 33163
1, 33167
2, 33187
1, 33200
3, 33200
1, 33217
2, 33230
1, 33237
3, 33252
1, 33260
2, 33270
3, 33277
2, 33293
3, 33299
1, 33306
2, 33322
1, 33333
3, 33346
1, 33352
2, 33353
1, 33374
2, 33380
1, 33390
1, 33402
2, 33424
1, 33432
2, 33435
3, 33448
1, 33452
3, 33473
2, 33473
2, 33484
1, 33492
3, 33510
1, 33517
2, 33521
1, 33534
3, 33545
3, 33558
2, 33578
2, 33589
1, 33594
3, 33600
1, 33609
2, 33613
1, 33637
2, 33649
1, 33652
3, 33655
3, 33676
2, 33684
2, 33696
1, 33701
3, 33707
1, 33729
2, 33730
3, 33746
3, 33758
1, 33767
2, 33776
1, 33783
3, 33799
1, 33800
3, 33815
3, 33838
2, 33841
1, 33842
1, 33853
1, 33869
1, 33888
2, 33896
3, 33906
1, 33915
3, 33919
1, 33932
2, 33942
3, 33949
3, 33969
1, 33972
2, 33988
1, 33998
3, 33999
2, 34022
3, 34028
1, 34039
3, 34053
2, 34065
1, 34073
3, 34075
1, 34094
1, 34105
3, 34115
2, 34118
1, 34123
1, 34148
2, 34150
3, 34168
1, 34175
2, 34175
3, 34194
1, 34210
3, 34212
2, 34228
2, 34247
1, 34230
2, 34257
3, 34237
2, 34268
3, 34289
2, 34292
1, 34312
2, 34320
3, 34322
1, 34337
2, 34351
1, 34357
2, 34374
3, 34376
2, 34389
1, 34393
3, 34406
3, 34417
3, 34427
3, 34439
2, 34449
1, 34458
3, 34465
2, 34483
3, 34499
1, 34503
2, 34499
2, 34528
2, 34539
1, 34543
3, 34546
2, 34571
3, 34576
1, 34582
3, 34595
2, 34596
2, 34607
1, 34623
2, 34633
1, 34641
3, 34652
1, 34667
2, 34678
3, 34682
1, 34690
1, 34716
3, 34721
1, 34731
2, 34732
3, 34751
2, 34769
3, 34771
1, 34772
1, 34795
2, 34802
3, 34806
1, 34830
2, 34833
1, 34844
3, 34854
3, 34864
2, 34868
2, 34884
3, 34895
1, 34903
2, 34915
3, 34926
1, 34933
2, 34948
2, 34959
3, 34968
1, 34972
2, 34978
3, 34993
2, 35012
1, 35016
1, 35027
1, 35043
3, 35047
2, 35054
2, 35074
3, 35076
1, 35095
3, 35097
1, 35113
2, 35118
3, 35128
3, 35144
2, 35147
1, 35154
3, 35180
2, 35183
2, 35193
1, 35204
2, 35207
3, 35216
2, 35243
3, 35244
1, 35249
1, 35272
3, 35277
2, 35278
3, 35294
1, 35313
2, 35314
1, 35330
3, 35333
2, 35342
3, 35361
2, 35368
3, 35380
2, 35390
1, 35396
1, 35421
2, 35405
1, 35432
3, 35410
3, 35453
3, 35465
2, 35473
2, 35489
3, 35492
1, 35495
2, 35507
2, 35517
1, 35528
2, 35548
1, 35552
3, 35559
1, 35578
2, 35586
3, 35589
1, 35608
3, 35618
2, 35626
1, 35637
1, 35656
3, 35659
2, 35668
1, 35683
2, 35695
1, 35699
3, 35703
1, 35713
1, 35730
2, 35737
1, 35745
2, 35760
3, 35768
2, 35786
1, 35792
1, 35810
2, 35818
3, 35820
3, 35837
2, 35843
1, 35849
2, 35870
1, 35872
3, 35889
1, 35903
3, 35906
2, 35910
2, 35922
1, 35945
1, 35956
3, 35966
2, 35967
1, 35978
2, 35990
3, 36004
1, 36007
2, 36026
3, 36038
2, 36041
1, 36045
3, 36067
2, 36069
1, 36075
3, 36097
1, 36101
3, 36122
3, 36132
2, 36134
1, 36145
2, 36155
3, 36166
2, 36177
1, 36179
1, 36191
1, 36218
2, 36221
1, 36231
3, 36233
1, 36243
2, 36264
1, 36271
3, 36277
2, 36294
1, 36301
3, 36305
2, 36323
3, 36343
2, 36344
1, 36353
2, 36355
3, 36377
1, 36387
3, 36402
1, 36407
2, 36407
1, 36420
2, 36437
3, 36444
3, 36461
2, 36463
1, 36476
1, 36487
3, 36496
3, 36518
1, 36521
2, 36521
1, 36537
1, 36551
2, 36564
1, 36577
3, 36579
1, 36590
1, 36616
2, 36595
2, 36637
3, 36605
2, 36647
1, 36627
2, 36672
3, 36685
1, 36688
2, 36685
2, 36711
3, 36721
2, 36729
3, 36748
1, 36748
2, 36756
2, 36772
3, 36788
2, 36795
3, 36800
1, 36803
2, 36811
3, 36825
2, 36840
1, 36851
3, 36855
2, 36868
3, 36883
1, 36885
3, 36901
1, 36906
1, 36925
2, 36933
2, 36949
3, 36953
1, 36973
1, 36984
2, 36985
2, 36995
3, 36996
3, 37007
2, 37031
1, 37033
3, 37041
3, 37058
1, 37066
3, 37081
2, 37082
1, 37095
3, 37107
3, 37123
1, 37126
2, 37130
3, 37153
1, 37161
2, 37164
1, 37177
2, 37190
3, 37200
1, 37212
1, 37225
2, 37235
1, 37241
3, 37245
3, 37270
2, 37276
1, 37288
2, 37297
1, 37310
3, 37311
1, 37321
1, 37339
2, 37348
2, 37358
3, 37374
1, 37381
1, 37398
2, 37400
3, 37411
1, 37419
2, 37427
2, 37438
2, 37448
3, 37459
2, 37478
1, 37482
3, 37487
2, 37495
3, 37516
1, 37519
3, 37535
2, 37542
3, 37556
1, 37561
3, 37575
3, 37588
2, 37594
2, 37604
2, 37618
2, 37628
1, 37634
3, 37646
2, 37648
2, 37661
3, 37678
2, 37690
1, 37697
3, 37704
2, 37715
3, 37726
1, 37730
1, 37741
1, 37770
3, 37751
1, 37781
2, 37759
3, 37794
3, 37817
2, 37824
1, 37833
3, 37833
2, 37855
1, 37861
2, 37872
3, 37884
2, 37890
1, 37898
2, 37910
3, 37916
3, 37926
2, 37942
3, 37947
1, 37969
3, 37974
2, 37984
1, 37995
2, 38008
1, 38011
3, 38026
2, 38034
2, 38050
1, 38054
3, 38076
1, 38076
2, 38091
1, 38094
1, 38105
3, 38114
3, 38129
2, 38140
3, 38149
2, 38164
3, 38170
1, 38175
3, 38192
2, 38203
1, 38203
3, 38229
1, 38230
1, 38241
2, 38251
1, 38259
3, 38280
2, 38283
1, 38302
1, 38313
2, 38318
3, 38322
1, 38330
3, 38352
2, 38359
3, 38364
3, 38382
2, 38385
2, 38400
1, 38401
1, 38415
2, 38432
1, 38435
2, 38456
2, 38467
3, 38474
1, 38474
2, 38488
3, 38501
1, 38506
1, 38517
1, 38534
2, 38550
1, 38555
3, 38559
2, 38579
3, 38594
3, 38604
2, 38610
1, 38616
3, 38623
2, 38646
1, 38646
3, 38667
1, 38673
2, 38674
3, 38688
1, 38703
3, 38705
3, 38725
1, 38729
3, 38746
2, 38754
1, 38761
1, 38772
1, 38783
1, 38794
3, 38797
3, 38818
2, 38821
1, 38835
2, 38847
3, 38850
3, 38867
2, 38874
3, 38890
2, 38898
3, 38911
2, 38926
3, 38930
1, 38930
1, 38959
2, 38938
2, 38980
3, 38948
2, 38990
1, 38970
1, 39013
2, 39023
3, 39033
1, 39040
2, 39042
1, 39058
2, 39079
3, 39091
2, 39091
3, 39107
1, 39110
1, 39121
2, 39133
3, 39139
2, 39151
3, 39165
2, 39173
1, 39185
2, 39190
1, 39212
1, 39223
3, 39230
1, 39238
1, 39249
2, 39258
2, 39268
3, 39278
1, 39285
2, 39305
1, 39310
3, 39314
2, 39328
3, 39349
1, 39351
3, 39364
2, 39368
3, 39381
3, 39400
1, 39400
1, 39412
2, 39422
1, 39428
1, 39439
2, 39453
3, 39460
2, 39472
1, 39484
3, 39496
2, 39510
1, 39522
3, 39523
3, 39545
2, 39548
3, 39564
3, 39575
1, 39578
1, 39589
2, 39593
2, 39606
3, 39612
2, 39624
3, 39645
1, 39650
2, 39659
3, 39671
2, 39691
1, 39697
1, 39708
3, 39709
3, 39719
2, 39724
2, 39746
3, 39756
1, 39769
2, 39774
3, 39785
1, 39799
2, 39799
1, 39817
2, 39823
3, 39836
1, 39847
2, 39851
1, 39866
2, 39877
3, 39882
3, 39893
3, 39916
2, 39919
1, 39920
3, 39935
1, 39953
3, 39956
2, 39973
1, 39982
2, 39988
3, 40001
1, 40010
3, 40027
2, 40029
3, 40049
2, 40049
1, 40061
3, 40072
2, 40090
3, 40092
1, 40096
1, 40126
2, 40112
1, 40137
3, 40115
2, 40159
1, 40164
3, 40168
3, 40192
1, 40199
1, 40212
2, 40214
1, 40225
3, 40240
2, 40246
1, 40255
1, 40270
1, 40290
2, 40290
3, 40302
3, 40312
2, 40323
1, 40333
3, 40336
1, 40359
3, 40364
2, 40369
2, 40380
3, 40400
2, 40414
1, 40414
3, 40433
3, 40443
2, 40447
1, 40452
2, 40459
3, 40473
3, 40484
2, 40494
1, 40504
3, 40525
1, 40536
3, 40541
2, 40538
3, 40553
1, 40566
2, 40578
3, 40595
3, 40606
1, 40612
2, 40614
1, 40631
2, 40642
3, 40652
1, 40659
2, 40670
1, 40678
2, 40694
1, 40713
3, 40715
2, 40726
1, 40727
2, 40755
1, 40765
3, 40767
2, 40778
3, 40787
1, 40793
3, 40811
2, 40823
3, 40830
1, 40834
1, 40854
2, 40854
1, 40873
2, 40879
3, 40886
2, 40899
1, 40910
3, 40925
3, 40935
2, 40939
3, 40958
1, 40958
2, 40972
3, 40978
1, 40993
3, 41006
2, 41008
2, 41019
2, 41035
3, 41044
3, 41056
2, 41067
1, 41074
3, 41084
2, 41091
3, 41106
2, 41112
1, 41124
2, 41135
3, 41139
3, 41161
1, 41171
2, 41172
2, 41193
1, 41195
1, 41207
3, 41220
3, 41235
2, 41237
1, 41245
2, 41260
3, 41264
2, 41286
2, 41302
1, 41290
2, 41312
3, 41292
2, 41330
1, 41343
3, 41358
1, 41363
2, 41364
2, 41390
1, 41390
2, 41405
3, 41412
2, 41423
1, 41433
3, 41443
2, 41450
2, 41469
3, 41472
3, 41484
3, 41500
1, 41505
1, 41516
2, 41529
3, 41544
1, 41544
2, 41559
3, 41564
1, 41575
2, 41587
3, 41597
1, 41608
3, 41618
2, 41638
1, 41643
1, 41654
3, 41657
3, 41671
2, 41688
3, 41697
3, 41709
1, 41711
1, 41722
2, 41734
1, 41749
3, 41753
2, 41772
1, 41775
3, 41781
3, 41791
2, 41809
3, 41817
2, 41829
1, 41832
1, 41843
1, 41862
3, 41867
1, 41883
2, 41888
3, 41902
1, 41909
2, 41916
3, 41931
1, 41942
2, 41955
2, 41966
3, 41966
2, 41983
1, 41990
3, 41994
1, 42015
3, 42029
2, 42032
1, 42037
3, 42058
1, 42060
1, 42072
1, 42085
3, 42105
2, 42105
1, 42120
2, 42129
3, 42130
2, 42152
1, 42157
2, 42178
1, 42187
3, 42192
2, 42194
1, 42211
3, 42220
2, 42233
1, 42242
3, 42244
1, 42268
3, 42275
2, 42276
3, 42289
1, 42305
3, 42318
2, 42321
3, 42335
2, 42346
1, 42354
2, 42367
3, 42376
3, 42386
1, 42393
2, 42404
2, 42420
1, 42432
1, 42443
2, 42457
3, 42459
3, 42481
1, 42461
2, 42471
3, 42504
1, 42508
2, 42512
1, 42528
1, 42544
2, 42555
1, 42562
3, 42568
1, 42584
3, 42593
2, 42603
1, 42610
1, 42632
3, 42646
1, 42649
2, 42646
3, 42660
3, 42677
2, 42686
1, 42691
2, 42714
3, 42722
2, 42732
1, 42733
3, 42758
1, 42759
2, 42765
2, 42785
1, 42791
3, 42795
2, 42811
1, 42826
1, 42837
2, 42849
2, 42859
3, 42865
2, 42880
3, 42891
1, 42896
3, 42913
2, 42913
3, 42931
1, 42934
2, 42947
1, 42956
3, 42972
2, 42976
1, 42981
1, 43001
2, 43004
3, 43014
2, 43024
3, 43035
1, 43055
3, 43060
2, 43062
3, 43085
2, 43089
1, 43094
3, 43113
1, 43120
2, 43128
3, 43145
2, 43153
1, 43159
3, 43172
2, 43180
3, 43190
1, 43207
2, 43213
3, 43216
2, 43234
3, 43240
1, 43263
3, 43272
2, 43272
1, 43287
2, 43302
2, 43317
1, 43317
3, 43332
1, 43336
2, 43339
1, 43361
3, 43368
2, 43374
3, 43391
2, 43397
1, 43407
3, 43419
2, 43431
3, 43436
1, 43450
1, 43468
1, 43479
2, 43493
1, 43494
3, 43497
1, 43509
2, 43527
2, 43542
3, 43550
1, 43556
2, 43566
3, 43569
2, 43590
3, 43595
1, 43602
1, 43613
2, 43630
2, 43650
1, 43631
2, 43660
3, 43640
3, 43687
2, 43689
1, 43694
3, 43701
2, 43719
2, 43737
3, 43741
1, 43745
1, 43756
1, 43775
1, 43791
3, 43798
1, 43806
2, 43798
1, 43817
1, 43844
3, 43844
2, 43855
1, 43860
3, 43884
2, 43894
2, 43906
1, 43908
3, 43916
1, 43930
2, 43950
1, 43952
3, 43950
3, 43977
3, 43991
1, 43992
1, 44003
2, 44013
1, 44019
3, 44032
2, 44036
3, 44061
2, 44065
1, 44081
2, 44083
1, 44094
3, 44102
1, 44109
3, 44127
3, 44145
2, 44145
1, 44161
3, 44164
2, 44170
2, 44181
3, 44201
2, 44202
2, 44220
1, 44230
3, 44240
3, 44250
2, 44260
1, 44272
3, 44280
3, 44292
2, 44300
1, 44303
2, 44326
1, 44328
1, 44339
1, 44356
3, 44365
2, 44376
2, 44388
1, 44388
3, 44408
2, 44420
1, 44423
3, 44428
2, 44447
1, 44453
1, 44466
2, 44474
2, 44484
2, 44494
1, 44513
2, 44520
2, 44532
3, 44540
3, 44551
2, 44562
3, 44573
3, 44586
1, 44588
2, 44591
2, 44612
1, 44614
1, 44626
2, 44642
3, 44649
1, 44666
2, 44678
1, 44692
3, 44692
2, 44705
1, 44717
3, 44725
2, 44729
2, 44744
3, 44755
3, 44770
1, 44779
3, 44786
2, 44795
1, 44806
1, 44829
2, 44815
1, 44840
3, 44818
1, 44864
2, 44868
3, 44880
3, 44890
1, 44900
3, 44910
2, 44915
1, 44938
3, 44938
2, 44954
3, 44964
1, 44967
3, 44989
1, 44995
2, 44988
3, 45006
2, 45027
3, 45034
2, 45043
2, 45064
1, 45065
1, 45077
3, 45085
3, 45095
1, 45112
1, 45123
3, 45129
1, 45140
2, 45140
1, 45154
3, 45176
2, 45178
1, 45200
3, 45200
2, 45215
3, 45220
1, 45233
2, 45250
3, 45251
1, 45255
1, 45283
3, 45284
2, 45295
3, 45305
3, 45316
1, 45318
1, 45336
2, 45348
3, 45363
1, 45369
2, 45363
3, 45378
1, 45398
2, 45402
1, 45413
3, 45438
2, 45441
1, 45442
2, 45468
3, 45472
1, 45481
3, 45490
2, 45502
1, 45515
2, 45522
3, 45527
2, 45547
1, 45549
1, 45560
3, 45573
1, 45584
2, 45589
1, 45599
1, 45617
2, 45626
3, 45633
2, 45641
1, 45663
2, 45669
3, 45676
1, 45690
3, 45705
2, 45706
1, 45721
3, 45727
2, 45733
1, 45742
3, 45763
2, 45772
1, 45783
2, 45799
1, 45810
3, 45810
1, 45829
2, 45828
3, 45844
3, 45856
1, 45863
2, 45880
3, 45884
1, 45891
3, 45916
2, 45918
1, 45926
1, 45937
1, 45954
3, 45956
2, 45974
1, 45977
1, 45988
1, 46013
2, 45998
1, 46024
3, 46002
1, 46050
2, 46050
3, 46068
2, 46077
1, 46086
3, 46097
3, 46107
2, 46111
1, 46122
1, 46133
1, 46149
3, 46164
3, 46179
2, 46179
2, 46194
1, 46195
1, 46206
1, 46224
3, 46228
2, 46243
1, 46250
3, 46267
2, 46269
1, 46274
2, 46297
1, 46303
3, 46313
2, 46318
1, 46328
1, 46339
2, 46350
2, 46368
3, 46374
1, 46386
3, 46404
2, 46407
1, 46417
3, 46427
2, 46434
2, 46454
3, 46456
3, 46472
1, 46479
2, 46485
1, 46497
3, 46518
2, 46519
1, 46525
1, 46536
1, 46553
2, 46563
1, 46578
2, 46579
3, 46593
3, 46605
2, 46620
1, 46623
3, 46629
2, 46649
3, 46652
2, 46668
3, 46677
1, 46681
3, 46697
2, 46704
1, 46718
2, 46720
1, 46740
2, 46744
1, 46756
1, 46767
1, 46778
1, 46789
1, 46800
1, 46811
1, 46822
1, 46833
1, 46844
1, 46855
1, 46866
1, 46877
1, 46888
1, 46899
1, 46910
1, 46921
1, 46932
1, 46943
1, 46954
1, 46965
1, 46976
1, 46987
1, 46998
1, 47009
1, 47020
1, 47031
1, 47042
1, 47053
1, 47064
1, 47075
1, 47086
1, 47097
1, 47108
1, 47119
1, 47130
1, 47141
1, 47152
1, 47163
1, 47174
1, 47185
1, 47196
1, 47207
1, 47218
3, 47233
1, 47245
2, 47249
1, 47260
3, 47265
1, 47290
3, 47296
2, 47300
1, 47309
3, 47319
2, 47334
3, 47352
1, 47356
2, 47357
1, 47368
3, 47393
1, 47394
3, 47407
3, 47419
2, 47424
1, 47439
2, 47442
3, 47456
1, 47471
2, 47471
3, 47481
3, 47495
1, 47507
1, 47526
2, 47530
3, 47543
1, 47561
2, 47561
3, 47565
1, 47578
3, 47593
1, 47612
3, 47613
2, 47627
2, 47638
1, 47645
3, 47649
1, 47663
1, 47685
1, 47696
3, 47702
2, 47704
3, 47723
1, 47723
2, 47746
1, 47752
3, 47756
1, 47767
2, 47791
1, 47792
3, 47805
3, 47815
2, 47833
1, 47839
2, 47844
3, 47853
1, 47856
2, 47874
3, 47889
3, 47899
2, 47905
3, 47912
2, 47929
1, 47941
3, 47942
2, 47961
3, 47969
1, 47970
2, 47988
3, 47991
1, 48009
1, 48020
2, 48030
3, 48038
3, 48048
1, 48059
2, 48064
3, 48079
3, 48091
2, 48100
1, 48107
3, 48124
2, 48135
2, 48145
2, 48159
1, 48167
3, 48169
2, 48184
3, 48193
1, 48196
1, 48207
2, 48230
2, 48242
1, 48242
2, 48260
3, 48264
1, 48268
3, 48285
2, 48295
1, 48306
1, 48317
2, 48335
1, 48340
3, 48336
2, 48352
3, 48365
1, 48379
3, 48391
2, 48381
2, 48413
3, 48419
1, 48426
3, 48447
2, 48450
2, 48466
3, 48472
1, 48476
2, 48487
2, 48500
3, 48508
2, 48519
1, 48536
3, 48539
2, 48552
2, 48564
3, 48571
1, 48580
3, 48593
2, 48605
1, 48611
3, 48622
2, 48634
1, 48638
1, 48665
3, 48665
2, 48679
1, 48684
3, 48701
1, 48712
2, 48716
3, 48723
3, 48738
1, 48745
2, 48755
2, 48766
3, 48776
3, 48797
1, 48798
2, 48813
3, 48826
1, 48825
2, 48848
1, 48848
3, 48860
2, 48880
1, 48884
3, 48892
2, 48897
3, 48911
1, 48923
2, 48937
3, 48953
1, 48955
2, 48959
3, 48976
3, 48987
1, 48992
3, 49017
2, 49026
1, 49026
3, 49037
3, 49047
2, 49053
1, 49071
1, 49082
3, 49089
2, 49097
3, 49104
2, 49116
3, 49136
1, 49138
1, 49149
2, 49153
3, 49174
2, 49175
2, 49185
3, 49206
3, 49221
2, 49222
1, 49231
3, 49243
2, 49248
3, 49263
2, 49280
1, 49288
3, 49291
1, 49305
2, 49312
1, 49323
2, 49337
3, 49341
3, 49357
2, 49366
1, 49376
3, 49389
2, 49392
3, 49414
2, 49415
2, 49426
1, 49440
2, 49445
1, 49456
3, 49466
2, 49475
2, 49486
3, 49501
1, 49509
2, 49522
1, 49532
3, 49522
1, 49553
1, 49574
2, 49553
2, 49595
3, 49563
2, 49605
1, 49585
3, 49627
2, 49642
3, 49645
1, 49652
3, 49657
1, 49679
3, 49690
1, 49697
2, 49699
1, 49712
3, 49733
2, 49740
2, 49752
3, 49763
1, 49763
3, 49781
2, 49795
2, 49805
1, 49804
2, 49822
3, 49826
2, 49840
3, 49855
3, 49866
1, 49869
2, 49873
3, 49891
1, 49903
2, 49915
3, 49915
3, 49932
2, 49939
1, 49949
2, 49965
1, 49969
1, 49991
3, 50001
2, 50001
1, 50018
3, 50020
1, 50040
3, 50043
1, 50057
2, 50075
1, 50077
3, 50083
3, 50093
2, 50106
3, 50114
1, 50135
3, 50137
2, 50152
2, 50163
1, 50171
3, 50177
2, 50184
3, 50203
2, 50206
1, 50217
1, 50232
1, 50244
2, 50252
1, 50266
3, 50269
2, 50293
3, 50305
1, 50305
2, 50315
2, 50331
3, 50333
3, 50353
2, 50359
3, 50367
1, 50369
1, 50380
2, 50390
2, 50410
3, 50415
2, 50434
1, 50436
1, 50449
3, 50454
2, 50469
1, 50476
1, 50501
3, 50502
2, 50511
3, 50522
2, 50533
3, 50542
1, 50555
2, 50559
3, 50571
2, 50589
1, 50596
3, 50600
2, 50610
1, 50619
1, 50630
3, 50649
2, 50653
2, 50667
3, 50676
2, 50692
3, 50695
1, 50703
3, 50725
1, 50725
1, 50750
2, 50729
2, 50771
3, 50739
2, 50781
1, 50761
2, 50802
1, 50811
1, 50828
3, 50830
2, 50853
1, 50853
3, 50862
1, 50868
2, 50889
3, 50893
1, 50901
3, 50914
1, 50922
2, 50929
1, 50946
2, 50960
1, 50966
1, 50987
2, 50989
3, 50993
3, 51006
2, 51022
1, 51026
3, 51033
3, 51059
2, 51061
1, 51062
3, 51080
2, 51094
1, 51098
3, 51108
2, 51123
1, 51131
3, 51136
1, 51146
2, 51155
3, 51177
3, 51191
2, 51196
3, 51211
1, 51213
1, 51224
2, 51236
3, 51243
3, 51253
2, 51265
1, 51278
1, 51289
3, 51303
2, 51305
3, 51316
1, 51325
2, 51335
3, 51356
1, 51361
2, 51361
3, 51385
2, 51391
1, 51395
1, 51414
3, 51424
3, 51434
3, 51448
2, 51450
1, 51459
3, 51474
2, 51476
2, 51490
3, 51498
1, 51512
1, 51525
2, 51528
3, 51537
1, 51557
2, 51557
1, 51577
2, 51596
1, 51598
1, 51609
3, 51616
1, 51634
3, 51644
2, 51655
1, 51661
3, 51662
2, 51681
3, 51690
1, 51698
3, 51711
2, 51721
3, 51732
1, 51738
2, 51747
3, 51766
1, 51776
2, 51782
1, 51798
3, 51806
2, 51809
3, 51831
1, 51835
2, 51837
3, 51852
3, 51863
3, 51877
1, 51892
2, 51893
2, 51919
3, 51902
2, 51929
1, 51909
2, 51951
1, 51955
1, 51967
3, 51978
2, 51987
1, 52002
2, 52007
1, 52019
3, 52032
1, 52041
2, 52044
3, 52065
1, 52075
3, 52077
2, 52090
3, 52110
2, 52116
1, 52123
3, 52128
1, 52145
3, 52155
2, 52158
3, 52175
2, 52192
1, 52193
3, 52199
3, 52209
2, 52218
1, 52236
2, 52242
3, 52257
3, 52269
2, 52279
1, 52286
2, 52298
3, 52309
3, 52319
1, 52329
1, 52351
3, 52351
2, 52358
2, 52368
2, 52382
1, 52390
3, 52398
2, 52405
1, 52428
3, 52430
1, 52447
2, 52453
3, 52463
3, 52475
1, 52480
3, 52493
1, 52505
2, 52522
1, 52526
3, 52534
1, 52541
2, 52568
1, 52568
3, 52579
1, 52586
2, 52596
2, 52609
1, 52614
2, 52640
1, 52639
3, 52648
1, 52656
1, 52667
1, 52683
2, 52699
3, 52703
1, 52716
2, 52726
3, 52730
3, 52746
2, 52765
3, 52773
1, 52773
3, 52790
2, 52793
3, 52816
1, 52816
2, 52824
3, 52840
1, 52849
2, 52850
3, 52861
3, 52872
2, 52894
1, 52896
3, 52907
3, 52917
2, 52932
1, 52937
3, 52943
1, 52963
3, 52976
2, 52988
1, 52989
1, 53009
1, 53020
2, 53026
1, 53034
3, 53037
1, 53050
2, 53069
3, 53079
3, 53099
1, 53083
2, 53089
1, 53127
3, 53128
2, 53138
1, 53152
3, 53152
2, 53164
2, 53174
3, 53184
3, 53201
1, 53212
2, 53216
3, 53232
2, 53248
3, 53261
1, 53262
2, 53270
3, 53275
2, 53301
1, 53308
3, 53310
1, 53329
3, 53336
2, 53341
1, 53348
3, 53373
2, 53375
3, 53386
1, 53395
2, 53400
1, 53424
3, 53430
2, 53430
3, 53444
1, 53452
2, 53476
1, 53479
3, 53484
2, 53494
2, 53516
3, 53518
1, 53523
3, 53545
1, 53553
2, 53554
3, 53570
2, 53585
1, 53596
3, 53605
2, 53617
1, 53623
3, 53636
1, 53649
2, 53654
1, 53666
3, 53677
2, 53680
2, 53695
3, 53716
1, 53717
2, 53715
3, 53729
2, 53749
1, 53755
3, 53764
1, 53776
2, 53793
3, 53797
1, 53803
3, 53825
2, 53829
1, 53843
3, 53845
1, 53859
3, 53873
1, 53882
1, 53893
2, 53904
3, 53922
1, 53922
2, 53931
1, 53940
3, 53955
2, 53968
3, 53977
1, 53989
2, 53994
3, 53999
2, 54019
1, 54024
3, 54036
1, 54042
2, 54049
3, 54061
1, 54082
2, 54084
1, 54103
1, 54114
3, 54121
1, 54129
2, 54147
1, 54150
3, 54165
3, 54175
2, 54186
3, 54198
2, 54205
1, 54217
3, 54226
2, 54229
2, 54241
2, 54266
1, 54248
2, 54276
3, 54256
2, 54296
1, 54297
3, 54309
3, 54322
2, 54332
3, 54340
1, 54350
2, 54363
3, 54382
2, 54389
3, 54397
3, 54407
2, 54418
1, 54425
3, 54430
3, 54456
1, 54458
1, 54469
2, 54477
1, 54483
2, 54493
2, 54519
1, 54519
2, 54531
3, 54546
3, 54556
1, 54569
2, 54569
3, 54585
1, 54597
3, 54605
2, 54609
2, 54620
3, 54639
1, 54645
3, 54657
2, 54659
2, 54674
1, 54678
3, 54692
2, 54702
3, 54712
1, 54721
1, 54732
3, 54751
1, 54763
2, 54764
1, 54778
2, 54793
3, 54797
2, 54810
1, 54819
3, 54833
3, 54845
2, 54847
3, 54872
1, 54872
2, 54878
1, 54890
3, 54906
3, 54916
2, 54929
3, 54934
1, 54944
1, 54955
3, 54969
1, 54980
2, 54981
1, 54995
3, 55011
2, 55013
3, 55033
1, 55036
2, 55040
1, 55052
1, 55072
2, 55079
1, 55089
3, 55101
2, 55112
2, 55126
1, 55127
2, 55141
3, 55150
2, 55172
1, 55174
2, 55189
1, 55198
1, 55209
1, 55220
1, 55231
1, 55242
1, 55253
1, 55264
1, 55275
1, 55286
1, 55297
1, 55308
1, 55319
1, 55330
1, 55341
1, 55352
1, 55363
1, 55374
1, 55385
1, 55396
1, 55407
1, 55418
1, 55429
1, 55440
1, 55451
1, 55462
1, 55473
1, 55484
1, 55495
1, 55506
1, 55517
1, 55528
1, 55539
1, 55550
1, 55561
1, 55572
1, 55583
1, 55594
1, 55605
1, 55616
3, 55627
2, 55631
1, 55648
3, 55651
2, 55661
2, 55679
1, 55684
3, 55697
3, 55707
2, 55709
1, 55732
3, 55734
2, 55746
1, 55756
2, 55769
3, 55775
1, 55787
2, 55794
1, 55804
3, 55818
2, 55819
1, 55841
3, 55846
2, 55853
2, 55864
3, 55882
1, 55890
2, 55894
1, 55910
2, 55922
3, 55929
1, 55941
3, 55951
2, 55959
1, 55970
2, 55985
3, 55989
3, 56001
1, 56007
2, 56017
3, 56028
1, 56046
2, 56047
3, 56058
3, 56081
1, 56089
2, 56094
2, 56105
2, 56117
3, 56117
2, 56143
3, 56146
2, 56160
3, 56171
1, 56174
2, 56178
3, 56195
1, 56207
2, 56220
1, 56227
3, 56244
1, 56249
2, 56252
3, 56270
1, 56287
2, 56291
3, 56303
2, 56311
3, 56326
1, 56331
1, 56342
2, 56348
3, 56368
2, 56369
1, 56384
1, 56395
3, 56400
1, 56408
3, 56427
1, 56445
3, 56450
2, 56447
3, 56466
3, 56478
1, 56485
2, 56493
3, 56503
1, 56515
3, 56527
1, 56535
2, 56541
3, 56560
2, 56569
1, 56573
3, 56583
2, 56602
3, 56604
1, 56628
1, 56644
3, 56629
1, 56655
2, 56633
1, 56666
1, 56687
3, 56689
1, 56702
2, 56722
2, 56733
3, 56743
3, 56753
2, 56761
3, 56767
1, 56772
2, 56790
1, 56800
3, 56790
1, 56827
3, 56830
2, 56831
3, 56842
1, 56859
2, 56870
1, 56877
3, 56887
3, 56906
2, 56909
1, 56923
3, 56935
1, 56946
2, 56951
1, 56969
3, 56979
2, 56981
3, 56999
1, 57009
3, 57021
1, 57025
2, 57032
2, 57051
3, 57053
1, 57067
1, 57086
3, 57092
2, 57099
1, 57112
2, 57121
3, 57122
1, 57146
3, 57152
1, 57169
3, 57173
2, 57178
1, 57199
3, 57201
2, 57215
1, 57222
3, 57232
1, 57249
2, 57252
1, 57268
3, 57273
3, 57283
2, 57288
1, 57305
2, 57318
1, 57334
3, 57335
1, 57356
2, 57356
3, 57370
3, 57380
2, 57389
1, 57391
1, 57402
3, 57426
1, 57428
1, 57439
3, 57460
2, 57467
3, 57472
1, 57482
2, 57501
3, 57504
1, 57515
3, 57524
3, 57534
3, 57554
1, 57554
2, 57565
1, 57577
1, 57591
2, 57601
3, 57603
1, 57615
3, 57630
1, 57638
2, 57642
3, 57660
1, 57672
1, 57688
3, 57690
2, 57700
3, 57709
1, 57717
3, 57735
3, 57745
2, 57751
1, 57762
3, 57770
2, 57779
1, 57798
2, 57805
2, 57827
3, 57814
2, 57837
1, 57817
2, 57859
1, 57863
3, 57870
3, 57888
2, 57905
1, 57906
1, 57917
3, 57924
2, 57939
1, 57945
2, 57964
1, 57965
3, 57978
3, 57992
2, 57994
2, 58014
3, 58017
1, 58024
2, 58048
3, 58050
2, 58067
3, 58073
1, 58077
2, 58096
3, 58098
3, 58113
1, 58118
1, 58129
1, 58151
2, 58152
3, 58167
1, 58169
1, 58180
3, 58204
1, 58210
3, 58215
2, 58230
3, 58237
1, 58242
1, 58270
3, 58270
2, 58283
1, 58292
2, 58303
3, 58313
3, 58324
1, 58332
3, 58347
2, 58352
1, 58360
3, 58373
2, 58379
1, 58402
2, 58404
3, 58415
3, 58425
1, 58439
3, 58446
2, 58451
1, 58459
1, 58480
2, 58489
1, 58498
3, 58500
1, 58512
2, 58534
1, 58536
3, 58546
2, 58565
1, 58576
3, 58576
2, 58594
3, 58601
1, 58617
3, 58623
2, 58625
3, 58635
1, 58651
2, 58663
3, 58669
1, 58678
1, 58698
3, 58704
3, 58716
2, 58724
3, 58736
3, 58748
1, 58754
2, 58764
3, 58774
2, 58788
1, 58789
3, 58807
3, 58818
1, 58829
3, 58838
1, 58858
2, 58858
3, 58871
1, 58876
2, 58895
1, 58900
3, 58909
1, 58922
2, 58930
3, 58941
3, 58956
1, 58961
2, 58981
2, 58996
3, 58982
2, 59006
1, 58986
2, 59031
2, 59042
1, 59046
3, 59056
3, 59071
1, 59079
2, 59079
1, 59102
2, 59104
3, 59117
3, 59127
3, 59146
2, 59147
1, 59156
1, 59167
3, 59178
3, 59196
1, 59199
2, 59209
3, 59214
1, 59240
2, 59248
3, 59248
2, 59261
1, 59272
3, 59285
2, 59292
3, 59305
1, 59312
2, 59327
3, 59331
1, 59339
3, 59354
2, 59363
1, 59385
3, 59385
2, 59398
1, 59405
1, 59416
1, 59431
3, 59442
2, 59448
1, 59463
3, 59470
2, 59474
1, 59486
1, 59506
2, 59521
1, 59524
3, 59521
1, 59535
1, 59560
2, 59561
3, 59578
2, 59585
1, 59591
3, 59607
3, 59618
2, 59626
1, 59629
3, 59647
2, 59651
1, 59661
3, 59685
2, 59686
1, 59692
3, 59714
2, 59726
1, 59728
3, 59738
1, 59756
2, 59763
3, 59761
1, 59783
2, 59780
3, 59795
1, 59815
2, 59819
3, 59834
2, 59847
1, 59859
3, 59870
2, 59871
2, 59890
3, 59896
1, 59902
2, 59917
3, 59930
2, 59936
1, 59940
1, 59951
1, 59969
2, 59983
1, 59988
3, 59992
1, 60001
3, 60025
1, 60033
2, 60045
3, 60045
1, 60058
3, 60075
1, 60081
2, 60087
1, 60112
2, 60113
1, 60125
2, 60144
1, 60146
3, 60159
3, 60178
2, 60163
1, 60168
1, 60202
1, 60213
2, 60224
1, 60229
3, 60237
3, 60250
2, 60269
1, 60270
3, 60278
3, 60290
1, 60304
2, 60312
1, 60325
3, 60326
1, 60338
2, 60354
3, 60361
1, 60379
3, 60383
2, 60387
3, 60407
1, 60416
3, 60425
1, 60436
1, 60451
2, 60453
3, 60468
1, 60483
3, 60491
2, 60502
3, 60509
1, 60522
1, 60534
2, 60538
3, 60545
3, 60563
2, 60579
3, 60581
1, 60590
3, 60598
2, 60613
1, 60626
1, 60637
3, 60646
1, 60651
2, 60657
2, 60679
3, 60686
1, 60691
1, 60702
1, 60721
1, 60732
3, 60746
2, 60751
1, 60749
3, 60774
2, 60786
1, 60790
1, 60809
2, 60814
3, 60812
1, 60832
3, 60844
1, 60850
1, 60861
2, 60872
3, 60886
1, 60895
3, 60907
2, 60921
1, 60921
1, 60940
3, 60949
1, 60955
2, 60971
2, 60983
3, 60992
1, 60997
2, 61008
3, 61022
2, 61026
3, 61037
1, 61046
3, 61067
2, 61068
2, 61089
1, 61090
3, 61099
1, 61114
2, 61124
1, 61135
3, 61123
2, 61145
2, 61167
3, 61167
2, 61183
1, 61191
3, 61204
1, 61210
1, 61221
2, 61241
1, 61244
1, 61255
1, 61274
3, 61275
1, 61300
2, 61300
3, 61312
3, 61322
1, 61337
2, 61339
2, 61364
3, 61352
2, 61374
1, 61354
2, 61397
3, 61399
2, 61418
1, 61421
3, 61440
1, 61443
1, 61454
3, 61469
2, 61474
1, 61489
3, 61496
2, 61501
1, 61515
2, 61532
1, 61536
3, 61545
2, 61558
2, 61576
3, 61580
3, 61598
2, 61600
1, 61601
2, 61622
3, 61624
3, 61640
1, 61653
1, 61664
2, 61675
3, 61688
1, 61688
1, 61708
3, 61716
2, 61721
2, 61731
3, 61741
1, 61755
2, 61770
3, 61772
1, 61785
2, 61797
1, 61806
1, 61818
3, 61831
2, 61834
2, 61844
3, 61862
2, 61872
1, 61881
1, 61892
1, 61907
3, 61908
2, 61915
3, 61935
1, 61952
3, 61952
2, 61962
3, 61970
3, 61982
2, 61996
1, 62001
2, 62007
3, 62015
3, 62037
1, 62039
3, 62063
2, 62064
1, 62075
2, 62079
3, 62088
1, 62112
2, 62114
3, 62126
3, 62136
2, 62150
3, 62161
1, 62165
1, 62176
2, 62180
3, 62195
2, 62207
3, 62218
1, 62221
1, 62232
3, 62253
1, 62259
1, 62270
2, 62280
3, 62299
3, 62309
2, 62318
3, 62325
1, 62326
3, 62340
2, 62348
1, 62360
1, 62371
1, 62382
1, 62394
3, 62410
2, 62419
3, 62427
2, 62437
3, 62455
2, 62466
3, 62466
1, 62469
3, 62494
2, 62498
1, 62509
2, 62518
2, 62541
3, 62525
2, 62551
1, 62531
3, 62571
1, 62582
2, 62584
3, 62603
1, 62609
2, 62615
3, 62626
3, 62641
2, 62650
3, 62656
2, 62669
1, 62681
2, 62696
1, 62702
1, 62722
3, 62723
2, 62730
3, 62742
1, 62760
3, 62761
2, 62783
3, 62787
1, 62788
3, 62811
3, 62824
1, 62826
1, 62837
2, 62852
1, 62855
1, 62867
1, 62886
2, 62890
3, 62898
2, 62918
3, 62929
1, 62929
2, 62947
3, 62953
3, 62969
2, 62975
1, 62982
2, 62986
3, 63000
1, 63010
1, 63021
2, 63040
3, 63044
1, 63048
3, 63064
3, 63082
1, 63084
1, 63103
3, 63107
2, 63112
3, 63129
1, 63132
2, 63151
1, 63152
3, 63173
1, 63186
2, 63196
3, 63198
1, 63210
1, 63221
3, 63238
1, 63239
2, 63250
3, 63265
2, 63268
2, 63278
1, 63297
3, 63310
2, 63310
3, 63325
1, 63336
3, 63351
2, 63354
1, 63365
3, 63373
2, 63390
3, 63396
3, 63413
1, 63420
3, 63423
1, 63444
2, 63446
3, 63453
2, 63474
1, 63478
1, 63489
1, 63500
1, 63512
3, 63526
3, 63537
2, 63541
3, 63558
1, 63561
2, 63566
3, 63587
3, 63598
1, 63608
2, 63608
3, 63625
2, 63641
1, 63653
3, 63654
2, 63670
1, 63673
2, 63693
3, 63704
1, 63704
1, 63731
2, 63710
2, 63752
3, 63720
2, 63762
1, 63742
3, 63785
2, 63794
3, 63805
1, 63809
3, 63826
2, 63828
2, 63843
1, 63857
3, 63862
2, 63873
2, 63884
1, 63893
3, 63900
1, 63912
2, 63931
3, 63933
1, 63949
3, 63951
1, 63963
2, 63981
3, 63989
1, 63989
3, 64013
2, 64020
1, 64020
3, 64033
3, 64056
3, 64066
2, 64069
1, 64077
3, 64092
2, 64094
3, 64118
3, 64129
2, 64131
1, 64135
2, 64152
3, 64160
1, 64170
2, 64182
2, 64193
3, 64201
1, 64213
2, 64219
3, 64238
3, 64248
2, 64254
2, 64266
1, 64271
2, 64287
3, 64292
1, 64299
3, 64318
2, 64319
2, 64342
2, 64356
1, 64357
3, 64361
1, 64377
3, 64394
1, 64398
2, 64403
1, 64413
3, 64432
1, 64438
2, 64441
3, 64462
1, 64464
1, 64484
3, 64489
2, 64497
1, 64511
3, 64521
2, 64525
3, 64540
2, 64552
1, 64557
3, 64565
3, 64589
1, 64597
2, 64597
1, 64616
3, 64622
3, 64641
2, 64647
1, 64649
3, 64673
2, 64688
1, 64688
3, 64694
2, 64711
1, 64715
2, 64734
2, 64745
3, 64746
1, 64759
1, 64770
3, 64791
2, 64792
1, 64798
1, 64809
3, 64819
3, 64834
1, 64843
2, 64851
3, 64861
3, 64886
2, 64871
1, 64876
1, 64903
3, 64911
2, 64920
2, 64939
1, 64945
3, 64949
2, 64972
3, 64975
3, 64987
1, 64993
3, 65016
2, 65019
1, 65026
3, 65049
2, 65051
1, 65056
1, 65067
1, 65085
3, 65089
1, 65098
2, 65104
3, 65118
3, 65140
3, 65150
2, 65156
2, 65169
1, 65176
2, 65189
1, 65197
3, 65197
3, 65219
1, 65227
3, 65241
1, 65250
1, 65261
3, 65268
2, 65271
1, 65292
2, 65300
3, 65301
1, 65320
3, 65330
3, 65340
3, 65356
2, 65358
1, 65369
3, 65375
2, 65386
2, 65397
3, 65418
1, 65423
2, 65426
1, 65441
2, 65456
3, 65459
1, 65472
3, 65485
2, 65496
3, 65507
1, 65511
2, 65530
1, 65539
3, 65541
1, 65554
3, 65572
2, 65581
3, 65583
2, 65603
1, 65612
3, 65618
2, 65629
1, 65635
2, 65641
3, 65652
2, 65672
3, 65676
3, 65687
1, 65694
2, 65713
3, 65720
2, 65730
1, 65739
3, 65751
1, 65768
2, 65770
3, 65782
1, 65792
1, 65808
3, 65817
2, 65818
1, 65840
3, 65843
2, 65850
3, 65860
2, 65878
3, 65885
1, 65894
2, 65901
3, 65919
2, 65921
1, 65930
3, 65943
1, 65952
2, 65967
3, 65972
1, 65987
1, 65998
1, 66018
3, 66019
2, 66028
2, 66039
2, 66063
1, 66046
2, 66073
3, 66053
1, 66094
1, 66105
2, 66088
3, 66115
3, 66138
2, 66143
1, 66155
3, 66160
1, 66173
1, 66184
2, 66189
1, 66210
2, 66225
1, 66227
3, 66244
1, 66246
2, 66269
1, 66273
3, 66275
2, 66296
1, 66304
3, 66312
2, 66320
2, 66330
2, 66348
3, 66350
1, 66362
2, 66373
1, 66379
2, 66403
3, 66405
3, 66420
1, 66430
2, 66442
3, 66446
3, 66456
1, 66467
1, 66478
1, 66496
3, 66499
2, 66506
1, 66523
3, 66526
3, 66536
2, 66540
2, 66560
1, 66570
3, 66581
2, 66585
1, 66596
2, 66616
3, 66617
1, 66628
3, 66646
2, 66650
1, 66661
3, 66677
2, 66686
3, 66688
1, 66706
2, 66715
1, 66727
3, 66727
1, 66755
2, 66756
1, 66772
3, 66775
2, 66788
1, 66794
3, 66801
1, 66821
2, 66833
2, 66846
3, 66849
3, 66867
2, 66868
3, 66887
2, 66890
1, 66894
2, 66911
1, 66915
3, 66924
3, 66937
2, 66953
3, 66958
1, 66968
2, 66983
1, 66987
3, 67009
1, 67017
2, 67021
1, 67032
3, 67042
3, 67054
2, 67069
3, 67076
1, 67078
2, 67089
1, 67107
3, 67122
2, 67126
1, 67136
1, 67150
3, 67161
2, 67163
2, 67178
2, 67194
3, 67199
1, 67213
2, 67215
2, 67242
1, 67226
2, 67252
3, 67232
3, 67276
1, 67287
3, 67295
1, 67303
2, 67304
3, 67324
3, 67343
2, 67344
1, 67347
1, 67368
1, 67379
2, 67388
3, 67397
1, 67408
2, 67408
3, 67422
1, 67442
3, 67446
2, 67450
1, 67462
3, 67483
1, 67485
2, 67500
1, 67503
3, 67517
2, 67525
1, 67545
3, 67552
1, 67560
2, 67571
3, 67588
1, 67597
2, 67608
1, 67616
3, 67617
1, 67628
1, 67646
3, 67657
2, 67662
3, 67680
2, 67685
3, 67705
1, 67709
2, 67711
2, 67732
2, 67743
3, 67748
1, 67757
2, 67775
3, 67776
1, 67785
2, 67803
3, 67811
1, 67818
3, 67833
3, 67845
2, 67846
3, 67869
1, 67872
2, 67877
3, 67884
2, 67910
1, 67911
3, 67923
1, 67928
2, 67937
2, 67947
2, 67966
3, 67974
1, 67988
2, 67991
3, 68007
1, 68014
2, 68024
1, 68031
1, 68053
3, 68055
1, 68066
2, 68073
1, 68091
2, 68105
1, 68112
3, 68104
1, 68141
3, 68142
1, 68156
2, 68156
1, 68169
3, 68186
2, 68192
2, 68202
3, 68218
2, 68224
1, 68238
3, 68240
1, 68251
1, 68268
2, 68267
2, 68282
3, 68301
2, 68314
1, 68318
3, 68332
1, 68339
2, 68342
3, 68353
2, 68364
3, 68376
1, 68390
2, 68401
2, 68422
3, 68402
2, 68432
1, 68412
1, 68457
2, 68457
1, 68473
2, 68480
3, 68485
2, 68506
1, 68507
3, 68517
2, 68531
1, 68541
3, 68559
1, 68564
1, 68575
2, 68593
1, 68594
1, 68608
3, 68616
3, 68632
2, 68648
3, 68650
1, 68657
2, 68671
2, 68681
3, 68693
1, 68696
3, 68711
2, 68716
2, 68733
1, 68742
2, 68759
1, 68764
3, 68758
3, 68789
2, 68794
1, 68805
3, 68819
1, 68830
2, 68831
1, 68847
3, 68856
2, 68863
1, 68869
3, 68881
1, 68890
1, 68903
3, 68924
2, 68931
1, 68931
3, 68952
2, 68967
3, 68970
1, 68978
3, 68988
2, 69004
1, 69013
2, 69021
3, 69038
1, 69042
2, 69044
3, 69070
2, 69072
1, 69076
3, 69090
2, 69108
3, 69112
1, 69119
2, 69130
2, 69142
3, 69151
1, 69164
1, 69175
1, 69191
3, 69204
2, 69204
3, 69224
1, 69229
1, 69240
1, 69251
1, 69263
2, 69263
3, 69284
1, 69287
3, 69311
2, 69314
2, 69325
1, 69326
2, 69339
1, 69356
2, 69367
2, 69377
3, 69380
1, 69395
3, 69401
3, 69411
2, 69422
3, 69436
2, 69446
3, 69461
3, 69473
1, 69473
2, 69492
1, 69499
3, 69493
2, 69509
3, 69521
1, 69546
2, 69553
3, 69556
1, 69576
1, 69592
2, 69577
1, 69603
3, 69581
3, 69623
2, 69625
1, 69636
3, 69651
3, 69663
2, 69667
3, 69678
1, 69693
3, 69702
3, 69714
2, 69721
3, 69733
2, 69752
3, 69754
1, 69757
1, 69783
2, 69785
1, 69801
3, 69803
2, 69824
3, 69833
1, 69838
1, 69849
2, 69854
3, 69866
1, 69884
3, 69894
2, 69906
3, 69906
2, 69927
3, 69929
1, 69945
2, 69947
3, 69962
3, 69973
2, 69989
1, 69993
1, 70004
1, 70015
1, 70027
2, 70039
1, 70046
3, 70051
1, 70067
2, 70068
3, 70083
2, 70101
3, 70109
1, 70113
2, 70127
1, 70140
3, 70145
1, 70156
3, 70175
2, 70189
3, 70190
1, 70198
2, 70211
3, 70218
1, 70229
2, 70244
3, 70261
1, 70263
2, 70268
1, 70288
3, 70292
2, 70305
3, 70313
1, 70328
1, 70339
2, 70342
2, 70354
3, 70359
2, 70384
1, 70386
3, 70398
2, 70400
3, 70411
3, 70432
2, 70438
2, 70458
3, 70458
1, 70465
2, 70470
3, 70488
3, 70500
2, 70517
3, 70522
1, 70529
3, 70536
2, 70542
1, 70554
3, 70568
2, 70574
2, 70591
3, 70603
2, 70610
3, 70623
1, 70627
1, 70648
3, 70650
2, 70656
1, 70667
3, 70686
2, 70687
1, 70700
2, 70723
1, 70725
3, 70726
1, 70741
1, 70768
2, 70750
1, 70779
3, 70757
3, 70797
2, 70803
1, 70816
1, 70827
2, 70838
2, 70857
1, 70857
3, 70865
2, 70879
1, 70886
2, 70898
2, 70909
3, 70924
1, 70925
1, 70936
3, 70958
2, 70969
1, 70975
3, 70983
3, 70995
2, 71010
1, 71016
3, 71019
3, 71044
3, 71054
2, 71056
3, 71071
1, 71072
2, 71090
1, 71098
3, 71109
2, 71122
1, 71126
3, 71132
1, 71151
3, 71163
1, 71168
2, 71180
3, 71199
2, 71203
2, 71213
2, 71226
1, 71231
3, 71247
1, 71249
2, 71270
1, 71272
3, 71285
2, 71302
3, 71306
1, 71313
2, 71324
3, 71328
3, 71354
1, 71359
2, 71369
3, 71370
1, 71382
2, 71401
3, 71405
1, 71410
1, 71433
2, 71440
3, 71449
2, 71461
1, 71463
1, 71474
1, 71493
1, 71504
1, 71520
3, 71526
2, 71526
2, 71550
1, 71555
3, 71569
2, 71575
1, 71577
3, 71588
3, 71615
1, 71620
2, 71620
2, 71642
3, 71648
2, 71659
1, 71662
1, 71673
3, 71698
2, 71700
1, 71711
3, 71719
2, 71723
2, 71748
3, 71750
1, 71756
2, 71772
1, 71782
3, 71788
2, 71795
3, 71818
2, 71824
1, 71828
3, 71834
2, 71853
3, 71869
1, 71873
2, 71885
3, 71894
1, 71903
2, 71916
3, 71923
3, 71947
2, 71934
1, 71937
2, 71976
2, 71986
3, 71989
1, 71998
3, 72001
2, 72024
1, 72032
3, 72032
3, 72052
2, 72066
3, 72072
1, 72072
2, 72089
3, 72105
1, 72113
2, 72121
2, 72132
3, 72141
1, 72150
2, 72154
3, 72170
1, 72189
3, 72192
2, 72201
1, 72212
3, 72216
2, 72231
1, 72238
3, 72254
1, 72262
2, 72266
1, 72291
2, 72302
1, 72307
3, 72311
2, 72320
1, 72332
2, 72348
3, 72362
1, 72366
3, 72378
2, 72385
3, 72394
1, 72417
2, 72421
3, 72431
3, 72441
1, 72450
3, 72463
1, 72474
2, 72475
1, 72489
1, 72500
1, 72515
3, 72529
2, 72540
3, 72540
1, 72552
3, 72570
2, 72574
2, 72587
1, 72599
3, 72609
3, 72624
2, 72626
1, 72637
3, 72642
2, 72659
1, 72660
3, 72672
2, 72689
3, 72700
2, 72708
3, 72717
2, 72730
3, 72740
1, 72752
2, 72763
3, 72767
1, 72772
2, 72791
3, 72798
1, 72816
2, 72818
3, 72837
3, 72849
1, 72854
1, 72865
2, 72872
1, 72877
1, 72896
1, 72907
1, 72922
3, 72925
2, 72934
1, 72943
3, 72956
1, 72965
2, 72978
1, 72992
3, 72995
3, 73019
2, 73022
1, 73024
3, 73039
3, 73053
2, 73070
2, 73082
3, 73084
1, 73088
3, 73106
3, 73125
1, 73112
3, 73136
2, 73115
3, 73159
2, 73165
1, 73176
2, 73187
3, 73188
1, 73206
3, 73225
2, 73225
1, 73233
1, 73251
3, 73260
3, 73271
2, 73271
3, 73290
1, 73302
2, 73304
1, 73323
2, 73328
3, 73335
1, 73348
2, 73362
1, 73366
3, 73382
2, 73388
2, 73400
3, 73412
2, 73431
3, 73435
1, 73436
3, 73459
2, 73471
1, 73471
2, 73487
3, 73493
1, 73504
1, 73525
3, 73528
1, 73539
2, 73539
1, 73557
2, 73571
3, 73575
3, 73597
1, 73599
2, 73604
3, 73625
2, 73636
3, 73636
1, 73643
3, 73665
1, 73672
2, 73672
3, 73694
1, 73704
3, 73713
2, 73715
2, 73726
3, 73745
1, 73761
2, 73767
3, 73761
1, 73779
2, 73802
3, 73802
1, 73807
1, 73828
2, 73840
3, 73845
1, 73858
3, 73861
2, 73883
3, 73884
1, 73898
2, 73906
1, 73917
3, 73928
2, 73936
1, 73949
2, 73969
1, 73971
3, 73974
2, 73985
2, 74001
3, 74011
2, 74020
1, 74030
2, 74043
3, 74045
3, 74064
2, 74068
3, 74081
1, 74101
3, 74102
2, 74116
1, 74132
2, 74135
1, 74146
3, 74148
1, 74169
2, 74178
3, 74180
2, 74202
1, 74202
1, 74214
3, 74233
2, 74236
3, 74255
1, 74258
1, 74269
1, 74283
1, 74303
2, 74282
1, 74314
3, 74292
1, 74334
3, 74344
2, 74348
1, 74365
2, 74374
3, 74382
1, 74393
3, 74408
1, 74422
2, 74428
3, 74429
2, 74448
2, 74459
1, 74462
2, 74477
3, 74485
2, 74498
2, 74515
1, 74518
3, 74520
2, 74543
3, 74550
1, 74554
1, 74565
3, 74585
1, 74591
2, 74603
3, 74603
2, 74614
1, 74634
2, 74640
1, 74653
3, 74661
2, 74669
1, 74680
2, 74700
3, 74707
1, 74711
2, 74725
3, 74737
2, 74746
1, 74761
3, 74762
2, 74770
3, 74792
2, 74798
1, 74799
1, 74817
1, 74828
1, 74849
3, 74854
2, 74862
2, 74878
3, 74884
1, 74884
3, 74900
2, 74911
3, 74917
3, 74927
1, 74949
2, 74955
1, 74967
3, 74949
2, 74989
3, 74990
3, 75008
2, 75022
3, 75028
1, 75028
2, 75039
3, 75053
2, 75065
2, 75075
1, 75085
3, 75091
2, 75101
3, 75116
2, 75130
1, 75132
1, 75143
1, 75160
2, 75170
1, 75182
3, 75186
1, 75207
2, 75209
3, 75220
3, 75230
3, 75244
2, 75252
1, 75256
2, 75277
1, 75278
3, 75285
3, 75295
2, 75317
3, 75319
2, 75337
3, 75340
1, 75353
2, 75364
3, 75369
3, 75380
1, 75394
2, 75402
3, 75416
2, 75424
2, 75434
1, 75440
1, 75468
3, 75448
1, 75479
2, 75457
2, 75496
3, 75506
2, 75517
1, 75526
2, 75543
3, 75544
1, 75552
2, 75572
3, 75586
1, 75591
3, 75603
2, 75618
3, 75624
1, 75626
3, 75640
1, 75655
2, 75658
1, 75671
3, 75681
2, 75701
3, 75712
1, 75712
2, 75727
2, 75743
2, 75754
3, 75757
1, 75760
2, 75778
3, 75785
1, 75794
3, 75812
2, 75814
3, 75833
1, 75836
1, 75847
2, 75858
3, 75864
1, 75884
2, 75894
3, 75894
1, 75911
3, 75915
2, 75924
3, 75934
1, 75951
2, 75961
3, 75980
3, 75990
2, 75995
1, 76001
3, 76017
2, 76027
3, 76034
1, 76037
2, 76049
2, 76059
2, 76069
2, 76079
2, 76089
2, 76099
2, 76109
2, 76119
2, 76129
2, 76139
2, 76149
2, 76159
2, 76169
2, 76179
2, 76189
2, 76199
2, 76209
2, 76219
2, 76229
2, 76239
2, 76249
2, 76259
2, 76269
2, 76279
2, 76289
2, 76299
2, 76309
2, 76319
2, 76329
2, 76339
2, 76349
2, 76359
2, 76369
2, 76379
2, 76389
2, 76399
2, 76409
2, 76419
2, 76429
2, 76439
2, 76449
2, 76459
2, 76469
2, 76479
2, 76489
2, 76499
2, 76509
2, 76519
2, 76529
2, 76539
2, 76549
2, 76559
2, 76569
2, 76579
2, 76589
2, 76599
3, 76609
1, 76628
2, 76630
3, 76651
1, 76659
2, 76660
3, 76674
3, 76685
1, 76700
3, 76708
2, 76716
1, 76720
1, 76747
2, 76749
3, 76757
3, 76768
1, 76777
3, 76793
2, 76797
2, 76812
3, 76821
1, 76823
3, 76837
3, 76850
2, 76856
2, 76867
3, 76885
1, 76890
2, 76896
3, 76910
3, 76924
1, 76929
2, 76939
3, 76947
2, 76968
1, 76971
2, 76984
3, 76989
3, 77001
3, 77014
2, 77023
1, 77034
3, 77048
3, 77059
2, 77061
1, 77084
3, 77085
2, 77095
1, 77108
2, 77123
1, 77129
3, 77133
3, 77143
2, 77154
1, 77165
1, 77176
1, 77194
3, 77197
2, 77212
1, 77224
2, 77234
1, 77247
3, 77247
2, 77268
1, 77269
3, 77277
1, 77295
2, 77299
3, 77320
3, 77332
1, 77336
1, 77347
1, 77358
1, 77370
2, 77377
3, 77386
3, 77406
1, 77416
2, 77418
3, 77429
3, 77439
3, 77458
1, 77461
2, 77463
3, 77478
1, 77490
2, 77507
1, 77511
1, 77529
3, 77532
2, 77538
3, 77554
3, 77568
1, 77572
1, 77583
2, 77598
1, 77602
3, 77614
1, 77620
3, 77639
2, 77650
2, 77662
1, 77666
3, 77671
3, 77696
1, 77698
2, 77701
3, 77723
1, 77735
2, 77739
3, 77756
1, 77758
3, 77772
2, 77778
2, 77804
3, 77791
2, 77814
1, 77794
2, 77837
1, 77842
3, 77852
1, 77870
2, 77875
3, 77884
2, 77904
3, 77906
1, 77907
3, 77934
3, 77945
2, 77947
1, 77954
1, 77965
1, 77982
3, 77987
2, 77997
1, 78014
3, 78017
2, 78032
3, 78037
1, 78051
2, 78061
3, 78063
2, 78082
2, 78098
3, 78104
1, 78106
3, 78124
2, 78130
1, 78148
2, 78155
3, 78164
2, 78165
3, 78180
3, 78193
3, 78205
1, 78214
2, 78226
3, 78233
3, 78245
1, 78250
1, 78262
2, 78282
1, 78285
3, 78294
1, 78303
1, 78322
3, 78327
2, 78333
2, 78349
3, 78354
2, 78366
2, 78380
3, 78390
1, 78394
2, 78401
2, 78421
3, 78426
2, 78445
3, 78455
1, 78455
1, 78480
2, 78481
3, 78492
2, 78504
3, 78519
1, 78518
2, 78536
3, 78543
1, 78552
2, 78567
1, 78569
3, 78576
3, 78590
3, 78603
1, 78619
3, 78627
2, 78640
3, 78645
2, 78656
3, 78673
1, 78675
1, 78686
3, 78696
3, 78706
1, 78717
2, 78726
1, 78732
2, 78750
3, 78754
3, 78775
2, 78784
3, 78786
3, 78810
1, 78809
2, 78820
1, 78830
3, 78848
1, 78848
2, 78861
3, 78879
1, 78881
1, 78892
3, 78910
2, 78912
2, 78924
1, 78939
2, 78945
3, 78949
2, 78968
1, 78963
1, 78983
1, 79000
3, 79011
2, 79020
3, 79022
3, 79043
1, 79050
2, 79059
3, 79067
1, 79078
3, 79093
2, 79098
2, 79115
1, 79126
3, 79127
3, 79140
2, 79149
2, 79160
1, 79169
3, 79175
1, 79190
1, 79205
2, 79213
1, 79226
2, 79245
1, 79245
3, 79257
2, 79265
1, 79276
3, 79287
2, 79299
1, 79308
3, 79311
1, 79332
1, 79343
2, 79358
3, 79359
1, 79370
3, 79384
2, 79399
3, 79399
1, 79405
2, 79428
1, 79429
3, 79436
3, 79447
2, 79465
3, 79480
3, 79492
2, 79497
2, 79510
1, 79512
3, 79523
2, 79538
3, 79542
1, 79548
3, 79569
3, 79586
1, 79592
3, 79596
2, 79607
1, 79617
1, 79628
3, 79642
2, 79646
1, 79660
2, 79670
3, 79673
1, 79687
2, 79706
1, 79709
2, 79724
3, 79737
1, 79743
1, 79754
2, 79760
2, 79775
3, 79787
2, 79799
1, 79799
1, 79811
3, 79830
1, 79836
2, 79839
2, 79858
3, 79865
1, 79872
3, 79888
1, 79898
1, 79909
1, 79925
3, 79934
1, 79941
1, 79952
2, 79962
2, 79974
2, 79988
3, 79994
1, 79997
1, 80008
2, 80018
2, 80038
3, 80042
1, 80062
3, 80063
2, 80080
1, 80082
2, 80107
1, 80115
2, 80118
3, 80125
3, 80150
3, 80160
2, 80140
3, 80170
1, 80130
1, 80197
3, 80197
2, 80219
3, 80221
1, 80226
1, 80237
1, 80258
2, 80263
3, 80266
3, 80282
2, 80292
1, 80312
2, 80314
3, 80323
2, 80336
1, 80337
1, 80349
1, 80374
3, 80377
2, 80389
3, 80397
2, 80415
1, 80423
1, 80434
3, 80437
2, 80450
3, 80450
1, 80471
3, 80477
2, 80485
1, 80494
3, 80509
2, 80515
3, 80535
2, 80541
1, 80553
2, 80559
3, 80576
1, 80585
2, 80598
3, 80598
2, 80618
1, 80623
3, 80632
3, 80646
1, 80653
2, 80671
3, 80677
1, 80676
3, 80694
1, 80700
3, 80721
2, 80735
1, 80739
3, 80740
1, 80764
3, 80772
2, 80778
1, 80781
1, 80802
2, 80808
3, 80825
2, 80829
1, 80837
3, 80856
2, 80859
3, 80872
1, 80890
2, 80890
3, 80895
2, 80916
3, 80918
2, 80939
3, 80941
3, 80953
1, 80957
3, 80969
3, 80992
1, 80994
1, 81005
3, 81015
2, 81020
3, 81042
3, 81052
2, 81058
3, 81069
1, 81068
1, 81093
1, 81104
2, 81108
1, 81116
3, 81129
2, 81140
2, 81153
1, 81152
3, 81172
1, 81190
3, 81191
2, 81202
3, 81213
1, 81220
2, 81229
3, 81240
1, 81247
2, 81258
2, 81271
3, 81279
1, 81291
3, 81309
3, 81327
1, 81317
1, 81348
2, 81315
2, 81369
3, 81337
2, 81379
1, 81359
1, 81408
2, 81408
3, 81422
2, 81429
1, 81439
3, 81453
2, 81456
2, 81470
3, 81480
1, 81485
3, 81502
3, 81520
2, 81522
2, 81536
1, 81538
3, 81550
1, 81566
3, 81578
2, 81577
3, 81594
1, 81604
3, 81616
1, 81626
2, 81615
2, 81649
3, 81653
1, 81664
3, 81680
3, 81697
2, 81697
1, 81704
1, 81715
2, 81736
1, 81740
3, 81737
2, 81750
3, 81775
1, 81777
3, 81790
3, 81803
2, 81805
1, 81826
3, 81826
1, 81841
2, 81851
1, 81860
2, 81873
3, 81881
2, 81892
3, 81907
2, 81915
1, 81927
3, 81930
1, 81948
2, 81964
3, 81972
2, 81975
1, 81982
3, 81993
2, 82007
3, 82014
2, 82026
3, 82037
1, 82050
2, 82060
1, 82065
3, 82069
1, 82084
3, 82104
3, 82117
2, 82117
2, 82134
3, 82140
1, 82145
2, 82153
1, 82167
1, 82186
3, 82187
3, 82211
2, 82213
2, 82224
1, 82227
2, 82238
3, 82261
1, 82263
2, 82269
3, 82288
1, 82292
2, 82298
1, 82317
2, 82327
3, 82334
1, 82339
3, 82353
2, 82361
2, 82380
3, 82385
3, 82395
2, 82405
3, 82423
1, 82428
3, 82440
2, 82442
3, 82455
1, 82461
2, 82477
2, 82501
3, 82485
2, 82511
1, 82491
3, 82533
3, 82547
2, 82546
1, 82561
2, 82575
3, 82583
3, 82596
1, 82598
1, 82617
3, 82628
1, 82634
2, 82641
1, 82650
3, 82664
3, 82679
2, 82681
1, 82698
3, 82700
3, 82725
1, 82731
3, 82738
2, 82742
3, 82751
3, 82777
2, 82779
2, 82790
1, 82789
2, 82810
3, 82813
1, 82832
2, 82834
3, 82853
1, 82858
2, 82861
1, 82875
2, 82890
1, 82903
3, 82907
1, 82919
2, 82926
2, 82938
3, 82954
1, 82962
2, 82965
3, 82979
2, 82998
1, 83009
3, 83009
1, 83020
3, 83041
1, 83050
2, 83050
3, 83069
1, 83078
3, 83082
2, 83101
3, 83104
1, 83124
2, 83127
3, 83143
2, 83149
1, 83153
3, 83168
3, 83189
1, 83190
3, 83207
2, 83207
2, 83218
1, 83225
2, 83248
3, 83252
1, 83264
1, 83276
3, 83285
3, 83295
2, 83300
1, 83311
3, 83324
2, 83332
2, 83350
3, 83355
1, 83359
3, 83377
3, 83393
2, 83392
3, 83410
1, 83415
3, 83429
1, 83437
2, 83443
2, 83458
3, 83473
3, 83483
2, 83490
3, 83499
1, 83502
1, 83513
2, 83522
3, 83537
1, 83552
3, 83565
2, 83570
1, 83579
2, 83589
1, 83607
3, 83607
2, 83630
1, 83632
3, 83642
3, 83652
3, 83676
2, 83659
1, 83666
2, 83699
3, 83706
1, 83708
2, 83717
3, 83733
1, 83754
2, 83758
1, 83768
3, 83771
1, 83781
1, 83796
3, 83808
2, 83816
1, 83832
3, 83843
1, 83853
2, 83853
1, 83868
3, 83887
2, 83894
2, 83906
1, 83912
3, 83916
2, 83936
1, 83947
2, 83955
3, 83964
2, 83973
3, 83987
1, 83994
3, 84006
3, 84016
2, 84027
2, 84041
3, 84047
1, 84060
2, 84075
1, 84078
2, 84089
3, 84100
2, 84107
2, 84117
1, 84123
3, 84138
2, 84150
2, 84160
3, 84172
1, 84178
2, 84190
1, 84197
3, 84214
2, 84218
2, 84237
3, 84244
1, 84250
1, 84262
2, 84271
1, 84287
1, 84298
3, 84303
2, 84318
1, 84320
3, 84331
1, 84350
3, 84354
1, 84377
3, 84378
2, 84388
1, 84391
2, 84405
1, 84424
2, 84432
1, 84441
3, 84444
2, 84464
1, 84470
2, 84484
3, 84488
1, 84510
2, 84512
3, 84522
1, 84534
2, 84545
1, 84556
3, 84546
1, 84568
2, 84577
2, 84593
1, 84613
1, 84624
3, 84630
2, 84633
2, 84645
1, 84659
2, 84671
3, 84677
3, 84693
1, 84705
2, 84706
3, 84723
3, 84739
1, 84738
2, 84749
1, 84758
3, 84775
2, 84790
3, 84793
3, 84803
2, 84814
1, 84817
3, 84839
3, 84855
2, 84844
1, 84845
1, 84874
3, 84881
2, 84901
3, 84903
1, 84917
2, 84926
3, 84942
2, 84946
1, 84952
3, 84964
2, 84983
3, 84991
1, 84994
3, 85011
2, 85017
1, 85025
2, 85048
3, 85049
1, 85057
3, 85074
2, 85076
1, 85093
3, 85100
2, 85111
1, 85124
3, 85134
3, 85144
2, 85149
3, 85162
2, 85174
3, 85188
3, 85199
2, 85201
2, 85220
2, 85230
1, 85234
3, 85238
1, 85251
2, 85265
3, 85281
1, 85284
2, 85286
3, 85302
1, 85317
3, 85321
3, 85346
1, 85347
2, 85353
2, 85368
3, 85370
3, 85385
3, 85399
2, 85404
2, 85420
1, 85424
3, 85435
1, 85441
3, 85461
2, 85474
3, 85479
1, 85484
2, 85495
3, 85520
2, 85522
2, 85532
1, 85531
3, 85550
1, 85562
3, 85574
2, 85576
1, 85587
1, 85610
3, 85611
2, 85619
1, 85639
3, 85642
2, 85657
1, 85662
3, 85672
2, 85680
1, 85699
2, 85704
1, 85715
2, 85735
3, 85737
1, 85741
1, 85764
3, 85770
2, 85772
2, 85786
3, 85794
1, 85807
2, 85824
3, 85826
3, 85840
1, 85844
2, 85868
1, 85872
3, 85876
1, 85887
2, 85903
3, 85909
1, 85917
2, 85933
1, 85938
1, 85964
3, 85966
2, 85971
1, 85983
3, 85995
1, 86004
1, 86031
2, 86010
1, 86042
3, 86020
2, 86053
2, 86068
3, 86075
3, 86096
1, 86100
2, 86104
3, 86130
2, 86139
1, 86145
2, 86150
3, 86163
3, 86173
1, 86189
2, 86191
3, 86196
2, 86215
1, 86224
2, 86229
1, 86246
2, 86262
1, 86264
3, 86273
1, 86284
2, 86289
3, 86308
1, 86327
2, 86329
1, 86346
3, 86346
2, 86362
1, 86371
3, 86385
1, 86393
2, 86385
1, 86405
3, 86423
2, 86442
3, 86446
1, 86446
2, 86459
1, 86471
1, 86482
1, 86504
3, 86512
2, 86515
1, 86532
2, 86539
1, 86554
3, 86554
1, 86577
2, 86579
3, 86593
1, 86595
2, 86607
2, 86617
2, 86627
2, 86637
2, 86647
2, 86657
2, 86667
2, 86677
2, 86687
2, 86697
2, 86707
2, 86717
2, 86727
2, 86737
2, 86747
2, 86757
2, 86767
2, 86777
2, 86787
2, 86797
2, 86807
2, 86817
2, 86827
2, 86837
2, 86847
2, 86857
2, 86867
2, 86877
2, 86887
2, 86897
2, 86907
2, 86917
2, 86927
2, 86937
2, 86947
2, 86957
2, 86967
2, 86977
2, 86987
2, 86997
2, 87007
2, 87017
2, 87027
2, 87037
2, 87047
2, 87057
2, 87067
2, 87077
2, 87087
2, 87097
2, 87107
2, 87117
2, 87127
2, 87137
2, 87147
2, 87157
2, 87183
3, 87164
2, 87193
1, 87173
2, 87216
2, 87227
3, 87238
1, 87238
2, 87260
3, 87264
2, 87278
1, 87277
3, 87295
2, 87304
1, 87315
3, 87327
2, 87327
2, 87342
1, 87353
2, 87366
2, 87377
3, 87385
3, 87398
1, 87403
1, 87414
2, 87428
3, 87440
3, 87455
2, 87458
1, 87461
3, 87488
1, 87489
2, 87497
3, 87508
1, 87529
1, 87540
3, 87545
2, 87555
1, 87563
2, 87573
3, 87579
1, 87592
1, 87612
3, 87618
2, 87618
3, 87629
2, 87644
1, 87658
3, 87665
2, 87668
2, 87693
1, 87702
2, 87710
3, 87717
2, 87731
3, 87748
1, 87748
2, 87753
3, 87764
1, 87777
3, 87791
2, 87796
3, 87806
2, 87820
3, 87834
1, 87845
2, 87847
1, 87860
3, 87864
3, 87886
1, 87891
1, 87905
3, 87919
2, 87921
3, 87937
2, 87949
1, 87948
3, 87958
3, 87971
2, 87983
1, 87995
3, 88007
2, 88019
1, 88019
1, 88040
3, 88045
2, 88055
2, 88065
3, 88076
1, 88091
2, 88099
3, 88106
2, 88125
1, 88125
1, 88143
3, 88147
2, 88165
3, 88171
1, 88178
3, 88185
3, 88198
3, 88209
1, 88226
1, 88237
1, 88248
1, 88260
2, 88262
3, 88281
2, 88284
1, 88287
1, 88310
1, 88322
3, 88332
2, 88349
2, 88360
1, 88349
3, 88350
2, 88379
2, 88393
1, 88398
1, 88410
3, 88414
2, 88424
3, 88444
2, 88454
1, 88457
2, 88467
3, 88475
1, 88495
1, 88506
2, 88518
3, 88524
1, 88537
2, 88547
3, 88547
3, 88570
1, 88571
1, 88593
2, 88595
3, 88613
1, 88615
3, 88631
2, 88633
3, 88656
2, 88659
2, 88670
1, 88668
3, 88692
2, 88704
2, 88715
3, 88725
1, 88725
3, 88739
2, 88746
1, 88755
2, 88775
3, 88781
1, 88784
3, 88804
2, 88820
3, 88829
1, 88829
2, 88839
1, 88855
3, 88868
2, 88877
2, 88887
1, 88890
3, 88903
1, 88911
3, 88929
2, 88938
2, 88955
3, 88957
3, 88968
1, 88970
3, 88986
2, 88999
2, 89009
3, 89017
1, 89020
3, 89036
2, 89050
1, 89052
3, 89062
3, 89085
2, 89100
2, 89110
1, 89108
3, 89119
2, 89122
2, 89150
3, 89150
1, 89159
2, 89170
1, 89182
3, 89189
3, 89199
2, 89208
2, 89222
1, 89233
3, 89242
2, 89246
2, 89268
3, 89272
1, 89276
3, 89296
3, 89307
2, 89315
3, 89325
3, 89341
1, 89348
2, 89350
1, 89366
3, 89386
3, 89396
2, 89399
1, 89406
1, 89417
3, 89432
1, 89439
2, 89448
3, 89464
2, 89465
1, 89477
1, 89488
3, 89500
1, 89503
1, 89534
2, 89518
1, 89545
3, 89523
2, 89572
3, 89576
1, 89576
2, 89596
1, 89613
2, 89615
3, 89627
3, 89637
1, 89649
2, 89653
1, 89669
2, 89679
2, 89690
3, 89702
2, 89709
3, 89719
1, 89724
1, 89735
2, 89742
3, 89758
2, 89767
1, 89775
2, 89791
3, 89795
1, 89803
3, 89825
2, 89827
2, 89850
3, 89853
1, 89855
2, 89871
2, 89883
2, 89895
1, 89908
2, 89913
3, 89921
3, 89935
2, 89942
1, 89954
2, 89961
3, 89976
1, 89988
2, 89991
1, 90006
3, 90018
3, 90037
2, 90037
3, 90051
1, 90061
1, 90072
1, 90083
1, 90095
2, 90099
1, 90116
3, 90120
2, 90123
3, 90147
3, 90157
1, 90168
2, 90175
1, 90187
3, 90187
1, 90199
2, 90222
1, 90224
3, 90228
3, 90239
2, 90249
2, 90275
1, 90277
3, 90278
1, 90292
3, 90310
3, 90321
2, 90331
1, 90331
2, 90357
3, 90359
1, 90370
2, 90371
3, 90393
2, 90403
1, 90414
2, 90421
3, 90424
2, 90436
1, 90455
2, 90464
1, 90474
3, 90464
1, 90485
2, 90495
2, 90509
2, 90519
3, 90534
1, 90550
3, 90553
1, 90563
2, 90570
3, 90590
3, 90604
1, 90606
2, 90618
3, 90620
1, 90640
3, 90650
1, 90661
1, 90672
1, 90683
1, 90703
3, 90689
1, 90714
2, 90692
2, 90731
1, 90752
2, 90754
1, 90770
3, 90770
2, 90787
1, 90794
3, 90811
1, 90815
2, 90829
3, 90837
1, 90842
2, 90855
1, 90862
2, 90884
3, 90889
1, 90894
2, 90914
1, 90914
2, 90936
1, 90940
3, 90948
2, 90957
3, 90966
2, 90984
3, 90998
1, 90998
2, 91009
3, 91028
3, 91043
2, 91045
1, 91047
2, 91060
1, 91067
1, 91091
2, 91093
1, 91106
2, 91121
3, 91127
3, 91137
1, 91155
2, 91157
3, 91159
3, 91172
2, 91185
2, 91200
3, 91204
1, 91218
1, 91230
3, 91243
2, 91253
1, 91254
3, 91267
1, 91286
3, 91297
2, 91298
1, 91308
3, 91325
2, 91340
1, 91340
1, 91352
3, 91360
3, 91373
1, 91383
3, 91400
3, 91411
2, 91408
2, 91427
1, 91436
3, 91446
1, 91460
2, 91467
3, 91471
2, 91485
3, 91493
1, 91518
2, 91519
3, 91528
3, 91539
1, 91557
3, 91560
2, 91572
1, 91584
3, 91585
1, 91607
2, 91610
1, 91622
3, 91624
3, 91646
2, 91655
1, 91666
2, 91678
3, 91690
1, 91690
1, 91711
2, 91716
3, 91719
1, 91729
3, 91754
1, 91762
2, 91762
3, 91780
1, 91798
3, 91800
2, 91809
3, 91825
1, 91825
3, 91844
1, 91851
2, 91856
2, 91883
3, 91863
2, 91893
1, 91873
3, 91916
2, 91922
3, 91931
3, 91946
1, 91947
2, 91957
1, 91972
3, 91978
1, 91997
3, 92007
2, 92006
1, 92019
1, 92040
2, 92041
3, 92050
3, 92064
2, 92075
3, 92083
1, 92096
1, 92108
1, 92125
3, 92131
2, 92135
2, 92147
3, 92165
2, 92171
1, 92173
3, 92197
1, 92199
2, 92211
3, 92216
2, 92239
3, 92243
1, 92248
2, 92267
1, 92275
3, 92283
1, 92287
1, 92310
3, 92317
2, 92321
1, 92331
3, 92353
1, 92358
2, 92364
3, 92378
1, 92394
3, 92395
2, 92404
1, 92413
1, 92431
3, 92445
2, 92447
1, 92453
3, 92467
2, 92490
1, 92492
1, 92505
3, 92513
3, 92523
2, 92529
2, 92540
2, 92559
3, 92564
1, 92571
2, 92583
3, 92602
1, 92601
1, 92617
2, 92627
1, 92637
3, 92642
3, 92667
1, 92668
2, 92683
3, 92688
1, 92693
2, 92704
2, 92717
1, 92732
2, 92735
2, 92758
3, 92760
1, 92763
3, 92780
2, 92797
1, 92800
3, 92818
1, 92821
2, 92829
1, 92842
3, 92857
3, 92868
1, 92881
3, 92886
2, 92893
3, 92903
2, 92916
3, 92925
1, 92937
1, 92948
2, 92967
3, 92975
1, 92975
2, 92989
3, 93004
2, 93008
1, 93017
2, 93033
3, 93045
3, 93062
2, 93045
3, 93072
1, 93052
3, 93095
1, 93107
2, 93112
3, 93116
3, 93133
3, 93148
2, 93149
3, 93161
1, 93168
2, 93176
1, 93191
2, 93203
3, 93211
3, 93234
1, 93233
2, 93237
1, 93249
1, 93268
2, 93278
1, 93289
3, 93279
3, 93317
1, 93324
3, 93328
2, 93338
3, 93346
1, 93357
1, 93368
2, 93382
3, 93399
2, 93402
1, 93403
3, 93422
2, 93436
3, 93443
1, 93454
2, 93461
3, 93473
1, 93475
3, 93497
3, 93507
2, 93520
3, 93525
1, 93532
3, 93545
1, 93560
2, 93562
1, 93574
3, 93578
2, 93590
1, 93603
1, 93614
1, 93632
3, 93648
2, 93648
1, 93659
3, 93667
2, 93674
1, 93686
1, 93705
3, 93709
1, 93727
2, 93743
3, 93746
1, 93745
2, 93768
3, 93769
1, 93782
1, 93793
1, 93812
3, 93825
1, 93826
2, 93837
3, 93841
1, 93854
2, 93872
3, 93875
2, 93888
1, 93903
2, 93915
2, 93927
3, 93930
3, 93944
1, 93945
3, 93964
1, 93966
3, 93988
1, 94002
2, 94009
3, 94010
1, 94022
2, 94037
2, 94050
1, 94059
3, 94061
3, 94079
1, 94091
3, 94097
2, 94102
3, 94116
2, 94132
1, 94138
3, 94141
3, 94160
2, 94161
3, 94174
2, 94192
1, 94204
3, 94209
2, 94224
2, 94241
1, 94225
2, 94251
3, 94231
2, 94270
1, 94291
3, 94291
2, 94298
3, 94307
2, 94326
3, 94329
1, 94335
2, 94353
1, 94355
3, 94368
3, 94385
2, 94392
3, 94412
1, 94412
2, 94431
1, 94439
3, 94442
2, 94448
3, 94460
3, 94482
1, 94491
2, 94492
3, 94506
1, 94516
3, 94534
1, 94544
2, 94544
1, 94558
2, 94572
1, 94580
3, 94581
3, 94602
3, 94612
2, 94613
2, 94637
1, 94640
3, 94642
2, 94653
1, 94671
3, 94686
1, 94688
2, 94704
3, 94719
1, 94724
2, 94727
3, 94745
3, 94758
1, 94764
2, 94768
1, 94789
2, 94795
3, 94809
3, 94822
1, 94825
2, 94831
3, 94852
2, 94862
1, 94864
3, 94875
1, 94896
2, 94898
3, 94907
3, 94917
2, 94939
1, 94939
3, 94949
1, 94963
2, 94967
3, 94981
3, 94992
1, 95002
2, 95006
3, 95015
2, 95040
3, 95040
1, 95046
2, 95071
3, 95072
3, 95084
1, 95086
1, 95105
2, 95116
3, 95123
1, 95136
3, 95145
2, 95158
3, 95164
1, 95175
3, 95186
3, 95198
2, 95209
1, 95213
3, 95225
3, 95239
1, 95250
2, 95255
1, 95268
3, 95280
1, 95299
2, 95301
3, 95316
2, 95321
1, 95329
3, 95341
1, 95350
2, 95354
2, 95374
3, 95378
1, 95387
3, 95396
3, 95417
2, 95420
2, 95432
3, 95440
1, 95453
2, 95467
1, 95474
1, 95488
3, 95500
1, 95504
2, 95519
3, 95521
3, 95540
2, 95551
1, 95556
3, 95560
3, 95583
1, 95590
2, 95599
1, 95610
3, 95615
2, 95635
1, 95639
1, 95656
3, 95661
2, 95667
1, 95677
3, 95701
1, 95703
2, 95715
1, 95719
3, 95736
3, 95749
2, 95758
3, 95767
1, 95769
1, 95791
2, 95792
3, 95808
2, 95823
1, 95831
3, 95840
2, 95846
3, 95857
1, 95864
2, 95871
3, 95893
2, 95895
1, 95903
1, 95922
2, 95932
2, 95944
3, 95947
2, 95961
3, 95980
2, 95984
2, 95995
1, 95996
3, 96020
1, 96024
2, 96028
3, 96042
1, 96048
3, 96075
1, 96076
2, 96090
1, 96096
3, 96098
2, 96110
2, 96134
3, 96138
1, 96143
1, 96154
3, 96164
3, 96183
2, 96188
1, 96204
3, 96205
2, 96223
1, 96229
3, 96247
3, 96257
2, 96263
1, 96279
3, 96280
2, 96289
1, 96297
2, 96313
3, 96318
1, 96333
2, 96342
2, 96353
1, 96366
3, 96370
2, 96390
1, 96398
3, 96410
1, 96419
2, 96410
2, 96446
1, 96448
3, 96460
3, 96472
1, 96483
2, 96484
1, 96502
3, 96511
2, 96515
3, 96531
1, 96537
1, 96548
1, 96566
1, 96585
2, 96571
1, 96596
3, 96574
2, 96620
3, 96622
1, 96630
3, 96650
1, 96660
2, 96660
1, 96676
2, 96687
1, 96705
1, 96716
2, 96729
1, 96730
3, 96734
1, 96743
3, 96762
2, 96776
1, 96785
3, 96785
1, 96797
1, 96814
2, 96823
3, 96829
2, 96850
1, 96863
3, 96863
1, 96881
1, 96892
2, 96900
1, 96904
2, 96920
2, 96930
2, 96940
2, 96950
2, 96960
2, 96970
2, 96980
2, 96990
2, 97000
2, 97010
2, 97020
2, 97030
2, 97040
2, 97050
2, 97060
2, 97070
2, 97080
2, 97090
2, 97100
2, 97110
2, 97120
2, 97130
2, 97140
2, 97150
2, 97160
2, 97170
2, 97180
2, 97190
2, 97200
2, 97210
2, 97220
2, 97230
2, 97240
2, 97250
2, 97260
2, 97270
2, 97280
2, 97290
2, 97300
2, 97310
2, 97320
2, 97330
2, 97340
2, 97350
2, 97360
2, 97370
2, 97380
2, 97390
2, 97400
2, 97410
2, 97420
2, 97430
2, 97440
2, 97450
2, 97460
2, 97470
2, 97480
2, 97490
2, 97500
3, 97504
2, 97513
3, 97528
2, 97544
3, 97550
2, 97560
1, 97566
2, 97583
1, 97592
3, 97582
1, 97613
2, 97602
3, 97623
1, 97640
2, 97654
1, 97658
1, 97669
3, 97684
3, 97701
1, 97701
2, 97718
1, 97726
1, 97749
3, 97731
1, 97760
2, 97738
2, 97780
1, 97791
3, 97795
2, 97806
1, 97822
1, 97833
2, 97853
1, 97853
1, 97866
3, 97873
3, 97884
2, 97891
2, 97901
1, 97910
3, 97931
1, 97937
2, 97933
3, 97948
3, 97970
1, 97977
2, 97991
1, 97998
3, 97999
1, 98010
1, 98034
2, 98044
2, 98054
3, 98058
2, 98065
1, 98082
3, 98090
2, 98104
1, 98113
3, 98114
1, 98125
3, 98143
3, 98162
1, 98162
2, 98173
3, 98186
1, 98188
3, 98209
2, 98211
1, 98218
2, 98243
1, 98247
3, 98254
2, 98260
2, 98272
3, 98287
1, 98299
2, 98312
3, 98313
2, 98329
1, 98332
3, 98346
1, 98362
2, 98366
3, 98387
2, 98392
1, 98392
1, 98416
2, 98420
1, 98432
1, 98449
2, 98455
1, 98465
3, 98466
1, 98477
2, 98498
1, 98507
1, 98518
3, 98524
2, 98536
1, 98551
3, 98558
1, 98566
1, 98577
2, 98602
1, 98602
1, 98617
3, 98615
2, 98637
1, 98645
2, 98656
3, 98658
2, 98674
3, 98688
1, 98698
2, 98699
1, 98713
1, 98733
3, 98745
2, 98748
1, 98751
1, 98762
3, 98780
1, 98792
3, 98803
3, 98814
2, 98816
1, 98834
3, 98846
2, 98848
3, 98866
1, 98868
3, 98882
3, 98897
2, 98902
1, 98915
1, 98935
2, 98923
1, 98946
3, 98924
2, 98956
2, 98978
3, 98987
1, 98991
1, 99003
3, 99026
1, 99027
2, 99034
1, 99049
1, 99060
1, 99074
3, 99081
2, 99092
3, 99093
3, 99118
1, 99121
2, 99132
1, 99141
3, 99144
3, 99168
1, 99169
1, 99180
2, 99195
3, 99205
1, 99210
3, 99225
2, 99242
3, 99249
1, 99252
1, 99263
2, 99279
3, 99290
1, 99292
1, 99303
1, 99321
1, 99332
3, 99353
2, 99353
1, 99357
1, 99368
3, 99377
2, 99389
2, 99413
3, 99416
1, 99413
2, 99438
1, 99451
3, 99453
1, 99466
2, 99476
2, 99498
3, 99498
1, 99507
2, 99524
1, 99525
3, 99537
3, 99551
2, 99556
1, 99568
2, 99584
3, 99586
1, 99599
3, 99615
2, 99617
2, 99632
3, 99639
1, 99647
2, 99663
3, 99665
3, 99689
1, 99691
1, 99702
2, 99716
3, 99723
2, 99734
2, 99749
1, 99750
1, 99761
1, 99777
3, 99783
2, 99807
1, 99807
3, 99816
3, 99826
3, 99840
2, 99848
1, 99853
3, 99871
2, 99876
3, 99894
1, 99894
2, 99916
2, 99928
1, 99933
1, 99945
3, 99945
3, 99969
1, 99973
3, 99986
2, 99986
Reached max sequence count, exiting
