1, 165
2, 201
2, 414
1, 485
3, 646
2, 716
1, 723
3, 964
1, 1001
2, 1037
1, 1241
2, 1293
3, 1432
2, 1473
1, 1570
2, 1754
3, 1773
1, 1920
2, 2007
3, 2091
1, 2236
2, 2294
3, 2364
1, 2528
2, 2584
3, 2706
1, 2820
2, 2893
3, 3035
1, 3086
2, 3212
3, 3363
1, 3411
2, 3464
2, 3662
3, 3699
1, 3868
2, 3902
3, 3974
1, 4146
3, 4264
2, 4275
1, 4410
2, 4560
3, 4576
1, 4672
2, 4834
3, 4908
1, 4992
2, 5125
3, 5232
1, 5279
2, 5419
3, 5516
1, 5606
2, 5703
3, 5810
1, 5937
2, 5972
3, 6105
2, 6207
1, 6318
2, 6424
3, 6457
1, 6653
2, 6743
3, 6773
1, 6930
2, 7081
3, 7103
1, 7210
2, 7351
3, 7405
1, 7503
2, 7664
3, 7735
1, 7760
2, 7924
1, 8059
3, 8103
2, 8212
1, 8330
3, 8404
2, 8510
1, 8612
3, 8713
2, 8798
1, 8979
2, 9029
3, 9059
1, 9308
2, 9309
3, 9346
1, 9440
2, 9665
1, 9703
3, 9813
1, 9982
2, 9989
3, 10147
1, 10251
2, 10317
3, 10418
2, 10580
1, 10581
3, 10748
1, 10879
2, 10884
3, 11050
1, 11162
2, 11224
3, 11303
1, 11483
2, 11502
3, 11642
1, 11784
2, 11794
3, 11919
2, 12089
1, 12114
3, 12245
1, 12337
2, 12418
3, 12554
1, 12618
2, 12734
3, 12845
1, 12906
2, 13082
3, 13099
1, 13250
2, 13326
3, 13440
1, 13550
2, 13642
3, 13703
1, 13865
2, 13955
3, 13985
1, 14171
2, 14269
3, 14283
1, 14418
2, 14611
3, 14627
1, 14692
1, 14904
2, 14940
3, 15027
2, 15210
1, 15250
3, 15352
2, 15382
3, 15631
2, 15655
1, 15662
3, 15944
2, 15944
1, 16003
2, 16181
1, 16234
3, 16286
2, 16473
3, 16557
1, 16595
2, 16789
1, 16847
3, 16969
2, 17030
1, 17118
2, 17287
3, 17361
1, 17441
2, 17539
3, 17631
1, 17733
2, 17827
3, 17968
1, 18051
2, 18135
3, 18330
1, 18354
2, 18386
1, 18636
2, 18656
3, 18675
1, 18891
2, 18950
3, 19038
1, 19172
2, 19281
3, 19373
1, 19432
2, 19532
1, 19658
2, 19787
3, 19830
1, 19941
2, 20074
3, 20197
1, 20269
2, 20313
3, 20521
2, 20568
1, 20578
2, 20808
1, 20847
3, 21002
2, 21038
1, 21136
2, 21327
3, 21354
1, 21403
2, 21624
3, 21690
1, 21694
2, 21918
3, 21977
1, 22002
2, 22223
3, 22313
1, 22334
2, 22464
1, 22585
3, 22697
2, 22716
1, 22916
2, 22930
3, 23070
1, 23205
2, 23255
3, 23426
2, 23478
1, 23511
3, 23743
2, 23763
1, 23814
2, 24060
1, 24079
3, 24087
2, 24306
1, 24338
1, 24572
3, 24578
2, 24591
2, 24818
1, 24899
3, 24943
2, 25101
1, 25141
3, 25304
2, 25392
1, 25439
2, 25635
1, 25681
3, 25736
2, 25894
1, 25958
2, 26162
1, 26206
3, 26209
3, 26406
3, 26506
3, 26606
2, 26670
1, 26792
3, 26896
2, 27003
1, 27111
3, 27204
2, 27262
1, 27330
3, 27539
1, 27573
2, 27646
1, 27850
3, 27870
2, 27984
1, 28125
3, 28160
2, 28256
3, 28469
1, 28473
2, 28519
1, 28748
2, 28811
3, 28840
1, 29000
2, 29102
3, 29127
1, 29321
2, 29388
3, 29490
1, 29596
2, 29661
1, 29826
2, 29913
3, 29946
1, 30166
2, 30207
3, 30222
1, 30388
2, 30455
1, 30668
3, 30672
2, 30751
1, 30963
3, 30978
2, 31048
1, 31281
2, 31301
3, 31366
1, 31520
2, 31558
3, 31771
2, 31805
1, 31824
3, 32088
2, 32102
1, 32129
2, 32378
1, 32434
3, 32439
2, 32594
1, 32748
3, 32775
2, 32887
1, 33053
3, 33105
2, 33156
1, 33332
3, 33427
2, 33500
1, 33576
3, 33752
2, 33799
1, 33857
2, 34101
3, 34114
1, 34121
3, 34352
2, 34417
1, 34442
3, 34661
2, 34710
1, 34781
3, 34988
2, 35040
1, 35049
2, 35267
3, 35318
1, 35346
2, 35583
1, 35619
3, 35639
2, 35860
1, 35934
3, 35965
1, 36161
2, 36189
3, 36309
1, 36427
2, 36485
1, 36699
3, 36700
2, 36751
1, 36977
2, 37052
3, 37074
2, 37268
1, 37275
3, 37463
2, 37541
1, 37581
2, 37769
1, 37855
3, 37855
2, 38078
1, 38097
3, 38247
2, 38387
1, 38387
3, 38515
1, 38639
2, 38654
1, 38920
3, 38937
2, 38959
1, 39205
2, 39237
3, 39298
1, 39402
2, 39555
1, 39660
3, 39687
2, 39844
1, 39940
3, 40050
2, 40144
1, 40228
3, 40333
2, 40464
1, 40534
3, 40576
2, 40786
1, 40800
3, 40938
1, 41048
2, 41061
2, 41331
3, 41334
1, 41383
2, 41532
3, 41660
1, 41704
2, 41825
3, 41991
1, 42023
2, 42075
3, 42307
1, 42346
2, 42367
2, 42571
1, 42650
3, 42676
2, 42894
3, 42930
1, 42976
2, 43179
1, 43275
3, 43316
2, 43442
1, 43535
3, 43630
2, 43733
1, 43805
2, 43973
1, 44081
3, 44084
2, 44240
1, 44327
2, 44467
3, 44516
1, 44682
3, 44795
2, 44809
1, 44922
2, 45102
3, 45159
1, 45189
2, 45391
3, 45438
1, 45480
2, 45669
1, 45788
3, 45825
2, 45909
1, 46089
3, 46172
2, 46197
1, 46366
2, 46456
3, 46578
2, 46680
1, 46728
3, 46881
2, 46932
1, 47032
3, 47186
2, 47246
1, 47331
3, 47494
2, 47537
1, 47656
2, 47807
3, 47808
1, 47981
2, 48085
3, 48126
1, 48264
2, 48339
1, 48530
3, 48584
2, 48584
1, 48814
2, 48876
3, 48903
1, 49104
2, 49157
3, 49277
1, 49387
2, 49416
2, 49633
3, 49635
1, 49704
2, 49895
3, 49989
1, 49997
2, 50212
3, 50297
1, 50325
2, 50448
1, 50618
3, 50676
2, 50738
1, 50926
3, 50943
2, 51036
1, 51240
3, 51262
2, 51335
1, 51499
2, 51627
1, 51688
3, 51692
2, 51923
1, 51957
3, 52057
1, 52224
2, 52253
1, 52418
3, 52507
2, 52548
1, 52606
2, 52846
1, 52849
3, 52924
2, 53103
1, 53142
3, 53321
2, 53356
1, 53478
2, 53602
3, 53612
1, 53814
2, 53870
3, 53958
2, 54106
1, 54151
2, 54379
3, 54388
1, 54388
1, 54612
2, 54712
3, 54749
1, 54889
2, 55058
1, 55095
3, 55147
1, 55320
2, 55333
3, 55555
1, 55608
2, 55615
3, 55856
2, 55899
1, 55916
1, 56180
2, 56181
3, 56198
1, 56469
2, 56495
3, 56573
2, 56714
1, 56741
3, 56978
2, 56987
1, 57041
3, 57263
2, 57316
1, 57320
3, 57585
2, 57604
1, 57641
2, 57845
3, 57855
1, 58022
2, 58084
3, 58196
1, 58281
2, 58376
3, 58524
1, 58569
2, 58645
1, 58853
2, 58875
3, 59043
2, 59109
1, 59148
3, 59332
2, 59439
1, 59459
2, 59665
3, 59681
1, 59768
2, 59971
3, 60010
1, 60012
1, 60266
2, 60281
3, 60426
2, 60522
1, 60531
2, 60734
1, 60803
3, 60868
2, 61008
1, 61106
3, 61256
2, 61273
1, 61382
3, 61547
2, 61583
1, 61692
2, 61744
1, 61875
3, 62051
2, 62117
1, 62138
3, 62358
1, 62444
2, 62455
2, 62697
3, 62714
1, 62723
1, 62981
2, 63060
3, 63062
1, 63241
2, 63283
3, 63480
1, 63505
2, 63562
3, 63751
1, 63840
2, 63857
3, 64034
1, 64136
2, 64206
3, 64300
1, 64422
2, 64467
3, 64685
2, 64712
1, 64767
2, 64978
3, 65037
1, 65052
2, 65261
1, 65271
2, 65499
3, 65524
1, 65574
2, 65733
3, 65895
1, 65908
2, 66009
1, 66135
3, 66274
2, 66279
1, 66391
2, 66527
3, 66584
1, 66761
3, 66846
2, 66852
1, 67069
3, 67143
2, 67198
1, 67332
2, 67478
3, 67518
1, 67604
2, 67732
3, 67857
1, 67859
2, 68070
1, 68130
3, 68217
2, 68300
1, 68473
2, 68555
3, 68621
2, 68766
1, 68795
3, 68945
2, 69018
1, 69116
2, 69276
3, 69334
1, 69392
2, 69579
1, 69639
3, 69697
2, 69817
1, 69886
2, 70103
1, 70177
3, 70217
2, 70315
1, 70465
2, 70569
3, 70601
1, 70764
2, 70848
3, 70894
1, 71059
2, 71182
3, 71249
1, 71293
2, 71427
1, 71570
3, 71651
2, 71703
1, 71828
2, 71988
3, 72011
1, 72131
2, 72279
1, 72386
3, 72391
2, 72538
1, 72667
2, 72757
3, 72807
1, 72969
2, 73039
3, 73131
1, 73252
2, 73307
2, 73536
3, 73565
1, 73596
2, 73785
3, 73857
1, 73885
3, 74140
2, 74157
1, 74164
1, 74405
2, 74455
3, 74521
2, 74692
1, 74710
3, 74794
1, 75006
2, 75016
3, 75161
2, 75261
1, 75301
3, 75534
1, 75552
2, 75572
1, 75805
2, 75838
3, 75960
1, 76085
2, 76151
3, 76267
2, 76386
1, 76437
2, 76614
3, 76653
1, 76737
2, 76880
3, 76964
1, 77013
2, 77114
3, 77305
2, 77369
1, 77398
3, 77651
2, 77656
1, 77685
2, 77876
1, 77953
2, 78131
3, 78156
1, 78197
2, 78430
1, 78447
3, 78587
2, 78673
1, 78740
2, 78952
3, 78966
1, 78994
2, 79254
1, 79276
3, 79305
2, 79521
1, 79542
3, 79654
2, 79736
1, 79874
3, 79994
2, 80053
1, 80186
2, 80317
3, 80334
1, 80447
2, 80538
3, 80592
2, 80843
3, 80865
1, 80920
3, 81104
2, 81201
1, 81236
2, 81438
3, 81470
1, 81575
2, 81685
3, 81791
1, 81833
2, 81963
1, 82114
3, 82198
2, 82227
1, 82415
2, 82466
3, 82513
1, 82716
2, 82769
3, 82843
1, 82997
2, 83095
3, 83189
1, 83240
2, 83375
1, 83516
3, 83567
2, 83672
1, 83764
3, 83860
2, 84021
1, 84025
3, 84179
1, 84313
2, 84336
3, 84498
1, 84607
2, 84620
2, 84876
1, 84893
3, 84902
2, 85119
1, 85179
3, 85320
1, 85409
2, 85434
2, 85684
1, 85693
3, 85728
1, 85907
2, 85980
1, 86150
3, 86180
2, 86258
1, 86423
2, 86530
3, 86538
1, 86709
2, 86807
3, 86903
1, 86952
2, 87105
3, 87242
1, 87264
2, 87394
3, 87551
2, 87603
1, 87642
2, 87806
1, 87914
3, 87993
2, 88066
1, 88123
2, 88322
1, 88392
3, 88521
2, 88629
1, 88671
3, 88874
2, 88877
1, 88947
2, 89156
1, 89221
3, 89250
1, 89463
2, 89515
3, 89581
1, 89744
2, 89820
3, 89836
1, 90046
2, 90091
3, 90210
1, 90310
2, 90414
3, 90551
1, 90568
2, 90683
1, 90856
3, 90907
2, 90956
1, 91127
2, 91243
3, 91258
1, 91407
2, 91502
1, 91641
3, 91721
2, 91793
1, 91917
2, 92055
1, 92143
3, 92184
2, 92321
1, 92371
2, 92607
1, 92609
3, 92646
1, 92861
2, 92869
3, 93083
2, 93116
1, 93168
3, 93409
2, 93436
1, 93439
2, 93725
1, 93726
3, 93731
2, 93978
1, 93992
3, 94167
2, 94213
1, 94278
3, 94471
2, 94493
1, 94640
3, 94716
2, 94800
1, 94995
2, 95032
3, 95040
1, 95239
2, 95366
3, 95390
1, 95572
3, 95617
2, 95689
1, 95887
2, 95940
3, 95965
1, 96178
2, 96241
3, 96273
1, 96462
2, 96474
1, 96701
3, 96705
2, 96765
1, 96965
2, 97034
3, 97066
1, 97257
2, 97381
3, 97446
1, 97505
2, 97650
1, 97768
3, 97779
2, 97975
3, 98065
1, 98080
2, 98233
1, 98331
3, 98503
2, 98505
1, 98616
2, 98808
3, 98819
1, 98924
2, 99062
3, 99183
1, 99216
2, 99317
3, 99429
1, 99516
2, 99620
1, 99809
3, 99825
2, 99903
Reached max sequence count, exiting
