1, 236
3, 253
2, 321
1, 568
3, 585
2, 641
3, 847
1, 864
2, 952
3, 1164
1, 1202
2, 1252
3, 1460
1, 1491
2, 1544
3, 1741
2, 1840
1, 1842
3, 2014
1, 2146
2, 2153
3, 2321
2, 2439
1, 2455
3, 2595
1, 2763
2, 2806
3, 2843
1, 3038
2, 3123
3, 3131
1, 3352
2, 3434
3, 3443
1, 3645
3, 3694
2, 3766
1, 3963
3, 4006
2, 4060
1, 4293
3, 4303
2, 4323
2, 4548
1, 4625
3, 4632
2, 4848
1, 4921
3, 4935
2, 5175
3, 5198
1, 5271
2, 5449
3, 5457
1, 5626
3, 5738
2, 5756
1, 5923
3, 6033
2, 6093
1, 6227
3, 6290
2, 6448
1, 6522
3, 6557
2, 6788
1, 6810
3, 6849
2, 7054
1, 7111
3, 7188
2, 7366
1, 7389
3, 7495
1, 7680
2, 7725
3, 7735
1, 7976
2, 8047
3, 8060
1, 8251
3, 8339
2, 8387
1, 8512
3, 8610
2, 8728
1, 8833
3, 8863
2, 9095
3, 9127
1, 9162
3, 9407
1, 9436
2, 9462
3, 9605
2, 9755
1, 9854
3, 9870
2, 10066
3, 10134
1, 10192
2, 10345
3, 10444
1, 10485
2, 10682
3, 10728
1, 10767
2, 11017
3, 11018
1, 11060
3, 11259
2, 11322
1, 11395
3, 11534
1, 11663
2, 11679
3, 11834
1, 11970
2, 11994
3, 12079
1, 12304
2, 12336
3, 12381
1, 12622
2, 12634
3, 12663
1, 12857
2, 12949
3, 13007
1, 13142
2, 13266
3, 13319
1, 13427
2, 13558
3, 13637
1, 13714
2, 13880
3, 13932
1, 14005
2, 14167
1, 14273
3, 14274
2, 14458
3, 14574
1, 14585
2, 14766
3, 14866
1, 14894
2, 15092
3, 15150
1, 15201
2, 15382
3, 15428
1, 15519
2, 15682
3, 15721
1, 15850
3, 15936
2, 16081
1, 16148
3, 16180
3, 16418
2, 16438
1, 16513
2, 16713
3, 16719
1, 16836
3, 16981
2, 17007
1, 17157
3, 17253
2, 17332
1, 17493
3, 17551
2, 17613
1, 17778
3, 17795
2, 17950
1, 18069
3, 18096
2, 18248
3, 18374
1, 18398
2, 18637
3, 18662
1, 18680
2, 18950
3, 18950
1, 18985
2, 19195
1, 19264
3, 19297
3, 19535
2, 19565
1, 19578
3, 19800
1, 19878
2, 19935
3, 20084
1, 20200
2, 20209
3, 20345
1, 20512
2, 20548
3, 20666
1, 20765
2, 20863
3, 20946
1, 21087
2, 21161
3, 21204
1, 21404
3, 21464
2, 21538
1, 21697
3, 21778
2, 21812
1, 22013
3, 22061
2, 22127
3, 22251
1, 22372
2, 22476
3, 22542
1, 22709
3, 22789
2, 22798
1, 23048
3, 23081
2, 23113
1, 23327
3, 23340
2, 23464
3, 23605
1, 23627
2, 23713
2, 23952
1, 23965
3, 24019
2, 24229
3, 24273
1, 24309
2, 24556
3, 24565
1, 24599
3, 24818
2, 24876
1, 24952
2, 25118
3, 25127
1, 25276
3, 25402
2, 25432
1, 25569
3, 25688
2, 25796
1, 25897
3, 25959
2, 26104
1, 26195
3, 26218
2, 26467
3, 26487
1, 26493
2, 26785
1, 26786
3, 26804
1, 27062
3, 27092
2, 27100
2, 27385
1, 27386
3, 27404
1, 27672
2, 27680
3, 27696
3, 27974
1, 28015
2, 28038
3, 28225
1, 28278
2, 28375
3, 28480
1, 28583
2, 28734
3, 28753
1, 28867
3, 29041
2, 29087
1, 29125
3, 29253
2, 29455
1, 29469
3, 29561
1, 29778
2, 29787
3, 29806
3, 30082
1, 30093
2, 30108
3, 30319
1, 30401
2, 30470
3, 30551
1, 30788
2, 30820
3, 30842
2, 31028
3, 31132
1, 31133
2, 31279
3, 31430
1, 31451
2, 31618
3, 31670
1, 31806
2, 31916
3, 31973
1, 32107
2, 32218
3, 32278
1, 32372
3, 32564
2, 32568
1, 32651
3, 32886
1, 32918
2, 32951
3, 33154
1, 33179
2, 33310
1, 33429
3, 33453
2, 33681
1, 33686
3, 33755
1, 33947
2, 34030
3, 34074
1, 34227
2, 34349
3, 34355
1, 34560
3, 34621
2, 34682
1, 34817
3, 34943
2, 34981
1, 35095
3, 35229
2, 35300
1, 35369
3, 35566
1, 35648
2, 35664
3, 35795
2, 35958
1, 35988
3, 36089
1, 36256
2, 36332
3, 36381
1, 36514
2, 36710
1, 36730
3, 36755
1, 36986
2, 37033
3, 37066
1, 37243
2, 37328
3, 37360
1, 37528
2, 37609
3, 37701
1, 37781
2, 37961
3, 38032
1, 38071
2, 38283
1, 38331
3, 38371
2, 38589
1, 38622
3, 38685
1, 38889
2, 38949
3, 38983
1, 39157
3, 39256
2, 39281
1, 39423
3, 39549
2, 39625
1, 39710
3, 39837
2, 39950
1, 39998
3, 40120
2, 40261
1, 40303
3, 40426
2, 40581
1, 40598
3, 40697
1, 40882
2, 40958
3, 40975
1, 41112
3, 41305
2, 41319
1, 41376
3, 41600
1, 41651
2, 41669
3, 41906
1, 41924
2, 41989
3, 42170
1, 42213
2, 42348
3, 42472
1, 42492
2, 42661
1, 42747
3, 42804
2, 42967
1, 43006
3, 43126
2, 43288
1, 43298
3, 43423
1, 43567
2, 43640
3, 43733
1, 43874
2, 43954
3, 43986
1, 44191
3, 44272
2, 44306
1, 44461
3, 44570
2, 44619
1, 44696
3, 44906
1, 44961
2, 44992
3, 45199
1, 45247
2, 45317
3, 45486
1, 45492
2, 45649
1, 45779
3, 45817
2, 45955
1, 46071
3, 46123
2, 46301
1, 46321
3, 46415
1, 46610
3, 46690
2, 46696
1, 46860
3, 46966
2, 47062
1, 47167
3, 47259
2, 47359
1, 47432
3, 47568
2, 47693
1, 47701
3, 47865
1, 47990
2, 48037
3, 48182
1, 48221
2, 48380
3, 48489
1, 48506
2, 48677
1, 48768
3, 48856
2, 49009
1, 49022
3, 49186
1, 49295
2, 49336
3, 49474
1, 49557
2, 49684
3, 49750
1, 49837
2, 50027
3, 50049
1, 50111
3, 50333
2, 50361
1, 50410
3, 50659
2, 50666
1, 50717
3, 50909
2, 50989
1, 51003
3, 51205
1, 51281
2, 51328
1, 51512
3, 51561
2, 51679
1, 51797
3, 51827
2, 51975
3, 52091
1, 52131
2, 52310
3, 52386
1, 52398
1, 52626
2, 52689
3, 52707
1, 52878
3, 52997
2, 53058
1, 53143
3, 53223
2, 53425
1, 53471
3, 53567
1, 53720
2, 53779
3, 53878
1, 53950
2, 54081
1, 54222
3, 54243
2, 54364
1, 54499
3, 54573
2, 54704
1, 54751
3, 54905
1, 54999
2, 55055
3, 55178
1, 55280
2, 55409
3, 55471
1, 55531
2, 55775
3, 55775
1, 55829
3, 56014
1, 56130
2, 56137
3, 56300
2, 56428
1, 56433
3, 56616
1, 56680
2, 56787
3, 56908
1, 56942
2, 57179
1, 57196
3, 57229
2, 57420
1, 57488
3, 57588
1, 57721
2, 57763
3, 57890
1, 57993
2, 58107
3, 58211
1, 58271
2, 58387
3, 58508
1, 58541
2, 58716
1, 58820
3, 58866
2, 59016
1, 59068
3, 59209
1, 59292
2, 59389
3, 59536
1, 59563
2, 59710
1, 59831
3, 59860
2, 60046
1, 60076
3, 60210
1, 60333
2, 60366
3, 60513
1, 60629
2, 60700
3, 60819
1, 60877
2, 61003
3, 61144
1, 61178
2, 61308
1, 61425
3, 61506
2, 61640
1, 61668
3, 61831
1, 61877
2, 62021
3, 62124
1, 62168
2, 62360
3, 62420
1, 62432
1, 62703
3, 62735
2, 62743
1, 62972
2, 63043
3, 63044
1, 63291
2, 63328
3, 63378
1, 63543
2, 63638
3, 63686
1, 63813
2, 63932
3, 63997
1, 64106
3, 64263
2, 64309
1, 64381
3, 64568
2, 64627
1, 64684
3, 64892
2, 64912
1, 64957
3, 65189
2, 65229
1, 65237
3, 65472
1, 65519
2, 65569
3, 65766
1, 65808
2, 65956
1, 66046
3, 66086
2, 66285
1, 66299
3, 66391
1, 66570
2, 66665
3, 66683
1, 66833
2, 66957
3, 67018
1, 67090
2, 67245
3, 67367
1, 67374
2, 67563
3, 67652
1, 67658
2, 67885
1, 67904
3, 68038
1, 68188
2, 68226
3, 68318
2, 68475
1, 68476
3, 68649
1, 68745
2, 68847
3, 68932
1, 69028
2, 69149
3, 69227
1, 69325
2, 69487
3, 69510
1, 69600
2, 69793
3, 69818
1, 69888
2, 70105
1, 70133
3, 70218
2, 70382
1, 70418
3, 70499
1, 70679
2, 70758
3, 70807
1, 70972
2, 71062
3, 71109
1, 71236
2, 71400
3, 71452
1, 71473
3, 71719
2, 71756
1, 71761
1, 71967
3, 72088
2, 72094
1, 72269
3, 72358
2, 72460
1, 72531
3, 72659
2, 72751
1, 72831
3, 73006
1, 73048
2, 73103
3, 73273
1, 73339
2, 73428
3, 73575
1, 73612
2, 73781
1, 73886
3, 73903
3, 74142
2, 74158
1, 74178
3, 74434
1, 74436
2, 74499
1, 74651
3, 74783
2, 74830
1, 74916
3, 75128
2, 75153
1, 75210
1, 75437
3, 75446
2, 75517
1, 75633
3, 75804
1, 75874
2, 75927
1, 76081
3, 76137
2, 76304
1, 76374
3, 76403
1, 76570
3, 76698
2, 76742
1, 76849
3, 76967
2, 77103
1, 77117
3, 77248
1, 77376
2, 77527
3, 77532
1, 77622
3, 77837
2, 77863
1, 77914
3, 78147
2, 78177
1, 78204
3, 78396
2, 78495
1, 78525
3, 78726
1, 78748
2, 78898
3, 78984
1, 79005
1, 79238
2, 79304
3, 79324
1, 79435
3, 79646
1, 79688
2, 79719
1, 79906
2, 80026
3, 80033
1, 80160
3, 80353
2, 80360
1, 80403
2, 80659
3, 80691
1, 80698
2, 80954
1, 80972
3, 81043
1, 81229
2, 81269
3, 81337
3, 81544
1, 81545
2, 81700
1, 81798
3, 81846
2, 82031
1, 82069
3, 82186
1, 82312
2, 82371
3, 82486
1, 82593
2, 82685
1, 82818
3, 82863
2, 83005
1, 83109
3, 83164
2, 83283
1, 83404
3, 83468
2, 83624
1, 83666
3, 83827
1, 83924
2, 83954
3, 84149
1, 84173
2, 84251
1, 84449
3, 84482
2, 84559
1, 84674
3, 84842
1, 84918
2, 84959
1, 85135
3, 85165
2, 85321
3, 85411
1, 85416
1, 85670
3, 85725
2, 85756
1, 85928
3, 86007
2, 86078
1, 86199
3, 86306
1, 86421
2, 86478
3, 86590
1, 86707
2, 86840
3, 86887
1, 86969
1, 87204
3, 87227
2, 87237
1, 87483
3, 87513
2, 87545
1, 87735
3, 87855
2, 87880
1, 87992
3, 88112
2, 88211
1, 88287
3, 88429
1, 88526
2, 88626
3, 88713
1, 88817
2, 88880
3, 88963
1, 89152
2, 89245
3, 89283
1, 89391
2, 89568
3, 89612
1, 89639
1, 89910
3, 89932
2, 89954
1, 90115
3, 90267
2, 90295
1, 90385
3, 90568
2, 90605
1, 90674
3, 90780
2, 90960
1, 90982
3, 91077
1, 91276
2, 91312
3, 91418
1, 91510
2, 91637
3, 91726
1, 91789
2, 91978
1, 92040
3, 92067
3, 92311
2, 92332
1, 92346
1, 92581
3, 92628
2, 92736
1, 92810
3, 92875
2, 93077
1, 93112
3, 93189
1, 93354
2, 93457
3, 93495
1, 93603
3, 93803
1, 93854
2, 93887
1, 94057
3, 94165
2, 94203
1, 94310
3, 94429
2, 94571
1, 94585
3, 94759
1, 94849
2, 94887
1, 95087
3, 95117
2, 95227
1, 95366
3, 95392
2, 95580
1, 95633
3, 95670
1, 95922
3, 95960
2, 95972
1, 96112
3, 96256
2, 96361
1, 96391
3, 96509
1, 96669
2, 96735
3, 96859
1, 96880
2, 97103
1, 97135
3, 97198
1, 97373
2, 97451
3, 97509
1, 97682
2, 97780
3, 97782
1, 97922
3, 98066
2, 98086
1, 98287
2, 98367
3, 98369
2, 98622
1, 98638
3, 98695
1, 98859
3, 98984
2, 99042
1, 99138
3, 99245
1, 99382
2, 99418
3, 99557
1, 99629
2, 99757
3, 99870
1, 99905
Reached max sequence count, exiting
