1, 11
1, 42
2, 21
2, 63
2, 73
2, 83
3, 31
3, 103
3, 113
2, 93
2, 133
1, 53
3, 123
3, 163
1, 164
1, 182
3, 185
1, 196
2, 194
1, 210
3, 231
2, 232
3, 246
1, 252
2, 270
2, 280
2, 290
1, 298
2, 311
3, 324
2, 330
1, 332
1, 345
1, 360
2, 365
3, 383
1, 385
1, 398
1, 412
2, 420
3, 430
1, 438
2, 449
3, 463
3, 482
2, 481
1, 490
3, 501
1, 517
1, 529
1, 543
1, 558
2, 554
3, 570
1, 572
2, 592
1, 599
2, 610
1, 623
1, 634
3, 636
3, 646
2, 665
3, 675
1, 689
3, 695
1, 710
2, 709
1, 722
3, 733
3, 743
2, 757
1, 763
1, 784
1, 795
1, 806
2, 817
1, 821
3, 823
1, 841
1, 852
3, 869
1, 883
1, 894
1, 906
3, 908
2, 919
3, 928
1, 932
2, 949
1, 959
1, 971
1, 985
1, 1001
2, 1001
1, 1015
3, 1023
2, 1026
2, 1050
3, 1051
1, 1065
2, 1082
1, 1086
3, 1083
3, 1109
2, 1119
1, 1129
1, 1140
1, 1151
3, 1154
2, 1167
1, 1177
1, 1193
2, 1204
1, 1207
3, 1220
2, 1228
1, 1237
2, 1255
3, 1261
1, 1273
2, 1274
2, 1293
1, 1299
2, 1317
1, 1319
3, 1338
2, 1340
1, 1361
3, 1365
2, 1380
1, 1380
1, 1400
1, 1416
2, 1419
3, 1420
2, 1441
1, 1435
1, 1462
1, 1473
1, 1492
1, 1505
1, 1516
1, 1527
1, 1538
1, 1549
1, 1560
1, 1571
1, 1582
1, 1593
1, 1604
1, 1615
1, 1626
1, 1637
1, 1648
1, 1659
1, 1670
1, 1681
1, 1692
1, 1703
1, 1714
1, 1725
1, 1736
1, 1747
1, 1758
3, 1493
3, 1779
3, 1789
2, 1494
3, 1799
1, 1769
1, 1813
2, 1829
1, 1831
3, 1861
1, 1862
1, 1873
3, 1890
2, 1861
1, 1894
1, 1913
3, 1924
3, 1934
3, 1950
1, 1954
2, 1964
3, 1969
1, 1977
2, 2000
3, 2005
1, 2012
3, 2024
2, 2038
1, 2042
3, 2052
1, 2066
1, 2077
3, 2092
1, 2097
1, 2109
1, 2121
2, 2127
3, 2135
3, 2145
3, 2155
3, 2167
1, 2185
1, 2202
2, 2206
1, 2217
3, 2208
1, 2232
3, 2249
1, 2260
3, 2272
2, 2273
1, 2287
1, 2304
2, 2314
1, 2322
2, 2336
3, 2315
3, 2352
2, 2364
1, 2368
2, 2381
3, 2389
1, 2394
2, 2417
3, 2427
1, 2427
3, 2440
2, 2452
1, 2458
1, 2478
2, 2492
3, 2494
1, 2500
1, 2520
2, 2529
1, 2543
2, 2551
3, 2552
2, 2566
2, 2587
1, 2591
1, 2608
3, 2613
2, 2613
1, 2636
3, 2642
2, 2646
3, 2668
3, 2678
2, 2689
3, 2693
1, 2699
2, 2712
1, 2726
1, 2737
1, 2748
1, 2759
2, 2766
2, 2776
2, 2786
3, 2795
2, 2798
2, 2826
1, 2835
1, 2850
2, 2838
2, 2871
2, 2881
2, 2891
3, 2839
2, 2901
1, 2861
1, 2921
2, 2930
1, 2938
3, 2953
2, 2957
1, 2970
1, 2987
2, 2994
3, 2999
2, 3017
1, 3021
2, 3033
3, 3045
1, 3047
2, 3066
1, 3073
1, 3091
2, 3097
2, 3107
3, 3122
1, 3132
2, 3133
1, 3145
3, 3154
3, 3164
3, 3179
1, 3198
2, 3201
1, 3213
3, 3217
1, 3234
1, 3245
2, 3259
1, 3262
3, 3273
2, 3290
1, 3300
2, 3307
1, 3321
2, 3327
3, 3328
1, 3349
2, 3349
1, 3362
1, 3381
1, 3392
1, 3403
2, 3415
1, 3426
3, 3432
1, 3445
2, 3447
3, 3467
1, 3481
3, 3482
2, 3498
1, 3505
1, 3516
3, 3523
2, 3536
3, 3546
1, 3550
3, 3569
2, 3586
1, 3588
3, 3597
2, 3602
1, 3617
3, 3629
2, 3636
3, 3648
1, 3658
1, 3675
2, 3682
2, 3698
3, 3707
2, 3714
2, 3724
1, 3726
3, 3752
1, 3762
3, 3763
2, 3775
1, 3786
3, 3798
2, 3805
1, 3816
3, 3817
2, 3838
1, 3847
2, 3857
3, 3872
2, 3881
3, 3888
1, 3899
2, 3901
1, 3913
3, 3929
2, 3944
1, 3951
3, 3945
2, 3971
2, 3982
3, 3994
1, 3994
3, 4010
2, 4014
1, 4031
3, 4043
2, 4048
3, 4060
1, 4073
3, 4083
1, 4100
2, 4107
1, 4117
3, 4124
1, 4138
2, 4143
3, 4154
1, 4161
1, 4189
1, 4200
2, 4168
2, 4221
2, 4231
2, 4241
3, 4178
2, 4251
1, 4211
1, 4269
3, 4279
2, 4295
3, 4298
1, 4309
2, 4316
2, 4328
1, 4345
3, 4351
2, 4370
1, 4370
3, 4385
1, 4392
2, 4400
1, 4419
2, 4420
2, 4431
1, 4456
3, 4456
2, 4466
3, 4479
1, 4479
2, 4497
3, 4512
1, 4518
2, 4520
1, 4542
3, 4549
2, 4552
3, 4567
1, 4572
3, 4593
2, 4595
1, 4609
1, 4620
2, 4634
2, 4644
3, 4649
3, 4665
1, 4665
2, 4694
1, 4694
3, 4704
2, 4709
3, 4726
1, 4732
2, 4744
1, 4751
3, 4763
3, 4786
2, 4786
1, 4794
2, 4806
1, 4825
3, 4826
2, 4841
3, 4847
3, 4859
1, 4870
2, 4878
1, 4886
3, 4898
3, 4908
3, 4924
3, 4936
1, 4942
2, 4951
1, 4959
2, 4978
3, 4983
1, 4985
1, 5007
3, 5014
1, 5026
2, 5033
1, 5042
3, 5054
1, 5071
2, 5075
1, 5093
1, 5104
3, 5114
2, 5123
1, 5132
2, 5142
3, 5146
3, 5167
1, 5170
2, 5176
1, 5190
2, 5213
1, 5215
3, 5220
1, 5238
3, 5241
3, 5252
2, 5260
1, 5276
3, 5288
2, 5294
1, 5299
2, 5314
1, 5334
3, 5335
2, 5351
2, 5361
1, 5365
1, 5384
3, 5394
2, 5403
1, 5412
3, 5413
1, 5435
2, 5439
1, 5453
2, 5464
3, 5479
2, 5482
2, 5505
2, 5515
3, 5495
1, 5495
1, 5541
2, 5546
3, 5547
2, 5565
1, 5567
1, 5585
2, 5593
2, 5615
1, 5616
3, 5623
2, 5636
1, 5643
3, 5667
1, 5670
2, 5681
1, 5688
3, 5702
1, 5710
2, 5718
3, 5738
1, 5744
2, 5752
1, 5758
1, 5781
3, 5782
2, 5792
1, 5809
1, 5821
3, 5827
2, 5847
3, 5847
1, 5851
1, 5862
2, 5870
2, 5897
1, 5901
3, 5897
1, 5918
2, 5926
1, 5943
2, 5946
3, 5964
2, 5972
1, 5974
2, 5997
2, 6007
1, 6010
3, 6028
1, 6037
2, 6040
3, 6046
2, 6069
3, 6076
1, 6077
3, 6096
1, 6110
2, 6116
3, 6132
1, 6132
3, 6147
3, 6158
1, 6172
3, 6182
2, 6183
1, 6204
3, 6206
2, 6217
1, 6227
3, 6242
1, 6245
2, 6254
1, 6276
2, 6286
2, 6300
3, 6306
2, 6313
1, 6333
1, 6344
1, 6355
2, 6362
3, 6364
1, 6368
1, 6389
3, 6398
2, 6411
1, 6412
2, 6434
1, 6437
1, 6455
2, 6467
1, 6477
3, 6478
1, 6496
2, 6497
1, 6511
3, 6523
1, 6529
1, 6545
3, 6556
1, 6575
3, 6587
2, 6592
1, 6594
2, 6615
1, 6623
3, 6631
2, 6636
3, 6656
1, 6663
1, 6674
1, 6685
3, 6691
3, 6703
2, 6703
1, 6725
3, 6737
2, 6737
3, 6756
2, 6765
1, 6768
2, 6784
3, 6798
1, 6798
1, 6825
1, 6838
2, 6825
1, 6849
3, 6827
2, 6870
1, 6878
1, 6889
1, 6900
2, 6911
3, 6919
1, 6936
3, 6947
1, 6953
2, 6973
3, 6974
1, 6978
1, 6989
1, 7000
2, 7020
1, 7025
3, 7041
1, 7045
2, 7055
1, 7072
2, 7081
1, 7090
3, 7094
3, 7116
1, 7123
1, 7134
1, 7145
1, 7157
2, 7163
1, 7174
3, 7180
2, 7200
1, 7204
3, 7212
2, 7221
3, 7233
2, 7253
3, 7255
1, 7266
1, 7277
2, 7296
1, 7297
3, 7310
1, 7319
1, 7333
2, 7342
1, 7351
3, 7364
2, 7375
1, 7387
3, 7395
2, 7396
3, 7408
1, 7429
1, 7440
2, 7453
1, 7454
3, 7468
2, 7473
3, 7490
1, 7500
2, 7501
1, 7519
3, 7533
1, 7538
3, 7556
1, 7566
1, 7577
1, 7589
3, 7593
2, 7608
1, 7610
3, 7623
1, 7634
2, 7645
3, 7648
2, 7665
2, 7684
1, 7685
1, 7704
3, 7705
2, 7719
1, 7722
3, 7736
2, 7743
1, 7756
3, 7764
1, 7781
2, 7783
1, 7799
3, 7810
3, 7821
2, 7830
2, 7841
1, 7856
3, 7861
2, 7867
3, 7879
3, 7890
2, 7909
2, 7921
3, 7925
2, 7931
1, 7939
2, 7953
3, 7956
2, 7977
1, 7981
3, 7992
2, 7998
2, 8013
1, 8030
2, 8033
3, 8046
2, 8051
1, 8065
1, 8076
3, 8092
2, 8093
3, 8108
1, 8109
3, 8131
1, 8133
2, 8154
2, 8170
2, 8180
3, 8156
1, 8160
3, 8205
2, 8211
3, 8223
1, 8223
3, 8233
2, 8248
3, 8259
1, 8263
1, 8276
2, 8291
3, 8298
1, 8316
2, 8321
3, 8333
2, 8348
3, 8355
1, 8348
2, 8366
1, 8384
2, 8392
1, 8404
1, 8415
1, 8426
1, 8441
2, 8452
3, 8460
2, 8475
1, 8481
2, 8491
3, 8508
2, 8510
1, 8515
3, 8531
3, 8541
3, 8556
2, 8558
1, 8572
3, 8584
3, 8595
2, 8610
3, 8611
3, 8622
3, 8639
3, 8649
1, 8653
2, 8655
2, 8678
1, 8686
3, 8686
2, 8703
1, 8722
1, 8733
3, 8742
2, 8746
3, 8760
1, 8763
1, 8783
2, 8785
3, 8804
2, 8811
1, 8813
2, 8837
1, 8848
2, 8848
3, 8855
3, 8873
1, 8873
2, 8897
3, 8902
2, 8916
1, 8917
1, 8940
1, 8951
3, 8957
2, 8967
3, 8974
3, 8989
2, 8997
1, 9003
3, 9007
1, 9028
2, 9038
3, 9040
2, 9054
1, 9072
2, 9073
3, 9084
1, 9096
3, 9106
2, 9114
3, 9126
1, 9141
3, 9152
2, 9153
1, 9175
3, 9184
2, 9188
3, 9201
1, 9205
1, 9231
3, 9236
2, 9236
1, 9248
3, 9266
2, 9269
1, 9280
1, 9293
2, 9308
3, 9308
3, 9330
3, 9342
1, 9349
2, 9350
1, 9370
3, 9377
3, 9391
2, 9396
3, 9406
1, 9411
2, 9423
1, 9437
3, 9448
2, 9462
1, 9466
1, 9492
2, 9476
3, 9481
2, 9522
1, 9523
1, 9537
3, 9522
2, 9549
3, 9567
1, 9575
2, 9587
1, 9595
1, 9608
3, 9614
2, 9628
1, 9632
2, 9651
3, 9651
2, 9676
1, 9677
3, 9690
1, 9694
2, 9711
2, 9723
3, 9734
1, 9736
2, 9753
2, 9764
2, 9777
3, 9780
1, 9791
2, 9807
1, 9816
3, 9805
2, 9825
2, 9835
2, 9853
1, 9857
2, 9872
3, 9878
2, 9901
3, 9905
1, 9902
3, 9921
3, 9931
2, 9951
3, 9953
1, 9960
1, 9971
2, 9981
2, 9991
2, 10006
2, 10016
2, 10026
3, 10035
1, 10044
2, 10049
1, 10060
2, 10082
1, 10086
3, 10098
2, 10100
2, 10122
1, 10131
3, 10125
2, 10152
3, 10165
1, 10169
2, 10172
2, 10195
1, 10202
3, 10205
1, 10224
2, 10232
2, 10248
1, 10263
2, 10268
3, 10263
1, 10283
3, 10293
2, 10308
1, 10325
1, 10336
3, 10340
2, 10348
3, 10360
1, 10363
2, 10384
1, 10387
3, 10409
1, 10411
2, 10412
2, 10432
1, 10437
3, 10450
2, 10459
1, 10473
2, 10487
2, 10498
3, 10504
1, 10505
1, 10530
2, 10530
1, 10545
1, 10556
1, 10567
1, 10578
1, 10589
1, 10600
1, 10611
1, 10622
1, 10633
1, 10644
1, 10655
1, 10666
1, 10677
1, 10688
1, 10699
1, 10710
3, 10723
3, 10742
3, 10752
1, 10724
1, 10773
2, 10732
1, 10784
3, 10762
2, 10807
1, 10816
2, 10824
1, 10839
2, 10853
1, 10855
3, 10868
2, 10878
1, 10879
3, 10901
2, 10911
3, 10918
1, 10926
2, 10932
1, 10951
3, 10952
2, 10963
1, 10983
2, 10988
2, 10999
3, 11005
2, 11022
2, 11035
1, 11035
2, 11059
1, 11060
2, 11075
3, 11076
2, 11101
1, 11102
3, 11116
2, 11125
3, 11135
1, 11137
3, 11147
1, 11169
3, 11175
3, 11187
2, 11193
1, 11201
3, 11219
2, 11222
2, 11242
3, 11245
1, 11260
2, 11266
1, 11279
3, 11287
2, 11289
1, 11316
3, 11326
1, 11330
2, 11333
1, 11350
2, 11354
2, 11377
3, 11381
1, 11393
3, 11402
2, 11408
2, 11418
1, 11429
1, 11453
2, 11456
3, 11453
2, 11477
3, 11486
2, 11495
1, 11497
1, 11510
2, 11533
2, 11543
1, 11543
2, 11553
3, 11568
2, 11571
1, 11586
3, 11589
1, 11609
3, 11621
2, 11621
2, 11642
1, 11651
3, 11654
2, 11673
1, 11689
2, 11693
3, 11698
2, 11708
1, 11723
1, 11737
3, 11745
2, 11746
3, 11759
1, 11773
2, 11791
3, 11792
1, 11799
2, 11815
3, 11816
1, 11841
2, 11845
3, 11862
2, 11866
1, 11873
2, 11887
3, 11904
3, 11919
2, 11906
3, 11929
1, 11909
2, 11940
3, 11966
2, 11969
1, 11976
3, 11980
1, 11997
1, 12019
2, 12021
3, 12025
3, 12049
2, 12053
1, 12064
1, 12075
3, 12079
3, 12102
1, 12102
2, 12121
1, 12124
3, 12133
2, 12137
3, 12160
1, 12171
2, 12172
3, 12179
3, 12195
2, 12205
3, 12210
3, 12220
3, 12239
2, 12244
1, 12261
3, 12264
2, 12279
3, 12294
2, 12299
2, 12310
1, 12314
3, 12325
3, 12337
1, 12350
3, 12368
3, 12379
2, 12383
3, 12390
1, 12401
3, 12416
2, 12423
1, 12439
2, 12444
3, 12440
3, 12467
1, 12472
2, 12486
1, 12490
3, 12506
2, 12506
1, 12519
1, 12530
1, 12542
2, 12564
1, 12568
3, 12573
2, 12578
2, 12601
3, 12604
2, 12622
1, 12623
2, 12640
1, 12653
2, 12661
3, 12668
1, 12688
2, 12689
3, 12692
1, 12712
2, 12715
3, 12738
2, 12743
1, 12744
3, 12761
2, 12771
1, 12774
2, 12788
2, 12809
3, 12817
1, 12825
3, 12834
2, 12845
3, 12864
2, 12868
1, 12864
3, 12885
2, 12892
1, 12909
3, 12918
2, 12925
1, 12937
3, 12947
1, 12959
2, 12960
3, 12984
1, 12988
2, 12991
2, 13015
3, 13016
3, 13034
1, 13044
3, 13050
2, 13055
2, 13082
2, 13092
3, 13063
2, 13102
1, 13072
3, 13117
2, 13136
3, 13143
2, 13160
2, 13170
1, 13136
1, 13183
3, 13185
1, 13201
3, 13209
2, 13224
2, 13235
3, 13245
2, 13251
1, 13264
3, 13271
2, 13290
3, 13296
1, 13304
2, 13310
3, 13328
1, 13344
3, 13346
2, 13357
3, 13365
1, 13370
3, 13382
3, 13392
3, 13402
1, 13411
1, 13426
1, 13445
2, 13447
2, 13468
3, 13473
3, 13485
1, 13468
2, 13506
1, 13510
3, 13514
1, 13534
1, 13545
2, 13547
2, 13573
3, 13584
1, 13587
2, 13584
1, 13611
2, 13621
2, 13632
3, 13622
2, 13651
1, 13652
3, 13660
1, 13675
2, 13682
2, 13705
1, 13707
1, 13720
3, 13724
1, 13748
2, 13750
3, 13764
2, 13777
1, 13778
2, 13797
3, 13798
2, 13823
3, 13824
2, 13836
1, 13843
1, 13854
3, 13866
2, 13875
1, 13879
3, 13898
2, 13906
1, 13910
2, 13931
3, 13939
1, 13931
3, 13959
2, 13969
1, 13970
1, 13984
2, 14003
3, 14006
3, 14027
2, 14029
1, 14042
1, 14054
3, 14056
1, 14070
1, 14081
2, 14092
3, 14103
2, 14111
1, 14118
3, 14140
2, 14149
3, 14159
1, 14163
2, 14168
3, 14193
1, 14198
2, 14205
1, 14216
1, 14236
3, 14237
3, 14261
3, 14271
1, 14248
1, 14292
2, 14251
1, 14303
3, 14281
1, 14326
2, 14328
2, 14349
3, 14362
1, 14363
3, 14379
1, 14385
2, 14386
1, 14402
1, 14415
2, 14431
2, 14441
3, 14451
2, 14456
1, 14460
2, 14482
3, 14486
2, 14501
1, 14506
3, 14518
3, 14528
3, 14547
2, 14550
1, 14566
3, 14568
1, 14583
2, 14588
3, 14595
1, 14617
2, 14617
3, 14635
2, 14636
1, 14653
3, 14660
1, 14680
1, 14691
2, 14702
1, 14705
3, 14714
2, 14718
2, 14738
1, 14750
3, 14750
2, 14766
1, 14774
2, 14793
3, 14794
2, 14810
3, 14816
1, 14834
3, 14837
3, 14854
1, 14863
2, 14871
3, 14886
2, 14892
1, 14905
3, 14914
2, 14914
1, 14925
2, 14944
1, 14948
2, 14967
1, 14971
3, 14980
2, 15000
1, 15005
3, 15011
1, 15025
2, 15033
3, 15043
2, 15059
3, 15061
2, 15072
2, 15086
1, 15089
1, 15101
2, 15123
1, 15126
3, 15134
1, 15145
1, 15164
2, 15173
3, 15179
1, 15190
2, 15196
3, 15215
2, 15224
1, 15234
2, 15244
3, 15234
1, 15263
3, 15276
2, 15276
1, 15287
2, 15302
2, 15321
3, 15322
1, 15342
2, 15344
3, 15358
2, 15364
1, 15369
2, 15382
3, 15392
1, 15403
2, 15414
2, 15440
2, 15450
3, 15422
2, 15460
1, 15430
3, 15486
1, 15487
2, 15497
1, 15517
2, 15521
3, 15530
2, 15545
3, 15553
1, 15556
2, 15570
3, 15580
1, 15589
1, 15604
2, 15618
3, 15621
1, 15638
2, 15639
1, 15658
2, 15662
3, 15676
2, 15678
1, 15699
2, 15701
1, 15719
2, 15722
2, 15743
1, 15746
3, 15751
2, 15778
1, 15780
3, 15784
2, 15801
1, 15814
3, 15814
3, 15826
2, 15847
3, 15852
1, 15866
2, 15869
3, 15893
2, 15893
1, 15899
2, 15910
3, 15925
3, 15935
1, 15935
1, 15959
2, 15963
1, 15985
3, 15986
2, 15999
1, 15999
2, 16014
2, 16027
2, 16042
1, 16050
1, 16062
3, 16065
2, 16081
1, 16093
3, 16094
1, 16115
3, 16122
2, 16123
3, 16141
2, 16143
1, 16166
2, 16167
2, 16186
1, 16195
3, 16205
2, 16205
3, 16221
2, 16233
3, 16242
1, 16252
2, 16265
3, 16267
2, 16288
1, 16291
2, 16301
1, 16316
3, 16329
2, 16332
1, 16346
1, 16358
2, 16373
1, 16381
3, 16382
2, 16407
3, 16407
1, 16417
3, 16425
1, 16446
2, 16450
3, 16460
1, 16473
2, 16473
3, 16489
1, 16509
2, 16511
1, 16524
3, 16534
2, 16550
1, 16557
3, 16568
1, 16583
2, 16583
3, 16598
3, 16618
3, 16628
1, 16601
3, 16638
2, 16608
2, 16659
1, 16664
3, 16673
3, 16692
2, 16695
3, 16710
1, 16712
2, 16733
1, 16736
3, 16746
1, 16764
3, 16773
3, 16784
2, 16788
2, 16798
2, 16809
2, 16823
1, 16826
3, 16835
2, 16849
2, 16859
1, 16874
3, 16880
2, 16892
2, 16908
3, 16916
2, 16925
1, 16930
2, 16954
1, 16955
3, 16962
1, 16979
2, 16981
2, 17002
1, 17006
3, 17008
3, 17032
3, 17042
1, 17048
2, 17051
1, 17069
2, 17085
3, 17086
2, 17100
1, 17115
3, 17118
1, 17131
2, 17142
1, 17147
3, 17158
2, 17168
2, 17187
1, 17198
3, 17199
1, 17214
2, 17217
2, 17242
1, 17242
3, 17251
1, 17260
2, 17280
1, 17282
3, 17296
3, 17307
1, 17323
3, 17330
2, 17336
3, 17351
1, 17355
2, 17375
2, 17390
3, 17388
1, 17399
3, 17408
2, 17420
3, 17434
1, 17440
1, 17452
2, 17453
1, 17473
2, 17489
1, 17493
3, 17501
1, 17520
3, 17526
1, 17534
2, 17552
2, 17562
3, 17568
2, 17573
1, 17579
2, 17598
1, 17616
3, 17616
2, 17624
1, 17631
3, 17654
1, 17658
2, 17661
2, 17687
1, 17693
3, 17700
2, 17707
1, 17721
3, 17739
1, 17753
2, 17753
1, 17767
1, 17786
1, 17797
2, 17775
1, 17808
3, 17766
2, 17829
2, 17839
3, 17853
1, 17823
3, 17863
2, 17877
2, 17887
1, 17893
2, 17907
2, 17921
3, 17914
3, 17948
1, 17948
2, 17959
1, 17971
3, 17974
1, 17986
2, 18004
3, 18019
1, 18025
2, 18023
3, 18043
2, 18058
1, 18061
2, 18077
3, 18077
2, 18092
1, 18113
3, 18115
2, 18124
3, 18132
1, 18145
1, 18159
3, 18169
2, 18170
3, 18183
1, 18197
3, 18206
2, 18216
1, 18229
2, 18241
2, 18254
3, 18262
2, 18272
3, 18282
1, 18262
2, 18296
3, 18315
1, 18318
1, 18332
2, 18338
1, 18348
1, 18370
3, 18371
2, 18380
2, 18401
1, 18404
1, 18415
3, 18432
2, 18438
1, 18433
3, 18454
2, 18463
3, 18473
3, 18494
2, 18501
1, 18500
2, 18523
1, 18525
2, 18540
3, 18537
1, 18552
1, 18577
2, 18577
3, 18585
2, 18605
1, 18616
3, 18618
2, 18629
2, 18639
3, 18654
1, 18661
2, 18675
1, 18676
1, 18698
3, 18707
3, 18722
1, 18725
1, 18745
1, 18757
2, 18757
3, 18771
2, 18780
1, 18772
2, 18792
2, 18813
1, 18823
3, 18823
3, 18840
2, 18855
2, 18870
1, 18874
2, 18882
3, 18864
1, 18898
2, 18909
3, 18917
2, 18924
2, 18945
2, 18964
2, 18974
1, 18945
1, 18995
3, 18954
3, 19016
2, 18984
3, 19026
1, 19006
2, 19049
3, 19056
2, 19066
1, 19077
3, 19082
1, 19098
3, 19110
2, 19117
3, 19127
1, 19140
3, 19151
2, 19152
3, 19171
3, 19181
2, 19182
1, 19207
3, 19210
3, 19220
2, 19209
2, 19241
3, 19252
1, 19258
1, 19276
2, 19282
3, 19284
3, 19309
2, 19309
3, 19329
2, 19333
1, 19328
2, 19352
3, 19356
2, 19372
3, 19383
3, 19393
2, 19405
2, 19415
2, 19425
2, 19435
2, 19445
2, 19455
2, 19465
2, 19475
2, 19485
2, 19495
2, 19505
2, 19515
2, 19525
2, 19535
2, 19545
2, 19555
2, 19565
2, 19575
2, 19585
2, 19595
2, 19605
2, 19615
2, 19625
2, 19635
2, 19645
2, 19655
2, 19665
1, 19396
2, 19675
3, 19690
1, 19699
2, 19706
2, 19724
1, 19732
1, 19749
3, 19749
1, 19771
2, 19785
1, 19788
3, 19793
2, 19799
2, 19815
1, 19830
3, 19839
3, 19857
1, 19857
3, 19876
2, 19883
1, 19893
3, 19908
2, 19910
2, 19926
1, 19932
2, 19943
3, 19951
3, 19963
1, 19970
3, 19983
2, 19990
2, 20010
1, 20019
1, 20030
3, 20032
2, 20044
3, 20062
3, 20072
2, 20076
1, 20086
1, 20106
2, 20109
2, 20129
3, 20111
1, 20119
3, 20149
2, 20139
2, 20172
1, 20175
1, 20197
1, 20208
2, 20214
2, 20224
2, 20235
3, 20237
1, 20256
2, 20265
3, 20266
3, 20281
2, 20290
2, 20307
2, 20320
3, 20321
1, 20334
2, 20339
2, 20353
1, 20370
1, 20381
3, 20383
2, 20393
1, 20404
2, 20415
2, 20426
1, 20444
3, 20445
2, 20459
1, 20463
3, 20482
2, 20491
1, 20499
2, 20509
3, 20514
1, 20524
2, 20541
1, 20547
1, 20567
3, 20574
2, 20575
2, 20601
3, 20604
3, 20614
1, 20613
1, 20636
3, 20653
2, 20659
1, 20655
2, 20674
2, 20684
3, 20694
2, 20697
3, 20709
3, 20726
1, 20736
2, 20747
3, 20750
1, 20766
2, 20780
1, 20789
3, 20792
3, 20813
1, 20819
3, 20829
2, 20830
1, 20852
2, 20861
1, 20876
3, 20861
2, 20892
2, 20903
3, 20917
1, 20918
3, 20934
1, 20946
3, 20951
1, 20970
2, 20971
3, 20976
1, 20989
3, 21011
1, 21018
3, 21028
1, 21043
3, 21054
2, 21059
1, 21069
3, 21081
1, 21087
2, 21095
2, 21110
1, 21116
1, 21134
2, 21139
3, 21155
1, 21155
2, 21175
1, 21181
2, 21200
3, 21202
2, 21215
1, 21216
2, 21230
1, 21239
3, 21261
1, 21267
2, 21282
1, 21286
1, 21309
2, 21296
1, 21320
3, 21298
2, 21343
2, 21354
1, 21363
3, 21373
2, 21376
1, 21383
1, 21403
2, 21413
2, 21423
3, 21431
1, 21447
2, 21448
1, 21460
3, 21474
3, 21492
1, 21495
1, 21506
2, 21518
3, 21530
1, 21534
3, 21555
1, 21555
2, 21565
2, 21583
2, 21596
3, 21599
1, 21600
3, 21616
1, 21625
1, 21636
1, 21647
3, 21657
3, 21671
2, 21677
2, 21687
2, 21698
1, 21713
1, 21728
3, 21732
2, 21740
1, 21757
1, 21768
2, 21786
3, 21787
1, 21793
3, 21807
2, 21814
1, 21819
1, 21843
1, 21854
1, 21865
3, 21873
2, 21884
1, 21893
3, 21894
1, 21908
1, 21919
1, 21930
1, 21941
1, 21952
3, 21969
2, 21985
1, 21991
3, 21992
1, 22015
2, 22020
3, 22022
1, 22047
2, 22049
1, 22062
1, 22075
3, 22083
1, 22090
3, 22104
1, 22123
2, 22123
3, 22141
2, 22145
2, 22155
2, 22165
1, 22174
2, 22185
1, 22193
2, 22208
1, 22220
2, 22223
1, 22234
3, 22240
3, 22255
1, 22268
3, 22279
1, 22285
2, 22306
3, 22313
1, 22323
2, 22324
1, 22337
3, 22346
3, 22368
2, 22368
1, 22384
1, 22395
1, 22406
2, 22419
3, 22427
1, 22430
1, 22448
2, 22454
3, 22464
1, 22474
1, 22500
1, 22511
3, 22481
1, 22522
2, 22489
3, 22540
1, 22551
3, 22563
3, 22574
2, 22585
2, 22599
2, 22609
1, 22623
3, 22632
1, 22638
2, 22623
3, 22653
3, 22668
1, 22671
2, 22691
3, 22695
1, 22697
2, 22714
1, 22726
1, 22737
3, 22744
3, 22767
1, 22769
2, 22774
1, 22792
3, 22802
2, 22806
3, 22822
2, 22836
1, 22838
1, 22860
2, 22864
3, 22871
1, 22884
2, 22894
1, 22909
3, 22910
2, 22931
3, 22934
1, 22939
3, 22962
1, 22963
2, 22970
1, 22982
3, 23003
1, 23008
3, 23024
1, 23027
2, 23043
1, 23045
3, 23060
2, 23062
3, 23082
2, 23082
2, 23095
1, 23115
2, 23129
3, 23137
1, 23132
2, 23145
3, 23162
2, 23167
2, 23189
1, 23191
1, 23203
3, 23211
1, 23219
1, 23230
1, 23241
3, 23264
2, 23265
1, 23271
1, 23287
2, 23298
3, 23305
1, 23323
2, 23328
3, 23332
1, 23360
3, 23360
1, 23374
1, 23392
2, 23393
3, 23404
1, 23411
2, 23419
3, 23431
2, 23445
3, 23452
2, 23465
1, 23471
3, 23491
2, 23492
3, 23511
1, 23516
2, 23517
1, 23540
2, 23540
1, 23559
3, 23567
1, 23582
2, 23585
1, 23596
3, 23616
1, 23619
2, 23622
1, 23646
2, 23648
2, 23674
2, 23684
3, 23655
1, 23664
2, 23710
3, 23711
1, 23716
1, 23734
2, 23743
1, 23766
2, 23767
3, 23768
1, 23787
2, 23798
2, 23810
1, 23818
1, 23831
3, 23834
1, 23852
2, 23865
1, 23869
3, 23881
2, 23894
1, 23897
3, 23916
1, 23929
2, 23932
3, 23936
3, 23963
1, 23963
2, 23979
1, 23982
3, 23992
1, 24010
2, 24013
3, 24022
2, 24033
1, 24046
2, 24054
2, 24064
1, 24078
1, 24089
1, 24103
2, 24112
3, 24112
3, 24129
1, 24142
2, 24149
3, 24156
1, 24175
3, 24184
2, 24187
3, 24201
2, 24216
1, 24225
3, 24225
3, 24251
2, 24259
1, 24259
2, 24280
3, 24283
2, 24294
1, 24302
2, 24314
1, 24334
3, 24334
1, 24345
3, 24359
2, 24364
1, 24376
2, 24396
1, 24399
3, 24410
2, 24414
3, 24426
1, 24438
2, 24456
3, 24463
1, 24471
2, 24485
3, 24486
1, 24503
2, 24504
1, 24523
2, 24539
2, 24549
3, 24551
2, 24565
1, 24568
2, 24587
1, 24592
3, 24602
2, 24614
3, 24630
2, 24641
3, 24648
1, 24649
1, 24660
1, 24671
2, 24679
2, 24702
1, 24707
2, 24725
1, 24730
3, 24740
2, 24753
1, 24759
3, 24770
2, 24788
1, 24788
3, 24808
2, 24811
2, 24822
1, 24825
1, 24855
2, 24834
1, 24866
3, 24844
2, 24885
1, 24892
3, 24911
1, 24914
2, 24920
1, 24931
1, 24952
2, 24953
3, 24969
3, 24985
2, 24988
1, 24997
1, 25008
3, 25025
2, 25034
1, 25037
1, 25048
3, 25055
1, 25073
2, 25088
3, 25089
1, 25098
1, 25109
1, 25120
2, 25142
2, 25154
3, 25158
2, 25169
1, 25170
2, 25188
1, 25197
1, 25215
3, 25219
1, 25235
2, 25238
3, 25252
1, 25259
2, 25282
1, 25284
3, 25295
1, 25302
3, 25325
2, 25325
1, 25331
3, 25339
1, 25359
2, 25364
3, 25369
2, 25391
3, 25397
1, 25410
3, 25417
2, 25421
1, 25436
3, 25442
1, 25458
2, 25463
2, 25479
3, 25488
2, 25495
1, 25505
1, 25527
3, 25531
1, 25546
2, 25552
3, 25554
1, 25576
2, 25578
2, 25589
1, 25605
3, 25612
2, 25617
1, 25634
3, 25651
1, 25654
2, 25664
1, 25684
3, 25687
2, 25697
3, 25699
3, 25718
1, 25726
2, 25733
1, 25744
3, 25763
1, 25764
2, 25775
2, 25785
2, 25801
1, 25807
3, 25820
3, 25840
1, 25844
2, 25859
3, 25870
1, 25871
2, 25885
1, 25892
3, 25911
1, 25922
2, 25923
1, 25936
3, 25941
2, 25957
1, 25964
2, 25979
3, 25982
3, 26000
1, 26004
1, 26015
1, 26041
2, 26021
1, 26052
3, 26030
3, 26081
1, 26082
1, 26093
1, 26104
2, 26108
3, 26123
1, 26139
3, 26143
2, 26151
1, 26166
3, 26167
2, 26189
3, 26201
1, 26213
3, 26213
3, 26238
2, 26238
1, 26246
3, 26251
1, 26276
3, 26277
2, 26287
1, 26301
2, 26310
1, 26322
2, 26331
2, 26347
2, 26357
3, 26361
1, 26368
3, 26378
1, 26393
2, 26400
1, 26419
2, 26425
1, 26439
2, 26447
3, 26447
2, 26463
3, 26476
1, 26486
3, 26493
2, 26505
1, 26509
1, 26529
1, 26547
3, 26549
2, 26560
3, 26569
2, 26581
1, 26581
2, 26595
2, 26615
1, 26625
3, 26634
3, 26652
1, 26652
2, 26660
1, 26667
3, 26686
1, 26699
3, 26704
2, 26712
1, 26726
3, 26737
1, 26747
3, 26763
1, 26766
2, 26778
1, 26784
2, 26803
3, 26811
1, 26818
2, 26821
3, 26845
1, 26847
1, 26865
2, 26866
2, 26881
1, 26894
1, 26910
3, 26912
3, 26924
2, 26925
1, 26946
2, 26948
3, 26968
1, 26975
1, 26991
1, 27007
2, 27004
3, 27010
1, 27029
2, 27031
1, 27056
2, 27058
1, 27069
3, 27074
3, 27093
1, 27104
2, 27105
1, 27117
2, 27133
1, 27139
3, 27147
1, 27162
3, 27184
2, 27182
1, 27191
3, 27197
3, 27227
2, 27215
3, 27237
1, 27217
3, 27257
3, 27271
2, 27271
1, 27290
2, 27294
3, 27305
1, 27320
2, 27332
1, 27340
2, 27351
3, 27338
3, 27377
2, 27379
1, 27387
3, 27393
1, 27408
1, 27430
2, 27433
3, 27430
2, 27452
1, 27465
3, 27468
3, 27489
1, 27496
3, 27508
2, 27507
1, 27522
3, 27530
2, 27539
1, 27554
3, 27568
3, 27586
2, 27588
1, 27590
3, 27604
1, 27618
2, 27624
1, 27634
3, 27652
2, 27659
1, 27669
3, 27672
1, 27695
3, 27697
2, 27711
2, 27723
1, 27729
3, 27741
2, 27749
2, 27770
3, 27775
1, 27770
2, 27788
2, 27805
3, 27815
2, 27824
3, 27837
2, 27844
1, 27845
2, 27861
1, 27874
3, 27877
1, 27896
2, 27902
3, 27917
1, 27930
2, 27941
1, 27947
3, 27957
1, 27962
2, 27979
3, 27987
3, 28003
1, 28004
2, 28024
1, 28032
3, 28025
2, 28054
1, 28059
2, 28073
3, 28082
3, 28094
3, 28109
1, 28115
3, 28128
2, 28128
1, 28147
2, 28151
2, 28169
3, 28174
3, 28185
1, 28191
2, 28199
3, 28208
3, 28218
3, 28231
1, 28242
3, 28259
2, 28268
1, 28277
3, 28280
2, 28299
1, 28302
1, 28323
3, 28328
2, 28332
1, 28344
1, 28356
1, 28368
2, 28383
1, 28394
3, 28381
1, 28418
1, 28430
3, 28436
2, 28449
2, 28463
1, 28463
2, 28477
1, 28489
3, 28496
2, 28509
1, 28503
1, 28528
2, 28535
1, 28554
2, 28558
3, 28564
1, 28573
3, 28589
2, 28596
3, 28614
1, 28618
2, 28628
1, 28648
2, 28654
2, 28665
3, 28665
2, 28677
3, 28691
1, 28706
2, 28704
1, 28719
3, 28727
2, 28741
1, 28748
2, 28765
3, 28776
1, 28778
1, 28799
2, 28809
1, 28815
3, 28822
3, 28839
3, 28855
2, 28857
1, 28866
1, 28877
3, 28896
1, 28897
3, 28922
1, 28924
2, 28922
3, 28940
3, 28955
3, 28965
1, 28976
2, 28976
2, 28992
2, 29002
1, 29020
3, 29021
1, 29045
2, 29042
3, 29061
3, 29076
2, 29078
1, 29089
2, 29090
1, 29105
3, 29120
2, 29132
3, 29136
1, 29145
2, 29151
2, 29164
2, 29177
2, 29197
1, 29200
1, 29211
1, 29223
3, 29220
1, 29235
2, 29249
2, 29271
2, 29281
3, 29286
1, 29297
3, 29297
1, 29319
2, 29325
3, 29328
2, 29344
1, 29354
3, 29362
1, 29371
2, 29387
3, 29400
2, 29405
1, 29415
3, 29428
2, 29430
1, 29451
1, 29469
3, 29468
1, 29481
2, 29483
1, 29493
1, 29513
2, 29526
3, 29539
1, 29540
2, 29559
2, 29576
2, 29586
3, 29561
1, 29566
3, 29604
2, 29614
3, 29630
1, 29638
2, 29641
1, 29651
1, 29669
1, 29687
2, 29693
2, 29704
3, 29706
1, 29716
2, 29732
3, 29750
2, 29751
1, 29752
3, 29765
1, 29784
2, 29788
3, 29796
3, 29814
1, 29822
2, 29833
1, 29840
3, 29855
3, 29866
1, 29870
3, 29893
1, 29895
2, 29908
3, 29910
1, 29929
3, 29933
1, 29955
3, 29957
1, 29970
2, 29970
1, 29990
2, 29996
1, 30012
3, 30014
1, 30038
3, 30039
2, 30046
3, 30056
2, 30069
2, 30087
1, 30096
3, 30100
2, 30104
1, 30129
3, 30139
2, 30139
1, 30148
1, 30159
1, 30177
2, 30183
3, 30196
2, 30212
1, 30220
3, 30222
2, 30236
2, 30246
1, 30263
3, 30268
3, 30279
2, 30283
1, 30296
1, 30307
1, 30330
2, 30331
1, 30342
3, 30349
1, 30365
2, 30370
3, 30380
1, 30392
2, 30399
1, 30414
3, 30428
2, 30432
1, 30446
3, 30449
2, 30465
1, 30469
1, 30495
3, 30496
3, 30519
1, 30519
2, 30535
3, 30537
1, 30555
2, 30563
3, 30564
1, 30583
3, 30592
2, 30595
2, 30606
1, 30624
2, 30625
1, 30650
2, 30655
3, 30665
2, 30678
1, 30679
1, 30695
1, 30714
2, 30716
1, 30726
3, 30736
3, 30760
3, 30770
3, 30780
2, 30750
1, 30746
2, 30800
1, 30817
2, 30819
3, 30830
1, 30836
2, 30851
1, 30859
3, 30874
1, 30884
1, 30896
2, 30875
2, 30915
2, 30929
1, 30937
3, 30948
1, 30954
2, 30966
2, 30977
1, 30987
2, 31008
1, 31008
3, 31011
2, 31023
3, 31035
1, 31042
3, 31060
1, 31073
2, 31083
3, 31084
1, 31099
3, 31115
3, 31125
2, 31134
1, 31144
2, 31148
3, 31164
1, 31176
2, 31186
2, 31203
1, 31212
2, 31213
3, 31227
2, 31234
1, 31236
1, 31263
3, 31269
2, 31272
2, 31293
1, 31296
2, 31316
3, 31318
1, 31324
2, 31336
1, 31344
1, 31355
2, 31375
1, 31378
2, 31398
3, 31406
2, 31413
1, 31423
3, 31428
1, 31445
1, 31456
3, 31466
2, 31472
1, 31476
1, 31497
1, 31508
2, 31521
3, 31532
1, 31545
3, 31549
2, 31555
1, 31567
1, 31578
1, 31590
1, 31602
3, 31609
2, 31632
1, 31632
3, 31634
1, 31657
1, 31674
2, 31678
1, 31690
3, 31690
1, 31711
3, 31718
2, 31720
1, 31740
3, 31744
2, 31760
1, 31762
2, 31780
1, 31783
1, 31807
3, 31810
1, 31828
3, 31834
2, 31834
2, 31860
1, 31864
3, 31864
2, 31886
3, 31898
1, 31905
2, 31909
3, 31925
3, 31946
1, 31935
3, 31956
2, 31936
3, 31969
2, 31987
1, 32001
3, 32003
1, 32017
2, 32020
1, 32030
2, 32046
1, 32059
3, 32069
3, 32081
1, 32092
2, 32093
2, 32119
3, 32121
1, 32122
2, 32143
3, 32151
1, 32153
2, 32169
3, 32188
1, 32195
2, 32196
1, 32218
2, 32221
1, 32235
3, 32244
2, 32252
2, 32269
3, 32273
1, 32288
3, 32296
2, 32298
1, 32322
2, 32330
1, 32342
3, 32352
2, 32355
1, 32371
2, 32374
3, 32382
1, 32404
2, 32410
3, 32418
1, 32424
3, 32451
1, 32459
3, 32461
2, 32477
1, 32478
3, 32497
2, 32504
1, 32511
1, 32522
1, 32534
3, 32555
2, 32558
1, 32556
1, 32575
3, 32587
2, 32594
1, 32601
3, 32623
2, 32624
1, 32641
3, 32645
1, 32662
2, 32676
1, 32686
3, 32696
2, 32701
1, 32706
1, 32727
2, 32728
3, 32743
2, 32758
3, 32767
1, 32778
3, 32783
1, 32794
3, 32814
2, 32816
1, 32824
2, 32847
1, 32849
3, 32851
1, 32870
2, 32877
3, 32880
3, 32901
3, 32915
1, 32921
2, 32923
1, 32945
3, 32951
2, 32956
3, 32971
2, 32984
1, 32994
3, 33006
1, 33013
2, 33020
2, 33036
3, 33043
1, 33045
3, 33061
1, 33074
3, 33087
3, 33098
2, 33112
2, 33127
2, 33137
3, 33116
2, 33147
2, 33157
1, 33117
2, 33173
3, 33180
3, 33196
2, 33202
1, 33221
2, 33224
3, 33232
3, 33245
1, 33258
2, 33277
1, 33279
3, 33280
1, 33305
2, 33312
3, 33314
2, 33329
1, 33337
3, 33352
1, 33360
2, 33366
3, 33379
2, 33395
1, 33400
2, 33415
3, 33419
1, 33432
2, 33445
3, 33460
2, 33464
3, 33476
1, 33478
2, 33493
1, 33499
1, 33521
3, 33521
2, 33537
1, 33542
2, 33561
3, 33564
3, 33581
1, 33593
2, 33595
1, 33610
2, 33622
1, 33630
1, 33646
2, 33654
3, 33657
1, 33665
3, 33681
1, 33691
2, 33702
3, 33715
1, 33718
1, 33738
2, 33750
1, 33757
1, 33772
3, 33773
1, 33793
3, 33797
2, 33811
1, 33814
1, 33831
2, 33842
1, 33849
3, 33868
2, 33868
1, 33884
1, 33901
3, 33901
2, 33916
1, 33918
3, 33946
1, 33947
2, 33946
1, 33970
3, 33976
2, 33979
1, 33994
2, 34011
1, 34015
3, 34037
2, 34038
1, 34051
2, 34069
1, 34071
3, 34088
1, 34089
2, 34107
1, 34108
2, 34121
3, 34141
1, 34142
2, 34154
3, 34167
2, 34176
1, 34177
1, 34195
3, 34207
2, 34211
1, 34220
2, 34240
1, 34245
3, 34257
2, 34270
1, 34278
1, 34301
2, 34287
1, 34312
3, 34290
2, 34333
1, 34345
2, 34352
3, 34355
2, 34375
3, 34384
1, 34374
1, 34410
2, 34417
3, 34420
1, 34443
2, 34445
3, 34457
3, 34468
1, 34477
2, 34479
1, 34491
3, 34506
1, 34520
3, 34528
2, 34542
1, 34543
3, 34565
1, 34565
2, 34588
3, 34590
1, 34597
2, 34608
3, 34626
2, 34633
1, 34632
2, 34649
1, 34659
2, 34677
1, 34678
3, 34697
1, 34702
1, 34718
1, 34734
2, 34733
1, 34748
3, 34760
2, 34760
1, 34780
3, 34775
2, 34803
1, 34803
3, 34823
2, 34825
1, 34842
2, 34852
3, 34853
2, 34867
1, 34874
3, 34883
2, 34900
1, 34905
1, 34918
3, 34930
1, 34947
2, 34948
2, 34967
3, 34972
1, 34985
3, 34988
1, 35010
2, 35011
3, 35024
3, 35038
3, 35050
1, 35056
2, 35059
3, 35080
1, 35091
3, 35097
2, 35111
1, 35113
3, 35137
1, 35140
2, 35149
1, 35162
3, 35173
2, 35183
2, 35201
3, 35209
2, 35214
1, 35213
1, 35235
2, 35236
1, 35260
2, 35264
1, 35277
3, 35281
1, 35290
2, 35310
3, 35317
2, 35324
1, 35330
3, 35358
1, 35358
2, 35369
1, 35378
3, 35388
1, 35401
1, 35414
2, 35421
1, 35428
1, 35443
3, 35454
2, 35460
2, 35486
1, 35468
3, 35476
2, 35507
1, 35505
3, 35527
3, 35538
2, 35520
3, 35553
1, 35562
1, 35586
3, 35588
2, 35589
3, 35609
1, 35611
2, 35626
1, 35643
1, 35655
3, 35662
2, 35669
1, 35674
1, 35699
2, 35702
1, 35718
1, 35729
3, 35739
2, 35741
1, 35756
3, 35763
3, 35773
1, 35789
2, 35796
3, 35802
1, 35819
2, 35821
3, 35839
3, 35849
1, 35864
2, 35865
3, 35887
3, 35897
3, 35907
3, 35917
3, 35927
3, 35937
3, 35947
3, 35957
3, 35967
3, 35977
3, 35987
3, 35997
3, 36007
3, 36017
3, 36027
3, 36037
3, 36047
3, 36057
3, 36067
3, 36077
3, 36087
3, 36097
3, 36107
3, 36117
3, 36127
3, 36137
3, 36147
3, 36157
3, 36167
3, 36177
3, 36187
3, 36197
3, 36207
3, 36217
3, 36227
3, 36237
3, 36247
3, 36257
3, 36267
3, 36277
3, 36287
3, 36297
3, 36307
3, 36317
1, 35885
2, 36322
3, 36342
1, 36357
3, 36366
1, 36375
2, 36379
3, 36385
1, 36400
2, 36415
1, 36419
2, 36435
3, 36435
3, 36462
1, 36472
3, 36472
2, 36489
2, 36502
1, 36510
3, 36518
3, 36528
2, 36539
1, 36549
3, 36549
1, 36576
3, 36577
2, 36586
1, 36605
2, 36610
3, 36610
1, 36627
1, 36652
1, 36663
2, 36631
3, 36641
2, 36676
1, 36703
3, 36705
2, 36712
1, 36715
2, 36734
1, 36740
1, 36762
3, 36767
2, 36768
3, 36785
2, 36789
2, 36800
3, 36826
1, 36826
2, 36831
1, 36854
2, 36854
1, 36867
2, 36875
3, 36885
3, 36901
1, 36909
1, 36920
2, 36933
3, 36938
1, 36954
2, 36961
1, 36979
2, 36981
3, 36993
1, 37000
1, 37012
1, 37025
1, 37036
1, 37047
1, 37058
1, 37069
1, 37080
1, 37091
1, 37102
1, 37113
2, 37119
3, 37139
2, 37141
3, 37157
1, 37160
3, 37176
2, 37184
1, 37200
3, 37203
2, 37207
3, 37225
1, 37230
1, 37251
2, 37255
3, 37268
2, 37279
1, 37283
1, 37294
1, 37305
2, 37315
2, 37325
2, 37340
1, 37349
3, 37364
1, 37367
2, 37383
1, 37385
3, 37402
1, 37411
2, 37423
3, 37433
1, 37439
3, 37454
1, 37469
2, 37471
1, 37489
1, 37500
1, 37511
3, 37516
3, 37528
2, 37533
2, 37545
1, 37569
3, 37571
1, 37582
2, 37587
3, 37595
1, 37617
2, 37626
3, 37629
1, 37647
2, 37655
3, 37662
1, 37677
3, 37685
1, 37691
1, 37703
1, 37724
2, 37725
1, 37738
2, 37758
1, 37764
2, 37774
3, 37788
2, 37789
1, 37801
3, 37809
1, 37824
1, 37844
2, 37825
1, 37855
3, 37833
2, 37867
2, 37887
1, 37891
3, 37898
1, 37914
1, 37932
3, 37941
2, 37945
1, 37953
1, 37970
3, 37980
3, 37994
2, 37998
1, 38003
1, 38027
3, 38029
3, 38043
2, 38057
1, 38062
3, 38075
1, 38079
2, 38091
1, 38100
2, 38111
2, 38129
1, 38133
3, 38136
2, 38156
1, 38166
1, 38185
3, 38189
2, 38199
3, 38212
1, 38216
3, 38233
2, 38241
1, 38242
2, 38268
1, 38274
1, 38285
1, 38296
3, 38298
2, 38304
2, 38323
1, 38341
1, 38352
1, 38363
3, 38364
3, 38374
2, 38378
2, 38400
1, 38405
3, 38410
3, 38435
1, 38437
2, 38441
1, 38450
2, 38470
3, 38474
3, 38487
2, 38498
1, 38510
3, 38510
1, 38530
2, 38536
3, 38548
1, 38552
1, 38577
2, 38585
1, 38594
3, 38586
1, 38613
1, 38625
2, 38633
1, 38640
1, 38659
2, 38672
3, 38672
2, 38690
1, 38692
1, 38709
1, 38729
1, 38740
1, 38751
3, 38752
2, 38753
3, 38773
1, 38779
1, 38793
2, 38799
1, 38807
1, 38832
3, 38832
1, 38843
2, 38854
2, 38870
3, 38877
1, 38887
2, 38894
2, 38905
1, 38928
2, 38928
3, 38936
1, 38951
3, 38959
2, 38962
1, 38983
1, 39000
2, 38996
2, 39024
3, 39009
1, 39014
3, 39044
2, 39034
3, 39062
1, 39071
1, 39089
3, 39096
2, 39099
3, 39111
1, 39123
3, 39144
2, 39147
1, 39160
3, 39164
2, 39179
1, 39184
1, 39203
2, 39217
1, 39220
2, 39238
3, 39238
1, 39247
3, 39263
1, 39268
1, 39285
2, 39295
3, 39299
3, 39317
1, 39326
3, 39337
1, 39346
2, 39335
1, 39367
1, 39379
3, 39358
1, 39399
2, 39411
1, 39419
2, 39438
3, 39437
2, 39453
1, 39461
2, 39469
1, 39483
2, 39495
1, 39499
1, 39515
3, 39522
2, 39526
1, 39544
3, 39561
1, 39563
2, 39577
1, 39587
3, 39580
1, 39605
3, 39620
2, 39621
2, 39633
1, 39650
3, 39661
1, 39669
2, 39671
1, 39681
2, 39698
2, 39719
1, 39719
1, 39734
1, 39749
2, 39753
3, 39769
1, 39781
3, 39789
2, 39790
2, 39809
1, 39816
2, 39827
3, 39839
1, 39845
2, 39852
1, 39874
3, 39878
2, 39890
3, 39898
1, 39903
1, 39914
1, 39925
2, 39934
2, 39944
3, 39962
1, 39968
2, 39985
1, 39985
1, 40010
3, 40009
2, 40028
1, 40028
2, 40045
3, 40047
3, 40064
2, 40068
3, 40087
1, 40092
1, 40103
1, 40114
3, 40128
2, 40131
1, 40149
3, 40149
3, 40172
1, 40177
1, 40188
1, 40212
2, 40192
2, 40233
3, 40201
3, 40253
1, 40223
3, 40263
2, 40243
1, 40286
3, 40294
2, 40295
1, 40317
3, 40326
2, 40327
1, 40344
2, 40358
3, 40366
1, 40375
1, 40386
3, 40404
2, 40418
1, 40418
3, 40429
1, 40433
3, 40458
2, 40460
1, 40467
1, 40487
2, 40489
3, 40507
1, 40508
2, 40525
1, 40534
3, 40526
1, 40553
2, 40555
3, 40580
1, 40588
2, 40596
2, 40616
3, 40597
1, 40621
1, 40642
2, 40654
1, 40658
1, 40675
1, 40686
3, 40691
1, 40697
3, 40717
2, 40719
2, 40731
1, 40741
1, 40753
3, 40763
2, 40770
2, 40790
2, 40802
3, 40807
1, 40809
2, 40822
1, 40827
3, 40846
2, 40858
1, 40862
1, 40881
3, 40885
2, 40899
1, 40899
3, 40916
2, 40929
3, 40936
1, 40950
3, 40958
2, 40964
1, 40976
1, 40988
3, 41006
2, 41007
2, 41018
1, 41024
1, 41052
3, 41054
2, 41056
3, 41078
1, 41078
1, 41103
3, 41107
2, 41116
1, 41131
2, 41141
3, 41142
1, 41156
3, 41163
2, 41173
2, 41187
2, 41201
1, 41208
3, 41210
1, 41223
2, 41242
3, 41253
1, 41242
1, 41271
2, 41274
1, 41289
2, 41302
3, 41311
1, 41315
3, 41333
2, 41336
1, 41352
2, 41361
1, 41378
1, 41397
3, 41384
1, 41408
2, 41386
2, 41433
3, 41434
3, 41445
1, 41449
1, 41469
2, 41472
3, 41487
2, 41498
3, 41514
1, 41515
2, 41533
3, 41544
1, 41534
1, 41559
3, 41580
1, 41582
2, 41591
3, 41603
2, 41617
1, 41620
2, 41642
1, 41643
3, 41654
2, 41658
1, 41667
1, 41683
1, 41694
2, 41705
1, 41719
2, 41728
2, 41741
1, 41750
2, 41764
3, 41768
2, 41779
3, 41795
1, 41800
1, 41811
1, 41822
3, 41831
2, 41843
3, 41849
1, 41864
3, 41874
1, 41885
1, 41896
2, 41905
1, 41926
3, 41933
2, 41933
1, 41944
2, 41960
3, 41966
3, 41984
2, 41987
1, 41999
2, 42009
1, 42028
3, 42030
1, 42040
1, 42059
3, 42066
2, 42071
1, 42082
2, 42086
1, 42096
1, 42113
3, 42123
3, 42139
2, 42141
2, 42151
1, 42160
1, 42187
3, 42187
2, 42193
1, 42199
2, 42228
1, 42229
3, 42244
1, 42250
2, 42256
1, 42270
1, 42289
3, 42294
2, 42294
1, 42312
3, 42333
1, 42333
2, 42341
2, 42356
2, 42367
1, 42372
3, 42387
3, 42401
1, 42410
2, 42417
1, 42425
3, 42438
2, 42450
1, 42453
2, 42477
1, 42479
3, 42480
1, 42503
3, 42505
2, 42519
1, 42523
2, 42536
3, 42552
1, 42559
1, 42584
2, 42565
2, 42605
2, 42615
3, 42573
1, 42595
3, 42635
1, 42639
2, 42651
2, 42675
2, 42685
3, 42687
1, 42699
3, 42710
2, 42710
3, 42730
1, 42744
1, 42755
1, 42766
2, 42768
3, 42776
3, 42786
2, 42799
1, 42811
3, 42819
2, 42821
2, 42841
3, 42848
1, 42854
2, 42874
1, 42879
3, 42887
2, 42903
1, 42917
2, 42920
3, 42934
2, 42941
1, 42954
1, 42965
3, 42985
1, 42987
2, 42986
2, 43013
3, 43016
1, 43025
2, 43029
3, 43054
1, 43056
3, 43070
1, 43088
3, 43089
2, 43092
1, 43116
3, 43121
1, 43133
2, 43150
1, 43151
1, 43165
2, 43173
2, 43184
3, 43184
2, 43195
2, 43208
1, 43234
2, 43234
3, 43245
2, 43259
1, 43261
3, 43286
2, 43286
1, 43288
1, 43306
2, 43321
3, 43327
2, 43336
1, 43348
2, 43356
3, 43361
2, 43381
1, 43390
3, 43390
1, 43417
3, 43420
1, 43431
2, 43441
3, 43448
3, 43464
1, 43470
2, 43477
1, 43485
3, 43503
2, 43512
3, 43527
2, 43531
2, 43547
3, 43553
2, 43564
3, 43578
2, 43580
3, 43598
2, 43602
3, 43614
2, 43625
3, 43637
2, 43643
3, 43658
2, 43661
3, 43673
1, 43681
1, 43700
2, 43707
3, 43709
2, 43721
1, 43733
1, 43758
2, 43741
1, 43769
3, 43747
2, 43783
1, 43794
1, 43805
3, 43821
1, 43823
2, 43834
2, 43844
2, 43860
3, 43868
2, 43880
1, 43883
3, 43899
1, 43913
3, 43920
2, 43936
1, 43940
3, 43955
1, 43969
2, 43969
1, 43984
2, 43997
3, 44006
1, 44017
1, 44028
2, 44045
2, 44055
3, 44059
1, 44063
3, 44077
1, 44090
2, 44091
3, 44112
2, 44119
1, 44135
3, 44137
1, 44149
2, 44166
2, 44178
1, 44180
1, 44191
1, 44202
3, 44206
1, 44227
2, 44234
1, 44244
3, 44257
1, 44269
1, 44280
3, 44297
2, 44301
1, 44303
3, 44319
2, 44328
1, 44344
3, 44344
3, 44356
2, 44365
1, 44382
2, 44397
3, 44399
1, 44412
2, 44423
2, 44435
3, 44446
2, 44456
1, 44458
2, 44474
3, 44483
1, 44486
3, 44507
1, 44520
2, 44527
1, 44534
2, 44550
1, 44567
3, 44568
2, 44571
2, 44581
2, 44604
1, 44605
1, 44620
3, 44633
1, 44637
1, 44651
2, 44659
1, 44676
3, 44679
1, 44700
2, 44701
3, 44708
1, 44732
1, 44744
3, 44744
2, 44757
3, 44762
2, 44777
1, 44779
2, 44799
1, 44809
1, 44820
1, 44831
3, 44837
3, 44849
2, 44852
2, 44863
1, 44883
1, 44897
2, 44900
3, 44903
3, 44934
2, 44917
3, 44944
1, 44924
2, 44963
1, 44975
1, 44986
3, 44998
1, 45006
2, 45020
3, 45021
1, 45041
1, 45052
3, 45058
2, 45063
1, 45078
3, 45096
2, 45099
1, 45103
3, 45125
1, 45129
3, 45143
2, 45147
1, 45153
1, 45180
2, 45186
1, 45194
2, 45206
3, 45208
3, 45222
2, 45237
1, 45241
3, 45262
2, 45266
2, 45279
1, 45280
2, 45299
3, 45307
1, 45314
2, 45322
3, 45333
1, 45350
3, 45358
2, 45361
1, 45381
3, 45392
2, 45395
3, 45411
1, 45420
1, 45431
1, 45443
3, 45453
2, 45457
2, 45481
1, 45483
2, 45493
3, 45497
3, 45523
1, 45525
2, 45537
3, 45541
1, 45549
1, 45560
2, 45577
1, 45582
1, 45596
3, 45605
1, 45622
2, 45624
1, 45648
3, 45648
2, 45659
3, 45674
1, 45679
2, 45690
1, 45697
1, 45718
2, 45726
3, 45727
3, 45746
2, 45750
3, 45762
1, 45767
2, 45782
1, 45796
3, 45796
1, 45816
2, 45831
1, 45831
1, 45848
3, 45862
1, 45865
1, 45879
1, 45895
2, 45898
3, 45902
3, 45928
1, 45930
2, 45940
2, 45950
2, 45964
3, 45974
1, 45981
2, 45993
2, 46003
1, 46008
3, 46024
3, 46034
2, 46044
1, 46049
3, 46068
2, 46076
1, 46079
2, 46101
2, 46118
1, 46104
2, 46128
2, 46145
1, 46150
3, 46108
3, 46169
2, 46179
1, 46182
1, 46193
1, 46204
3, 46213
2, 46230
2, 46248
1, 46252
3, 46260
1, 46270
2, 46293
1, 46294
3, 46312
1, 46312
3, 46327
2, 46339
2, 46349
2, 46361
3, 46364
2, 46375
1, 46381
1, 46397
3, 46413
2, 46416
1, 46435
1, 46446
1, 46457
2, 46460
2, 46470
3, 46477
1, 46487
2, 46503
1, 46514
2, 46525
3, 46527
2, 46552
3, 46553
1, 46558
1, 46569
1, 46580
3, 46600
1, 46602
2, 46614
1, 46634
3, 46638
2, 46647
1, 46662
3, 46666
2, 46673
1, 46690
3, 46697
2, 46714
1, 46715
1, 46735
3, 46745
2, 46757
3, 46757
1, 46775
2, 46776
2, 46800
1, 46801
3, 46811
3, 46822
3, 46841
1, 46844
1, 46855
1, 46866
3, 46876
2, 46884
3, 46899
2, 46910
1, 46911
2, 46926
3, 46935
1, 46944
2, 46959
1, 46968
3, 46979
1, 46987
2, 47007
3, 47011
3, 47022
2, 47031
1, 47036
1, 47052
3, 47057
1, 47082
2, 47082
1, 47095
3, 47099
2, 47115
3, 47128
1, 47130
2, 47147
3, 47156
1, 47161
3, 47186
1, 47188
2, 47186
3, 47198
3, 47219
1, 47228
1, 47239
2, 47244
1, 47253
3, 47274
3, 47285
3, 47302
2, 47287
3, 47312
1, 47292
3, 47325
3, 47340
2, 47357
1, 47360
3, 47372
3, 47383
2, 47384
2, 47402
1, 47418
3, 47427
2, 47427
3, 47445
2, 47456
2, 47466
1, 47469
3, 47491
2, 47498
1, 47499
1, 47517
2, 47522
1, 47535
3, 47540
2, 47557
1, 47564
3, 47572
3, 47587
1, 47605
2, 47606
1, 47618
3, 47629
1, 47649
2, 47651
3, 47671
1, 47675
2, 47675
1, 47688
3, 47697
3, 47708
2, 47717
2, 47732
1, 47743
1, 47764
3, 47765
2, 47773
3, 47788
1, 47797
2, 47798
1, 47813
1, 47833
2, 47837
3, 47853
1, 47859
1, 47870
3, 47888
3, 47898
1, 47909
3, 47911
1, 47926
1, 47938
2, 47947
1, 47950
2, 47968
3, 47974
2, 47982
3, 47997
2, 48006
1, 48021
2, 48026
3, 48034
1, 48039
2, 48062
3, 48064
3, 48077
1, 48089
2, 48091
3, 48116
1, 48116
2, 48122
3, 48134
1, 48150
3, 48170
2, 48170
1, 48177
3, 48184
2, 48200
1, 48206
1, 48217
3, 48232
2, 48239
1, 48246
3, 48272
1, 48272
2, 48287
3, 48295
3, 48308
1, 48311
1, 48327
2, 48334
2, 48345
3, 48360
3, 48372
2, 48375
2, 48387
1, 48397
1, 48414
3, 48417
2, 48427
3, 48440
1, 48456
3, 48459
3, 48481
1, 48470
3, 48491
2, 48471
1, 48505
3, 48524
2, 48529
3, 48537
3, 48556
1, 48557
3, 48577
2, 48584
1, 48592
1, 48603
1, 48615
3, 48621
1, 48633
2, 48645
3, 48658
3, 48671
1, 48675
3, 48692
2, 48693
2, 48704
2, 48724
1, 48727
3, 48745
2, 48751
1, 48754
3, 48774
1, 48775
2, 48789
1, 48802
3, 48804
2, 48823
1, 48824
2, 48844
1, 48853
3, 48858
1, 48870
2, 48880
1, 48903
2, 48906
3, 48908
2, 48920
3, 48940
1, 48938
2, 48957
3, 48962
3, 48980
2, 48989
1, 48991
3, 49015
1, 49018
3, 49030
2, 49029
3, 49047
2, 49056
1, 49060
1, 49080
2, 49083
3, 49103
1, 49116
3, 49117
2, 49127
1, 49139
2, 49160
1, 49163
3, 49167
2, 49176
2, 49187
1, 49202
3, 49213
3, 49231
2, 49238
1, 49242
3, 49246
1, 49262
3, 49272
2, 49280
2, 49294
1, 49303
2, 49310
2, 49329
1, 49333
3, 49349
3, 49364
1, 49366
2, 49381
3, 49383
1, 49391
1, 49409
2, 49423
3, 49424
1, 49439
3, 49446
2, 49457
1, 49465
3, 49491
1, 49493
3, 49514
1, 49515
2, 49516
3, 49530
1, 49540
2, 49555
3, 49559
2, 49575
1, 49579
3, 49596
1, 49604
1, 49625
1, 49640
1, 49652
2, 49636
1, 49663
1, 49679
3, 49641
3, 49694
2, 49695
3, 49717
1, 49721
2, 49729
1, 49742
2, 49764
3, 49767
1, 49764
3, 49795
3, 49806
1, 49805
2, 49818
1, 49829
3, 49821
3, 49854
1, 49857
2, 49873
1, 49879
1, 49900
3, 49902
2, 49911
3, 49918
1, 49924
1, 49935
1, 49954
2, 49962
3, 49967
2, 49990
1, 49997
2, 50000
1, 50017
2, 50024
3, 50032
1, 50040
1, 50057
3, 50078
2, 50078
1, 50088
3, 50103
1, 50108
2, 50116
2, 50129
2, 50145
2, 50156
3, 50158
1, 50173
2, 50179
2, 50196
3, 50196
1, 50208
2, 50217
1, 50230
2, 50250
3, 50252
1, 50259
2, 50270
1, 50279
2, 50300
1, 50300
2, 50319
3, 50328
2, 50338
1, 50344
1, 50355
1, 50372
1, 50388
2, 50386
1, 50399
1, 50413
3, 50428
2, 50430
1, 50445
3, 50457
1, 50463
2, 50466
2, 50477
1, 50496
2, 50503
3, 50511
1, 50532
2, 50534
1, 50554
3, 50554
1, 50565
2, 50584
1, 50589
3, 50598
1, 50607
2, 50612
3, 50634
2, 50636
1, 50643
1, 50666
2, 50676
3, 50678
1, 50688
2, 50703
1, 50714
3, 50722
1, 50740
2, 50741
1, 50758
1, 50772
2, 50773
3, 50786
2, 50789
1, 50804
1, 50818
1, 50841
1, 50852
2, 50827
1, 50863
3, 50830
3, 50888
1, 50891
3, 50906
3, 50916
3, 50926
2, 50930
3, 50947
2, 50948
2, 50965
2, 50975
2, 50985
2, 50995
3, 51001
2, 51011
3, 51027
2, 51028
3, 51048
2, 51048
3, 51067
2, 51068
2, 51086
3, 51090
2, 51104
3, 51114
2, 51122
3, 51135
2, 51138
2, 51159
1, 51163
3, 51166
1, 51190
2, 51191
3, 51207
3, 51217
1, 51232
1, 51243
1, 51254
2, 51262
1, 51273
3, 51278
2, 51282
3, 51303
2, 51317
1, 51320
1, 51331
1, 51342
3, 51344
3, 51354
2, 51371
1, 51385
3, 51373
1, 51403
2, 51407
2, 51418
3, 51436
2, 51437
1, 51458
3, 51475
1, 51476
2, 51478
1, 51488
2, 51510
1, 51511
2, 51535
1, 51544
2, 51545
2, 51570
3, 51571
1, 51572
1, 51591
3, 51607
1, 51613
2, 51617
1, 51637
2, 51641
1, 51663
2, 51664
3, 51674
2, 51685
1, 51697
3, 51710
2, 51711
1, 51727
3, 51728
2, 51744
1, 51752
3, 51767
1, 51779
2, 51786
3, 51802
1, 51804
3, 51824
2, 51832
1, 51837
1, 51848
1, 51859
2, 51869
3, 51877
2, 51894
1, 51898
2, 51918
1, 51922
3, 51934
1, 51940
2, 51955
3, 51965
3, 51978
1, 51984
3, 51999
3, 52018
2, 52004
3, 52028
3, 52040
1, 52008
1, 52059
2, 52061
2, 52074
2, 52084
1, 52104
3, 52112
1, 52121
2, 52129
1, 52136
1, 52153
3, 52157
3, 52178
1, 52182
3, 52196
1, 52207
2, 52215
3, 52219
3, 52240
2, 52249
1, 52252
3, 52263
2, 52270
2, 52282
2, 52305
1, 52306
3, 52320
2, 52321
1, 52330
2, 52354
1, 52355
2, 52378
3, 52378
1, 52393
3, 52399
2, 52405
1, 52425
1, 52436
1, 52447
2, 52450
1, 52463
3, 52467
1, 52477
2, 52496
1, 52499
1, 52520
2, 52523
1, 52532
3, 52546
3, 52556
1, 52573
2, 52581
3, 52582
3, 52602
2, 52606
1, 52610
2, 52636
1, 52637
3, 52659
1, 52660
2, 52667
1, 52683
1, 52694
3, 52707
3, 52717
2, 52726
1, 52731
1, 52742
3, 52754
1, 52758
1, 52780
3, 52791
1, 52793
2, 52811
1, 52815
2, 52833
1, 52837
1, 52857
3, 52861
2, 52872
3, 52884
1, 52888
3, 52909
2, 52914
1, 52916
2, 52932
1, 52938
2, 52956
2, 52971
1, 52977
3, 52988
2, 52989
1, 53010
3, 53010
2, 53030
1, 53032
3, 53044
2, 53057
1, 53063
3, 53074
2, 53086
3, 53095
1, 53108
1, 53119
1, 53137
3, 53142
2, 53143
3, 53166
2, 53171
1, 53180
1, 53204
3, 53184
3, 53225
2, 53193
3, 53235
1, 53215
1, 53260
2, 53261
1, 53281
1, 53292
1, 53303
2, 53307
2, 53317
3, 53327
3, 53343
1, 53346
1, 53358
2, 53368
1, 53382
2, 53385
3, 53401
2, 53408
1, 53418
1, 53436
1, 53447
2, 53462
3, 53466
1, 53464
2, 53484
3, 53497
2, 53505
1, 53509
2, 53532
3, 53535
1, 53545
2, 53557
3, 53566
1, 53570
2, 53593
1, 53595
1, 53616
1, 53627
3, 53630
2, 53644
3, 53645
1, 53657
3, 53671
2, 53678
2, 53688
1, 53700
3, 53713
2, 53718
1, 53734
3, 53750
2, 53753
1, 53767
3, 53774
2, 53786
1, 53792
1, 53803
3, 53817
2, 53826
1, 53836
2, 53856
1, 53857
3, 53874
2, 53882
1, 53889
1, 53906
2, 53916
1, 53923
3, 53930
2, 53935
1, 53948
1, 53966
3, 53972
1, 53980
2, 53997
1, 53999
3, 54017
1, 54033
1, 54044
1, 54055
3, 54056
3, 54066
2, 54075
2, 54094
3, 54096
2, 54115
1, 54115
2, 54133
3, 54138
3, 54148
1, 54156
2, 54172
3, 54180
1, 54191
1, 54202
2, 54215
1, 54221
3, 54232
2, 54236
2, 54247
1, 54262
2, 54281
3, 54284
1, 54294
2, 54307
3, 54317
1, 54320
3, 54346
2, 54350
1, 54359
2, 54360
2, 54390
1, 54371
2, 54400
3, 54380
2, 54417
1, 54430
1, 54441
1, 54452
3, 54457
3, 54467
2, 54490
1, 54494
1, 54505
3, 54490
2, 54516
1, 54536
3, 54549
2, 54554
2, 54567
2, 54577
1, 54590
3, 54599
2, 54601
1, 54618
3, 54621
3, 54633
1, 54654
2, 54655
3, 54678
1, 54678
2, 54697
1, 54697
3, 54705
1, 54724
2, 54727
3, 54744
2, 54758
3, 54761
1, 54777
3, 54777
2, 54796
3, 54803
1, 54817
2, 54823
3, 54825
1, 54840
2, 54860
1, 54861
1, 54878
1, 54889
2, 54900
2, 54913
3, 54917
1, 54920
3, 54939
2, 54955
1, 54957
1, 54974
2, 54981
3, 54994
1, 55003
2, 55003
1, 55016
3, 55035
2, 55041
1, 55050
1, 55069
2, 55075
1, 55084
3, 55090
1, 55114
2, 55114
1, 55133
3, 55133
2, 55155
1, 55155
3, 55171
2, 55180
2, 55190
1, 55192
1, 55213
2, 55219
3, 55223
2, 55237
1, 55253
2, 55268
1, 55270
2, 55286
3, 55291
3, 55306
2, 55314
3, 55326
1, 55328
2, 55353
3, 55355
3, 55366
1, 55367
1, 55387
3, 55395
1, 55411
2, 55419
3, 55419
2, 55437
3, 55454
1, 55454
1, 55475
3, 55482
2, 55489
3, 55498
1, 55502
1, 55524
2, 55526
3, 55544
3, 55562
2, 55550
3, 55572
1, 55552
1, 55590
1, 55602
2, 55612
1, 55628
3, 55633
2, 55644
1, 55646
1, 55658
3, 55674
1, 55682
1, 55701
3, 55713
1, 55716
2, 55735
3, 55742
1, 55742
1, 55757
2, 55770
3, 55781
1, 55783
1, 55808
2, 55808
2, 55831
1, 55835
2, 55850
3, 55854
1, 55861
1, 55872
1, 55889
2, 55893
1, 55904
2, 55927
1, 55935
2, 55937
3, 55956
1, 55959
1, 55970
2, 55973
1, 55985
3, 55998
2, 56010
1, 56019
1, 56039
3, 56040
3, 56053
1, 56063
2, 56074
3, 56085
3, 56099
2, 56106
1, 56108
1, 56127
2, 56135
2, 56147
1, 56160
2, 56169
3, 56172
1, 56189
2, 56199
2, 56212
1, 56220
3, 56225
1, 56247
1, 56258
2, 56267
1, 56282
2, 56283
3, 56296
2, 56302
1, 56313
1, 56329
2, 56331
1, 56353
2, 56354
3, 56370
1, 56376
3, 56385
2, 56391
1, 56399
1, 56422
2, 56425
1, 56439
2, 56449
3, 56458
2, 56476
1, 56476
2, 56498
3, 56504
1, 56509
2, 56515
1, 56531
2, 56541
1, 56556
1, 56567
1, 56578
2, 56582
3, 56607
1, 56605
2, 56619
1, 56624
2, 56640
2, 56652
3, 56654
1, 56666
2, 56670
1, 56690
3, 56692
1, 56711
1, 56722
3, 56735
3, 56754
2, 56738
3, 56764
1, 56744
2, 56784
3, 56802
2, 56803
1, 56806
3, 56819
1, 56828
2, 56841
3, 56846
1, 56872
2, 56875
3, 56887
1, 56898
2, 56899
1, 56919
1, 56930
1, 56941
3, 56947
1, 56957
1, 56981
2, 56982
3, 56984
2, 56997
1, 57015
3, 57023
2, 57037
1, 57039
3, 57053
1, 57066
3, 57074
2, 57091
3, 57093
1, 57104
2, 57115
1, 57130
1, 57141
1, 57153
2, 57158
3, 57162
3, 57175
1, 57188
3, 57192
1, 57209
2, 57216
3, 57228
1, 57240
3, 57247
1, 57261
2, 57270
1, 57285
3, 57294
2, 57302
1, 57318
3, 57321
1, 57335
3, 57354
1, 57354
1, 57366
1, 57379
2, 57383
1, 57391
2, 57407
1, 57418
3, 57433
2, 57434
1, 57452
3, 57460
2, 57463
2, 57474
1, 57498
2, 57505
1, 57511
3, 57524
2, 57536
2, 57547
1, 57550
1, 57569
3, 57577
2, 57578
2, 57593
1, 57601
1, 57621
3, 57624
2, 57631
1, 57644
1, 57664
3, 57669
2, 57685
3, 57696
1, 57701
3, 57710
2, 57723
1, 57725
1, 57746
3, 57757
2, 57763
1, 57765
2, 57782
3, 57797
2, 57807
1, 57807
1, 57830
3, 57840
1, 57846
2, 57854
2, 57866
2, 57876
2, 57890
1, 57900
3, 57901
1, 57922
1, 57941
2, 57923
2, 57962
3, 57930
1, 57952
1, 57993
1, 58004
2, 57972
1, 58015
1, 58029
3, 57982
2, 58043
1, 58063
3, 58066
1, 58078
2, 58083
3, 58092
3, 58109
1, 58111
3, 58125
1, 58137
1, 58148
2, 58156
1, 58172
3, 58181
1, 58190
2, 58194
1, 58206
1, 58220
3, 58228
3, 58239
3, 58255
1, 58266
2, 58269
1, 58282
3, 58300
2, 58308
1, 58303
3, 58328
2, 58329
1, 58350
1, 58362
2, 58364
1, 58381
3, 58390
1, 58402
2, 58394
1, 58431
2, 58434
1, 58449
3, 58449
1, 58467
3, 58473
2, 58486
3, 58495
1, 58502
2, 58507
3, 58525
2, 58544
3, 58544
2, 58560
3, 58571
2, 58576
3, 58594
2, 58594
2, 58614
3, 58614
2, 58632
3, 58636
2, 58648
3, 58661
2, 58667
2, 58685
1, 58693
2, 58696
3, 58704
2, 58717
1, 58718
3, 58745
2, 58749
1, 58747
3, 58772
2, 58776
1, 58791
2, 58793
1, 58810
1, 58829
2, 58833
3, 58833
3, 58848
2, 58862
1, 58864
1, 58890
2, 58893
3, 58902
1, 58910
3, 58922
1, 58937
2, 58937
3, 58954
3, 58966
3, 58985
1, 58987
2, 58987
1, 58999
3, 59018
1, 59030
2, 59037
3, 59047
3, 59062
1, 59067
2, 59070
1, 59085
1, 59102
1, 59123
2, 59106
1, 59134
3, 59112
2, 59155
1, 59158
1, 59169
1, 59181
3, 59199
2, 59205
1, 59211
1, 59227
1, 59244
2, 59250
3, 59251
2, 59274
1, 59277
2, 59297
3, 59293
1, 59304
1, 59326
2, 59327
2, 59353
3, 59352
1, 59355
1, 59372
2, 59382
1, 59392
3, 59409
2, 59414
1, 59420
1, 59444
2, 59444
1, 59459
2, 59472
3, 59472
3, 59485
1, 59503
2, 59519
3, 59519
3, 59533
1, 59535
3, 59550
2, 59558
1, 59562
1, 59588
3, 59593
2, 59598
1, 59615
2, 59633
1, 59636
3, 59632
3, 59658
2, 59667
1, 59674
2, 59689
3, 59689
1, 59703
1, 59721
2, 59730
2, 59742
2, 59752
2, 59762
3, 59767
1, 59779
2, 59780
1, 59800
3, 59791
2, 59825
1, 59828
3, 59835
3, 59850
1, 59861
3, 59872
1, 59883
2, 59884
3, 59904
2, 59914
1, 59894
1, 59934
3, 59948
2, 59956
1, 59953
3, 59972
1, 59989
1, 60001
1, 60012
1, 60023
2, 60027
1, 60041
3, 60030
2, 60057
1, 60068
2, 60083
1, 60085
3, 60097
2, 60108
1, 60114
2, 60132
1, 60143
2, 60160
1, 60165
3, 60178
1, 60185
1, 60206
3, 60214
2, 60219
3, 60227
1, 60232
2, 60245
3, 60261
1, 60261
1, 60273
1, 60302
2, 60281
2, 60323
2, 60333
3, 60291
2, 60343
2, 60355
1, 60313
1, 60378
3, 60390
2, 60391
1, 60410
2, 60417
3, 60417
2, 60444
1, 60446
3, 60445
2, 60465
1, 60472
1, 60488
2, 60492
1, 60506
1, 60517
1, 60528
2, 60541
3, 60556
2, 60560
1, 60562
2, 60581
3, 60588
3, 60599
1, 60607
2, 60619
1, 60637
2, 60645
3, 60647
2, 60662
1, 60671
3, 60692
3, 60702
1, 60705
1, 60716
2, 60718
1, 60732
1, 60743
1, 60754
2, 60770
2, 60783
2, 60793
1, 60800
2, 60812
2, 60822
3, 60832
3, 60846
2, 60852
3, 60862
1, 60863
3, 60883
1, 60896
2, 60896
1, 60908
2, 60932
3, 60934
1, 60936
1, 60957
2, 60970
1, 60977
3, 60979
1, 61001
2, 61006
3, 61009
2, 61020
3, 61032
1, 61053
2, 61057
3, 61070
2, 61075
1, 61085
1, 61106
3, 61111
1, 61124
2, 61136
1, 61144
3, 61137
3, 61164
3, 61175
1, 61182
2, 61185
1, 61203
2, 61210
3, 61224
3, 61234
1, 61248
3, 61261
1, 61263
2, 61272
3, 61285
3, 61302
2, 61305
1, 61320
3, 61330
2, 61334
1, 61345
2, 61362
3, 61365
3, 61375
1, 61382
1, 61404
3, 61407
2, 61427
1, 61432
3, 61433
1, 61448
2, 61465
2, 61484
2, 61494
2, 61504
3, 61474
2, 61514
1, 61473
3, 61533
2, 61543
1, 61556
2, 61572
2, 61582
3, 61589
2, 61596
1, 61597
3, 61615
2, 61625
3, 61638
1, 61641
1, 61652
1, 61663
2, 61670
1, 61692
3, 61702
1, 61709
2, 61716
2, 61735
3, 61738
1, 61761
2, 61761
1, 61774
1, 61791
3, 61798
1, 61805
2, 61809
1, 61817
3, 61844
1, 61844
2, 61850
1, 61864
3, 61875
1, 61892
2, 61892
1, 61907
3, 61922
1, 61925
2, 61943
3, 61951
1, 61953
1, 61974
2, 61978
1, 61987
2, 62004
3, 62017
1, 62019
3, 62040
2, 62048
2, 62059
1, 62059
2, 62077
1, 62090
3, 62098
1, 62110
2, 62110
3, 62126
1, 62131
1, 62143
1, 62166
3, 62169
2, 62178
1, 62186
2, 62205
2, 62217
1, 62220
1, 62239
2, 62242
3, 62244
2, 62265
1, 62272
3, 62287
1, 62290
3, 62306
1, 62315
2, 62324
3, 62334
2, 62348
1, 62358
3, 62362
2, 62372
1, 62380
1, 62402
2, 62410
3, 62414
1, 62433
2, 62433
1, 62448
2, 62470
3, 62472
1, 62475
3, 62494
1, 62498
2, 62509
1, 62531
2, 62538
3, 62547
1, 62554
3, 62566
2, 62570
1, 62583
3, 62600
1, 62604
2, 62610
1, 62628
3, 62637
1, 62650
3, 62661
2, 62651
2, 62685
3, 62690
1, 62702
2, 62707
3, 62718
3, 62735
1, 62738
3, 62756
2, 62759
1, 62770
3, 62790
2, 62790
1, 62800
3, 62815
2, 62826
2, 62838
1, 62843
2, 62858
3, 62863
3, 62878
1, 62883
2, 62892
3, 62913
2, 62917
1, 62920
2, 62933
3, 62945
1, 62950
3, 62966
3, 62988
2, 62989
1, 62990
2, 63014
1, 63015
1, 63027
1, 63042
3, 63044
1, 63066
3, 63069
2, 63073
1, 63092
1, 63111
2, 63122
1, 63125
3, 63129
1, 63146
1, 63157
2, 63168
1, 63172
3, 63192
1, 63198
2, 63205
2, 63223
1, 63224
1, 63249
3, 63249
1, 63264
2, 63273
1, 63277
3, 63293
2, 63299
2, 63309
1, 63321
1, 63338
2, 63345
3, 63356
1, 63368
3, 63372
3, 63390
2, 63394
1, 63399
1, 63415
1, 63426
1, 63437
2, 63445
1, 63459
3, 63473
1, 63487
3, 63493
2, 63493
1, 63517
2, 63524
3, 63525
2, 63547
1, 63550
3, 63557
1, 63576
3, 63594
1, 63596
2, 63603
3, 63610
1, 63627
1, 63646
2, 63650
1, 63661
3, 63668
1, 63682
3, 63693
3, 63705
2, 63706
2, 63727
3, 63733
1, 63736
2, 63748
3, 63759
1, 63770
1, 63789
2, 63796
1, 63803
3, 63809
2, 63819
2, 63829
2, 63856
1, 63838
2, 63866
3, 63846
1, 63893
3, 63894
2, 63910
1, 63916
3, 63921
1, 63947
3, 63948
2, 63960
1, 63970
3, 63978
3, 63988
2, 64001
3, 64007
1, 64024
3, 64024
2, 64047
1, 64048
3, 64065
1, 64070
1, 64088
2, 64095
1, 64102
3, 64113
1, 64130
2, 64134
3, 64137
2, 64151
3, 64163
2, 64179
1, 64187
2, 64194
1, 64215
2, 64218
3, 64224
3, 64240
1, 64249
3, 64261
2, 64266
1, 64271
1, 64291
2, 64302
3, 64304
1, 64317
1, 64328
2, 64343
1, 64350
2, 64362
1, 64380
2, 64384
3, 64392
1, 64407
2, 64412
1, 64421
3, 64428
2, 64438
1, 64464
3, 64464
1, 64475
2, 64489
3, 64496
1, 64515
2, 64515
2, 64527
2, 64547
3, 64548
2, 64562
1, 64564
1, 64585
3, 64594
2, 64594
1, 64611
3, 64626
2, 64637
1, 64641
3, 64655
1, 64664
2, 64669
3, 64691
1, 64693
1, 64709
1, 64720
1, 64735
3, 64739
2, 64724
2, 64765
3, 64770
2, 64784
2, 64794
1, 64784
2, 64809
1, 64818
3, 64824
2, 64843
1, 64845
3, 64856
1, 64871
2, 64881
3, 64887
2, 64902
1, 64906
2, 64929
3, 64930
1, 64936
2, 64954
1, 64970
1, 64981
3, 64990
1, 65003
2, 65007
2, 65017
2, 65039
1, 65027
2, 65049
3, 65029
1, 65061
1, 65079
1, 65090
2, 65102
2, 65112
3, 65123
1, 65127
2, 65141
1, 65148
2, 65160
3, 65168
1, 65182
1, 65197
1, 65211
3, 65219
2, 65221
3, 65233
1, 65246
2, 65255
1, 65262
1, 65278
2, 65288
3, 65298
1, 65302
2, 65316
3, 65325
2, 65342
1, 65343
2, 65364
1, 65374
2, 65378
1, 65401
3, 65402
1, 65413
2, 65424
1, 65436
3, 65448
2, 65460
1, 65460
3, 65477
2, 65492
1, 65492
1, 65515
3, 65519
2, 65521
2, 65534
1, 65549
1, 65567
2, 65572
3, 65573
1, 65583
1, 65607
3, 65609
1, 65628
3, 65637
2, 65646
1, 65652
2, 65660
3, 65671
1, 65683
2, 65690
1, 65710
2, 65711
3, 65727
2, 65740
3, 65746
1, 65750
2, 65772
3, 65775
1, 65784
2, 65807
1, 65811
3, 65808
3, 65830
2, 65835
2, 65856
1, 65860
1, 65876
2, 65880
3, 65894
1, 65903
2, 65904
3, 65917
2, 65934
1, 65936
3, 65953
2, 65965
1, 65965
3, 65980
2, 65986
2, 65996
1, 66014
2, 66028
3, 66033
1, 66043
3, 66065
1, 66065
2, 66075
1, 66081
3, 66097
3, 66107
2, 66121
1, 66127
3, 66137
2, 66152
1, 66160
2, 66173
3, 66173
1, 66190
1, 66213
1, 66224
2, 66196
1, 66235
3, 66202
3, 66257
2, 66263
3, 66277
1, 66277
1, 66306
2, 66306
3, 66317
1, 66329
3, 66341
2, 66341
3, 66359
1, 66365
2, 66382
3, 66391
1, 66382
2, 66403
2, 66415
2, 66425
2, 66447
3, 66452
1, 66454
3, 66474
2, 66478
1, 66495
2, 66502
3, 66512
2, 66521
2, 66531
1, 66542
2, 66549
1, 66563
3, 66566
3, 66584
1, 66598
3, 66608
2, 66618
1, 66623
1, 66634
1, 66646
2, 66663
3, 66663
1, 66671
2, 66683
1, 66700
2, 66707
1, 66726
2, 66728
3, 66744
1, 66751
2, 66754
3, 66767
3, 66784
1, 66789
3, 66800
1, 66815
2, 66815
1, 66830
2, 66841
3, 66853
1, 66857
1, 66874
1, 66889
2, 66898
3, 66904
1, 66924
1, 66935
3, 66942
1, 66951
1, 66962
2, 66942
3, 66982
1, 66993
2, 66998
1, 67019
2, 67027
3, 67027
2, 67052
1, 67056
3, 67060
1, 67080
2, 67082
3, 67086
1, 67107
3, 67120
1, 67135
3, 67140
2, 67142
1, 67161
3, 67172
2, 67181
1, 67181
2, 67199
1, 67218
3, 67220
1, 67231
2, 67236
3, 67251
1, 67264
2, 67268
1, 67281
3, 67302
2, 67304
1, 67307
1, 67318
3, 67343
2, 67346
1, 67359
2, 67369
3, 67374
3, 67398
1, 67378
2, 67388
1, 67411
1, 67430
3, 67443
1, 67454
2, 67454
1, 67474
3, 67475
2, 67495
1, 67498
3, 67513
2, 67526
1, 67529
1, 67551
3, 67552
1, 67567
2, 67568
1, 67586
3, 67601
3, 67615
2, 67617
1, 67621
1, 67644
2, 67650
3, 67650
1, 67665
2, 67672
2, 67688
1, 67701
3, 67710
2, 67718
3, 67737
2, 67741
1, 67742
1, 67767
2, 67772
3, 67784
1, 67786
1, 67806
2, 67810
3, 67819
2, 67836
3, 67845
1, 67850
1, 67861
2, 67877
3, 67889
1, 67890
1, 67917
2, 67917
2, 67932
3, 67932
1, 67956
3, 67958
2, 67970
1, 67986
2, 67988
3, 67998
1, 68011
2, 68017
1, 68028
1, 68047
3, 68049
2, 68054
1, 68071
3, 68087
2, 68094
1, 68097
3, 68125
1, 68127
1, 68141
2, 68126
1, 68154
1, 68175
3, 68177
2, 68192
1, 68203
3, 68204
2, 68222
2, 68237
3, 68240
2, 68249
1, 68258
1, 68277
3, 68281
1, 68295
2, 68284
2, 68310
1, 68320
1, 68331
2, 68349
1, 68359
3, 68360
1, 68371
2, 68389
1, 68392
1, 68404
1, 68417
3, 68424
2, 68438
1, 68454
3, 68460
1, 68467
3, 68492
2, 68492
1, 68503
1, 68514
3, 68518
2, 68535
3, 68546
1, 68555
2, 68556
2, 68587
1, 68567
2, 68597
3, 68577
1, 68614
2, 68629
2, 68640
1, 68648
1, 68667
2, 68668
1, 68682
3, 68683
1, 68693
2, 68720
3, 68722
1, 68726
2, 68738
1, 68748
1, 68759
1, 68775
2, 68786
3, 68787
1, 68809
3, 68809
1, 68831
3, 68836
1, 68846
2, 68855
3, 68864
1, 68881
2, 68890
3, 68896
2, 68911
1, 68914
3, 68931
2, 68942
1, 68933
1, 68965
2, 68977
3, 68977
1, 68990
2, 69005
1, 69009
3, 69024
1, 69035
3, 69042
1, 69062
2, 69063
1, 69086
2, 69088
1, 69101
3, 69097
1, 69112
1, 69132
2, 69137
1, 69146
3, 69162
1, 69173
2, 69170
1, 69188
2, 69194
3, 69206
3, 69230
2, 69232
3, 69245
1, 69251
1, 69262
1, 69273
2, 69285
1, 69292
1, 69311
2, 69317
1, 69329
2, 69346
1, 69351
3, 69350
1, 69363
1, 69389
2, 69389
1, 69401
1, 69419
2, 69422
1, 69440
1, 69451
3, 69456
1, 69463
1, 69488
3, 69490
2, 69495
3, 69510
1, 69513
1, 69539
2, 69538
3, 69555
2, 69560
1, 69569
2, 69576
3, 69587
2, 69596
1, 69611
1, 69622
3, 69630
3, 69648
2, 69650
2, 69664
1, 69672
1, 69694
1, 69705
3, 69711
2, 69712
2, 69733
1, 69736
3, 69742
3, 69752
3, 69779
2, 69761
3, 69789
1, 69769
3, 69808
1, 69819
3, 69835
1, 69840
2, 69846
3, 69852
1, 69871
1, 69887
1, 69898
3, 69901
2, 69904
2, 69918
1, 69933
1, 69949
1, 69964
2, 69971
3, 69972
2, 69986
1, 69990
2, 70006
1, 70020
3, 70024
2, 70030
2, 70053
1, 70055
1, 70075
2, 70080
1, 70092
2, 70103
3, 70106
1, 70127
3, 70132
2, 70134
2, 70151
3, 70163
2, 70167
1, 70181
1, 70201
3, 70200
2, 70215
1, 70223
3, 70234
1, 70248
3, 70258
2, 70258
1, 70278
3, 70289
2, 70290
1, 70309
3, 70312
2, 70322
1, 70337
3, 70351
1, 70365
3, 70371
2, 70368
3, 70389
2, 70396
2, 70408
1, 70421
3, 70428
1, 70439
1, 70458
3, 70463
2, 70473
1, 70489
3, 70497
2, 70498
3, 70515
3, 70525
1, 70538
3, 70547
2, 70547
1, 70569
3, 70570
1, 70592
2, 70592
1, 70603
1, 70622
2, 70626
2, 70646
3, 70649
1, 70658
2, 70662
1, 70675
1, 70691
3, 70699
2, 70710
1, 70717
2, 70732
2, 70749
1, 70755
3, 70761
2, 70768
1, 70791
2, 70795
1, 70807
3, 70817
1, 70820
3, 70844
2, 70846
2, 70860
1, 70860
1, 70887
3, 70892
2, 70904
3, 70910
1, 70918
2, 70922
2, 70952
1, 70932
2, 70962
3, 70942
2, 70987
1, 70991
3, 70993
1, 71015
1, 71027
1, 71039
1, 71050
2, 71054
1, 71063
2, 71082
3, 71093
1, 71095
2, 71105
3, 71113
1, 71124
3, 71146
1, 71147
1, 71165
2, 71164
3, 71184
1, 71192
3, 71203
2, 71210
1, 71229
3, 71236
2, 71241
3, 71251
1, 71256
3, 71282
1, 71285
3, 71298
2, 71302
3, 71314
1, 71317
1, 71339
1, 71351
3, 71358
1, 71368
2, 71370
2, 71395
1, 71401
2, 71410
1, 71423
2, 71430
3, 71435
3, 71457
1, 71458
3, 71477
1, 71480
2, 71489
1, 71497
2, 71512
3, 71520
3, 71535
2, 71546
1, 71546
1, 71573
3, 71580
2, 71581
3, 71601
1, 71603
2, 71618
1, 71627
3, 71636
1, 71656
2, 71657
1, 71668
3, 71680
3, 71693
2, 71696
2, 71707
1, 71712
2, 71733
1, 71750
3, 71758
2, 71758
1, 71768
1, 71779
3, 71786
3, 71800
2, 71805
2, 71821
1, 71826
2, 71843
1, 71857
3, 71860
1, 71878
2, 71878
2, 71896
3, 71914
3, 71925
3, 71935
3, 71945
3, 71955
3, 71965
3, 71975
3, 71985
3, 71995
3, 72005
3, 72015
3, 72025
3, 72035
3, 72045
3, 72055
3, 72065
3, 72075
3, 72085
3, 72095
3, 72105
3, 72115
3, 72126
2, 72116
3, 72138
1, 72142
1, 72153
2, 72178
3, 72180
1, 72184
2, 72191
1, 72204
3, 72222
3, 72232
2, 72240
3, 72255
2, 72263
1, 72263
1, 72282
2, 72287
2, 72305
3, 72314
1, 72315
2, 72331
3, 72347
2, 72348
3, 72370
2, 72370
1, 72388
3, 72392
3, 72413
3, 72425
1, 72425
2, 72439
2, 72453
1, 72456
3, 72465
2, 72468
1, 72487
3, 72500
2, 72518
1, 72516
2, 72530
3, 72526
1, 72541
1, 72566
3, 72566
2, 72574
2, 72598
1, 72605
3, 72608
2, 72620
3, 72636
2, 72638
3, 72659
1, 72663
2, 72671
3, 72685
1, 72689
1, 72705
1, 72721
2, 72722
1, 72736
3, 72744
1, 72759
2, 72760
2, 72772
3, 72787
2, 72800
1, 72800
3, 72823
2, 72835
3, 72843
1, 72846
2, 72851
1, 72863
1, 72880
2, 72897
3, 72900
1, 72911
2, 72925
1, 72936
3, 72947
1, 72956
2, 72963
3, 72968
1, 72983
2, 73003
1, 73006
2, 73026
3, 73027
1, 73036
3, 73051
1, 73056
3, 73069
2, 73079
1, 73083
3, 73108
1, 73114
2, 73108
2, 73134
3, 73134
3, 73157
2, 73162
1, 73176
3, 73180
2, 73183
2, 73207
1, 73208
3, 73224
1, 73236
2, 73238
2, 73255
3, 73265
1, 73273
2, 73285
2, 73307
1, 73296
2, 73317
2, 73328
3, 73297
3, 73355
2, 73356
1, 73366
3, 73374
2, 73384
1, 73398
1, 73416
2, 73420
3, 73435
2, 73441
1, 73444
1, 73464
1, 73476
2, 73489
1, 73495
3, 73489
1, 73517
2, 73518
3, 73540
2, 73543
1, 73551
2, 73570
1, 73572
3, 73586
2, 73589
1, 73606
1, 73627
2, 73627
1, 73639
3, 73645
1, 73668
3, 73669
2, 73684
1, 73686
3, 73698
2, 73716
2, 73726
3, 73737
3, 73751
2, 73752
2, 73763
1, 73763
2, 73784
1, 73786
3, 73806
3, 73816
1, 73828
2, 73829
1, 73841
2, 73855
3, 73863
1, 73867
2, 73885
3, 73900
1, 73909
2, 73912
1, 73934
3, 73934
1, 73956
2, 73957
1, 73970
3, 73973
1, 73984
3, 74003
1, 74011
2, 74023
1, 74031
2, 74046
3, 74050
2, 74062
2, 74078
1, 74080
3, 74100
2, 74113
3, 74115
1, 74118
3, 74135
1, 74146
1, 74157
1, 74168
2, 74188
1, 74190
2, 74205
1, 74211
3, 74188
1, 74232
2, 74235
1, 74247
2, 74258
1, 74273
2, 74292
1, 74301
3, 74305
2, 74311
2, 74328
3, 74333
1, 74336
2, 74355
3, 74364
1, 74368
3, 74391
2, 74395
3, 74406
1, 74411
2, 74424
3, 74435
1, 74440
3, 74453
2, 74463
2, 74490
1, 74473
3, 74480
1, 74509
2, 74526
1, 74530
3, 74535
2, 74547
1, 74556
2, 74576
1, 74583
3, 74587
1, 74607
2, 74609
1, 74620
3, 74640
1, 74645
2, 74656
3, 74663
3, 74679
1, 74683
2, 74701
1, 74702
1, 74721
3, 74737
2, 74740
1, 74747
1, 74758
3, 74773
3, 74783
1, 74789
2, 74801
1, 74814
3, 74816
3, 74833
3, 74846
1, 74848
2, 74861
3, 74879
1, 74880
2, 74895
3, 74898
1, 74916
1, 74936
3, 74936
2, 74948
3, 74956
1, 74959
1, 74978
1, 74996
3, 74998
2, 75012
2, 75024
3, 75034
2, 75044
1, 75049
3, 75069
1, 75069
2, 75085
3, 75088
1, 75098
2, 75109
1, 75131
3, 75136
1, 75149
2, 75154
3, 75158
2, 75172
1, 75178
1, 75202
2, 75207
3, 75215
1, 75219
2, 75245
1, 75247
3, 75266
2, 75269
1, 75284
2, 75287
1, 75303
3, 75309
1, 75320
1, 75338
2, 75344
1, 75351
3, 75359
1, 75378
2, 75380
2, 75403
1, 75407
1, 75418
1, 75429
3, 75430
3, 75440
3, 75459
2, 75471
1, 75474
1, 75490
2, 75498
3, 75506
2, 75516
1, 75535
3, 75539
1, 75550
2, 75570
3, 75574
1, 75570
2, 75596
1, 75601
2, 75616
1, 75624
3, 75638
1, 75648
2, 75660
2, 75678
1, 75664
2, 75688
3, 75668
1, 75706
1, 75722
2, 75725
1, 75737
1, 75758
2, 75764
3, 75770
1, 75775
1, 75797
1, 75808
2, 75822
1, 75825
3, 75833
2, 75842
2, 75864
1, 75865
3, 75871
3, 75884
1, 75895
2, 75905
3, 75918
1, 75921
1, 75932
1, 75943
2, 75965
1, 75971
2, 75982
3, 75983
1, 75998
2, 76009
1, 76022
3, 76034
1, 76040
2, 76045
1, 76067
2, 76078
3, 76084
1, 76097
2, 76098
3, 76115
1, 76128
2, 76130
1, 76153
2, 76166
3, 76171
3, 76183
1, 76191
2, 76204
1, 76208
3, 76222
1, 76225
3, 76248
1, 76255
2, 76255
3, 76280
1, 76284
2, 76286
1, 76299
2, 76308
2, 76320
3, 76335
1, 76345
1, 76359
3, 76370
2, 76373
1, 76395
2, 76396
3, 76407
2, 76415
2, 76432
2, 76442
1, 76448
2, 76464
3, 76466
1, 76470
1, 76484
2, 76499
2, 76516
3, 76530
2, 76531
1, 76533
2, 76545
2, 76560
1, 76578
3, 76586
2, 76586
1, 76602
3, 76621
1, 76623
2, 76633
1, 76637
1, 76654
2, 76661
2, 76679
3, 76681
1, 76693
1, 76707
3, 76719
2, 76725
1, 76742
3, 76743
1, 76768
2, 76768
1, 76782
3, 76784
1, 76801
1, 76818
1, 76829
3, 76839
3, 76856
2, 76842
3, 76866
1, 76846
3, 76884
1, 76894
2, 76905
1, 76919
3, 76928
2, 76933
1, 76943
2, 76958
3, 76963
3, 76982
1, 76988
3, 77007
1, 77010
2, 77011
1, 77031
3, 77045
2, 77048
2, 77065
1, 77072
3, 77078
1, 77096
2, 77103
3, 77105
3, 77118
2, 77131
1, 77140
3, 77148
1, 77165
2, 77169
3, 77182
1, 77198
1, 77209
1, 77220
2, 77231
3, 77233
1, 77245
3, 77261
3, 77273
2, 77278
1, 77281
2, 77297
2, 77314
3, 77321
1, 77325
2, 77343
1, 77355
3, 77357
1, 77375
2, 77376
1, 77394
2, 77402
3, 77418
1, 77419
3, 77439
2, 77442
3, 77465
2, 77466
1, 77471
1, 77482
1, 77493
2, 77503
3, 77512
3, 77538
2, 77540
1, 77548
1, 77559
1, 77571
2, 77579
3, 77587
1, 77593
1, 77610
2, 77630
3, 77632
1, 77642
3, 77658
1, 77664
2, 77667
1, 77691
3, 77697
2, 77699
2, 77724
1, 77728
3, 77725
1, 77750
2, 77757
3, 77762
1, 77781
2, 77789
3, 77793
2, 77805
1, 77825
2, 77831
3, 77836
3, 77851
3, 77862
1, 77867
2, 77880
1, 77895
3, 77910
1, 77913
2, 77916
2, 77927
3, 77943
2, 77953
2, 77964
1, 77970
1, 77994
2, 77994
3, 78007
1, 78015
1, 78038
3, 78020
1, 78049
2, 78027
3, 78065
3, 78079
1, 78089
2, 78094
1, 78114
2, 78117
3, 78129
1, 78132
1, 78158
3, 78165
1, 78173
2, 78174
1, 78187
1, 78213
2, 78214
1, 78229
3, 78230
2, 78252
3, 78261
1, 78261
1, 78281
2, 78289
3, 78292
2, 78308
1, 78310
1, 78333
1, 78344
3, 78353
2, 78357
1, 78363
3, 78386
1, 78400
3, 78400
2, 78414
1, 78420
1, 78444
2, 78447
3, 78450
3, 78465
2, 78476
1, 78480
2, 78502
3, 78507
3, 78519
1, 78522
1, 78533
1, 78547
3, 78561
2, 78566
2, 78586
1, 78587
3, 78591
3, 78613
1, 78619
3, 78638
2, 78639
3, 78656
2, 78660
2, 78671
1, 78679
2, 78690
3, 78704
1, 78714
1, 78729
2, 78735
3, 78747
1, 78749
3, 78762
3, 78784
2, 78784
1, 78791
2, 78812
1, 78821
1, 78832
1, 78843
3, 78844
2, 78852
2, 78866
3, 78881
1, 78890
2, 78893
1, 78905
1, 78929
2, 78932
3, 78938
3, 78958
1, 78966
2, 78968
1, 78982
2, 79000
1, 79002
1, 79014
3, 79019
3, 79038
1, 79048
2, 79052
3, 79068
1, 79081
3, 79087
3, 79098
2, 79113
1, 79114
2, 79131
3, 79131
1, 79148
3, 79153
2, 79173
1, 79179
2, 79191
3, 79194
2, 79213
1, 79207
1, 79237
3, 79241
1, 79255
2, 79245
1, 79283
2, 79285
2, 79303
2, 79314
2, 79324
2, 79334
2, 79344
2, 79354
2, 79364
2, 79374
2, 79384
2, 79394
2, 79404
2, 79414
2, 79424
2, 79434
2, 79444
2, 79454
2, 79464
2, 79474
2, 79484
2, 79494
2, 79504
2, 79514
2, 79524
2, 79534
2, 79544
2, 79554
2, 79564
2, 79574
2, 79584
2, 79594
2, 79604
2, 79614
2, 79624
2, 79634
2, 79644
2, 79654
2, 79664
2, 79674
2, 79684
2, 79694
2, 79704
2, 79714
2, 79724
2, 79734
2, 79744
2, 79754
2, 79764
2, 79774
2, 79784
2, 79794
2, 79804
2, 79814
2, 79824
2, 79834
2, 79844
2, 79854
2, 79864
2, 79874
3, 79874
1, 79880
1, 79897
1, 79912
2, 79920
3, 79920
1, 79933
1, 79944
2, 79959
1, 79977
2, 79979
2, 79995
3, 79996
1, 80020
3, 80020
3, 80033
2, 80033
1, 80056
3, 80062
2, 80078
1, 80082
3, 80092
1, 80114
3, 80116
2, 80122
3, 80139
2, 80147
1, 80159
2, 80165
2, 80179
3, 80184
1, 80197
2, 80216
1, 80216
3, 80219
1, 80230
1, 80248
1, 80267
3, 80268
3, 80282
2, 80286
3, 80301
1, 80305
3, 80327
1, 80336
3, 80345
2, 80352
3, 80363
3, 80385
1, 80373
3, 80395
2, 80375
3, 80406
1, 80428
3, 80436
1, 80444
2, 80453
1, 80462
1, 80477
2, 80491
3, 80492
1, 80506
1, 80527
2, 80532
3, 80545
2, 80551
1, 80555
1, 80566
1, 80577
1, 80600
3, 80596
1, 80611
2, 80620
3, 80630
1, 80641
1, 80666
3, 80667
2, 80678
3, 80679
1, 80698
3, 80700
3, 80718
1, 80728
2, 80740
2, 80750
3, 80757
2, 80776
1, 80776
3, 80796
2, 80802
1, 80799
1, 80828
3, 80829
2, 80840
1, 80847
3, 80867
1, 80873
2, 80894
1, 80894
3, 80896
1, 80907
2, 80923
1, 80937
3, 80940
1, 80951
3, 80971
1, 80986
2, 80986
2, 81009
1, 81013
3, 81013
1, 81025
1, 81043
1, 81060
2, 81073
3, 81076
2, 81085
1, 81074
2, 81101
2, 81122
1, 81125
2, 81141
1, 81146
3, 81155
1, 81162
3, 81183
1, 81186
3, 81204
2, 81202
1, 81211
2, 81228
1, 81245
3, 81249
1, 81258
3, 81273
1, 81289
2, 81294
1, 81301
2, 81318
3, 81320
2, 81331
1, 81339
1, 81359
3, 81368
1, 81377
2, 81368
2, 81400
3, 81409
2, 81417
1, 81419
1, 81438
2, 81443
3, 81462
3, 81474
2, 81486
1, 81492
2, 81507
1, 81508
3, 81519
1, 81526
2, 81535
2, 81563
2, 81573
2, 81583
3, 81553
2, 81593
1, 81548
2, 81620
3, 81623
1, 81625
3, 81645
2, 81653
1, 81662
2, 81671
3, 81689
1, 81695
2, 81705
1, 81712
3, 81728
1, 81736
2, 81744
3, 81749
3, 81764
3, 81776
2, 81786
1, 81795
3, 81801
3, 81821
1, 81830
2, 81836
3, 81841
1, 81857
2, 81868
1, 81878
3, 81890
2, 81900
3, 81912
1, 81913
3, 81931
3, 81946
2, 81950
1, 81959
3, 81970
1, 81991
2, 81995
3, 82004
2, 82006
3, 82025
1, 82032
1, 82053
3, 82061
2, 82062
3, 82080
1, 82082
3, 82099
1, 82102
2, 82115
3, 82125
1, 82147
3, 82148
1, 82167
2, 82164
1, 82178
1, 82194
2, 82202
3, 82212
2, 82220
1, 82227
2, 82239
1, 82253
2, 82263
1, 82274
3, 82291
1, 82295
3, 82313
2, 82315
1, 82326
1, 82343
3, 82352
2, 82354
1, 82365
1, 82376
3, 82387
2, 82407
3, 82412
1, 82411
2, 82433
1, 82441
1, 82460
3, 82459
1, 82479
3, 82489
2, 82489
1, 82507
3, 82512
1, 82523
2, 82532
3, 82542
3, 82564
1, 82567
2, 82572
3, 82579
1, 82598
2, 82609
2, 82619
2, 82630
3, 82633
1, 82650
3, 82667
1, 82668
2, 82679
1, 82687
2, 82701
1, 82714
2, 82725
2, 82744
2, 82754
3, 82727
2, 82764
1, 82734
3, 82779
3, 82793
2, 82804
3, 82808
1, 82829
2, 82835
2, 82853
3, 82853
1, 82867
2, 82867
1, 82888
2, 82889
3, 82914
2, 82917
1, 82919
1, 82937
1, 82949
2, 82959
3, 82972
1, 82984
2, 82984
1, 83004
3, 83008
1, 83019
2, 83028
1, 83037
1, 83060
1, 83071
1, 83084
2, 83088
1, 83097
3, 83099
1, 83109
3, 83132
1, 83134
3, 83150
2, 83153
3, 83167
3, 83189
1, 83192
2, 83191
3, 83214
1, 83222
2, 83220
1, 83234
2, 83260
3, 83262
1, 83272
1, 83287
3, 83303
2, 83303
1, 83309
1, 83320
3, 83344
2, 83345
1, 83350
1, 83376
3, 83376
1, 83388
2, 83397
3, 83409
1, 83416
2, 83429
1, 83435
3, 83456
1, 83462
3, 83480
1, 83481
2, 83494
2, 83510
3, 83512
1, 83534
3, 83534
2, 83543
3, 83550
1, 83571
2, 83574
1, 83586
3, 83589
3, 83610
1, 83613
1, 83637
2, 83635
1, 83649
3, 83656
1, 83663
1, 83680
2, 83687
2, 83713
1, 83713
3, 83712
1, 83734
2, 83723
3, 83746
1, 83762
2, 83767
2, 83787
1, 83789
1, 83806
2, 83820
3, 83824
1, 83836
2, 83845
3, 83858
2, 83858
1, 83882
3, 83890
2, 83891
1, 83904
1, 83931
3, 83910
3, 83952
2, 83920
3, 83962
1, 83942
2, 83982
3, 83993
2, 83999
1, 84009
3, 84028
2, 84036
1, 84033
3, 84046
2, 84070
3, 84079
2, 84080
3, 84092
1, 84097
1, 84117
2, 84129
2, 84139
2, 84150
3, 84147
2, 84167
1, 84175
2, 84188
2, 84199
2, 84215
1, 84215
3, 84223
3, 84233
2, 84249
1, 84251
3, 84268
1, 84282
2, 84273
3, 84298
1, 84315
2, 84318
1, 84333
3, 84336
1, 84352
2, 84362
3, 84370
2, 84381
1, 84391
1, 84409
3, 84413
2, 84424
2, 84436
1, 84446
3, 84455
2, 84461
1, 84478
2, 84484
1, 84501
3, 84505
1, 84522
2, 84526
2, 84542
3, 84547
1, 84554
2, 84574
3, 84581
1, 84575
1, 84607
3, 84611
2, 84630
3, 84633
1, 84635
3, 84649
2, 84661
1, 84665
3, 84681
1, 84698
2, 84704
1, 84713
3, 84719
3, 84738
1, 84739
2, 84762
3, 84766
2, 84778
1, 84783
2, 84795
3, 84809
1, 84812
1, 84832
3, 84848
2, 84854
1, 84855
3, 84872
2, 84888
1, 84889
3, 84894
2, 84908
1, 84913
2, 84935
1, 84943
1, 84954
3, 84959
1, 84979
3, 84985
2, 84997
3, 84999
2, 85018
1, 85019
2, 85036
3, 85038
1, 85056
2, 85073
1, 85077
3, 85085
3, 85110
2, 85091
3, 85120
1, 85100
1, 85137
2, 85151
1, 85163
2, 85167
2, 85189
3, 85190
1, 85197
2, 85214
1, 85230
3, 85236
2, 85236
3, 85251
1, 85267
2, 85268
1, 85283
3, 85297
1, 85308
3, 85312
1, 85323
2, 85345
1, 85346
2, 85361
3, 85368
1, 85381
3, 85381
3, 85398
3, 85408
3, 85424
1, 85433
2, 85434
1, 85448
1, 85464
3, 85476
2, 85477
3, 85493
1, 85494
3, 85509
3, 85520
1, 85540
2, 85542
3, 85553
1, 85564
3, 85573
2, 85582
1, 85601
2, 85611
3, 85617
2, 85629
1, 85633
3, 85651
1, 85655
2, 85676
1, 85679
3, 85690
1, 85701
2, 85719
1, 85722
2, 85732
3, 85721
3, 85743
1, 85763
2, 85776
3, 85781
1, 85791
2, 85794
1, 85808
1, 85830
2, 85833
3, 85848
2, 85858
1, 85866
3, 85867
1, 85886
1, 85897
3, 85909
1, 85912
3, 85936
1, 85942
3, 85951
2, 85957
1, 85976
2, 85983
3, 85985
1, 86009
3, 86011
2, 86013
1, 86028
1, 86046
1, 86060
2, 86064
3, 86069
1, 86082
2, 86097
1, 86107
3, 86115
1, 86128
1, 86139
2, 86149
1, 86152
2, 86176
1, 86184
3, 86192
1, 86208
3, 86215
2, 86215
2, 86236
3, 86244
1, 86244
1, 86271
3, 86279
3, 86296
1, 86285
2, 86286
1, 86308
1, 86322
2, 86344
1, 86346
3, 86356
1, 86370
2, 86373
2, 86384
2, 86407
3, 86411
1, 86411
1, 86430
2, 86440
3, 86449
1, 86460
1, 86471
1, 86482
3, 86494
2, 86507
3, 86516
1, 86517
1, 86537
2, 86547
3, 86551
2, 86565
1, 86571
1, 86592
3, 86592
1, 86603
1, 86627
2, 86640
1, 86641
3, 86655
1, 86657
3, 86676
2, 86679
1, 86688
1, 86703
3, 86720
1, 86732
3, 86736
2, 86737
1, 86761
3, 86763
3, 86780
2, 86788
1, 86789
3, 86811
1, 86820
3, 86834
1, 86839
2, 86854
1, 86859
3, 86873
1, 86881
2, 86883
1, 86911
1, 86922
1, 86933
3, 86934
2, 86937
1, 86949
1, 86960
2, 86970
2, 86985
3, 86999
2, 87002
1, 87012
1, 87032
2, 87033
1, 87055
2, 87057
1, 87075
2, 87081
2, 87092
3, 87094
2, 87107
1, 87120
3, 87134
2, 87143
3, 87153
1, 87161
2, 87166
1, 87181
3, 87192
3, 87206
1, 87213
2, 87220
1, 87233
2, 87247
3, 87253
3, 87270
1, 87275
2, 87282
2, 87305
2, 87315
1, 87318
2, 87334
1, 87337
3, 87352
1, 87353
2, 87372
2, 87383
3, 87385
1, 87399
2, 87406
1, 87415
1, 87441
2, 87441
1, 87457
1, 87475
2, 87462
1, 87486
3, 87464
2, 87505
1, 87512
3, 87523
2, 87541
1, 87541
2, 87554
3, 87562
3, 87585
2, 87587
3, 87603
2, 87611
1, 87620
1, 87631
1, 87642
3, 87644
3, 87654
3, 87672
2, 87675
1, 87684
1, 87695
1, 87711
1, 87730
2, 87737
1, 87744
3, 87755
1, 87760
3, 87774
1, 87787
1, 87798
1, 87815
2, 87815
1, 87830
3, 87840
3, 87855
1, 87865
3, 87881
1, 87882
3, 87893
2, 87895
1, 87912
1, 87923
2, 87940
2, 87951
3, 87953
1, 87965
2, 87967
3, 87987
1, 87996
1, 88013
2, 88019
1, 88030
1, 88043
3, 88053
2, 88057
1, 88066
3, 88074
2, 88093
2, 88108
1, 88111
3, 88115
3, 88125
3, 88140
1, 88159
2, 88163
3, 88164
2, 88182
1, 88187
1, 88206
3, 88218
2, 88228
1, 88230
3, 88250
2, 88250
1, 88263
3, 88270
1, 88292
2, 88303
3, 88304
1, 88318
2, 88319
1, 88335
2, 88347
1, 88355
2, 88368
2, 88380
1, 88384
1, 88408
2, 88409
2, 88420
3, 88437
2, 88439
1, 88450
3, 88460
1, 88466
1, 88480
1, 88500
2, 88504
3, 88508
2, 88532
1, 88536
3, 88556
1, 88557
2, 88561
1, 88589
2, 88589
3, 88600
1, 88602
1, 88620
2, 88635
3, 88640
3, 88663
1, 88643
3, 88673
2, 88653
1, 88690
1, 88707
2, 88720
3, 88720
1, 88732
1, 88745
2, 88756
1, 88760
1, 88783
2, 88787
3, 88798
3, 88813
1, 88819
2, 88829
1, 88836
2, 88856
1, 88862
3, 88864
1, 88884
1, 88895
3, 88902
1, 88913
2, 88920
1, 88941
3, 88941
1, 88955
2, 88964
3, 88975
1, 88979
1, 89005
2, 89005
1, 89016
3, 89024
3, 89036
2, 89044
3, 89061
1, 89065
1, 89083
3, 89094
2, 89096
2, 89108
3, 89123
1, 89136
3, 89142
2, 89150
1, 89166
2, 89170
3, 89174
2, 89193
1, 89211
2, 89212
1, 89228
2, 89239
3, 89241
1, 89258
1, 89269
1, 89280
3, 89281
3, 89291
2, 89309
1, 89326
2, 89329
3, 89348
1, 89349
2, 89363
1, 89368
3, 89383
2, 89385
1, 89398
2, 89419
1, 89419
3, 89433
1, 89436
1, 89456
1, 89471
2, 89472
3, 89479
1, 89503
1, 89514
3, 89521
3, 89532
2, 89533
1, 89546
1, 89570
3, 89570
2, 89579
1, 89584
3, 89604
2, 89611
1, 89622
3, 89623
3, 89645
1, 89660
2, 89671
1, 89675
3, 89671
1, 89694
2, 89706
3, 89718
1, 89723
2, 89734
3, 89744
1, 89758
3, 89768
1, 89782
2, 89782
1, 89795
3, 89809
1, 89816
2, 89828
2, 89852
2, 89862
3, 89837
2, 89872
2, 89883
1, 89842
3, 89902
1, 89913
2, 89914
1, 89928
1, 89945
3, 89948
3, 89968
1, 89982
2, 89982
1, 90002
2, 90007
3, 90015
2, 90026
1, 90029
3, 90047
1, 90063
2, 90065
3, 90084
3, 90095
1, 90095
2, 90112
2, 90127
3, 90128
1, 90135
1, 90158
3, 90161
3, 90178
2, 90178
1, 90192
2, 90197
1, 90213
1, 90229
3, 90240
2, 90240
3, 90253
1, 90262
2, 90270
3, 90287
3, 90303
3, 90313
2, 90317
1, 90320
2, 90329
2, 90342
1, 90359
2, 90361
2, 90376
1, 90389
1, 90400
2, 90413
3, 90415
3, 90433
1, 90440
2, 90451
3, 90456
1, 90468
2, 90480
2, 90493
1, 90507
2, 90513
3, 90526
2, 90526
3, 90545
2, 90552
1, 90554
2, 90574
1, 90579
1, 90595
3, 90614
2, 90616
1, 90621
3, 90629
3, 90651
2, 90657
1, 90664
1, 90675
2, 90687
3, 90700
2, 90710
1, 90713
3, 90726
3, 90736
1, 90750
3, 90761
1, 90770
2, 90773
3, 90783
1, 90802
2, 90803
1, 90817
1, 90842
2, 90846
3, 90853
2, 90866
1, 90884
2, 90885
1, 90896
3, 90897
1, 90915
3, 90929
1, 90933
1, 90954
2, 90963
3, 90967
1, 90971
3, 90993
1, 90997
2, 91007
2, 91033
2, 91043
3, 91016
2, 91053
1, 91023
2, 91066
3, 91086
2, 91089
1, 91102
3, 91112
1, 91122
2, 91143
1, 91144
3, 91154
2, 91158
1, 91179
3, 91186
2, 91190
2, 91200
1, 91209
3, 91231
2, 91239
1, 91242
1, 91262
2, 91275
3, 91275
1, 91283
3, 91294
1, 91318
3, 91324
2, 91334
3, 91335
1, 91350
2, 91354
1, 91373
2, 91380
2, 91397
3, 91399
3, 91411
1, 91421
3, 91432
1, 91447
1, 91458
1, 91470
3, 91477
2, 91488
1, 91491
1, 91505
2, 91513
3, 91527
2, 91536
1, 91557
3, 91560
1, 91572
2, 91574
1, 91585
3, 91609
1, 91616
2, 91616
2, 91640
3, 91647
2, 91654
1, 91666
2, 91668
1, 91684
1, 91700
3, 91704
2, 91708
1, 91722
1, 91733
2, 91745
1, 91764
2, 91765
3, 91784
1, 91785
2, 91799
1, 91815
2, 91824
1, 91834
3, 91839
1, 91849
2, 91863
3, 91875
2, 91888
1, 91892
3, 91913
2, 91918
1, 91922
1, 91933
3, 91941
1, 91952
3, 91967
2, 91970
1, 91979
3, 92001
2, 92011
1, 92019
1, 92030
2, 92042
1, 92048
3, 92056
2, 92066
3, 92084
1, 92086
2, 92100
1, 92112
3, 92120
1, 92137
2, 92141
1, 92155
1, 92166
3, 92180
1, 92181
3, 92198
2, 92190
1, 92226
3, 92237
1, 92237
2, 92248
3, 92256
1, 92272
1, 92283
1, 92296
2, 92301
3, 92305
3, 92323
1, 92330
1, 92346
2, 92348
3, 92366
1, 92358
2, 92381
3, 92389
1, 92407
1, 92421
3, 92423
1, 92439
2, 92442
1, 92454
2, 92469
1, 92480
2, 92490
3, 92493
2, 92513
3, 92515
2, 92527
1, 92535
1, 92547
3, 92562
1, 92572
2, 92575
2, 92594
3, 92600
3, 92623
1, 92625
1, 92636
2, 92636
1, 92647
1, 92672
2, 92676
1, 92687
3, 92691
3, 92712
1, 92717
2, 92728
1, 92735
1, 92759
3, 92762
3, 92773
2, 92773
3, 92798
1, 92799
2, 92811
1, 92819
3, 92839
2, 92845
3, 92853
1, 92857
1, 92876
3, 92878
2, 92900
1, 92902
2, 92926
1, 92927
3, 92939
2, 92950
1, 92957
3, 92962
1, 92974
2, 92988
3, 92998
1, 93001
2, 93015
1, 93033
1, 93044
3, 93050
2, 93054
2, 93065
2, 93089
3, 93096
1, 93107
3, 93108
1, 93132
1, 93143
3, 93145
1, 93160
2, 93160
1, 93179
3, 93182
1, 93193
2, 93209
1, 93215
3, 93225
1, 93235
2, 93249
3, 93257
1, 93268
1, 93286
3, 93290
2, 93295
3, 93309
1, 93316
1, 93336
2, 93332
1, 93349
2, 93365
1, 93372
1, 93398
2, 93381
2, 93419
2, 93429
3, 93387
1, 93409
1, 93453
3, 93460
3, 93470
2, 93475
3, 93484
2, 93506
1, 93512
2, 93525
3, 93529
1, 93537
2, 93544
3, 93558
1, 93571
1, 93582
1, 93593
3, 93600
3, 93610
1, 93624
2, 93635
1, 93647
3, 93641
2, 93657
3, 93679
1, 93685
3, 93698
2, 93706
3, 93715
1, 93730
3, 93740
2, 93743
1, 93760
3, 93760
2, 93787
1, 93790
3, 93795
1, 93811
2, 93820
1, 93828
3, 93839
2, 93843
2, 93865
1, 93873
3, 93875
1, 93896
3, 93912
1, 93916
2, 93910
1, 93937
1, 93948
3, 93929
2, 93967
3, 93972
1, 93987
2, 93995
3, 94004
1, 94010
3, 94026
2, 94038
3, 94051
1, 94055
2, 94067
3, 94080
1, 94088
1, 94099
1, 94110
3, 94130
3, 94140
3, 94152
2, 94151
3, 94170
3, 94180
1, 94190
3, 94203
1, 94203
2, 94216
3, 94213
2, 94231
3, 94247
1, 94254
2, 94270
1, 94275
3, 94281
3, 94291
1, 94316
2, 94311
3, 94332
1, 94341
2, 94343
2, 94365
1, 94368
1, 94379
1, 94392
3, 94398
3, 94411
1, 94418
1, 94433
3, 94442
1, 94456
2, 94453
2, 94470
3, 94487
1, 94494
2, 94500
1, 94526
3, 94526
2, 94536
3, 94546
1, 94561
1, 94580
2, 94561
2, 94601
2, 94611
3, 94569
1, 94591
1, 94637
2, 94642
1, 94654
3, 94644
3, 94676
1, 94679
2, 94693
1, 94703
3, 94720
1, 94720
2, 94740
3, 94747
1, 94747
1, 94771
3, 94780
1, 94793
2, 94794
1, 94805
2, 94818
3, 94829
2, 94841
3, 94850
1, 94856
1, 94871
3, 94883
1, 94891
2, 94900
1, 94908
3, 94922
2, 94925
1, 94942
3, 94959
1, 94965
1, 94982
3, 94986
2, 94988
2, 95012
3, 95013
1, 95023
3, 95043
1, 95048
2, 95055
3, 95060
1, 95077
3, 95098
2, 95100
1, 95103
1, 95122
2, 95135
3, 95139
1, 95148
2, 95162
3, 95174
1, 95187
3, 95195
2, 95204
1, 95210
1, 95226
2, 95232
3, 95245
1, 95249
2, 95257
1, 95278
3, 95281
2, 95293
1, 95312
3, 95312
2, 95328
3, 95333
2, 95346
1, 95357
3, 95373
2, 95377
1, 95392
3, 95392
2, 95405
2, 95417
2, 95440
1, 95440
2, 95455
3, 95457
2, 95468
1, 95482
2, 95502
3, 95504
1, 95505
3, 95531
2, 95535
1, 95538
1, 95549
2, 95569
3, 95576
1, 95579
1, 95601
3, 95610
2, 95615
3, 95623
2, 95639
2, 95652
3, 95660
1, 95662
1, 95683
1, 95694
1, 95709
3, 95709
2, 95722
1, 95725
2, 95746
2, 95764
2, 95774
3, 95753
2, 95784
1, 95754
2, 95797
1, 95811
1, 95833
3, 95835
3, 95852
2, 95856
1, 95860
2, 95869
3, 95888
1, 95892
3, 95911
2, 95919
1, 95926
1, 95938
2, 95942
3, 95953
1, 95966
1, 95990
2, 95985
2, 96001
3, 96002
2, 96019
1, 96024
1, 96044
2, 96048
2, 96058
2, 96078
1, 96085
3, 96078
2, 96103
1, 96112
3, 96126
1, 96129
3, 96155
2, 96155
1, 96160
1, 96178
3, 96192
1, 96203
1, 96220
3, 96221
1, 96233
2, 96232
1, 96255
3, 96263
2, 96265
1, 96282
3, 96295
2, 96298
1, 96305
1, 96326
2, 96331
2, 96345
3, 96355
1, 96362
1, 96380
3, 96391
2, 96390
1, 96407
3, 96418
3, 96432
2, 96444
1, 96449
2, 96458
1, 96472
1, 96483
3, 96488
1, 96505
2, 96511
3, 96522
3, 96535
2, 96539
2, 96552
3, 96562
1, 96568
2, 96588
1, 96593
1, 96604
1, 96616
3, 96627
2, 96632
1, 96639
3, 96653
1, 96668
3, 96688
1, 96690
1, 96702
2, 96686
3, 96713
2, 96732
1, 96743
3, 96746
1, 96756
2, 96771
3, 96779
3, 96789
1, 96796
3, 96807
2, 96822
3, 96835
2, 96842
1, 96856
1, 96871
3, 96875
1, 96891
2, 96900
3, 96904
1, 96913
1, 96924
1, 96950
3, 96932
3, 96971
2, 96939
3, 96981
1, 96961
1, 97003
3, 97011
1, 97023
2, 97023
3, 97036
3, 97050
1, 97055
1, 97072
1, 97095
2, 97095
3, 97104
2, 97106
3, 97129
1, 97129
1, 97141
2, 97151
1, 97169
3, 97178
2, 97184
1, 97198
3, 97217
2, 97217
1, 97227
1, 97245
3, 97248
2, 97253
1, 97271
1, 97288
3, 97289
2, 97306
1, 97308
1, 97327
2, 97333
3, 97341
2, 97356
2, 97370
3, 97374
1, 97384
2, 97390
1, 97401
3, 97413
1, 97432
3, 97433
1, 97450
2, 97452
1, 97463
1, 97485
2, 97491
3, 97492
1, 97509
2, 97516
2, 97530
1, 97549
1, 97561
3, 97566
2, 97576
3, 97586
1, 97598
2, 97609
3, 97619
1, 97614
1, 97636
1, 97647
3, 97658
2, 97670
1, 97683
2, 97684
3, 97702
3, 97716
1, 97720
3, 97732
2, 97733
1, 97753
2, 97762
3, 97764
1, 97777
2, 97789
2, 97802
2, 97812
2, 97822
3, 97831
1, 97846
2, 97847
1, 97858
1, 97877
1, 97888
3, 97899
1, 97908
2, 97906
1, 97919
3, 97938
1, 97948
1, 97966
3, 97970
2, 97985
1, 97989
3, 98000
2, 98006
1, 98026
3, 98037
1, 98046
2, 98048
2, 98058
3, 98074
1, 98080
2, 98091
1, 98099
2, 98117
1, 98127
3, 98115
1, 98146
2, 98160
1, 98173
2, 98173
1, 98194
1, 98205
2, 98218
3, 98219
3, 98231
1, 98249
2, 98257
3, 98263
1, 98261
2, 98284
3, 98286
2, 98302
3, 98312
2, 98327
1, 98332
3, 98334
1, 98352
1, 98363
1, 98375
3, 98388
2, 98398
1, 98397
1, 98420
1, 98436
2, 98439
3, 98440
3, 98464
1, 98471
2, 98472
3, 98499
2, 98501
1, 98509
2, 98522
3, 98531
1, 98546
2, 98548
3, 98567
2, 98570
1, 98581
2, 98588
3, 98599
1, 98614
2, 98618
3, 98633
1, 98642
3, 98652
2, 98659
3, 98670
1, 98679
1, 98701
2, 98709
1, 98719
3, 98727
1, 98740
2, 98729
2, 98760
1, 98769
3, 98786
1, 98788
2, 98796
2, 98809
1, 98824
3, 98833
2, 98839
1, 98845
2, 98861
3, 98872
1, 98885
2, 98888
3, 98904
3, 98914
1, 98930
2, 98934
1, 98947
1, 98964
2, 98969
1, 98983
2, 98991
3, 98994
1, 99008
2, 99020
3, 99023
2, 99040
3, 99045
3, 99063
2, 99078
1, 99078
3, 99088
2, 99106
3, 99110
1, 99123
2, 99125
1, 99140
3, 99145
2, 99157
1, 99168
1, 99179
3, 99188
3, 99200
1, 99222
2, 99224
3, 99236
1, 99244
3, 99255
1, 99259
3, 99280
1, 99294
1, 99310
2, 99296
1, 99321
3, 99299
2, 99332
1, 99349
1, 99361
2, 99375
3, 99389
1, 99397
1, 99408
3, 99422
2, 99426
1, 99426
2, 99445
1, 99451
1, 99462
2, 99488
1, 99488
3, 99493
1, 99512
2, 99517
2, 99530
3, 99534
1, 99545
1, 99557
1, 99571
2, 99582
1, 99590
3, 99604
1, 99615
2, 99628
3, 99632
1, 99636
1, 99662
2, 99663
3, 99673
3, 99696
1, 99697
2, 99706
3, 99710
3, 99728
3, 99741
1, 99749
2, 99759
3, 99762
2, 99778
3, 99790
2, 99802
1, 99802
1, 99814
3, 99833
3, 99846
1, 99846
3, 99866
2, 99868
1, 99880
2, 99895
1, 99904
2, 99919
2, 99930
3, 99934
1, 99941
1, 99952
1, 99963
2, 99974
3, 99984
1, 99989
Reached max sequence count, exiting
