2, 10
2, 20
2, 30
2, 40
2, 50
2, 60
2, 70
2, 80
2, 90
2, 100
2, 110
2, 120
2, 130
2, 140
2, 150
1, 168
1, 179
1, 190
2, 198
1, 204
2, 217
1, 231
1, 242
1, 253
1, 264
2, 272
2, 288
3, 278
3, 311
2, 298
2, 331
2, 341
2, 351
1, 348
1, 372
1, 383
2, 361
1, 394
3, 410
3, 426
2, 416
3, 445
2, 455
1, 462
1, 473
1, 484
1, 498
3, 503
1, 512
2, 532
1, 535
2, 553
3, 553
2, 567
3, 581
2, 596
3, 598
1, 600
3, 609
3, 626
3, 637
3, 653
2, 657
2, 667
2, 677
2, 687
2, 697
1, 707
2, 713
2, 734
1, 735
2, 753
1, 757
2, 773
3, 773
3, 789
1, 804
1, 815
1, 826
1, 841
2, 845
3, 851
3, 861
3, 872
2, 885
3, 894
1, 899
3, 915
3, 925
3, 938
2, 943
3, 956
1, 962
2, 971
1, 986
3, 1000
2, 1003
3, 1025
1, 1026
2, 1049
1, 1051
3, 1059
3, 1069
2, 1079
2, 1100
3, 1098
2, 1115
1, 1119
1, 1139
3, 1144
3, 1158
2, 1160
3, 1172
1, 1181
2, 1189
3, 1206
2, 1209
2, 1234
1, 1233
2, 1247
3, 1250
1, 1256
2, 1274
3, 1287
2, 1297
2, 1307
1, 1294
3, 1321
1, 1328
3, 1346
2, 1354
1, 1364
3, 1372
1, 1385
1, 1404
3, 1414
2, 1423
3, 1425
2, 1441
1, 1446
3, 1455
1, 1473
1, 1494
3, 1478
2, 1483
3, 1519
2, 1522
1, 1540
1, 1552
3, 1558
2, 1562
3, 1575
2, 1586
1, 1597
3, 1603
2, 1620
3, 1622
3, 1647
1, 1648
3, 1664
2, 1668
3, 1682
1, 1685
2, 1690
3, 1719
1, 1717
2, 1725
2, 1735
2, 1748
3, 1755
2, 1765
3, 1789
2, 1793
1, 1786
3, 1807
2, 1825
1, 1828
3, 1832
1, 1855
2, 1861
3, 1869
1, 1876
3, 1891
2, 1909
1, 1911
1, 1925
3, 1939
2, 1942
3, 1958
1, 1967
1, 1979
3, 1991
2, 1991
3, 2018
2, 2020
1, 2016
1, 2042
3, 2050
2, 2064
3, 2071
1, 2068
1, 2097
3, 2097
3, 2121
2, 2124
1, 2126
2, 2137
3, 2152
2, 2164
2, 2174
1, 2185
3, 2189
2, 2202
1, 2207
1, 2218
3, 2241
1, 2244
3, 2255
2, 2263
3, 2278
1, 2284
3, 2289
3, 2313
2, 2313
1, 2328
3, 2331
2, 2355
3, 2357
3, 2369
1, 2374
2, 2382
2, 2405
3, 2409
2, 2425
1, 2426
3, 2433
3, 2454
2, 2454
2, 2477
3, 2478
1, 2491
3, 2501
2, 2515
3, 2522
3, 2532
1, 2548
3, 2558
2, 2565
3, 2579
1, 2582
3, 2592
2, 2599
1, 2609
3, 2623
2, 2629
3, 2648
3, 2663
2, 2666
1, 2671
3, 2677
2, 2692
3, 2708
2, 2720
1, 2721
2, 2732
3, 2746
3, 2760
1, 2761
3, 2774
3, 2784
3, 2809
1, 2791
3, 2819
3, 2831
2, 2799
1, 2855
3, 2857
2, 2868
1, 2880
2, 2891
3, 2897
1, 2906
3, 2920
1, 2936
2, 2941
2, 2961
1, 2964
3, 2974
2, 2976
3, 2993
1, 3004
2, 3016
3, 3021
1, 3034
2, 3037
3, 3060
2, 3066
1, 3072
3, 3090
2, 3095
1, 3108
3, 3112
3, 3138
1, 3139
2, 3145
3, 3163
1, 3166
2, 3170
3, 3197
2, 3200
1, 3203
3, 3224
2, 3228
1, 3245
2, 3248
3, 3261
1, 3269
2, 3279
2, 3299
1, 3303
3, 3304
1, 3330
2, 3333
3, 3343
1, 3359
2, 3362
3, 3366
2, 3386
1, 3395
3, 3403
2, 3419
3, 3421
3, 3446
2, 3446
1, 3451
2, 3464
1, 3477
3, 3491
2, 3493
2, 3504
1, 3519
2, 3526
1, 3539
2, 3556
3, 3558
1, 3573
2, 3577
3, 3588
3, 3599
2, 3612
1, 3616
3, 3626
3, 3640
2, 3648
1, 3655
1, 3666
1, 3691
1, 3702
2, 3708
1, 3723
3, 3724
2, 3740
1, 3745
3, 3762
2, 3773
3, 3785
1, 3787
1, 3798
2, 3811
1, 3825
3, 3828
2, 3845
3, 3849
1, 3862
2, 3871
1, 3884
3, 3894
1, 3905
2, 3914
1, 3926
3, 3926
2, 3952
2, 3962
1, 3964
2, 3984
3, 3985
1, 4001
2, 4002
2, 4028
1, 4029
3, 4028
3, 4051
2, 4059
1, 4069
3, 4076
2, 4096
3, 4096
1, 4113
1, 4132
3, 4116
1, 4143
2, 4121
3, 4162
1, 4173
3, 4187
1, 4192
2, 4202
3, 4210
2, 4224
1, 4235
2, 4248
2, 4259
3, 4269
2, 4277
1, 4289
3, 4292
2, 4310
1, 4310
3, 4324
1, 4331
2, 4346
3, 4362
1, 4366
2, 4374
2, 4384
3, 4399
2, 4413
1, 4421
3, 4424
1, 4444
2, 4455
3, 4462
1, 4474
2, 4478
3, 4497
2, 4499
3, 4515
2, 4522
1, 4535
1, 4546
3, 4551
1, 4564
3, 4578
1, 4582
2, 4592
2, 4602
3, 4619
1, 4623
3, 4643
2, 4647
1, 4656
2, 4667
3, 4669
2, 4694
1, 4696
3, 4701
3, 4711
3, 4721
3, 4735
2, 4754
3, 4754
2, 4770
1, 4786
3, 4790
2, 4798
1, 4804
3, 4820
1, 4825
2, 4846
3, 4846
1, 4859
2, 4881
1, 4884
3, 4885
1, 4902
3, 4920
2, 4920
3, 4939
1, 4939
3, 4955
2, 4971
1, 4979
1, 4990
3, 5004
3, 5014
1, 5027
1, 5039
2, 5039
3, 5051
2, 5067
1, 5068
3, 5082
1, 5087
1, 5098
2, 5110
1, 5126
3, 5137
1, 5146
2, 5158
3, 5163
1, 5178
1, 5189
2, 5198
1, 5210
3, 5215
3, 5225
2, 5237
2, 5247
3, 5252
1, 5276
3, 5278
2, 5290
3, 5299
1, 5304
2, 5322
1, 5328
2, 5340
3, 5351
3, 5362
2, 5376
3, 5380
1, 5388
1, 5399
3, 5407
3, 5424
2, 5424
2, 5455
1, 5435
2, 5465
3, 5445
1, 5484
2, 5501
1, 5515
3, 5516
2, 5526
1, 5541
1, 5552
2, 5561
3, 5567
2, 5587
3, 5589
1, 5594
2, 5602
3, 5622
1, 5623
2, 5648
3, 5653
1, 5659
3, 5672
2, 5686
3, 5689
1, 5705
2, 5708
2, 5731
1, 5733
3, 5745
1, 5757
2, 5759
3, 5779
2, 5781
1, 5797
3, 5805
2, 5813
2, 5823
1, 5838
3, 5845
2, 5853
3, 5863
1, 5883
3, 5889
2, 5895
1, 5901
1, 5921
3, 5928
3, 5938
2, 5946
3, 5968
1, 5971
2, 5969
1, 5990
3, 6003
2, 6006
2, 6016
1, 6027
2, 6049
2, 6059
1, 6065
3, 6073
2, 6088
3, 6098
1, 6100
2, 6105
3, 6133
2, 6134
1, 6143
3, 6152
2, 6169
1, 6180
3, 6184
1, 6200
2, 6187
1, 6222
3, 6228
2, 6229
1, 6245
3, 6258
1, 6274
1, 6285
1, 6297
2, 6306
3, 6306
1, 6320
2, 6330
1, 6339
2, 6355
3, 6369
1, 6372
2, 6382
3, 6393
2, 6402
1, 6420
3, 6421
2, 6435
2, 6445
3, 6453
3, 6465
1, 6484
3, 6487
2, 6493
1, 6506
3, 6524
3, 6535
2, 6535
1, 6554
3, 6560
2, 6560
3, 6578
1, 6586
2, 6595
1, 6609
3, 6614
3, 6637
1, 6637
2, 6651
3, 6664
2, 6679
3, 6681
1, 6690
3, 6706
2, 6714
1, 6716
3, 6744
2, 6742
1, 6756
1, 6777
3, 6758
1, 6788
2, 6766
3, 6806
3, 6826
2, 6825
1, 6834
3, 6845
2, 6858
2, 6868
2, 6885
1, 6892
1, 6903
3, 6908
3, 6927
2, 6925
3, 6941
3, 6952
1, 6962
2, 6968
3, 6983
3, 6993
3, 7012
2, 7010
2, 7023
1, 7026
2, 7035
1, 7051
2, 7069
1, 7073
3, 7081
3, 7091
2, 7112
3, 7116
1, 7112
3, 7136
2, 7149
3, 7152
1, 7163
3, 7177
2, 7178
3, 7201
1, 7206
2, 7209
1, 7225
3, 7244
1, 7250
2, 7241
1, 7275
3, 7281
2, 7289
1, 7293
3, 7314
2, 7318
3, 7333
3, 7344
1, 7352
2, 7359
2, 7370
3, 7382
2, 7389
1, 7408
2, 7410
3, 7416
3, 7440
2, 7445
1, 7454
3, 7461
3, 7473
1, 7486
3, 7498
2, 7499
3, 7517
2, 7519
3, 7540
3, 7551
1, 7559
2, 7567
3, 7569
2, 7588
1, 7602
1, 7613
3, 7615
3, 7625
2, 7634
3, 7650
1, 7657
2, 7661
1, 7679
2, 7689
3, 7699
2, 7711
1, 7720
2, 7742
1, 7742
3, 7748
2, 7757
1, 7780
3, 7780
2, 7797
2, 7809
3, 7812
1, 7821
1, 7832
3, 7841
3, 7855
2, 7865
1, 7869
3, 7885
1, 7889
3, 7914
1, 7916
3, 7929
2, 7943
1, 7943
1, 7957
3, 7972
3, 7983
1, 7992
2, 8001
2, 8012
3, 8026
2, 8027
2, 8051
2, 8061
3, 8064
2, 8076
2, 8093
1, 8077
2, 8103
3, 8083
2, 8118
1, 8132
2, 8143
3, 8145
1, 8165
2, 8168
1, 8187
1, 8198
2, 8214
1, 8217
3, 8222
2, 8238
1, 8244
1, 8255
2, 8267
1, 8281
3, 8287
2, 8298
3, 8309
2, 8325
3, 8327
2, 8347
1, 8347
3, 8355
3, 8365
3, 8385
1, 8385
3, 8402
1, 8419
2, 8421
3, 8437
2, 8445
1, 8446
2, 8462
1, 8469
3, 8495
2, 8496
1, 8506
1, 8517
2, 8534
3, 8534
1, 8551
3, 8562
3, 8572
2, 8574
1, 8590
3, 8600
1, 8613
2, 8616
1, 8633
3, 8636
2, 8657
1, 8665
3, 8666
2, 8687
1, 8689
1, 8700
3, 8705
3, 8719
2, 8742
3, 8746
1, 8756
3, 8757
1, 8775
2, 8788
1, 8797
3, 8805
1, 8812
1, 8833
2, 8834
3, 8852
1, 8856
3, 8875
2, 8879
1, 8899
3, 8900
2, 8915
1, 8922
3, 8927
1, 8944
2, 8958
3, 8966
1, 8974
1, 8985
3, 8994
2, 8998
3, 9013
1, 9020
1, 9034
3, 9049
1, 9060
2, 9074
3, 9080
2, 9091
1, 9074
2, 9110
3, 9118
1, 9132
2, 9140
1, 9151
2, 9163
1, 9173
3, 9161
1, 9197
3, 9198
1, 9220
2, 9220
3, 9237
1, 9246
2, 9252
1, 9265
3, 9278
2, 9288
1, 9291
2, 9308
3, 9318
1, 9332
3, 9343
2, 9350
3, 9364
2, 9373
3, 9383
1, 9386
2, 9397
2, 9421
3, 9405
2, 9431
2, 9441
1, 9411
3, 9462
2, 9479
1, 9481
3, 9492
2, 9505
1, 9511
3, 9514
1, 9540
2, 9541
3, 9554
2, 9562
1, 9580
3, 9581
2, 9598
1, 9606
2, 9617
3, 9615
3, 9637
2, 9644
1, 9655
3, 9666
1, 9674
2, 9680
2, 9700
3, 9716
2, 9719
1, 9720
1, 9731
1, 9755
2, 9758
3, 9767
3, 9782
1, 9786
3, 9798
2, 9812
3, 9819
3, 9841
2, 9844
3, 9858
1, 9860
1, 9871
3, 9882
2, 9889
3, 9900
1, 9911
2, 9922
3, 9931
1, 9939
2, 9959
1, 9961
2, 9976
1, 9990
2, 10003
1, 10009
3, 10011
1, 10034
3, 10039
3, 10052
3, 10065
2, 10065
1, 10075
1, 10087
2, 10104
2, 10120
1, 10122
2, 10133
3, 10131
2, 10153
2, 10163
1, 10179
3, 10181
1, 10195
2, 10197
3, 10220
1, 10221
2, 10239
1, 10249
3, 10251
3, 10269
2, 10279
1, 10289
1, 10300
3, 10305
2, 10311
3, 10328
1, 10339
2, 10348
1, 10360
1, 10372
3, 10377
3, 10398
2, 10404
3, 10417
1, 10422
1, 10433
2, 10435
2, 10454
3, 10463
2, 10476
1, 10483
2, 10491
3, 10510
2, 10514
1, 10531
3, 10538
2, 10546
1, 10559
3, 10561
2, 10574
2, 10584
3, 10603
1, 10606
1, 10617
2, 10623
1, 10639
1, 10661
2, 10647
1, 10672
3, 10650
1, 10690
2, 10693
3, 10708
3, 10720
1, 10733
2, 10740
1, 10761
3, 10765
2, 10772
1, 10783
2, 10795
3, 10801
2, 10822
1, 10825
3, 10836
2, 10837
3, 10856
1, 10862
3, 10875
2, 10881
3, 10897
1, 10910
2, 10914
3, 10923
1, 10938
2, 10958
3, 10958
1, 10977
2, 10978
3, 10989
1, 10993
3, 11011
2, 11025
1, 11025
2, 11042
3, 11053
1, 11062
2, 11066
3, 11088
1, 11090
2, 11109
3, 11115
2, 11128
1, 11136
2, 11144
3, 11152
2, 11165
1, 11180
3, 11190
3, 11200
2, 11203
3, 11216
1, 11232
3, 11236
1, 11254
2, 11254
3, 11268
3, 11279
1, 11286
3, 11303
2, 11305
1, 11324
3, 11328
2, 11340
1, 11352
2, 11367
3, 11378
2, 11386
1, 11394
1, 11406
3, 11407
2, 11416
2, 11426
3, 11445
2, 11450
3, 11466
1, 11464
3, 11488
2, 11497
1, 11499
2, 11508
2, 11529
1, 11530
3, 11547
2, 11560
1, 11561
2, 11572
3, 11585
3, 11605
2, 11611
1, 11610
2, 11627
2, 11649
1, 11647
3, 11656
3, 11678
3, 11688
2, 11688
1, 11701
2, 11710
3, 11716
2, 11729
1, 11734
1, 11752
3, 11764
1, 11766
3, 11784
2, 11794
1, 11804
3, 11814
3, 11836
2, 11816
3, 11846
1, 11826
2, 11870
2, 11881
1, 11890
1, 11902
2, 11908
3, 11914
1, 11934
1, 11946
2, 11948
3, 11959
1, 11970
2, 11973
3, 11991
1, 11993
2, 12015
1, 12024
1, 12036
3, 12037
2, 12056
3, 12069
1, 12070
2, 12088
1, 12096
3, 12104
2, 12120
3, 12124
3, 12146
3, 12156
1, 12156
3, 12170
2, 12175
1, 12180
3, 12203
1, 12205
2, 12224
3, 12225
1, 12241
3, 12245
2, 12255
3, 12274
1, 12274
1, 12292
2, 12299
1, 12311
1, 12323
3, 12336
2, 12343
3, 12347
2, 12365
3, 12376
1, 12377
2, 12396
3, 12407
1, 12411
3, 12424
1, 12437
2, 12450
3, 12454
1, 12468
2, 12473
2, 12488
1, 12504
3, 12512
2, 12513
1, 12530
3, 12540
2, 12545
1, 12560
2, 12565
3, 12589
1, 12589
3, 12600
2, 12614
3, 12616
1, 12633
2, 12642
3, 12648
3, 12658
3, 12675
2, 12680
1, 12693
2, 12701
3, 12710
1, 12717
2, 12733
3, 12747
1, 12748
3, 12770
1, 12782
1, 12794
2, 12794
1, 12811
2, 12823
2, 12834
3, 12834
2, 12851
1, 12854
3, 12860
1, 12881
2, 12882
3, 12900
3, 12913
1, 12915
2, 12922
1, 12946
3, 12950
1, 12968
3, 12973
2, 12980
2, 13005
3, 12987
3, 13025
1, 12995
3, 13035
3, 13048
2, 13015
1, 13061
1, 13072
3, 13096
1, 13096
3, 13108
3, 13118
2, 13103
3, 13139
1, 13148
2, 13162
1, 13168
3, 13171
3, 13191
2, 13194
3, 13207
1, 13226
2, 13228
3, 13239
2, 13246
1, 13259
2, 13271
2, 13282
3, 13291
2, 13299
3, 13313
2, 13322
1, 13324
3, 13339
2, 13357
3, 13360
2, 13379
3, 13381
1, 13387
3, 13413
1, 13415
2, 13413
3, 13439
1, 13443
2, 13447
1, 13464
3, 13477
2, 13492
1, 13493
3, 13512
3, 13522
2, 13524
2, 13534
1, 13546
2, 13549
1, 13571
3, 13578
2, 13587
3, 13608
1, 13610
3, 13627
1, 13631
2, 13634
3, 13652
1, 13656
2, 13666
3, 13689
2, 13690
1, 13703
2, 13714
2, 13725
3, 13732
2, 13737
3, 13755
2, 13772
1, 13782
2, 13783
1, 13794
3, 13801
3, 13821
2, 13829
1, 13839
2, 13848
2, 13859
3, 13860
2, 13877
1, 13884
3, 13890
1, 13913
3, 13917
2, 13919
3, 13944
2, 13949
1, 13962
2, 13976
3, 13981
1, 13979
3, 13996
2, 14009
3, 14015
2, 14033
1, 14046
3, 14054
3, 14064
2, 14067
3, 14077
2, 14093
1, 14100
1, 14111
3, 14116
3, 14127
3, 14147
1, 14153
1, 14176
2, 14157
3, 14165
3, 14201
1, 14201
2, 14208
2, 14227
1, 14234
3, 14244
2, 14263
1, 14264
3, 14279
2, 14288
3, 14302
1, 14309
1, 14320
2, 14327
3, 14333
1, 14357
3, 14362
2, 14367
3, 14376
2, 14395
1, 14407
3, 14408
2, 14424
3, 14428
1, 14447
2, 14454
2, 14465
3, 14472
2, 14485
1, 14495
3, 14501
2, 14513
3, 14517
2, 14541
1, 14542
1, 14553
3, 14567
2, 14581
3, 14589
2, 14603
3, 14611
1, 14615
1, 14626
2, 14637
1, 14643
2, 14664
3, 14664
2, 14681
1, 14684
3, 14695
3, 14717
2, 14724
3, 14730
1, 14745
2, 14756
1, 14763
3, 14764
3, 14774
3, 14791
2, 14799
1, 14816
3, 14819
2, 14835
1, 14837
2, 14854
1, 14861
3, 14882
2, 14882
3, 14899
1, 14906
2, 14909
1, 14923
3, 14946
1, 14947
2, 14961
3, 14964
1, 14981
1, 14992
3, 14998
2, 15020
1, 15022
3, 15020
3, 15046
2, 15056
3, 15063
1, 15072
2, 15089
3, 15090
1, 15104
2, 15109
3, 15128
1, 15136
2, 15148
3, 15156
1, 15157
2, 15176
1, 15193
1, 15204
3, 15206
3, 15216
2, 15221
3, 15233
2, 15245
1, 15253
1, 15264
3, 15270
3, 15295
1, 15295
1, 15307
3, 15325
2, 15332
2, 15353
3, 15336
2, 15363
1, 15343
2, 15377
3, 15389
2, 15397
3, 15410
1, 15430
2, 15430
3, 15434
3, 15455
2, 15471
3, 15473
1, 15487
2, 15489
3, 15511
2, 15515
1, 15516
2, 15541
1, 15541
1, 15563
2, 15568
1, 15584
3, 15585
2, 15592
2, 15602
1, 15615
1, 15633
3, 15644
2, 15647
3, 15664
1, 15665
3, 15680
2, 15691
3, 15698
1, 15708
3, 15721
2, 15735
3, 15739
1, 15752
2, 15761
1, 15773
2, 15789
3, 15792
1, 15808
2, 15818
3, 15818
2, 15839
1, 15852
3, 15852
2, 15871
3, 15878
1, 15879
3, 15902
2, 15908
1, 15926
3, 15926
2, 15940
3, 15951
1, 15958
2, 15962
1, 15978
2, 15997
2, 16009
1, 16010
3, 16017
2, 16023
1, 16046
2, 16050
3, 16068
1, 16068
2, 16081
2, 16092
3, 16111
1, 16113
3, 16132
2, 16136
1, 16136
2, 16153
1, 16168
2, 16179
1, 16188
3, 16192
3, 16212
1, 16223
1, 16234
2, 16236
2, 16246
2, 16261
3, 16264
1, 16279
3, 16289
1, 16302
3, 16315
2, 16315
3, 16333
1, 16337
3, 16350
2, 16364
3, 16379
1, 16379
2, 16395
3, 16397
2, 16418
1, 16428
3, 16430
2, 16446
1, 16458
3, 16469
1, 16478
2, 16479
3, 16504
2, 16504
2, 16528
3, 16516
2, 16538
1, 16518
3, 16560
1, 16567
2, 16577
1, 16596
3, 16597
1, 16616
2, 16622
3, 16622
1, 16645
3, 16652
2, 16658
1, 16671
2, 16677
1, 16696
1, 16707
3, 16715
1, 16728
2, 16737
3, 16747
1, 16756
3, 16768
2, 16775
3, 16789
2, 16797
1, 16800
3, 16825
2, 16828
1, 16835
3, 16846
1, 16862
2, 16863
3, 16888
1, 16888
3, 16899
2, 16905
1, 16918
2, 16934
1, 16944
3, 16945
1, 16963
3, 16969
3, 16991
1, 16991
2, 17006
3, 17011
1, 17022
2, 17036
1, 17043
2, 17057
3, 17068
3, 17080
1, 17082
2, 17090
1, 17105
3, 17115
2, 17119
1, 17148
2, 17150
3, 17156
2, 17179
1, 17179
2, 17196
2, 17206
3, 17208
2, 17222
1, 17224
1, 17236
3, 17251
2, 17263
2, 17273
3, 17291
3, 17303
1, 17304
2, 17314
3, 17316
1, 17342
3, 17344
2, 17353
1, 17359
1, 17385
3, 17387
2, 17401
1, 17401
3, 17414
1, 17425
1, 17436
2, 17449
1, 17464
2, 17471
2, 17488
3, 17484
2, 17504
1, 17506
3, 17524
1, 17527
2, 17553
3, 17552
1, 17555
1, 17583
2, 17583
3, 17591
3, 17603
2, 17619
3, 17620
3, 17640
2, 17647
1, 17650
3, 17661
2, 17685
2, 17697
3, 17686
3, 17717
1, 17687
3, 17727
2, 17707
1, 17751
2, 17754
3, 17763
1, 17775
2, 17792
3, 17792
2, 17808
3, 17818
3, 17837
2, 17839
1, 17840
2, 17867
1, 17871
3, 17866
1, 17892
2, 17892
3, 17911
3, 17927
1, 17935
2, 17936
1, 17959
2, 17961
3, 17974
1, 17981
2, 17987
3, 18001
2, 18020
1, 18021
3, 18036
2, 18041
3, 18056
2, 18071
1, 18075
3, 18082
2, 18089
3, 18114
2, 18120
1, 18123
1, 18134
3, 18156
1, 18158
1, 18171
2, 18171
1, 18188
3, 18203
1, 18209
1, 18220
3, 18241
1, 18249
2, 18249
3, 18260
1, 18283
2, 18285
3, 18294
2, 18301
3, 18319
1, 18334
2, 18336
3, 18350
2, 18356
1, 18361
2, 18370
2, 18391
3, 18406
1, 18411
2, 18419
3, 18420
1, 18440
3, 18441
3, 18464
2, 18468
1, 18482
2, 18490
3, 18493
1, 18512
3, 18515
2, 18533
3, 18547
1, 18555
2, 18555
1, 18573
2, 18587
3, 18587
1, 18606
2, 18610
2, 18627
3, 18626
2, 18653
1, 18656
3, 18672
1, 18676
2, 18684
3, 18689
2, 18705
2, 18724
3, 18726
3, 18741
1, 18746
2, 18751
3, 18765
1, 18776
3, 18793
2, 18802
3, 18811
1, 18813
1, 18824
3, 18834
2, 18841
3, 18862
1, 18852
3, 18883
2, 18885
2, 18906
3, 18914
2, 18924
1, 18927
3, 18942
2, 18945
2, 18970
1, 18971
3, 18977
3, 18999
1, 19003
2, 19022
1, 19025
3, 19027
2, 19053
3, 19059
1, 19064
2, 19083
1, 19086
3, 19103
1, 19109
2, 19103
1, 19131
3, 19147
1, 19149
2, 19166
3, 19166
2, 19187
1, 19189
2, 19204
3, 19208
1, 19223
3, 19230
2, 19235
3, 19255
2, 19263
1, 19276
1, 19287
2, 19297
3, 19297
2, 19312
3, 19332
1, 19332
3, 19354
1, 19356
2, 19357
1, 19375
3, 19380
3, 19399
1, 19403
2, 19413
2, 19423
3, 19440
2, 19443
2, 19463
3, 19469
1, 19473
2, 19493
3, 19496
2, 19511
1, 19519
3, 19526
2, 19542
1, 19547
3, 19554
1, 19577
3, 19577
2, 19591
1, 19597
2, 19621
1, 19632
2, 19632
3, 19647
3, 19657
2, 19669
1, 19672
2, 19689
1, 19699
3, 19706
2, 19707
1, 19731
2, 19736
3, 19745
1, 19752
2, 19771
2, 19782
3, 19795
2, 19799
1, 19802
3, 19824
2, 19826
1, 19837
3, 19857
1, 19862
2, 19862
1, 19877
1, 19889
3, 19905
2, 19906
1, 19920
3, 19939
2, 19943
2, 19957
1, 19965
2, 19974
3, 19984
1, 19996
1, 20008
3, 20017
2, 20021
2, 20049
1, 20037
2, 20059
2, 20071
3, 20039
1, 20087
3, 20103
2, 20114
3, 20124
1, 20128
3, 20139
2, 20149
3, 20161
2, 20175
2, 20186
1, 20188
3, 20196
1, 20209
3, 20230
1, 20231
2, 20239
1, 20252
2, 20267
3, 20274
1, 20278
2, 20286
3, 20303
3, 20321
1, 20326
2, 20329
3, 20339
3, 20354
2, 20370
1, 20367
3, 20389
2, 20389
3, 20411
1, 20415
2, 20423
2, 20434
2, 20452
3, 20458
1, 20463
2, 20470
1, 20490
3, 20493
3, 20513
1, 20523
1, 20535
2, 20538
2, 20557
1, 20560
3, 20564
2, 20590
3, 20596
1, 20596
3, 20609
1, 20632
2, 20634
2, 20644
3, 20647
3, 20668
3, 20679
2, 20691
1, 20691
3, 20709
2, 20715
3, 20730
1, 20736
2, 20744
2, 20758
3, 20767
1, 20772
3, 20796
2, 20798
3, 20812
1, 20819
2, 20827
3, 20832
2, 20851
1, 20855
2, 20866
3, 20881
3, 20893
1, 20906
2, 20906
3, 20917
3, 20933
1, 20933
3, 20950
3, 20970
2, 20970
1, 20983
3, 20995
1, 20995
3, 21013
1, 21028
3, 21035
2, 21045
3, 21051
1, 21061
3, 21069
1, 21091
2, 21095
1, 21109
3, 21114
2, 21131
1, 21133
2, 21148
3, 21153
2, 21173
3, 21180
1, 21183
1, 21194
1, 21223
3, 21206
1, 21234
2, 21212
1, 21251
1, 21264
3, 21274
2, 21276
2, 21288
1, 21313
1, 21325
3, 21326
2, 21338
3, 21357
1, 21357
3, 21372
2, 21372
3, 21385
1, 21403
2, 21407
1, 21426
3, 21428
2, 21437
1, 21443
2, 21465
1, 21469
2, 21481
1, 21497
1, 21508
3, 21513
3, 21523
2, 21529
3, 21539
1, 21555
3, 21564
2, 21570
3, 21580
1, 21596
2, 21607
1, 21616
3, 21622
3, 21643
2, 21644
2, 21660
3, 21666
1, 21686
1, 21699
2, 21699
2, 21710
3, 21711
2, 21722
2, 21744
3, 21757
2, 21761
1, 21762
1, 21774
3, 21797
1, 21800
1, 21812
2, 21824
3, 21826
1, 21837
3, 21847
2, 21864
3, 21882
2, 21887
1, 21894
2, 21897
3, 21915
1, 21929
3, 21933
2, 21945
1, 21960
3, 21971
2, 21964
1, 21985
3, 21998
1, 22007
2, 22027
3, 22029
1, 22039
2, 22044
1, 22059
2, 22078
3, 22086
1, 22080
2, 22097
2, 22107
3, 22120
2, 22141
1, 22143
3, 22153
2, 22156
2, 22177
1, 22179
3, 22185
1, 22205
2, 22213
3, 22218
2, 22241
3, 22244
1, 22251
2, 22267
1, 22282
3, 22285
2, 22295
2, 22310
3, 22322
1, 22331
2, 22332
3, 22352
1, 22355
1, 22367
3, 22383
3, 22402
2, 22387
3, 22412
1, 22392
3, 22428
1, 22448
3, 22452
2, 22467
3, 22470
1, 22486
3, 22491
2, 22501
3, 22507
3, 22518
1, 22540
1, 22553
2, 22553
3, 22566
1, 22577
2, 22587
3, 22590
2, 22611
3, 22616
1, 22627
2, 22636
3, 22650
2, 22656
1, 22663
3, 22672
3, 22691
2, 22705
2, 22716
1, 22715
3, 22734
2, 22739
2, 22752
2, 22762
2, 22772
3, 22784
1, 22785
3, 22797
3, 22812
1, 22822
2, 22825
1, 22840
2, 22854
1, 22860
2, 22878
1, 22885
1, 22896
3, 22914
1, 22916
2, 22920
1, 22933
2, 22951
3, 22959
1, 22970
2, 22974
1, 22991
3, 22994
3, 23018
2, 23015
3, 23035
1, 23036
3, 23049
2, 23054
3, 23064
2, 23078
3, 23097
2, 23104
3, 23111
1, 23115
3, 23124
2, 23141
1, 23152
1, 23164
3, 23164
1, 23181
3, 23200
2, 23204
1, 23206
2, 23228
3, 23240
3, 23250
1, 23255
2, 23259
2, 23284
3, 23286
2, 23302
1, 23302
2, 23315
2, 23325
1, 23335
3, 23348
1, 23350
3, 23380
2, 23381
2, 23391
1, 23387
2, 23405
2, 23424
1, 23430
2, 23441
3, 23448
2, 23461
1, 23471
2, 23487
1, 23493
3, 23507
3, 23517
2, 23520
3, 23530
1, 23544
1, 23566
2, 23550
1, 23577
3, 23555
1, 23596
2, 23608
3, 23615
1, 23637
3, 23637
2, 23647
3, 23660
1, 23674
2, 23679
3, 23692
2, 23701
1, 23702
3, 23729
1, 23732
3, 23748
1, 23756
1, 23768
2, 23768
1, 23784
3, 23791
2, 23803
2, 23816
3, 23820
1, 23831
2, 23852
3, 23855
2, 23873
1, 23874
3, 23884
2, 23898
3, 23908
1, 23924
3, 23927
2, 23937
3, 23946
2, 23966
3, 23966
1, 23972
3, 23994
2, 23994
1, 24010
2, 24012
1, 24031
3, 24048
1, 24051
2, 24052
1, 24068
3, 24089
2, 24090
3, 24106
2, 24113
1, 24115
2, 24132
1, 24147
3, 24155
1, 24171
3, 24178
2, 24178
3, 24195
2, 24207
1, 24222
2, 24224
3, 24238
1, 24239
2, 24264
3, 24265
1, 24282
3, 24291
2, 24297
1, 24301
3, 24320
1, 24331
2, 24342
3, 24343
2, 24360
1, 24369
3, 24382
1, 24392
2, 24400
2, 24413
1, 24423
3, 24430
2, 24440
3, 24454
1, 24471
2, 24471
3, 24483
3, 24504
2, 24507
1, 24508
1, 24519
1, 24536
2, 24546
3, 24555
2, 24574
1, 24575
2, 24592
1, 24597
2, 24618
1, 24621
3, 24623
1, 24643
1, 24655
2, 24659
1, 24670
3, 24687
2, 24689
2, 24700
2, 24719
1, 24723
2, 24735
3, 24727
2, 24764
1, 24765
1, 24777
3, 24777
1, 24794
3, 24813
1, 24816
2, 24831
1, 24836
3, 24843
1, 24857
2, 24871
3, 24888
1, 24890
1, 24901
2, 24909
1, 24919
3, 24935
1, 24940
2, 24952
3, 24965
1, 24969
2, 24979
3, 25000
2, 25005
1, 25013
2, 25027
3, 25033
2, 25055
3, 25055
1, 25070
2, 25080
3, 25094
1, 25099
1, 25110
2, 25116
3, 25126
3, 25138
1, 25144
2, 25156
3, 25165
1, 25181
2, 25191
3, 25196
3, 25219
2, 25220
3, 25239
2, 25240
3, 25255
1, 25265
2, 25266
3, 25282
1, 25286
2, 25305
1, 25313
3, 25316
3, 25341
1, 25350
2, 25350
1, 25369
3, 25370
2, 25394
3, 25397
2, 25416
3, 25418
3, 25428
1, 25440
2, 25444
1, 25464
3, 25471
2, 25475
1, 25496
3, 25502
2, 25507
3, 25525
1, 25527
2, 25545
1, 25550
3, 25557
2, 25578
3, 25578
1, 25588
3, 25605
1, 25617
2, 25619
2, 25640
1, 25640
3, 25656
1, 25664
2, 25679
3, 25690
1, 25697
2, 25695
2, 25727
3, 25726
1, 25733
1, 25745
3, 25764
1, 25769
2, 25782
1, 25791
3, 25798
2, 25803
2, 25817
2, 25827
2, 25844
1, 25848
3, 25853
1, 25868
2, 25890
3, 25890
1, 25903
1, 25925
3, 25911
1, 25936
2, 25914
1, 25958
1, 25969
3, 25973
1, 25992
2, 25995
3, 26008
1, 26013
3, 26031
2, 26037
1, 26053
3, 26057
2, 26071
1, 26085
2, 26087
3, 26098
1, 26110
3, 26126
3, 26136
2, 26141
1, 26155
2, 26167
1, 26181
3, 26181
2, 26193
3, 26206
1, 26213
1, 26225
2, 26237
3, 26243
3, 26254
1, 26268
3, 26275
2, 26289
2, 26299
1, 26313
3, 26316
2, 26331
3, 26339
1, 26341
2, 26360
3, 26366
1, 26379
3, 26387
1, 26404
2, 26408
3, 26419
1, 26429
3, 26441
2, 26457
1, 26461
3, 26464
1, 26483
2, 26503
1, 26506
3, 26506
1, 26533
3, 26535
2, 26551
1, 26558
3, 26562
2, 26577
1, 26582
3, 26595
2, 26611
3, 26624
1, 26624
2, 26640
3, 26652
3, 26662
1, 26665
2, 26684
3, 26687
1, 26707
2, 26710
3, 26722
1, 26741
1, 26752
2, 26757
3, 26764
1, 26779
2, 26780
1, 26797
2, 26804
3, 26823
1, 26826
2, 26838
1, 26852
3, 26854
2, 26867
1, 26874
3, 26891
2, 26892
1, 26912
2, 26920
3, 26931
1, 26933
3, 26952
1, 26964
3, 26968
1, 26989
2, 26989
3, 26999
1, 27013
2, 27022
3, 27024
3, 27046
2, 27051
1, 27069
3, 27075
2, 27075
2, 27106
1, 27091
2, 27116
3, 27096
2, 27133
1, 27140
3, 27155
2, 27170
3, 27177
2, 27190
1, 27191
3, 27216
2, 27216
3, 27231
1, 27237
2, 27241
3, 27262
2, 27276
1, 27276
3, 27288
1, 27302
2, 27308
3, 27323
1, 27325
2, 27339
3, 27349
1, 27359
2, 27373
3, 27384
1, 27393
3, 27394
1, 27414
3, 27415
1, 27438
2, 27439
3, 27463
3, 27473
1, 27474
1, 27485
2, 27497
1, 27499
2, 27512
2, 27522
2, 27532
3, 27542
3, 27559
1, 27570
3, 27576
2, 27591
3, 27599
1, 27607
2, 27619
1, 27629
3, 27638
2, 27655
3, 27657
3, 27677
2, 27677
3, 27693
1, 27693
1, 27720
3, 27722
2, 27732
1, 27751
3, 27755
3, 27767
3, 27777
3, 27787
3, 27803
1, 27807
2, 27807
1, 27826
3, 27831
2, 27854
1, 27856
2, 27865
2, 27875
2, 27894
1, 27899
1, 27910
2, 27929
1, 27929
3, 27934
3, 27944
2, 27957
1, 27969
2, 27992
1, 27993
1, 28004
3, 28004
1, 28024
2, 28028
2, 28048
3, 28052
2, 28074
1, 28076
3, 28086
2, 28086
3, 28113
1, 28116
2, 28124
1, 28137
3, 28155
2, 28155
3, 28171
1, 28181
2, 28184
1, 28202
3, 28212
2, 28212
1, 28233
3, 28241
2, 28245
2, 28272
1, 28253
2, 28282
3, 28262
2, 28304
1, 28312
3, 28325
1, 28334
2, 28336
2, 28356
1, 28367
2, 28379
3, 28390
2, 28395
2, 28406
1, 28412
3, 28433
1, 28434
2, 28449
1, 28455
2, 28471
1, 28480
3, 28481
1, 28499
3, 28512
1, 28523
2, 28526
1, 28546
3, 28547
1, 28568
3, 28573
2, 28575
3, 28602
1, 28604
2, 28615
3, 28631
1, 28632
2, 28637
1, 28654
3, 28666
1, 28682
3, 28685
3, 28699
2, 28703
3, 28726
2, 28726
1, 28735
3, 28750
1, 28754
2, 28770
3, 28783
1, 28787
2, 28795
2, 28817
1, 28824
3, 28824
1, 28844
2, 28846
1, 28866
2, 28875
3, 28875
3, 28897
1, 28897
2, 28915
3, 28928
3, 28938
1, 28938
3, 28962
1, 28964
2, 28966
1, 28979
1, 28990
1, 29006
2, 29022
3, 29022
3, 29033
1, 29045
1, 29056
2, 29076
1, 29077
3, 29088
3, 29100
2, 29111
3, 29119
1, 29136
3, 29139
2, 29158
1, 29159
2, 29174
3, 29180
1, 29194
3, 29206
2, 29211
3, 29229
2, 29229
1, 29242
3, 29257
2, 29264
1, 29272
2, 29286
3, 29300
2, 29303
3, 29319
1, 29322
2, 29331
3, 29352
2, 29355
2, 29377
1, 29378
3, 29381
2, 29398
3, 29416
2, 29416
1, 29424
1, 29451
3, 29432
1, 29462
2, 29440
3, 29480
1, 29487
2, 29505
3, 29507
3, 29530
2, 29531
3, 29550
2, 29553
1, 29559
2, 29572
3, 29577
2, 29595
1, 29606
3, 29607
3, 29628
2, 29636
1, 29637
1, 29662
3, 29666
2, 29681
1, 29689
1, 29700
3, 29715
2, 29715
1, 29727
3, 29746
2, 29746
1, 29756
2, 29764
1, 29785
3, 29786
2, 29803
1, 29806
2, 29828
1, 29831
3, 29836
3, 29862
2, 29864
2, 29874
1, 29886
1, 29897
1, 29909
2, 29917
1, 29929
3, 29933
2, 29953
1, 29955
1, 29966
2, 29982
3, 29985
2, 29998
1, 30007
1, 30018
3, 30027
3, 30037
2, 30054
1, 30057
3, 30069
3, 30090
2, 30091
1, 30107
3, 30107
1, 30126
2, 30134
3, 30138
2, 30152
1, 30171
3, 30174
2, 30184
1, 30188
1, 30215
3, 30217
2, 30218
3, 30232
3, 30253
2, 30251
1, 30267
3, 30281
2, 30281
2, 30304
3, 30312
1, 30314
3, 30329
2, 30336
3, 30344
1, 30361
2, 30372
3, 30377
2, 30394
1, 30396
3, 30405
2, 30421
1, 30431
3, 30450
2, 30452
1, 30457
1, 30474
3, 30489
2, 30493
3, 30512
2, 30512
2, 30533
3, 30538
1, 30540
3, 30554
2, 30571
3, 30575
1, 30577
2, 30587
2, 30599
1, 30608
2, 30625
3, 30628
3, 30658
1, 30659
2, 30663
1, 30680
3, 30693
1, 30704
2, 30706
3, 30724
2, 30727
1, 30742
3, 30744
1, 30764
2, 30768
3, 30789
1, 30791
2, 30794
2, 30822
1, 30825
3, 30822
2, 30853
3, 30856
1, 30856
3, 30877
2, 30888
1, 30890
3, 30909
2, 30915
3, 30928
2, 30945
2, 30956
1, 30956
3, 30970
1, 30981
2, 30986
1, 30996
3, 31006
2, 31022
3, 31028
2, 31048
1, 31048
3, 31059
2, 31061
1, 31087
2, 31096
1, 31103
3, 31106
2, 31123
1, 31133
3, 31151
2, 31155
3, 31167
2, 31179
1, 31180
2, 31194
2, 31204
3, 31216
2, 31222
1, 31237
1, 31248
3, 31263
2, 31263
1, 31280
3, 31285
2, 31298
1, 31307
3, 31309
3, 31334
2, 31338
1, 31347
3, 31367
2, 31369
1, 31376
3, 31395
2, 31395
1, 31415
3, 31418
3, 31442
2, 31442
1, 31444
1, 31455
1, 31480
2, 31482
3, 31498
2, 31507
1, 31512
3, 31529
1, 31533
2, 31544
1, 31549
3, 31564
2, 31572
1, 31591
3, 31594
2, 31612
1, 31613
3, 31628
2, 31641
1, 31643
2, 31653
1, 31674
3, 31677
2, 31695
3, 31698
1, 31712
1, 31723
1, 31735
3, 31751
1, 31754
2, 31756
1, 31776
1, 31793
1, 31809
2, 31796
2, 31830
3, 31798
2, 31840
1, 31820
3, 31851
3, 31873
1, 31878
1, 31889
2, 31898
1, 31904
2, 31923
3, 31923
2, 31943
1, 31954
2, 31963
3, 31972
3, 31982
1, 31998
2, 32003
3, 32013
3, 32033
2, 32036
3, 32048
1, 32051
1, 32063
2, 32079
3, 32088
1, 32083
3, 32105
2, 32109
2, 32119
2, 32136
1, 32141
3, 32157
2, 32162
3, 32177
1, 32194
3, 32198
2, 32211
3, 32217
2, 32238
1, 32239
3, 32247
2, 32255
1, 32272
3, 32279
1, 32298
2, 32297
1, 32319
2, 32321
3, 32326
3, 32345
2, 32352
1, 32357
3, 32378
1, 32388
1, 32399
3, 32405
3, 32415
2, 32417
2, 32429
1, 32445
1, 32460
3, 32471
1, 32476
2, 32483
1, 32507
2, 32508
3, 32520
1, 32525
2, 32540
1, 32546
2, 32565
1, 32567
3, 32592
1, 32596
3, 32605
3, 32619
2, 32596
3, 32640
1, 32642
2, 32654
1, 32662
3, 32683
2, 32685
1, 32694
3, 32707
2, 32724
1, 32726
2, 32742
3, 32748
2, 32755
1, 32770
2, 32776
1, 32799
1, 32810
3, 32811
3, 32821
2, 32825
2, 32848
1, 32849
1, 32863
2, 32882
3, 32882
2, 32895
1, 32899
3, 32920
1, 32923
2, 32932
1, 32955
3, 32956
1, 32975
1, 32989
2, 32975
1, 33000
3, 32978
2, 33021
2, 33031
1, 33015
2, 33054
1, 33065
3, 33069
2, 33083
1, 33092
3, 33104
1, 33113
1, 33124
2, 33133
3, 33139
1, 33155
2, 33169
1, 33176
3, 33180
2, 33188
1, 33208
1, 33219
2, 33235
1, 33237
3, 33249
1, 33260
3, 33275
1, 33280
2, 33290
3, 33305
1, 33308
2, 33323
3, 33324
2, 33346
1, 33358
3, 33359
1, 33379
2, 33387
1, 33400
3, 33407
2, 33420
1, 33412
3, 33440
1, 33445
2, 33464
3, 33466
2, 33480
3, 33488
1, 33494
2, 33504
3, 33516
3, 33530
1, 33532
1, 33543
2, 33552
2, 33567
2, 33587
3, 33586
1, 33605
2, 33609
3, 33621
1, 33635
2, 33641
1, 33655
3, 33654
3, 33681
1, 33681
2, 33703
1, 33703
3, 33714
1, 33720
2, 33736
3, 33745
1, 33759
2, 33763
2, 33787
3, 33790
2, 33801
3, 33813
1, 33814
1, 33825
3, 33835
3, 33850
2, 33850
2, 33877
1, 33880
2, 33892
3, 33891
2, 33903
2, 33913
2, 33930
1, 33935
3, 33946
2, 33965
3, 33968
1, 33976
2, 33994
1, 33997
2, 34015
3, 34018
1, 34026
2, 34051
1, 34056
2, 34068
2, 34079
2, 34090
3, 34087
2, 34103
1, 34110
1, 34121
3, 34145
3, 34159
2, 34148
3, 34169
1, 34149
3, 34184
2, 34193
3, 34207
3, 34226
1, 34230
2, 34231
1, 34255
3, 34258
1, 34272
2, 34283
3, 34284
1, 34305
2, 34307
1, 34329
2, 34331
2, 34352
3, 34352
2, 34364
1, 34375
2, 34384
3, 34393
1, 34397
2, 34412
2, 34432
3, 34435
1, 34443
2, 34448
2, 34470
1, 34476
2, 34497
1, 34499
3, 34500
1, 34511
3, 34533
2, 34542
1, 34548
2, 34557
3, 34575
2, 34583
1, 34593
3, 34595
2, 34618
3, 34620
2, 34636
3, 34645
1, 34645
3, 34661
3, 34679
1, 34680
1, 34691
2, 34695
2, 34705
2, 34723
3, 34726
3, 34746
2, 34755
1, 34768
1, 34779
3, 34787
2, 34789
3, 34813
2, 34817
1, 34819
1, 34842
2, 34851
3, 34854
2, 34871
1, 34872
3, 34892
3, 34905
2, 34914
1, 34923
3, 34925
1, 34944
2, 34956
3, 34963
1, 34964
3, 34981
3, 34995
1, 35006
2, 35011
1, 35025
1, 35042
2, 35044
3, 35057
1, 35066
2, 35078
3, 35083
1, 35101
2, 35106
2, 35120
3, 35131
1, 35144
1, 35155
2, 35144
2, 35175
3, 35170
2, 35185
1, 35200
2, 35216
3, 35215
3, 35227
1, 35235
3, 35246
1, 35261
2, 35276
1, 35286
2, 35294
3, 35294
3, 35316
3, 35335
2, 35319
3, 35345
1, 35325
3, 35360
2, 35373
3, 35391
3, 35403
2, 35409
1, 35410
1, 35421
1, 35441
2, 35448
3, 35452
2, 35465
2, 35488
1, 35488
3, 35489
1, 35503
3, 35520
2, 35534
1, 35537
1, 35548
2, 35559
2, 35569
3, 35577
2, 35597
1, 35599
2, 35609
3, 35624
1, 35634
2, 35627
3, 35652
1, 35669
3, 35671
2, 35690
3, 35696
3, 35708
1, 35708
3, 35724
1, 35743
2, 35745
1, 35763
3, 35764
1, 35777
1, 35788
2, 35800
1, 35805
2, 35815
3, 35830
1, 35832
1, 35858
3, 35865
2, 35867
1, 35877
1, 35888
1, 35904
2, 35914
3, 35919
1, 35928
2, 35943
1, 35950
3, 35968
2, 35971
3, 35991
2, 36000
1, 36001
1, 36012
2, 36033
3, 36039
1, 36042
3, 36059
1, 36073
3, 36080
1, 36100
2, 36107
3, 36115
1, 36121
3, 36127
3, 36148
1, 36157
1, 36168
1, 36180
2, 36185
2, 36200
3, 36205
2, 36223
1, 36223
3, 36239
1, 36243
1, 36267
2, 36273
1, 36288
3, 36288
1, 36301
2, 36303
1, 36323
3, 36335
3, 36348
2, 36356
1, 36364
2, 36373
3, 36380
1, 36387
3, 36406
1, 36412
2, 36416
1, 36437
3, 36445
1, 36455
2, 36463
3, 36474
2, 36497
3, 36499
3, 36519
2, 36508
3, 36529
1, 36509
3, 36542
2, 36551
1, 36569
3, 36584
1, 36599
3, 36599
2, 36609
1, 36624
3, 36629
2, 36651
3, 36651
3, 36662
1, 36663
2, 36683
3, 36699
3, 36710
1, 36711
2, 36717
3, 36732
3, 36747
1, 36754
1, 36765
2, 36783
3, 36785
2, 36795
1, 36808
2, 36817
3, 36817
2, 36836
3, 36845
2, 36855
1, 36862
3, 36877
1, 36882
2, 36907
3, 36911
1, 36912
1, 36923
2, 36940
1, 36955
3, 36959
2, 36970
2, 36991
2, 37001
3, 37004
2, 37015
1, 37017
3, 37025
3, 37046
1, 37051
2, 37056
1, 37074
3, 37079
1, 37096
2, 37098
2, 37124
1, 37124
3, 37140
2, 37147
1, 37166
2, 37169
3, 37167
3, 37196
1, 37199
2, 37200
3, 37225
1, 37228
1, 37239
2, 37256
1, 37259
2, 37275
2, 37285
1, 37294
3, 37299
2, 37309
1, 37325
2, 37334
1, 37343
3, 37356
1, 37358
3, 37384
1, 37387
2, 37388
2, 37411
1, 37424
3, 37424
2, 37436
1, 37449
1, 37460
3, 37472
2, 37482
3, 37491
1, 37502
2, 37506
1, 37525
3, 37528
3, 37545
1, 37549
2, 37566
3, 37575
1, 37576
3, 37595
2, 37599
3, 37617
1, 37619
2, 37633
1, 37639
3, 37660
1, 37663
2, 37671
3, 37688
1, 37685
3, 37705
1, 37722
2, 37729
3, 37737
2, 37747
2, 37762
3, 37773
2, 37780
1, 37785
3, 37797
1, 37817
3, 37820
2, 37825
3, 37847
2, 37848
3, 37868
2, 37874
1, 37878
3, 37885
3, 37903
1, 37907
2, 37919
1, 37935
1, 37951
2, 37959
3, 37962
1, 37967
2, 37988
3, 38001
2, 38005
1, 38011
2, 38029
2, 38039
3, 38053
1, 38054
3, 38070
2, 38072
1, 38089
3, 38096
2, 38108
1, 38119
1, 38130
1, 38151
3, 38151
2, 38164
1, 38169
3, 38186
1, 38193
2, 38198
3, 38219
1, 38225
2, 38233
3, 38240
3, 38252
2, 38263
3, 38269
2, 38282
2, 38304
1, 38307
3, 38307
1, 38320
2, 38334
3, 38343
1, 38351
3, 38364
1, 38377
3, 38391
2, 38391
1, 38409
3, 38413
2, 38430
1, 38440
3, 38446
2, 38462
3, 38469
2, 38485
1, 38487
3, 38494
1, 38513
2, 38524
3, 38536
1, 38548
2, 38551
3, 38564
1, 38575
2, 38579
1, 38596
2, 38609
1, 38611
3, 38632
1, 38639
2, 38639
1, 38653
2, 38669
1, 38681
2, 38686
3, 38703
1, 38712
1, 38723
3, 38737
2, 38738
2, 38759
1, 38759
3, 38770
2, 38776
1, 38801
3, 38803
2, 38810
1, 38833
2, 38839
3, 38834
1, 38856
2, 38855
2, 38882
3, 38887
1, 38887
2, 38910
1, 38914
3, 38925
1, 38933
2, 38949
2, 38959
3, 38976
1, 38978
2, 38990
3, 38998
3, 39018
1, 39021
2, 39022
3, 39040
1, 39056
3, 39061
3, 39072
1, 39087
1, 39098
1, 39114
2, 39114
3, 39129
1, 39138
1, 39149
2, 39153
1, 39162
2, 39180
1, 39192
3, 39194
1, 39212
2, 39212
2, 39234
3, 39238
1, 39248
2, 39257
2, 39280
1, 39283
3, 39283
2, 39301
1, 39303
3, 39325
1, 39327
1, 39350
2, 39351
1, 39364
2, 39379
3, 39384
3, 39406
2, 39406
1, 39411
1, 39422
3, 39444
2, 39446
1, 39456
2, 39468
2, 39480
3, 39492
2, 39496
1, 39509
3, 39523
2, 39525
3, 39540
1, 39548
3, 39557
1, 39572
2, 39583
1, 39596
2, 39604
3, 39608
2, 39631
1, 39632
3, 39640
3, 39662
1, 39665
2, 39665
1, 39686
2, 39692
3, 39707
1, 39713
1, 39724
2, 39735
3, 39750
2, 39754
1, 39769
3, 39780
2, 39781
3, 39794
3, 39814
2, 39817
3, 39831
1, 39845
2, 39846
1, 39868
3, 39871
2, 39880
3, 39885
1, 39904
2, 39913
1, 39922
3, 39923
1, 39941
1, 39963
2, 39963
3, 39970
1, 39988
2, 40000
3, 40000
2, 40017
1, 40021
1, 40048
2, 40029
1, 40059
3, 40037
1, 40085
2, 40093
3, 40105
1, 40106
2, 40115
2, 40126
2, 40140
3, 40151
1, 40165
3, 40174
2, 40189
1, 40193
3, 40203
2, 40215
1, 40216
2, 40232
2, 40242
1, 40249
2, 40270
1, 40277
3, 40285
1, 40304
3, 40304
2, 40317
3, 40323
1, 40335
2, 40345
3, 40357
3, 40369
1, 40381
3, 40390
2, 40390
3, 40409
1, 40421
2, 40423
3, 40442
2, 40451
1, 40463
3, 40470
2, 40483
1, 40484
1, 40508
1, 40519
3, 40530
1, 40534
2, 40535
1, 40552
2, 40563
2, 40584
1, 40588
3, 40588
1, 40606
2, 40623
3, 40624
1, 40636
2, 40645
3, 40661
1, 40666
3, 40684
1, 40690
2, 40691
1, 40712
2, 40717
3, 40736
1, 40745
2, 40748
3, 40769
1, 40770
1, 40781
1, 40795
2, 40800
2, 40822
3, 40828
2, 40836
1, 40846
2, 40864
1, 40868
3, 40871
2, 40880
3, 40896
1, 40901
2, 40916
3, 40928
2, 40939
1, 40944
3, 40966
3, 40976
2, 40981
3, 40994
2, 41007
1, 41008
3, 41028
1, 41032
2, 41032
1, 41051
2, 41068
1, 41074
3, 41075
2, 41097
1, 41101
1, 41112
3, 41126
2, 41141
1, 41152
2, 41158
1, 41170
2, 41183
3, 41183
2, 41198
1, 41207
1, 41230
3, 41213
1, 41241
2, 41219
3, 41254
3, 41265
2, 41288
1, 41290
3, 41301
1, 41312
2, 41324
3, 41331
1, 41347
1, 41358
2, 41371
3, 41375
1, 41388
3, 41399
2, 41409
1, 41411
3, 41429
1, 41445
3, 41447
2, 41461
1, 41465
3, 41478
3, 41488
2, 41502
3, 41515
1, 41515
2, 41531
3, 41531
1, 41553
2, 41556
1, 41574
3, 41589
1, 41592
2, 41600
1, 41615
2, 41630
1, 41635
1, 41650
3, 41650
1, 41667
3, 41681
1, 41692
2, 41692
2, 41714
1, 41718
3, 41721
2, 41740
3, 41742
1, 41759
2, 41767
3, 41782
2, 41791
1, 41800
3, 41805
2, 41824
3, 41828
3, 41847
2, 41853
1, 41856
1, 41867
3, 41881
3, 41901
1, 41900
2, 41915
3, 41930
1, 41934
1, 41946
3, 41962
1, 41968
2, 41970
2, 41992
3, 42000
1, 42007
2, 42010
2, 42024
2, 42034
1, 42050
3, 42056
2, 42068
3, 42089
2, 42090
1, 42090
1, 42115
2, 42123
3, 42126
2, 42141
1, 42148
1, 42159
3, 42177
1, 42177
1, 42193
2, 42204
3, 42207
1, 42223
1, 42235
3, 42239
1, 42256
3, 42270
2, 42272
1, 42291
2, 42298
3, 42317
2, 42318
1, 42327
3, 42340
2, 42340
1, 42368
2, 42368
3, 42372
3, 42393
3, 42412
1, 42401
3, 42422
2, 42402
3, 42442
1, 42451
2, 42456
2, 42473
3, 42482
1, 42492
3, 42507
2, 42515
3, 42526
1, 42534
2, 42538
3, 42557
2, 42572
2, 42582
1, 42581
2, 42595
1, 42610
3, 42615
2, 42636
1, 42636
3, 42650
2, 42654
2, 42675
3, 42681
1, 42681
3, 42699
1, 42713
2, 42722
3, 42723
3, 42746
2, 42752
1, 42754
3, 42779
2, 42779
1, 42789
3, 42797
1, 42813
1, 42824
2, 42836
2, 42846
3, 42855
1, 42862
2, 42868
1, 42888
2, 42893
3, 42903
1, 42911
3, 42935
1, 42937
2, 42939
3, 42964
2, 42971
2, 42981
1, 42981
3, 43007
2, 43012
1, 43018
1, 43029
1, 43040
3, 43050
3, 43060
3, 43078
2, 43085
1, 43085
1, 43110
2, 43112
3, 43124
1, 43135
2, 43141
3, 43160
1, 43163
2, 43168
1, 43179
2, 43205
1, 43208
3, 43208
1, 43227
3, 43238
2, 43243
2, 43262
1, 43272
3, 43278
1, 43285
3, 43306
1, 43308
2, 43321
1, 43334
3, 43342
1, 43351
2, 43361
2, 43381
3, 43387
1, 43393
2, 43398
3, 43410
1, 43422
2, 43434
3, 43450
1, 43454
2, 43463
3, 43468
3, 43491
1, 43495
2, 43499
1, 43527
3, 43530
2, 43528
1, 43548
3, 43557
1, 43572
1, 43592
3, 43577
3, 43613
2, 43581
3, 43623
3, 43636
1, 43603
3, 43655
2, 43661
3, 43674
2, 43684
1, 43686
1, 43707
2, 43718
3, 43721
1, 43736
2, 43747
3, 43751
2, 43764
3, 43774
1, 43781
1, 43792
3, 43815
2, 43823
3, 43829
1, 43830
2, 43849
1, 43851
2, 43868
1, 43882
2, 43892
3, 43898
1, 43912
2, 43905
1, 43933
2, 43944
2, 43954
2, 43965
3, 43971
1, 43981
1, 43992
1, 44004
2, 44016
3, 44026
1, 44030
3, 44047
1, 44060
2, 44067
3, 44082
1, 44090
3, 44105
1, 44112
2, 44121
2, 44131
2, 44143
3, 44141
3, 44154
3, 44171
1, 44172
2, 44192
1, 44199
3, 44205
1, 44223
2, 44234
3, 44237
2, 44253
3, 44264
1, 44277
2, 44280
3, 44294
3, 44306
1, 44319
2, 44321
2, 44342
3, 44339
1, 44352
3, 44365
2, 44369
2, 44391
1, 44392
1, 44403
3, 44424
1, 44433
2, 44441
2, 44452
3, 44460
2, 44464
1, 44485
3, 44487
2, 44501
1, 44502
3, 44523
1, 44526
2, 44535
1, 44547
3, 44568
2, 44571
1, 44582
3, 44589
1, 44604
2, 44618
3, 44618
2, 44631
1, 44641
2, 44651
2, 44667
1, 44676
3, 44684
2, 44689
3, 44703
2, 44717
1, 44736
2, 44740
2, 44759
1, 44748
2, 44769
3, 44749
2, 44787
1, 44793
1, 44804
1, 44830
2, 44830
3, 44842
1, 44845
1, 44857
2, 44874
1, 44888
1, 44899
3, 44902
3, 44912
2, 44923
1, 44938
2, 44949
3, 44960
2, 44968
1, 44960
3, 44989
2, 44999
1, 45011
3, 45014
1, 45029
2, 45035
3, 45050
2, 45054
3, 45073
1, 45080
2, 45084
2, 45107
3, 45108
1, 45128
1, 45139
2, 45143
1, 45155
2, 45164
3, 45163
1, 45191
3, 45195
1, 45208
2, 45210
2, 45236
3, 45235
1, 45238
3, 45260
2, 45263
1, 45281
2, 45287
3, 45288
2, 45305
3, 45323
1, 45329
2, 45325
2, 45348
1, 45356
3, 45376
1, 45378
2, 45387
3, 45404
1, 45407
2, 45429
1, 45431
3, 45437
1, 45447
3, 45466
2, 45473
3, 45488
2, 45501
1, 45501
2, 45518
3, 45521
1, 45527
2, 45541
2, 45562
3, 45563
2, 45582
2, 45592
1, 45594
2, 45604
3, 45623
3, 45636
1, 45639
2, 45639
3, 45648
2, 45662
1, 45676
2, 45690
3, 45688
2, 45711
3, 45721
2, 45727
3, 45745
2, 45751
1, 45755
2, 45767
1, 45787
2, 45794
3, 45794
3, 45819
1, 45822
2, 45824
2, 45843
1, 45849
2, 45859
3, 45877
1, 45881
3, 45902
1, 45905
2, 45906
2, 45936
1, 45917
2, 45946
3, 45926
1, 45968
2, 45970
3, 45989
3, 46001
1, 46015
3, 46018
2, 46027
1, 46039
3, 46057
2, 46059
1, 46060
3, 46080
2, 46089
2, 46110
3, 46110
1, 46121
1, 46132
1, 46143
1, 46154
2, 46167
3, 46169
1, 46184
2, 46192
1, 46209
3, 46209
1, 46231
2, 46239
3, 46239
1, 46265
3, 46267
3, 46288
2, 46289
2, 46299
1, 46304
2, 46311
1, 46329
2, 46337
1, 46344
3, 46367
2, 46371
1, 46373
1, 46392
2, 46399
1, 46417
2, 46426
3, 46436
1, 46445
2, 46441
1, 46471
2, 46481
3, 46481
1, 46501
3, 46507
2, 46510
1, 46527
3, 46544
1, 46548
2, 46551
1, 46563
1, 46574
3, 46592
2, 46605
2, 46616
1, 46616
2, 46629
3, 46638
1, 46646
2, 46656
2, 46667
2, 46685
3, 46688
2, 46697
2, 46713
2, 46724
3, 46739
2, 46742
3, 46752
3, 46762
3, 46772
3, 46782
1, 46784
1, 46795
1, 46806
3, 46835
2, 46835
1, 46840
3, 46858
2, 46868
1, 46869
1, 46890
2, 46896
1, 46905
3, 46918
2, 46928
2, 46940
1, 46949
3, 46961
2, 46966
3, 46978
1, 46998
3, 47001
2, 47008
3, 47017
3, 47038
1, 47043
2, 47044
2, 47071
1, 47074
3, 47075
3, 47104
3, 47115
2, 47103
3, 47125
1, 47105
3, 47144
1, 47154
1, 47171
2, 47173
2, 47183
2, 47200
1, 47212
3, 47213
2, 47232
3, 47238
1, 47250
2, 47262
1, 47269
3, 47273
2, 47295
2, 47306
3, 47313
1, 47321
2, 47323
1, 47340
2, 47355
2, 47368
3, 47374
2, 47385
1, 47396
3, 47398
3, 47417
1, 47428
2, 47432
1, 47446
3, 47451
2, 47464
1, 47483
3, 47484
2, 47503
1, 47503
3, 47524
1, 47527
2, 47533
1, 47545
3, 47558
2, 47576
3, 47576
2, 47592
1, 47595
3, 47602
1, 47617
1, 47629
2, 47646
1, 47653
3, 47657
2, 47677
1, 47685
3, 47686
1, 47704
3, 47709
2, 47726
1, 47733
3, 47747
2, 47747
3, 47765
1, 47771
2, 47780
1, 47798
1, 47809
2, 47816
2, 47827
3, 47840
1, 47845
3, 47859
2, 47863
1, 47881
2, 47893
1, 47906
3, 47910
2, 47920
3, 47930
3, 47950
2, 47950
1, 47966
3, 47972
2, 47990
3, 47992
1, 48006
3, 48019
2, 48020
1, 48027
3, 48048
1, 48060
2, 48060
3, 48071
1, 48085
3, 48102
2, 48110
1, 48115
1, 48126
3, 48135
3, 48145
3, 48163
1, 48171
2, 48172
1, 48187
2, 48203
1, 48207
3, 48218
1, 48226
2, 48250
3, 48256
1, 48259
3, 48278
3, 48295
2, 48279
2, 48315
1, 48285
2, 48325
2, 48335
3, 48305
2, 48357
1, 48371
3, 48375
2, 48384
1, 48400
3, 48410
1, 48413
1, 48434
2, 48441
1, 48453
2, 48463
3, 48463
2, 48481
1, 48484
3, 48505
1, 48509
2, 48515
3, 48534
2, 48547
3, 48552
1, 48561
3, 48570
1, 48589
3, 48594
2, 48605
1, 48608
1, 48632
2, 48635
3, 48637
2, 48656
3, 48664
3, 48686
1, 48687
2, 48705
1, 48707
3, 48713
3, 48731
2, 48738
3, 48750
1, 48752
2, 48762
2, 48784
3, 48787
1, 48803
2, 48807
3, 48822
1, 48832
2, 48835
3, 48849
3, 48859
1, 48876
2, 48880
3, 48892
1, 48904
3, 48915
2, 48919
1, 48930
2, 48939
3, 48961
2, 48961
1, 48977
2, 48983
3, 48990
2, 49010
1, 49011
3, 49022
1, 49038
2, 49055
3, 49058
1, 49058
3, 49086
1, 49089
1, 49100
3, 49109
3, 49119
2, 49121
2, 49147
1, 49152
3, 49152
1, 49180
2, 49181
3, 49192
1, 49198
2, 49209
3, 49231
1, 49235
1, 49246
2, 49263
1, 49264
3, 49270
2, 49282
2, 49303
1, 49304
3, 49315
1, 49322
3, 49339
1, 49351
2, 49353
1, 49370
1, 49390
2, 49390
3, 49407
1, 49413
2, 49414
3, 49425
3, 49445
3, 49463
1, 49449
2, 49453
3, 49480
2, 49496
1, 49498
3, 49507
3, 49531
1, 49531
3, 49546
2, 49550
3, 49568
1, 49574
2, 49583
3, 49592
1, 49611
2, 49611
1, 49629
2, 49638
1, 49652
2, 49662
3, 49666
1, 49673
1, 49697
3, 49700
2, 49708
1, 49720
3, 49723
1, 49742
2, 49752
3, 49758
2, 49771
3, 49785
2, 49800
1, 49802
3, 49815
2, 49815
2, 49826
1, 49840
2, 49849
3, 49864
2, 49878
1, 49881
1, 49906
3, 49906
2, 49913
2, 49923
2, 49934
2, 49951
1, 49961
2, 49966
2, 49987
3, 49988
1, 49996
2, 50004
3, 50029
2, 50029
1, 50036
3, 50054
2, 50057
1, 50070
2, 50081
3, 50084
1, 50102
2, 50116
1, 50124
3, 50125
3, 50147
2, 50159
1, 50162
1, 50173
3, 50188
2, 50191
2, 50214
1, 50215
3, 50223
2, 50239
3, 50244
1, 50254
3, 50270
2, 50270
1, 50288
3, 50294
1, 50311
2, 50323
3, 50328
1, 50346
3, 50349
2, 50357
1, 50370
3, 50386
2, 50391
1, 50394
3, 50421
2, 50424
1, 50425
1, 50436
3, 50463
2, 50463
1, 50468
2, 50478
1, 50499
1, 50510
1, 50521
2, 50533
1, 50537
3, 50540
1, 50560
3, 50560
1, 50586
1, 50597
3, 50605
2, 50611
1, 50617
1, 50644
3, 50624
1, 50655
2, 50633
3, 50677
1, 50679
2, 50687
1, 50704
2, 50709
1, 50728
2, 50728
1, 50754
2, 50757
3, 50759
2, 50775
1, 50789
3, 50804
1, 50811
2, 50813
1, 50841
3, 50845
2, 50841
1, 50862
3, 50874
2, 50880
1, 50891
3, 50903
1, 50915
2, 50921
1, 50943
3, 50945
2, 50953
1, 50962
2, 50973
1, 50993
3, 50995
1, 51015
3, 51021
2, 51025
2, 51048
3, 51049
1, 51054
3, 51064
2, 51078
3, 51092
2, 51100
1, 51112
2, 51119
3, 51139
2, 51140
1, 51149
3, 51157
3, 51175
2, 51177
1, 51189
2, 51200
1, 51219
3, 51225
2, 51227
1, 51245
2, 51253
3, 51269
1, 51277
2, 51279
1, 51297
2, 51305
3, 51312
1, 51323
3, 51337
2, 51341
3, 51360
2, 51371
1, 51382
3, 51387
1, 51408
2, 51415
1, 51420
3, 51432
1, 51440
3, 51458
1, 51461
2, 51470
2, 51483
1, 51493
3, 51505
2, 51511
2, 51525
2, 51535
1, 51547
3, 51550
1, 51566
2, 51573
1, 51587
2, 51595
1, 51607
3, 51628
2, 51637
3, 51638
1, 51644
2, 51650
1, 51671
3, 51687
1, 51690
2, 51695
2, 51718
3, 51720
1, 51730
2, 51735
3, 51758
2, 51760
1, 51776
3, 51779
1, 51793
2, 51806
2, 51825
3, 51806
3, 51845
1, 51815
3, 51855
2, 51835
1, 51876
3, 51886
1, 51897
3, 51915
2, 51915
3, 51935
1, 51933
2, 51947
3, 51953
1, 51967
1, 51978
2, 51996
3, 52003
1, 52007
1, 52019
2, 52033
1, 52034
2, 52054
3, 52064
1, 52065
3, 52084
2, 52092
2, 52112
3, 52116
1, 52116
3, 52137
2, 52139
2, 52149
2, 52169
1, 52179
2, 52185
3, 52191
2, 52207
1, 52210
1, 52221
3, 52236
2, 52247
1, 52250
2, 52270
1, 52277
2, 52293
1, 52303
3, 52305
1, 52323
2, 52329
3, 52335
1, 52351
2, 52361
3, 52369
2, 52389
1, 52389
2, 52406
1, 52414
3, 52419
2, 52430
3, 52453
1, 52454
2, 52473
1, 52476
3, 52480
2, 52497
2, 52515
1, 52517
2, 52532
3, 52533
2, 52551
1, 52560
1, 52571
3, 52586
2, 52594
1, 52601
3, 52612
2, 52614
3, 52634
1, 52635
2, 52659
3, 52663
1, 52674
2, 52681
3, 52687
1, 52706
2, 52715
3, 52723
2, 52742
3, 52742
1, 52754
2, 52758
3, 52780
2, 52783
3, 52802
1, 52804
2, 52806
2, 52829
1, 52841
2, 52848
3, 52848
2, 52865
3, 52872
2, 52884
1, 52892
2, 52901
1, 52921
2, 52932
1, 52942
3, 52950
1, 52955
1, 52975
2, 52982
2, 53003
3, 52989
3, 53023
1, 52993
3, 53033
2, 53013
3, 53049
1, 53059
2, 53076
3, 53085
1, 53096
1, 53107
2, 53120
1, 53126
3, 53129
1, 53148
3, 53151
2, 53169
3, 53182
1, 53186
1, 53197
2, 53211
1, 53212
3, 53228
1, 53246
3, 53251
2, 53259
3, 53274
2, 53282
3, 53298
2, 53300
1, 53309
2, 53321
3, 53327
1, 53336
2, 53347
2, 53357
2, 53381
1, 53383
1, 53394
3, 53406
1, 53422
2, 53422
3, 53428
2, 53444
3, 53455
1, 53464
1, 53475
2, 53496
1, 53501
3, 53503
1, 53516
2, 53531
2, 53542
3, 53549
1, 53558
2, 53574
1, 53578
1, 53597
2, 53599
3, 53619
2, 53624
1, 53631
2, 53648
3, 53651
2, 53665
1, 53667
3, 53686
1, 53701
3, 53706
2, 53712
1, 53732
3, 53735
2, 53751
3, 53755
1, 53765
3, 53776
2, 53789
1, 53793
1, 53805
3, 53826
1, 53831
2, 53836
1, 53853
1, 53864
3, 53880
2, 53887
3, 53897
1, 53898
1, 53916
1, 53927
3, 53941
1, 53945
2, 53963
1, 53968
3, 53974
2, 53979
3, 53998
1, 54004
3, 54025
2, 54032
1, 54036
2, 54057
1, 54062
3, 54067
2, 54075
3, 54093
1, 54101
2, 54121
1, 54124
2, 54135
3, 54143
1, 54148
1, 54173
1, 54187
3, 54175
1, 54198
2, 54176
3, 54217
1, 54233
2, 54238
3, 54251
1, 54252
2, 54270
3, 54272
1, 54296
3, 54302
2, 54302
2, 54325
1, 54334
3, 54335
2, 54356
2, 54367
1, 54367
2, 54379
2, 54397
3, 54396
2, 54414
3, 54419
2, 54435
3, 54439
2, 54455
3, 54460
2, 54475
3, 54479
2, 54495
3, 54499
2, 54515
3, 54519
2, 54533
3, 54541
2, 54557
3, 54557
3, 54577
1, 54586
1, 54597
2, 54609
3, 54610
1, 54619
2, 54637
1, 54644
3, 54647
1, 54670
2, 54677
3, 54685
1, 54689
1, 54711
2, 54720
1, 54729
3, 54734
1, 54755
3, 54761
2, 54770
3, 54778
1, 54793
2, 54802
3, 54810
1, 54814
2, 54834
1, 54847
3, 54849
1, 54864
2, 54877
3, 54889
2, 54897
1, 54898
1, 54923
2, 54931
2, 54944
3, 54945
2, 54956
1, 54968
3, 54970
1, 54995
3, 55001
2, 55006
1, 55011
1, 55038
2, 55039
3, 55053
2, 55059
1, 55073
2, 55083
3, 55091
1, 55104
2, 55113
3, 55117
3, 55142
2, 55141
1, 55160
3, 55162
1, 55181
2, 55182
1, 55199
3, 55203
1, 55220
3, 55232
2, 55235
2, 55257
3, 55257
1, 55263
2, 55282
3, 55289
1, 55297
1, 55311
2, 55311
1, 55326
1, 55353
3, 55336
3, 55374
2, 55342
2, 55394
2, 55404
1, 55364
3, 55384
2, 55421
1, 55433
3, 55438
2, 55457
1, 55464
3, 55466
1, 55491
3, 55492
1, 55505
3, 55523
2, 55522
3, 55543
3, 55554
1, 55561
2, 55562
1, 55579
2, 55587
3, 55597
2, 55611
3, 55620
2, 55640
1, 55640
3, 55648
2, 55652
2, 55678
1, 55684
3, 55684
1, 55704
3, 55717
1, 55724
2, 55725
1, 55746
3, 55756
2, 55767
1, 55767
1, 55794
2, 55794
1, 55812
3, 55811
3, 55832
2, 55832
1, 55844
1, 55866
3, 55867
2, 55884
1, 55885
2, 55905
1, 55914
3, 55914
1, 55931
2, 55940
1, 55953
3, 55959
2, 55977
1, 55984
3, 55991
2, 56004
1, 56010
2, 56030
1, 56036
3, 56044
2, 56047
3, 56068
2, 56075
1, 56082
1, 56106
2, 56108
3, 56114
1, 56129
2, 56138
1, 56147
3, 56165
2, 56171
3, 56177
2, 56193
1, 56195
3, 56205
1, 56217
2, 56230
3, 56248
2, 56250
3, 56272
1, 56273
1, 56284
2, 56294
3, 56301
2, 56317
3, 56322
1, 56332
2, 56342
1, 56357
3, 56357
3, 56379
1, 56382
1, 56399
2, 56409
3, 56414
1, 56421
2, 56434
2, 56459
1, 56460
1, 56471
1, 56482
3, 56484
1, 56509
3, 56513
3, 56535
1, 56523
3, 56545
2, 56525
3, 56569
1, 56577
2, 56577
2, 56596
1, 56607
1, 56618
2, 56629
1, 56634
2, 56656
1, 56659
3, 56660
1, 56676
3, 56696
1, 56701
2, 56710
3, 56719
1, 56732
3, 56747
1, 56751
2, 56760
1, 56777
2, 56788
3, 56787
2, 56803
1, 56817
3, 56819
2, 56841
1, 56847
3, 56848
1, 56873
3, 56875
2, 56893
1, 56896
1, 56907
1, 56926
3, 56929
1, 56943
2, 56950
1, 56964
3, 56976
1, 56984
1, 56996
1, 57008
2, 57008
1, 57024
2, 57046
1, 57047
3, 57054
1, 57063
1, 57085
3, 57088
2, 57103
1, 57110
1, 57121
3, 57130
1, 57135
2, 57146
2, 57166
3, 57176
1, 57177
1, 57199
2, 57204
3, 57215
1, 57222
2, 57230
1, 57244
2, 57266
1, 57267
3, 57272
3, 57294
1, 57296
2, 57300
1, 57319
2, 57334
3, 57334
1, 57349
2, 57362
3, 57362
3, 57385
2, 57388
3, 57405
1, 57407
2, 57412
2, 57436
1, 57448
3, 57448
2, 57461
1, 57471
3, 57478
3, 57502
2, 57506
1, 57506
2, 57523
1, 57529
3, 57550
1, 57563
3, 57568
2, 57577
3, 57588
1, 57589
1, 57614
3, 57617
2, 57633
3, 57639
2, 57653
3, 57660
1, 57664
2, 57678
3, 57690
1, 57694
1, 57722
3, 57703
1, 57733
2, 57711
3, 57758
1, 57766
3, 57772
2, 57781
1, 57788
2, 57806
3, 57814
2, 57821
1, 57835
1, 57846
2, 57864
1, 57869
3, 57869
1, 57882
3, 57900
3, 57913
2, 57918
2, 57938
1, 57937
3, 57949
2, 57951
3, 57967
1, 57978
3, 57999
1, 58001
2, 58004
3, 58020
1, 58027
1, 58038
2, 58057
2, 58068
1, 58069
3, 58081
1, 58086
1, 58106
3, 58112
1, 58122
3, 58140
1, 58144
2, 58153
1, 58168
2, 58187
1, 58198
2, 58198
3, 58211
1, 58215
3, 58233
2, 58233
3, 58252
2, 58266
1, 58266
1, 58280
3, 58293
1, 58298
3, 58317
1, 58321
3, 58337
2, 58353
1, 58354
1, 58365
3, 58372
1, 58381
2, 58405
1, 58410
3, 58410
1, 58428
3, 58449
1, 58457
2, 58467
3, 58468
2, 58481
1, 58486
3, 58504
2, 58511
3, 58517
1, 58538
1, 58549
3, 58554
3, 58564
2, 58566
3, 58584
2, 58595
1, 58607
2, 58614
3, 58630
1, 58631
3, 58649
2, 58656
1, 58670
3, 58674
2, 58689
1, 58697
3, 58704
1, 58727
3, 58732
2, 58727
1, 58745
3, 58760
1, 58765
1, 58788
2, 58794
3, 58803
1, 58819
2, 58819
3, 58825
2, 58841
1, 58863
3, 58863
2, 58875
1, 58881
1, 58907
3, 58889
1, 58918
2, 58896
3, 58932
2, 58952
3, 58952
2, 58975
1, 58976
3, 58997
1, 59000
1, 59012
2, 58999
2, 59035
1, 59045
3, 59046
2, 59068
1, 59072
1, 59083
2, 59103
3, 59101
1, 59115
2, 59120
1, 59136
2, 59147
3, 59152
2, 59174
1, 59174
3, 59187
1, 59195
3, 59205
3, 59215
2, 59227
1, 59235
2, 59248
2, 59263
3, 59260
1, 59279
2, 59292
2, 59302
1, 59319
1, 59330
2, 59334
3, 59336
1, 59344
3, 59366
1, 59376
2, 59377
2, 59400
3, 59399
1, 59416
1, 59427
3, 59439
1, 59453
2, 59453
3, 59459
2, 59480
1, 59484
3, 59488
1, 59512
2, 59518
3, 59530
1, 59544
3, 59554
2, 59557
1, 59563
2, 59584
2, 59595
3, 59608
2, 59614
1, 59615
2, 59627
2, 59647
1, 59652
3, 59654
1, 59679
2, 59679
3, 59697
1, 59700
3, 59715
2, 59717
2, 59727
2, 59742
1, 59760
3, 59764
2, 59772
2, 59789
3, 59791
1, 59811
3, 59815
2, 59829
3, 59838
1, 59851
1, 59863
2, 59864
2, 59889
1, 59890
3, 59892
2, 59913
1, 59917
2, 59930
2, 59940
3, 59959
2, 59961
1, 59964
3, 59981
1, 59990
2, 60004
1, 60018
3, 60021
2, 60037
3, 60040
3, 60059
3, 60075
1, 60061
3, 60085
2, 60065
3, 60106
1, 60119
2, 60119
1, 60140
3, 60151
2, 60152
1, 60161
2, 60175
2, 60192
3, 60194
1, 60206
2, 60213
3, 60227
2, 60229
3, 60251
1, 60259
2, 60266
3, 60272
3, 60295
1, 60297
2, 60301
1, 60322
2, 60332
3, 60336
2, 60356
3, 60357
1, 60370
1, 60381
1, 60400
2, 60402
2, 60418
3, 60419
2, 60438
1, 60440
3, 60448
3, 60471
2, 60471
3, 60487
1, 60489
1, 60500
1, 60517
1, 60528
1, 60547
3, 60553
2, 60567
1, 60569
3, 60583
2, 60584
3, 60603
2, 60604
2, 60627
3, 60634
1, 60645
1, 60656
2, 60664
1, 60673
2, 60694
1, 60694
3, 60699
3, 60715
2, 60735
1, 60735
3, 60743
2, 60757
1, 60764
3, 60772
1, 60796
3, 60798
2, 60806
2, 60824
1, 60829
3, 60843
1, 60846
2, 60851
1, 60871
2, 60885
3, 60885
1, 60902
3, 60911
3, 60930
2, 60932
1, 60935
2, 60953
3, 60961
1, 60970
3, 60984
1, 60995
1, 61006
2, 61010
1, 61023
2, 61039
1, 61052
1, 61063
1, 61075
3, 61078
2, 61096
3, 61099
1, 61102
3, 61127
1, 61132
2, 61133
1, 61150
3, 61169
1, 61174
1, 61185
2, 61193
1, 61204
3, 61224
2, 61226
3, 61244
3, 61258
2, 61246
2, 61278
1, 61248
2, 61288
3, 61268
2, 61309
1, 61310
2, 61329
1, 61340
3, 61345
2, 61361
1, 61370
2, 61387
1, 61390
3, 61405
1, 61410
2, 61413
1, 61433
2, 61442
3, 61448
1, 61469
2, 61470
3, 61487
1, 61490
2, 61502
3, 61517
1, 61521
1, 61532
1, 61548
2, 61564
3, 61568
1, 61581
2, 61584
3, 61599
1, 61607
2, 61618
1, 61628
2, 61646
3, 61657
1, 61658
1, 61669
2, 61679
1, 61702
3, 61705
2, 61711
3, 61725
1, 61730
2, 61737
2, 61760
3, 61772
1, 61774
3, 61784
2, 61800
2, 61816
1, 61811
3, 61823
2, 61845
3, 61845
1, 61853
2, 61863
2, 61883
2, 61893
1, 61893
3, 61910
3, 61922
3, 61940
1, 61941
2, 61943
3, 61958
3, 61979
2, 61982
1, 61982
2, 62000
2, 62020
3, 62023
1, 62032
2, 62040
1, 62061
3, 62069
1, 62073
2, 62078
3, 62100
1, 62100
2, 62123
3, 62124
2, 62143
1, 62144
3, 62155
2, 62158
3, 62178
2, 62184
1, 62200
2, 62206
3, 62210
2, 62226
1, 62232
2, 62253
3, 62259
2, 62275
1, 62271
1, 62292
2, 62301
3, 62309
1, 62313
2, 62337
1, 62337
3, 62351
2, 62355
3, 62380
2, 62382
3, 62401
2, 62404
1, 62405
1, 62435
2, 62415
1, 62446
3, 62424
1, 62465
2, 62474
3, 62483
1, 62496
3, 62504
2, 62514
3, 62532
1, 62534
2, 62539
3, 62564
2, 62565
1, 62584
3, 62588
3, 62610
2, 62608
1, 62618
3, 62626
2, 62648
1, 62650
3, 62666
2, 62668
1, 62683
2, 62695
1, 62702
3, 62712
1, 62721
1, 62732
2, 62746
1, 62748
3, 62760
3, 62782
1, 62783
3, 62798
2, 62799
1, 62828
2, 62828
3, 62837
3, 62859
2, 62859
1, 62873
1, 62884
3, 62892
1, 62902
2, 62911
3, 62915
1, 62937
3, 62942
2, 62950
3, 62966
1, 62976
2, 62978
1, 62997
2, 63011
1, 63015
3, 63018
1, 63041
2, 63051
2, 63061
3, 63072
1, 63072
3, 63093
2, 63096
1, 63111
3, 63120
1, 63129
2, 63140
1, 63148
3, 63152
1, 63172
3, 63186
2, 63186
1, 63207
3, 63208
1, 63227
3, 63239
2, 63239
1, 63260
3, 63260
2, 63272
2, 63283
1, 63299
3, 63309
2, 63309
3, 63324
2, 63334
1, 63342
2, 63356
2, 63368
3, 63381
2, 63383
1, 63400
3, 63407
2, 63414
1, 63420
3, 63444
2, 63449
2, 63462
1, 63462
2, 63483
3, 63488
1, 63510
3, 63513
2, 63510
1, 63527
3, 63536
2, 63550
3, 63553
3, 63576
2, 63589
3, 63592
3, 63613
2, 63602
3, 63623
1, 63603
2, 63643
2, 63653
3, 63638
2, 63669
1, 63689
2, 63694
3, 63701
2, 63717
3, 63730
1, 63732
1, 63743
2, 63761
3, 63764
1, 63781
3, 63784
2, 63795
1, 63800
3, 63817
2, 63818
1, 63838
2, 63844
1, 63863
3, 63866
2, 63885
1, 63891
3, 63892
1, 63904
2, 63920
1, 63937
3, 63938
2, 63956
1, 63968
1, 63979
3, 63989
2, 63990
3, 64012
1, 64016
1, 64027
2, 64038
1, 64043
2, 64060
3, 64061
1, 64079
3, 64086
2, 64093
3, 64106
1, 64114
3, 64129
1, 64138
2, 64155
3, 64155
1, 64164
3, 64178
3, 64200
3, 64210
2, 64210
3, 64225
1, 64234
2, 64247
3, 64247
1, 64261
2, 64279
1, 64285
3, 64292
2, 64312
3, 64313
1, 64322
2, 64339
2, 64349
3, 64357
2, 64368
1, 64374
1, 64385
3, 64399
2, 64404
3, 64415
2, 64430
3, 64436
1, 64446
1, 64466
2, 64469
3, 64480
2, 64489
1, 64497
3, 64509
3, 64529
1, 64531
2, 64535
3, 64559
1, 64561
2, 64563
2, 64585
1, 64586
1, 64597
3, 64618
2, 64621
1, 64635
2, 64647
3, 64649
1, 64669
1, 64680
3, 64698
2, 64698
1, 64710
2, 64721
3, 64728
2, 64741
3, 64749
1, 64752
2, 64766
2, 64791
2, 64801
3, 64773
2, 64811
1, 64781
3, 64834
2, 64836
1, 64861
2, 64861
3, 64875
1, 64889
2, 64890
1, 64908
2, 64914
3, 64926
1, 64927
2, 64946
3, 64952
1, 64962
1, 64973
1, 64985
2, 64996
3, 65015
2, 65018
1, 65030
1, 65041
2, 65058
1, 65058
3, 65066
2, 65077
1, 65100
3, 65102
2, 65110
3, 65120
2, 65136
3, 65137
3, 65148
3, 65168
1, 65173
1, 65184
2, 65191
1, 65203
2, 65219
1, 65224
3, 65226
1, 65242
3, 65255
2, 65274
1, 65276
2, 65291
3, 65301
1, 65307
2, 65312
3, 65329
1, 65340
2, 65347
3, 65358
1, 65376
2, 65385
1, 65394
3, 65394
1, 65414
2, 65415
1, 65432
3, 65441
3, 65453
3, 65471
1, 65473
2, 65483
1, 65495
2, 65512
3, 65518
1, 65527
3, 65536
3, 65555
2, 65555
3, 65573
1, 65582
2, 65582
1, 65603
2, 65607
1, 65618
3, 65629
2, 65634
2, 65645
2, 65666
1, 65671
3, 65680
1, 65694
2, 65700
2, 65718
1, 65723
3, 65724
3, 65748
1, 65753
2, 65756
1, 65774
3, 65791
2, 65797
1, 65798
1, 65820
3, 65830
1, 65839
2, 65840
1, 65858
2, 65870
3, 65872
1, 65890
2, 65900
3, 65908
2, 65920
1, 65932
3, 65940
3, 65962
2, 65943
3, 65972
1, 65952
2, 65995
1, 66007
1, 66018
3, 66021
1, 66038
3, 66049
2, 66056
1, 66058
3, 66078
1, 66092
2, 66093
1, 66115
3, 66118
2, 66127
1, 66134
3, 66153
1, 66163
2, 66165
1, 66182
3, 66181
2, 66205
1, 66217
2, 66221
3, 66228
1, 66244
2, 66253
3, 66253
2, 66274
1, 66275
1, 66286
3, 66310
1, 66314
2, 66323
3, 66326
1, 66350
2, 66350
3, 66369
2, 66375
1, 66387
2, 66400
3, 66407
1, 66418
3, 66428
1, 66443
2, 66449
1, 66462
2, 66473
3, 66471
3, 66494
1, 66503
2, 66510
3, 66512
2, 66532
1, 66535
3, 66547
1, 66562
2, 66580
2, 66590
3, 66596
1, 66606
3, 66621
1, 66625
2, 66629
1, 66639
2, 66658
3, 66668
2, 66680
1, 66690
1, 66701
3, 66707
2, 66711
1, 66732
3, 66744
1, 66750
3, 66767
2, 66770
1, 66778
3, 66792
3, 66805
2, 66817
1, 66818
3, 66834
2, 66847
2, 66857
1, 66866
3, 66869
1, 66883
2, 66893
1, 66901
1, 66924
3, 66924
2, 66936
1, 66951
3, 66952
2, 66969
3, 66975
1, 66983
3, 67001
1, 67006
2, 67010
2, 67038
3, 67042
1, 67050
1, 67061
2, 67070
1, 67076
2, 67087
1, 67110
1, 67121
3, 67125
3, 67146
1, 67133
3, 67156
2, 67136
2, 67182
3, 67184
1, 67187
3, 67207
1, 67212
3, 67229
2, 67235
3, 67246
1, 67255
2, 67267
1, 67278
3, 67284
2, 67293
2, 67303
2, 67323
1, 67325
3, 67332
1, 67356
3, 67364
3, 67375
2, 67377
3, 67393
2, 67402
1, 67410
2, 67427
3, 67427
1, 67439
1, 67462
2, 67462
3, 67474
1, 67477
1, 67500
3, 67504
2, 67518
1, 67518
2, 67535
1, 67552
2, 67562
3, 67570
2, 67578
1, 67590
3, 67597
2, 67602
3, 67618
2, 67639
3, 67639
1, 67644
1, 67656
3, 67675
1, 67679
2, 67696
3, 67707
1, 67709
3, 67723
2, 67739
3, 67744
1, 67751
2, 67761
1, 67773
3, 67785
2, 67790
1, 67810
2, 67821
3, 67828
1, 67829
3, 67846
2, 67861
3, 67875
1, 67883
3, 67886
1, 67903
1, 67914
2, 67922
3, 67932
1, 67941
1, 67952
2, 67967
3, 67967
2, 67981
1, 67985
1, 67996
2, 68017
1, 68020
2, 68036
1, 68048
3, 68050
1, 68064
2, 68078
3, 68079
2, 68101
1, 68114
3, 68115
2, 68125
2, 68149
1, 68150
2, 68167
3, 68165
2, 68182
1, 68194
3, 68194
1, 68213
2, 68215
1, 68231
2, 68246
1, 68250
3, 68259
2, 68268
3, 68285
2, 68296
1, 68304
1, 68326
3, 68308
1, 68337
2, 68315
3, 68361
1, 68362
2, 68374
1, 68383
1, 68403
2, 68414
3, 68414
2, 68433
1, 68435
1, 68447
1, 68463
3, 68472
2, 68476
3, 68493
2, 68506
3, 68513
1, 68515
3, 68533
3, 68552
2, 68555
1, 68564
1, 68575
2, 68593
3, 68593
1, 68613
2, 68619
3, 68619
2, 68636
1, 68643
2, 68659
3, 68660
3, 68683
2, 68690
1, 68696
2, 68713
3, 68719
3, 68732
1, 68736
2, 68755
1, 68761
3, 68755
1, 68773
1, 68791
3, 68810
2, 68815
1, 68817
2, 68839
3, 68839
2, 68859
3, 68862
3, 68874
2, 68886
3, 68896
1, 68906
2, 68910
3, 68924
3, 68935
1, 68943
2, 68956
3, 68959
1, 68975
1, 68986
2, 69004
1, 69010
2, 69018
3, 69022
1, 69042
1, 69053
2, 69070
2, 69080
3, 69081
3, 69091
1, 69092
1, 69103
1, 69122
2, 69137
1, 69145
3, 69136
2, 69164
1, 69168
2, 69188
1, 69192
1, 69203
1, 69220
3, 69228
3, 69241
2, 69248
1, 69267
3, 69268
2, 69280
1, 69294
3, 69297
1, 69310
2, 69314
2, 69337
3, 69337
1, 69346
2, 69365
3, 69373
1, 69378
2, 69387
1, 69403
2, 69420
3, 69422
2, 69434
1, 69442
3, 69454
3, 69469
1, 69472
1, 69495
1, 69509
3, 69495
3, 69530
2, 69498
3, 69540
1, 69520
2, 69555
2, 69565
3, 69576
3, 69586
2, 69603
1, 69606
1, 69620
3, 69631
1, 69647
3, 69655
2, 69657
1, 69678
2, 69679
2, 69703
3, 69703
1, 69711
2, 69729
1, 69729
3, 69749
1, 69760
3, 69769
2, 69769
2, 69792
3, 69798
1, 69808
3, 69819
2, 69826
1, 69840
2, 69855
3, 69855
1, 69862
2, 69882
1, 69885
2, 69900
1, 69918
3, 69920
2, 69922
1, 69950
3, 69950
1, 69966
2, 69970
3, 69985
1, 69995
2, 70006
2, 70016
3, 70020
1, 70041
2, 70048
3, 70050
3, 70071
2, 70078
1, 70088
3, 70091
1, 70106
2, 70114
2, 70134
3, 70134
2, 70156
1, 70158
1, 70175
3, 70179
2, 70181
1, 70201
3, 70211
2, 70213
1, 70235
3, 70237
3, 70261
1, 70263
2, 70263
2, 70285
1, 70294
3, 70305
2, 70306
3, 70321
3, 70340
2, 70339
1, 70355
1, 70366
3, 70375
1, 70390
2, 70394
1, 70406
3, 70416
2, 70418
1, 70445
3, 70446
2, 70458
3, 70469
1, 70483
2, 70486
1, 70498
1, 70518
3, 70526
2, 70525
1, 70546
1, 70557
2, 70569
1, 70581
2, 70586
3, 70586
3, 70611
2, 70610
3, 70621
3, 70631
3, 70641
3, 70651
3, 70661
3, 70671
3, 70681
3, 70691
3, 70701
3, 70711
3, 70721
3, 70731
3, 70741
3, 70751
3, 70761
3, 70771
3, 70781
3, 70791
3, 70801
3, 70811
3, 70821
3, 70831
3, 70841
3, 70851
3, 70861
3, 70871
3, 70881
3, 70891
3, 70901
3, 70911
3, 70921
3, 70931
3, 70941
3, 70951
3, 70961
3, 70971
3, 70981
3, 70991
3, 71001
3, 71011
3, 71021
3, 71031
3, 71041
1, 71054
3, 71066
3, 71076
1, 71088
1, 71102
2, 71105
1, 71116
3, 71123
3, 71141
2, 71151
3, 71163
1, 71163
3, 71181
2, 71193
1, 71194
3, 71206
2, 71213
2, 71233
3, 71241
1, 71245
1, 71263
3, 71273
2, 71279
3, 71295
1, 71300
2, 71311
1, 71318
3, 71340
2, 71347
3, 71353
1, 71364
2, 71371
1, 71386
2, 71400
3, 71405
1, 71413
2, 71420
1, 71436
2, 71449
3, 71452
1, 71469
2, 71475
3, 71493
2, 71508
1, 71511
3, 71522
2, 71532
1, 71534
3, 71559
2, 71565
2, 71575
1, 71577
2, 71585
1, 71604
3, 71617
1, 71625
2, 71627
2, 71641
2, 71655
1, 71662
2, 71682
3, 71684
1, 71693
2, 71700
3, 71716
2, 71732
1, 71733
3, 71739
1, 71759
3, 71763
3, 71784
2, 71791
3, 71807
2, 71811
1, 71811
1, 71841
2, 71821
1, 71852
3, 71830
2, 71867
2, 71891
1, 71891
3, 71905
2, 71914
1, 71918
2, 71941
1, 71941
3, 71956
2, 71957
3, 71976
1, 71985
3, 71998
2, 72000
2, 72020
3, 72031
2, 72039
3, 72050
1, 72052
3, 72070
2, 72077
3, 72093
1, 72094
2, 72107
3, 72117
2, 72137
3, 72138
2, 72156
1, 72154
3, 72174
2, 72175
1, 72185
3, 72201
2, 72212
3, 72227
1, 72227
3, 72242
2, 72243
1, 72266
3, 72270
2, 72278
1, 72288
2, 72310
1, 72310
3, 72323
1, 72333
2, 72341
3, 72355
2, 72360
3, 72384
1, 72381
3, 72401
2, 72403
3, 72424
1, 72424
2, 72439
3, 72439
2, 72458
3, 72463
2, 72485
3, 72486
1, 72491
3, 72502
1, 72517
3, 72531
2, 72540
3, 72551
2, 72562
1, 72564
3, 72581
3, 72591
1, 72602
1, 72613
2, 72618
3, 72626
1, 72647
3, 72653
2, 72650
1, 72677
2, 72682
1, 72700
3, 72706
2, 72707
3, 72730
2, 72737
2, 72747
3, 72758
1, 72755
3, 72774
2, 72780
2, 72799
3, 72807
1, 72809
2, 72822
1, 72838
3, 72838
1, 72857
2, 72868
3, 72875
2, 72896
1, 72896
2, 72911
3, 72917
2, 72928
1, 72943
1, 72955
3, 72959
2, 72972
1, 72976
1, 72998
1, 73015
3, 73000
1, 73026
2, 73004
3, 73054
1, 73056
1, 73067
2, 73080
3, 73089
1, 73101
2, 73103
1, 73126
2, 73127
1, 73146
2, 73148
1, 73169
3, 73172
2, 73180
2, 73190
1, 73207
1, 73218
3, 73225
2, 73234
3, 73246
1, 73250
1, 73275
2, 73275
1, 73293
3, 73293
1, 73310
2, 73318
1, 73332
3, 73336
2, 73349
1, 73355
3, 73370
3, 73380
2, 73386
3, 73402
2, 73414
3, 73420
1, 73422
2, 73431
3, 73457
2, 73462
1, 73459
2, 73478
3, 73485
2, 73512
1, 73512
3, 73525
1, 73525
3, 73553
2, 73553
3, 73572
2, 73576
1, 73577
2, 73591
3, 73602
2, 73623
1, 73621
2, 73637
3, 73647
1, 73660
1, 73671
3, 73685
1, 73687
2, 73702
1, 73712
3, 73719
3, 73737
2, 73743
1, 73742
3, 73769
1, 73770
2, 73775
1, 73789
3, 73804
2, 73816
1, 73819
2, 73830
3, 73838
2, 73849
3, 73867
3, 73878
1, 73879
2, 73888
2, 73900
2, 73922
3, 73925
1, 73935
2, 73939
2, 73964
2, 73974
1, 73976
3, 73981
2, 73996
3, 74016
2, 74016
1, 74019
2, 74034
2, 74055
1, 74056
3, 74060
1, 74076
2, 74096
1, 74098
2, 74116
1, 74119
3, 74141
1, 74141
2, 74148
1, 74161
3, 74172
3, 74195
2, 74178
3, 74205
1, 74185
3, 74223
1, 74237
3, 74249
2, 74257
1, 74266
3, 74271
3, 74292
1, 74293
3, 74310
3, 74327
1, 74325
3, 74341
2, 74341
1, 74362
3, 74364
2, 74375
1, 74384
2, 74407
3, 74409
1, 74429
2, 74431
3, 74438
3, 74448
3, 74466
2, 74475
3, 74483
1, 74485
1, 74508
2, 74514
1, 74527
1, 74538
1, 74554
3, 74558
2, 74571
1, 74576
1, 74587
1, 74603
3, 74606
2, 74628
3, 74629
1, 74640
2, 74648
2, 74659
1, 74677
3, 74679
2, 74688
1, 74695
1, 74712
2, 74723
3, 74728
2, 74750
1, 74752
3, 74760
1, 74771
2, 74781
1, 74801
3, 74803
2, 74817
1, 74829
3, 74832
2, 74856
3, 74857
3, 74867
1, 74871
1, 74882
2, 74893
3, 74907
1, 74920
3, 74927
2, 74939
1, 74943
2, 74955
1, 74969
3, 74984
2, 74994
1, 74996
1, 75021
3, 75026
2, 75034
1, 75041
1, 75063
3, 75064
2, 75076
1, 75086
3, 75088
2, 75112
3, 75115
1, 75126
1, 75145
1, 75156
2, 75163
2, 75173
3, 75181
1, 75189
2, 75194
1, 75213
3, 75218
1, 75234
2, 75243
3, 75261
2, 75265
2, 75275
1, 75288
2, 75293
3, 75302
2, 75319
1, 75324
3, 75327
3, 75350
1, 75351
1, 75378
2, 75357
1, 75389
3, 75367
3, 75414
1, 75414
1, 75438
2, 75450
1, 75452
3, 75453
3, 75463
2, 75482
3, 75495
1, 75496
1, 75507
2, 75521
3, 75533
2, 75542
1, 75557
3, 75563
2, 75576
1, 75577
3, 75589
3, 75606
1, 75610
2, 75620
1, 75633
1, 75644
2, 75657
1, 75669
3, 75679
2, 75683
1, 75708
2, 75720
3, 75720
1, 75734
2, 75742
1, 75752
3, 75759
2, 75773
1, 75783
3, 75790
2, 75804
1, 75810
1, 75821
3, 75830
3, 75840
2, 75860
3, 75865
1, 75870
2, 75890
3, 75901
1, 75902
2, 75918
3, 75927
3, 75937
1, 75955
2, 75960
3, 75974
2, 75976
3, 75995
1, 75997
2, 76003
1, 76022
2, 76028
1, 76045
3, 76053
2, 76055
1, 76075
1, 76086
3, 76099
3, 76109
2, 76113
3, 76133
2, 76139
1, 76133
3, 76148
3, 76168
2, 76171
1, 76185
1, 76196
1, 76207
1, 76218
1, 76230
2, 76236
3, 76255
2, 76257
1, 76272
3, 76280
2, 76295
1, 76296
3, 76314
2, 76318
1, 76335
3, 76340
2, 76353
1, 76358
2, 76374
1, 76379
3, 76399
2, 76399
2, 76423
1, 76423
2, 76437
1, 76455
3, 76456
2, 76458
2, 76485
3, 76487
1, 76489
3, 76505
2, 76523
1, 76525
1, 76550
3, 76531
1, 76561
2, 76539
3, 76586
2, 76593
1, 76601
3, 76619
1, 76625
3, 76632
2, 76633
3, 76651
2, 76671
3, 76672
2, 76692
3, 76694
1, 76708
3, 76710
2, 76729
1, 76729
3, 76741
3, 76760
1, 76762
2, 76769
2, 76792
3, 76793
2, 76811
1, 76820
3, 76820
1, 76833
2, 76844
3, 76862
1, 76867
2, 76875
3, 76889
1, 76900
3, 76915
2, 76921
1, 76923
2, 76941
3, 76944
3, 76966
2, 76970
1, 76979
2, 76991
3, 77002
1, 77006
2, 77018
3, 77037
2, 77048
3, 77057
1, 77064
1, 77075
2, 77089
1, 77093
3, 77098
2, 77119
3, 77121
3, 77131
3, 77151
2, 77159
1, 77161
2, 77177
3, 77185
1, 77193
3, 77205
1, 77221
1, 77232
2, 77241
1, 77248
3, 77267
1, 77270
2, 77281
3, 77294
1, 77309
3, 77313
3, 77326
2, 77309
1, 77343
3, 77351
2, 77356
3, 77377
2, 77383
1, 77393
3, 77407
1, 77413
2, 77423
2, 77433
3, 77441
3, 77464
2, 77469
1, 77476
1, 77487
2, 77495
2, 77505
3, 77516
1, 77525
3, 77540
2, 77550
1, 77557
3, 77565
3, 77589
2, 77589
3, 77607
2, 77612
1, 77613
3, 77637
1, 77639
3, 77657
2, 77658
3, 77678
2, 77686
1, 77688
3, 77695
3, 77724
1, 77708
3, 77734
2, 77714
3, 77753
1, 77759
3, 77782
1, 77786
2, 77792
1, 77805
3, 77820
1, 77829
2, 77829
1, 77842
3, 77856
2, 77874
1, 77877
2, 77893
1, 77902
3, 77905
1, 77919
2, 77930
3, 77949
2, 77953
1, 77954
2, 77968
3, 77986
1, 77989
1, 78000
3, 78010
2, 78023
3, 78027
3, 78051
2, 78051
1, 78062
2, 78075
3, 78077
3, 78101
2, 78104
3, 78122
1, 78131
2, 78133
1, 78148
3, 78154
2, 78162
1, 78181
1, 78192
3, 78197
3, 78207
2, 78218
3, 78223
2, 78248
1, 78250
3, 78251
3, 78277
1, 78278
2, 78295
3, 78298
3, 78320
2, 78321
1, 78325
3, 78343
1, 78356
2, 78365
3, 78366
2, 78390
3, 78396
1, 78399
2, 78414
1, 78428
2, 78437
3, 78446
1, 78450
2, 78462
3, 78476
2, 78489
3, 78501
2, 78511
1, 78514
3, 78523
1, 78534
3, 78546
3, 78568
1, 78570
2, 78570
1, 78594
2, 78597
3, 78604
3, 78617
1, 78633
3, 78633
2, 78659
3, 78663
1, 78665
1, 78676
3, 78700
1, 78701
1, 78712
3, 78726
3, 78738
2, 78742
1, 78750
3, 78763
2, 78776
1, 78779
3, 78802
2, 78806
1, 78818
2, 78826
3, 78839
1, 78843
3, 78857
2, 78868
3, 78881
3, 78901
1, 78882
3, 78911
2, 78891
3, 78925
3, 78950
2, 78952
3, 78965
2, 78977
3, 78986
2, 78995
3, 79007
2, 79016
3, 79028
2, 79034
3, 79048
2, 79054
3, 79069
2, 79072
3, 79088
2, 79094
1, 79097
1, 79119
1, 79130
2, 79133
3, 79143
2, 79149
1, 79169
3, 79171
1, 79190
2, 79194
3, 79205
2, 79222
3, 79226
1, 79227
3, 79243
2, 79262
1, 79262
1, 79275
1, 79287
2, 79303
1, 79315
3, 79315
1, 79329
2, 79339
1, 79348
3, 79366
2, 79367
2, 79391
3, 79391
1, 79405
2, 79414
1, 79427
3, 79431
3, 79451
2, 79451
1, 79463
3, 79475
1, 79487
3, 79500
1, 79508
2, 79513
3, 79520
3, 79545
1, 79547
2, 79559
1, 79567
1, 79578
1, 79598
3, 79598
2, 79611
1, 79614
2, 79637
1, 79641
3, 79644
1, 79661
2, 79674
3, 79682
1, 79691
2, 79714
3, 79714
1, 79724
2, 79738
3, 79743
1, 79759
2, 79763
2, 79786
1, 79789
3, 79789
1, 79811
2, 79821
1, 79831
2, 79850
1, 79851
1, 79862
3, 79864
1, 79883
2, 79888
3, 79904
2, 79917
3, 79919
3, 79930
1, 79940
1, 79951
1, 79967
1, 79985
2, 79988
3, 79997
1, 80003
2, 80020
3, 80032
1, 80034
2, 80046
1, 80059
1, 80082
3, 80061
1, 80093
2, 80071
3, 80106
2, 80122
1, 80139
2, 80149
3, 80154
2, 80170
1, 80177
3, 80178
1, 80196
2, 80209
3, 80209
1, 80229
2, 80230
1, 80251
2, 80259
3, 80264
1, 80281
2, 80287
1, 80298
1, 80309
3, 80324
1, 80328
2, 80334
3, 80348
1, 80366
1, 80377
3, 80383
3, 80393
2, 80399
3, 80407
3, 80430
1, 80431
3, 80445
3, 80455
2, 80459
1, 80478
2, 80481
2, 80501
1, 80503
2, 80523
3, 80527
1, 80529
2, 80545
3, 80563
1, 80567
2, 80569
3, 80595
1, 80596
2, 80605
3, 80623
2, 80629
3, 80646
1, 80647
2, 80652
1, 80672
2, 80675
3, 80689
2, 80692
3, 80711
1, 80725
1, 80736
3, 80746
2, 80753
1, 80755
2, 80772
3, 80777
2, 80803
3, 80805
1, 80813
3, 80836
1, 80845
3, 80846
2, 80854
3, 80867
1, 80874
2, 80886
3, 80893
2, 80908
1, 80917
3, 80926
2, 80939
3, 80957
2, 80959
1, 80962
2, 80973
3, 80993
3, 81004
1, 81004
3, 81022
1, 81032
3, 81049
2, 81054
3, 81067
1, 81071
2, 81074
1, 81090
2, 81102
3, 81112
3, 81128
2, 81134
1, 81141
2, 81153
3, 81163
2, 81172
3, 81183
1, 81200
2, 81204
1, 81222
3, 81223
3, 81248
1, 81234
3, 81258
2, 81238
3, 81286
2, 81287
1, 81291
1, 81313
2, 81323
3, 81324
1, 81336
3, 81354
2, 81354
1, 81370
2, 81379
3, 81390
1, 81399
2, 81404
3, 81422
1, 81432
2, 81453
1, 81455
3, 81468
2, 81470
3, 81488
2, 81493
1, 81500
3, 81512
3, 81526
1, 81541
3, 81545
3, 81566
1, 81568
2, 81568
1, 81585
3, 81602
2, 81613
2, 81623
1, 81628
3, 81633
2, 81654
1, 81662
3, 81664
2, 81685
3, 81697
3, 81707
1, 81707
3, 81723
2, 81733
1, 81740
3, 81747
1, 81764
2, 81766
1, 81785
3, 81795
2, 81815
3, 81815
1, 81817
1, 81841
2, 81849
1, 81862
3, 81862
2, 81880
1, 81884
1, 81895
3, 81912
1, 81924
2, 81927
3, 81944
2, 81949
1, 81955
2, 81978
3, 81981
2, 81999
3, 82003
1, 82007
3, 82025
1, 82031
2, 82047
1, 82061
3, 82062
1, 82081
2, 82088
3, 82092
2, 82107
1, 82110
1, 82121
3, 82129
3, 82139
3, 82165
2, 82168
1, 82169
2, 82188
3, 82204
2, 82210
1, 82217
1, 82228
3, 82248
3, 82258
2, 82264
1, 82272
3, 82277
1, 82296
2, 82300
3, 82307
2, 82327
1, 82330
1, 82341
3, 82363
3, 82374
1, 82374
2, 82380
3, 82389
2, 82407
2, 82427
3, 82415
2, 82437
2, 82448
1, 82417
3, 82466
1, 82479
2, 82487
3, 82497
2, 82507
1, 82519
3, 82526
2, 82536
1, 82547
2, 82566
3, 82571
1, 82572
1, 82596
2, 82600
1, 82619
2, 82619
3, 82628
1, 82636
2, 82657
1, 82663
3, 82669
1, 82684
2, 82699
1, 82704
3, 82713
3, 82735
2, 82740
1, 82751
1, 82762
2, 82774
1, 82779
1, 82790
3, 82791
3, 82812
1, 82824
2, 82828
3, 82845
1, 82846
2, 82866
3, 82866
2, 82890
1, 82890
3, 82902
1, 82914
1, 82925
2, 82938
3, 82948
1, 82950
1, 82976
2, 82978
3, 82989
1, 82998
2, 83002
1, 83021
1, 83032
2, 83049
1, 83050
3, 83063
3, 83073
2, 83086
1, 83092
3, 83096
2, 83109
1, 83130
3, 83132
2, 83142
3, 83155
2, 83163
1, 83172
1, 83183
2, 83206
1, 83203
3, 83215
2, 83218
3, 83237
2, 83244
1, 83253
3, 83275
2, 83281
1, 83285
3, 83290
3, 83312
1, 83312
3, 83333
1, 83341
2, 83353
3, 83360
1, 83373
3, 83379
2, 83387
2, 83411
1, 83408
3, 83420
1, 83439
2, 83441
1, 83457
3, 83462
1, 83475
2, 83484
3, 83495
1, 83504
1, 83524
2, 83529
3, 83532
1, 83543
2, 83568
1, 83577
2, 83578
3, 83587
3, 83611
2, 83596
3, 83621
1, 83601
2, 83641
3, 83641
1, 83663
2, 83671
3, 83674
2, 83688
3, 83706
2, 83719
1, 83719
1, 83741
2, 83743
3, 83751
1, 83761
2, 83774
3, 83780
1, 83797
3, 83802
3, 83824
2, 83824
1, 83830
2, 83848
1, 83852
2, 83875
1, 83876
3, 83884
3, 83895
2, 83908
1, 83919
3, 83929
1, 83949
1, 83961
3, 83961
2, 83974
1, 83986
3, 83988
1, 84011
2, 84014
3, 84015
1, 84040
1, 84051
2, 84056
1, 84071
3, 84074
2, 84083
3, 84098
3, 84109
1, 84112
2, 84125
3, 84138
2, 84157
3, 84157
1, 84167
1, 84178
1, 84196
1, 84208
3, 84216
2, 84223
1, 84234
3, 84246
2, 84248
3, 84268
1, 84269
1, 84280
2, 84293
3, 84311
2, 84312
1, 84318
2, 84335
3, 84342
2, 84354
3, 84370
2, 84377
3, 84389
1, 84391
2, 84407
1, 84416
3, 84418
3, 84442
3, 84457
2, 84456
1, 84475
1, 84486
3, 84498
2, 84499
2, 84509
1, 84513
3, 84532
1, 84537
2, 84553
1, 84557
2, 84573
3, 84581
1, 84595
3, 84605
2, 84605
1, 84628
2, 84633
3, 84645
1, 84650
1, 84672
2, 84671
1, 84690
3, 84699
2, 84707
1, 84722
2, 84728
1, 84744
3, 84747
2, 84758
1, 84761
3, 84781
2, 84776
1, 84805
2, 84811
2, 84824
3, 84819
2, 84837
3, 84852
1, 84857
2, 84868
1, 84881
2, 84897
3, 84903
2, 84914
1, 84918
1, 84936
1, 84947
3, 84955
2, 84963
1, 84981
2, 84988
3, 84992
1, 85000
2, 85011
3, 85032
1, 85043
2, 85048
3, 85061
1, 85062
2, 85091
3, 85091
1, 85101
3, 85102
2, 85128
1, 85130
3, 85141
1, 85150
2, 85154
2, 85178
1, 85180
3, 85195
2, 85200
1, 85212
2, 85234
3, 85237
1, 85240
3, 85258
2, 85271
1, 85271
2, 85281
2, 85295
1, 85311
2, 85317
3, 85330
2, 85334
2, 85356
2, 85366
3, 85373
1, 85381
1, 85392
3, 85411
1, 85419
3, 85421
2, 85426
3, 85450
2, 85450
1, 85460
3, 85470
2, 85479
1, 85497
3, 85499
2, 85510
2, 85532
1, 85532
3, 85542
1, 85555
2, 85565
1, 85580
2, 85590
3, 85590
1, 85612
3, 85617
2, 85618
2, 85648
3, 85649
1, 85650
1, 85661
1, 85681
2, 85687
2, 85707
1, 85715
3, 85716
1, 85737
2, 85746
2, 85756
3, 85757
1, 85779
3, 85783
1, 85801
3, 85806
2, 85818
1, 85823
3, 85831
1, 85847
2, 85867
3, 85867
1, 85874
1, 85885
3, 85905
2, 85907
1, 85928
2, 85935
3, 85928
1, 85946
1, 85972
2, 85952
1, 85983
3, 85961
1, 86005
3, 86010
2, 86026
1, 86037
3, 86039
2, 86057
1, 86060
3, 86073
2, 86087
3, 86093
1, 86106
3, 86122
3, 86132
1, 86143
1, 86154
2, 86156
1, 86172
3, 86178
1, 86195
2, 86204
3, 86204
1, 86224
3, 86227
1, 86250
3, 86254
2, 86258
3, 86269
1, 86284
2, 86292
3, 86298
3, 86319
2, 86328
1, 86335
3, 86343
2, 86355
1, 86358
2, 86379
3, 86384
1, 86401
2, 86407
3, 86414
1, 86431
2, 86432
1, 86454
3, 86455
2, 86468
1, 86472
2, 86497
2, 86507
1, 86507
3, 86524
2, 86531
1, 86532
3, 86555
2, 86556
1, 86574
2, 86579
3, 86587
3, 86597
1, 86614
3, 86620
2, 86635
1, 86646
3, 86656
1, 86666
2, 86670
1, 86687
3, 86694
1, 86714
3, 86720
2, 86729
1, 86739
2, 86752
3, 86755
1, 86778
2, 86779
1, 86792
3, 86792
1, 86803
3, 86830
1, 86833
2, 86833
1, 86850
3, 86871
1, 86872
2, 86884
1, 86891
2, 86910
3, 86914
1, 86925
2, 86931
3, 86943
1, 86958
2, 86966
1, 86981
3, 86986
1, 87004
3, 87013
2, 87013
3, 87036
1, 87037
2, 87047
3, 87056
3, 87075
1, 87077
2, 87094
3, 87103
2, 87112
1, 87114
1, 87144
3, 87126
1, 87155
2, 87133
1, 87178
3, 87183
2, 87195
1, 87205
3, 87217
1, 87232
2, 87235
3, 87245
1, 87262
3, 87268
2, 87276
2, 87295
1, 87299
3, 87307
1, 87325
2, 87327
3, 87341
1, 87355
3, 87362
2, 87377
1, 87380
1, 87399
1, 87410
3, 87419
1, 87425
2, 87430
3, 87454
1, 87456
2, 87465
3, 87487
1, 87487
2, 87494
3, 87502
3, 87523
2, 87524
1, 87540
3, 87541
2, 87568
1, 87575
2, 87578
3, 87586
2, 87600
3, 87615
1, 87621
2, 87633
3, 87635
2, 87658
1, 87660
3, 87662
3, 87683
1, 87684
2, 87702
1, 87717
1, 87728
1, 87743
2, 87744
1, 87761
3, 87762
1, 87779
2, 87791
3, 87800
1, 87801
2, 87821
3, 87829
1, 87831
2, 87857
1, 87862
3, 87862
2, 87878
1, 87895
2, 87902
3, 87908
1, 87915
3, 87931
1, 87945
3, 87954
2, 87962
1, 87970
2, 87986
1, 87992
2, 88014
1, 88023
2, 88024
3, 88036
2, 88054
3, 88058
1, 88070
2, 88079
3, 88082
1, 88104
2, 88106
3, 88111
2, 88125
3, 88132
3, 88155
2, 88155
1, 88164
3, 88179
2, 88185
1, 88194
3, 88219
2, 88222
2, 88232
1, 88235
2, 88245
1, 88263
3, 88280
2, 88286
3, 88298
1, 88308
1, 88325
2, 88308
1, 88336
3, 88314
1, 88352
3, 88367
2, 88367
3, 88385
2, 88397
3, 88411
1, 88412
2, 88427
3, 88440
1, 88444
3, 88457
2, 88477
1, 88480
3, 88482
2, 88503
1, 88512
3, 88513
2, 88534
1, 88547
3, 88548
2, 88564
3, 88572
2, 88585
1, 88589
3, 88596
2, 88612
3, 88622
2, 88635
3, 88643
3, 88654
1, 88663
2, 88669
1, 88688
3, 88689
2, 88713
1, 88717
3, 88717
1, 88734
2, 88742
3, 88758
1, 88763
2, 88771
1, 88788
2, 88800
3, 88804
1, 88816
3, 88832
2, 88846
3, 88852
1, 88857
2, 88863
1, 88888
3, 88890
2, 88900
1, 88916
3, 88917
2, 88941
1, 88941
2, 88958
3, 88968
2, 88976
1, 88980
2, 88995
3, 89001
3, 89024
2, 89024
1, 89040
3, 89048
2, 89048
3, 89068
1, 89074
2, 89080
3, 89104
2, 89108
1, 89109
1, 89120
1, 89145
2, 89151
3, 89154
1, 89171
1, 89182
2, 89186
2, 89206
3, 89214
1, 89216
2, 89229
2, 89250
3, 89252
3, 89273
2, 89273
1, 89274
1, 89285
3, 89295
3, 89307
3, 89331
1, 89332
2, 89349
1, 89354
3, 89360
2, 89385
3, 89387
1, 89391
3, 89405
2, 89426
1, 89427
3, 89441
2, 89442
2, 89453
1, 89470
2, 89479
2, 89501
1, 89486
2, 89511
3, 89491
1, 89534
3, 89538
2, 89549
1, 89563
2, 89573
1, 89588
3, 89594
2, 89608
3, 89618
1, 89619
2, 89631
1, 89640
2, 89658
1, 89667
3, 89672
1, 89687
3, 89701
2, 89708
1, 89710
3, 89724
1, 89740
2, 89757
3, 89758
1, 89768
2, 89780
3, 89784
3, 89804
2, 89811
1, 89819
3, 89828
1, 89840
2, 89857
1, 89858
3, 89883
1, 89885
2, 89893
1, 89908
2, 89919
3, 89935
2, 89937
1, 89941
3, 89953
1, 89964
3, 89976
1, 89994
3, 89999
2, 90004
1, 90015
3, 90031
1, 90038
2, 90048
1, 90067
3, 90070
3, 90091
3, 90101
1, 90101
2, 90111
2, 90121
2, 90139
1, 90143
1, 90154
3, 90160
1, 90173
2, 90190
3, 90198
1, 90203
2, 90224
1, 90229
1, 90240
3, 90247
1, 90260
3, 90274
2, 90279
3, 90293
1, 90302
2, 90305
3, 90327
1, 90329
2, 90333
3, 90357
1, 90363
2, 90365
3, 90386
1, 90392
3, 90404
2, 90409
1, 90417
3, 90433
1, 90448
3, 90459
2, 90463
3, 90476
1, 90482
3, 90493
1, 90509
3, 90513
2, 90533
1, 90539
3, 90539
2, 90559
3, 90566
1, 90587
1, 90598
3, 90603
2, 90606
1, 90625
1, 90636
2, 90642
3, 90653
2, 90653
2, 90684
1, 90671
2, 90694
2, 90706
3, 90674
1, 90730
2, 90734
1, 90747
3, 90750
1, 90770
2, 90772
1, 90785
3, 90796
2, 90802
1, 90823
2, 90825
3, 90839
1, 90851
3, 90856
2, 90866
1, 90884
3, 90885
2, 90900
1, 90916
3, 90918
1, 90934
2, 90940
3, 90945
1, 90964
2, 90972
1, 90985
3, 90990
1, 91003
3, 91022
2, 91019
1, 91036
3, 91048
2, 91048
3, 91072
1, 91077
2, 91081
3, 91105
1, 91106
3, 91122
2, 91125
1, 91130
2, 91150
1, 91160
3, 91172
2, 91175
1, 91192
2, 91205
1, 91212
3, 91227
2, 91236
2, 91246
1, 91248
3, 91259
1, 91279
1, 91290
1, 91306
2, 91303
3, 91308
1, 91329
3, 91343
2, 91343
3, 91361
1, 91363
2, 91373
2, 91384
2, 91405
1, 91405
3, 91419
1, 91423
2, 91446
1, 91452
3, 91452
1, 91471
3, 91480
2, 91490
3, 91499
1, 91519
2, 91525
3, 91533
1, 91539
2, 91552
2, 91568
1, 91575
3, 91581
1, 91596
3, 91611
2, 91617
1, 91621
3, 91633
1, 91645
3, 91658
3, 91672
2, 91676
2, 91691
1, 91693
3, 91709
1, 91721
2, 91729
3, 91735
2, 91757
3, 91758
3, 91780
2, 91780
1, 91785
1, 91796
3, 91815
1, 91828
2, 91832
2, 91855
1, 91843
2, 91865
2, 91877
3, 91845
1, 91891
2, 91907
3, 91910
2, 91927
3, 91942
2, 91947
1, 91953
2, 91963
3, 91977
2, 91984
1, 91991
3, 92002
2, 92017
1, 92019
1, 92045
2, 92052
2, 92064
3, 92068
2, 92077
3, 92091
1, 92093
2, 92101
1, 92117
3, 92135
1, 92138
3, 92156
2, 92165
1, 92166
2, 92181
3, 92189
1, 92199
2, 92212
2, 92222
3, 92235
1, 92246
2, 92256
3, 92263
3, 92283
2, 92283
1, 92297
3, 92302
2, 92315
2, 92327
1, 92338
3, 92343
3, 92365
1, 92367
2, 92369
1, 92387
2, 92407
3, 92408
1, 92414
2, 92426
3, 92442
1, 92450
2, 92457
3, 92478
3, 92490
1, 92492
1, 92504
2, 92508
3, 92531
2, 92535
2, 92546
1, 92546
2, 92570
3, 92572
2, 92589
1, 92594
3, 92598
1, 92617
3, 92626
2, 92637
3, 92649
1, 92660
2, 92661
1, 92676
2, 92695
3, 92696
3, 92715
1, 92716
3, 92732
2, 92736
1, 92742
1, 92762
2, 92767
1, 92778
3, 92790
1, 92809
3, 92812
2, 92822
1, 92836
3, 92843
2, 92858
1, 92860
1, 92881
3, 92884
2, 92894
2, 92908
1, 92923
3, 92924
3, 92945
2, 92949
1, 92952
1, 92963
1, 92982
2, 92991
3, 92994
3, 93017
3, 93032
2, 93017
2, 93052
1, 93022
1, 93073
3, 93042
3, 93094
2, 93062
2, 93114
1, 93084
1, 93135
3, 93104
1, 93146
2, 93124
3, 93157
2, 93172
1, 93185
2, 93194
3, 93210
1, 93222
2, 93222
1, 93239
3, 93244
1, 93259
2, 93270
2, 93280
2, 93290
3, 93293
3, 93304
3, 93327
3, 93337
1, 93339
2, 93345
1, 93361
3, 93373
1, 93380
2, 93387
2, 93409
1, 93414
2, 93424
2, 93434
3, 93442
2, 93449
1, 93466
2, 93471
1, 93490
2, 93492
1, 93512
3, 93517
1, 93530
2, 93530
2, 93553
3, 93562
2, 93572
1, 93573
3, 93590
1, 93602
2, 93610
1, 93623
3, 93635
2, 93638
3, 93658
2, 93659
1, 93670
2, 93688
1, 93694
3, 93694
1, 93713
2, 93729
2, 93739
1, 93750
2, 93756
2, 93773
1, 93776
3, 93777
3, 93787
2, 93814
1, 93814
1, 93826
3, 93836
1, 93843
1, 93861
2, 93863
2, 93884
1, 93889
3, 93892
3, 93913
2, 93918
1, 93931
2, 93947
3, 93953
1, 93961
2, 93967
3, 93987
2, 93997
2, 94008
1, 94014
2, 94028
3, 94033
1, 94051
2, 94059
3, 94052
2, 94083
1, 94084
3, 94094
2, 94099
1, 94122
3, 94124
1, 94144
3, 94150
2, 94156
1, 94168
3, 94183
2, 94184
2, 94210
1, 94191
2, 94220
2, 94231
3, 94200
1, 94249
2, 94252
3, 94274
1, 94276
2, 94291
1, 94299
1, 94310
3, 94325
2, 94331
1, 94337
3, 94363
2, 94365
1, 94371
1, 94382
2, 94402
1, 94407
3, 94410
1, 94424
2, 94439
1, 94452
3, 94455
2, 94479
3, 94479
1, 94482
3, 94496
1, 94509
2, 94522
3, 94536
2, 94543
3, 94554
3, 94564
3, 94574
1, 94546
3, 94584
3, 94597
3, 94612
1, 94625
2, 94629
1, 94644
3, 94653
2, 94670
1, 94672
3, 94676
3, 94695
1, 94710
3, 94713
2, 94728
1, 94732
3, 94753
1, 94755
2, 94765
3, 94773
3, 94794
2, 94794
1, 94817
3, 94819
2, 94828
3, 94841
1, 94844
2, 94853
1, 94876
2, 94881
3, 94893
2, 94901
3, 94914
1, 94921
2, 94925
2, 94945
1, 94954
3, 94963
2, 94970
1, 94986
3, 94987
1, 95007
2, 95015
3, 95022
2, 95038
1, 95047
3, 95053
1, 95070
2, 95081
1, 95094
3, 95094
2, 95111
3, 95126
1, 95127
2, 95140
3, 95140
2, 95160
3, 95176
1, 95180
2, 95190
1, 95201
2, 95215
1, 95221
3, 95237
2, 95239
1, 95252
3, 95266
2, 95266
3, 95288
1, 95289
2, 95306
3, 95314
1, 95319
2, 95328
3, 95350
2, 95350
3, 95368
3, 95387
2, 95374
3, 95397
1, 95377
2, 95417
2, 95427
3, 95411
1, 95444
2, 95456
3, 95463
2, 95475
1, 95484
3, 95497
1, 95516
3, 95516
1, 95534
2, 95536
1, 95556
3, 95556
3, 95579
1, 95582
3, 95595
2, 95608
1, 95608
2, 95627
1, 95635
2, 95642
3, 95649
1, 95668
2, 95669
3, 95692
1, 95695
2, 95697
1, 95724
3, 95725
2, 95740
1, 95747
3, 95752
1, 95768
3, 95778
2, 95785
1, 95802
2, 95805
3, 95824
2, 95832
1, 95836
3, 95847
2, 95858
2, 95879
1, 95881
3, 95887
2, 95905
1, 95910
3, 95914
1, 95938
2, 95947
3, 95948
2, 95971
1, 95973
1, 95985
3, 96000
2, 96005
1, 96024
2, 96029
3, 96039
1, 96041
2, 96064
1, 96067
3, 96070
1, 96088
2, 96096
1, 96110
2, 96127
1, 96131
3, 96134
2, 96160
1, 96166
1, 96177
1, 96195
2, 96195
3, 96206
3, 96216
1, 96229
3, 96239
2, 96239
3, 96255
1, 96272
2, 96275
3, 96289
2, 96296
1, 96302
3, 96314
2, 96329
1, 96337
3, 96350
2, 96363
2, 96374
1, 96381
3, 96387
1, 96407
2, 96410
3, 96419
2, 96441
1, 96441
3, 96452
2, 96463
1, 96470
3, 96479
1, 96499
3, 96508
2, 96517
1, 96530
3, 96530
2, 96544
2, 96567
2, 96577
3, 96556
2, 96588
1, 96557
2, 96609
3, 96621
1, 96631
3, 96638
2, 96640
2, 96662
3, 96672
1, 96674
2, 96681
1, 96698
2, 96715
1, 96719
3, 96722
1, 96739
3, 96744
2, 96768
3, 96770
3, 96790
2, 96793
1, 96793
1, 96805
3, 96830
2, 96830
1, 96844
3, 96845
3, 96868
1, 96876
2, 96894
3, 96894
1, 96901
3, 96914
3, 96936
2, 96936
1, 96946
3, 96949
3, 96966
1, 96983
3, 96990
2, 96995
1, 97014
2, 97021
3, 97025
2, 97049
3, 97049
1, 97052
1, 97063
1, 97089
2, 97090
3, 97104
2, 97116
1, 97119
3, 97126
3, 97146
2, 97151
1, 97159
2, 97178
3, 97180
1, 97196
1, 97207
2, 97213
2, 97223
3, 97233
3, 97244
3, 97263
2, 97264
1, 97281
2, 97292
3, 97300
3, 97310
1, 97310
2, 97334
1, 97336
3, 97350
1, 97360
2, 97367
1, 97384
3, 97386
2, 97402
3, 97410
3, 97429
2, 97433
1, 97435
2, 97453
3, 97461
2, 97474
1, 97484
3, 97489
2, 97505
3, 97522
2, 97524
1, 97528
2, 97538
3, 97556
1, 97564
2, 97569
1, 97590
3, 97596
2, 97599
1, 97622
3, 97638
2, 97638
1, 97646
1, 97657
1, 97677
2, 97680
3, 97683
2, 97705
1, 97715
1, 97733
2, 97721
1, 97744
3, 97722
1, 97763
3, 97772
3, 97794
1, 97795
2, 97807
3, 97822
1, 97827
2, 97829
2, 97853
3, 97856
1, 97872
3, 97881
1, 97895
2, 97907
3, 97909
1, 97918
2, 97923
2, 97946
1, 97951
3, 97952
2, 97971
3, 97986
1, 97987
2, 97997
2, 98018
3, 98024
1, 98029
2, 98034
1, 98054
2, 98055
1, 98075
2, 98077
3, 98094
1, 98108
2, 98112
1, 98129
3, 98134
1, 98146
2, 98155
3, 98167
1, 98180
3, 98185
1, 98205
2, 98208
1, 98223
3, 98229
2, 98244
1, 98249
2, 98267
3, 98269
2, 98281
1, 98297
2, 98304
3, 98304
2, 98316
1, 98334
2, 98339
3, 98348
2, 98354
1, 98380
3, 98384
1, 98402
3, 98403
2, 98414
3, 98423
3, 98443
2, 98446
1, 98458
3, 98463
2, 98474
3, 98489
1, 98499
2, 98500
3, 98523
1, 98535
3, 98535
2, 98548
3, 98560
1, 98563
2, 98574
1, 98593
3, 98594
1, 98611
2, 98617
1, 98634
3, 98640
2, 98643
2, 98663
1, 98675
3, 98676
1, 98697
2, 98708
3, 98707
1, 98729
3, 98736
2, 98740
2, 98755
2, 98766
3, 98784
2, 98786
1, 98787
1, 98798
1, 98819
2, 98832
3, 98830
1, 98845
1, 98856
2, 98871
3, 98882
1, 98883
1, 98913
2, 98893
1, 98924
3, 98902
1, 98938
3, 98957
1, 98972
1, 98983
3, 98993
2, 98998
1, 99010
2, 99022
3, 99019
1, 99039
2, 99042
2, 99065
1, 99068
3, 99070
1, 99086
1, 99106
3, 99111
1, 99120
2, 99125
1, 99151
2, 99154
3, 99160
3, 99170
1, 99184
2, 99195
3, 99195
1, 99215
3, 99224
2, 99234
1, 99240
3, 99256
1, 99261
2, 99282
1, 99286
1, 99306
2, 99310
3, 99315
2, 99334
3, 99336
1, 99358
1, 99369
2, 99373
1, 99387
3, 99386
2, 99407
1, 99409
2, 99425
1, 99433
2, 99451
3, 99451
1, 99463
2, 99472
2, 99491
2, 99501
1, 99514
3, 99514
2, 99529
3, 99535
1, 99543
2, 99557
3, 99565
1, 99572
2, 99582
2, 99603
1, 99607
3, 99625
1, 99628
2, 99646
1, 99649
3, 99657
1, 99676
2, 99676
1, 99695
2, 99697
2, 99724
3, 99722
1, 99732
1, 99743
2, 99759
1, 99761
2, 99777
3, 99785
2, 99798
3, 99808
2, 99820
1, 99827
1, 99838
3, 99847
1, 99854
3, 99873
1, 99877
1, 99897
2, 99901
3, 99902
2, 99920
3, 99929
2, 99935
2, 99957
3, 99965
1, 99965
2, 99986
3, 99988
Reached max sequence count, exiting
