1, 101
3, 276
1, 433
3, 475
2, 563
3, 755
1, 774
2, 923
3, 1002
1, 1085
2, 1204
3, 1324
1, 1361
2, 1507
3, 1648
1, 1654
2, 1783
1, 1924
3, 1993
2, 2150
1, 2184
3, 2313
2, 2426
1, 2483
3, 2633
2, 2732
1, 2750
3, 2943
1, 3005
2, 3070
2, 3289
1, 3306
3, 3337
2, 3577
1, 3592
3, 3666
1, 3864
2, 3883
3, 3989
1, 4136
2, 4191
2, 4355
3, 4385
1, 4514
2, 4638
3, 4696
1, 4797
2, 4919
3, 5053
1, 5119
2, 5192
3, 5394
1, 5422
2, 5437
3, 5662
2, 5743
1, 5756
3, 5970
1, 6023
2, 6076
3, 6244
1, 6337
2, 6397
3, 6520
1, 6637
2, 6707
3, 6840
1, 6940
2, 6965
3, 7169
1, 7229
2, 7257
3, 7455
2, 7526
1, 7617
3, 7751
2, 7805
1, 7935
3, 8034
2, 8127
1, 8209
3, 8351
2, 8401
1, 8494
2, 8684
3, 8687
1, 8852
2, 8956
3, 8982
1, 9174
2, 9237
3, 9292
1, 9474
2, 9525
3, 9563
1, 9806
2, 9832
3, 9858
1, 10070
2, 10126
3, 10203
1, 10353
2, 10471
3, 10492
1, 10639
2, 10768
3, 10804
1, 10967
2, 11062
3, 11100
1, 11233
2, 11374
3, 11398
1, 11508
2, 11693
3, 11734
1, 11793
3, 12004
2, 12005
1, 12111
3, 12282
2, 12319
1, 12444
1, 12577
3, 12649
2, 12714
1, 12840
3, 12962
2, 13010
1, 13147
2, 13289
3, 13296
1, 13432
2, 13602
3, 13620
1, 13709
2, 13891
3, 13950
1, 13998
2, 14190
1, 14249
3, 14292
2, 14471
3, 14584
1, 14593
2, 14756
1, 14869
3, 14930
2, 15070
1, 15137
3, 15242
2, 15373
1, 15415
3, 15576
2, 15664
1, 15719
3, 15825
2, 16025
1, 16039
3, 16110
2, 16287
1, 16342
3, 16428
1, 16591
2, 16629
3, 16784
1, 16854
2, 16948
3, 17010
1, 17205
3, 17281
2, 17306
1, 17479
3, 17596
2, 17604
1, 17772
2, 17884
3, 17897
1, 18085
2, 18193
3, 18206
1, 18353
3, 18503
2, 18530
1, 18645
3, 18822
2, 18834
1, 18924
2, 19146
3, 19148
1, 19198
2, 19417
3, 19472
1, 19516
2, 19698
3, 19780
1, 19833
2, 19987
3, 20077
1, 20152
2, 20316
3, 20371
1, 20411
3, 20606
2, 20681
1, 20741
3, 20795
1, 21028
3, 21041
2, 21171
3, 21293
1, 21328
2, 21506
3, 21612
1, 21613
2, 21812
1, 21894
3, 21916
2, 22112
1, 22190
3, 22214
2, 22404
1, 22446
3, 22579
2, 22701
1, 22746
3, 22881
1, 23035
2, 23035
3, 23150
2, 23326
1, 23346
3, 23469
1, 23638
2, 23645
3, 23769
1, 23938
2, 23993
3, 24066
1, 24204
2, 24244
3, 24349
1, 24546
2, 24571
3, 24646
1, 24823
2, 24875
3, 24949
1, 25027
1, 25271
2, 25289
3, 25292
1, 25517
2, 25592
3, 25706
1, 25762
2, 25909
3, 26028
1, 26038
2, 26215
1, 26339
3, 26340
2, 26495
1, 26619
3, 26681
2, 26783
1, 26926
3, 26950
2, 27093
3, 27242
1, 27284
2, 27382
3, 27553
1, 27565
2, 27691
3, 27863
1, 27901
2, 27907
3, 28137
1, 28209
2, 28218
3, 28437
2, 28480
1, 28566
3, 28716
2, 28801
1, 28874
3, 29031
2, 29083
1, 29195
3, 29273
2, 29464
1, 29484
3, 29538
1, 29765
2, 29814
3, 29832
1, 30055
3, 30127
2, 30131
1, 30349
2, 30418
3, 30426
1, 30671
3, 30708
2, 30734
1, 30973
2, 31011
3, 31037
3, 31293
2, 31313
1, 31322
3, 31535
1, 31628
2, 31667
3, 31835
1, 31924
2, 31974
3, 32128
1, 32236
2, 32265
3, 32420
2, 32540
1, 32588
3, 32707
2, 32835
1, 32891
3, 33021
2, 33122
1, 33175
3, 33342
2, 33395
3, 33532
1, 33561
2, 33740
3, 33838
1, 33872
2, 34031
3, 34145
1, 34192
2, 34325
3, 34422
1, 34498
2, 34634
3, 34699
1, 34788
2, 34943
3, 35014
1, 35102
2, 35214
3, 35342
1, 35420
2, 35499
3, 35618
2, 35765
1, 35766
3, 35952
1, 36022
2, 36070
3, 36247
1, 36309
2, 36388
3, 36563
1, 36644
2, 36653
3, 36834
2, 36960
1, 36964
3, 37160
2, 37238
1, 37269
3, 37436
2, 37561
1, 37586
3, 37728
2, 37819
1, 37916
3, 38065
2, 38120
1, 38200
3, 38386
2, 38396
1, 38505
3, 38667
2, 38723
1, 38815
3, 38983
2, 39008
1, 39122
3, 39268
2, 39298
1, 39441
3, 39565
2, 39591
1, 39761
3, 39853
2, 39884
1, 40073
3, 40138
2, 40178
3, 40408
1, 40433
2, 40466
3, 40715
1, 40733
2, 40764
1, 41017
3, 41045
2, 41053
1, 41298
3, 41343
2, 41373
3, 41586
1, 41656
2, 41669
3, 41869
1, 41952
2, 42002
3, 42197
1, 42243
2, 42294
3, 42501
1, 42510
2, 42615
1, 42780
3, 42818
2, 42881
1, 43090
2, 43169
3, 43210
1, 43341
2, 43472
3, 43513
1, 43643
2, 43780
3, 43808
1, 43935
2, 44095
3, 44121
1, 44224
2, 44389
3, 44475
1, 44507
2, 44686
3, 44750
1, 44815
2, 44994
3, 45055
1, 45095
2, 45301
3, 45337
1, 45428
3, 45608
2, 45614
1, 45742
2, 45908
3, 45924
1, 45982
2, 46244
3, 46250
1, 46262
3, 46541
2, 46557
1, 46563
1, 46842
2, 46863
3, 46864
1, 47084
2, 47168
3, 47224
1, 47412
2, 47439
3, 47534
1, 47710
2, 47728
3, 47827
2, 48048
3, 48055
1, 48093
3, 48312
2, 48352
1, 48419
3, 48609
2, 48639
1, 48753
1, 48917
3, 48994
2, 48997
1, 49200
2, 49286
3, 49327
1, 49489
2, 49602
3, 49606
1, 49777
3, 49914
2, 49916
1, 50061
3, 50210
2, 50277
1, 50320
3, 50493
2, 50589
1, 50624
3, 50800
2, 50872
1, 50949
3, 51081
2, 51176
1, 51243
3, 51388
2, 51501
1, 51537
3, 51682
2, 51799
1, 51838
3, 52004
2, 52102
1, 52118
3, 52322
2, 52378
1, 52412
3, 52646
2, 52685
1, 52713
3, 52940
2, 52977
1, 53009
3, 53210
2, 53312
1, 53327
3, 53512
1, 53582
2, 53658
3, 53822
1, 53895
2, 53946
3, 54095
1, 54163
2, 54288
3, 54392
1, 54413
2, 54653
3, 54700
1, 54702
2, 54956
1, 54992
3, 55012
2, 55247
1, 55289
3, 55326
2, 55528
1, 55580
3, 55671
2, 55820
1, 55858
3, 55987
2, 56085
1, 56216
3, 56264
2, 56422
1, 56499
3, 56549
2, 56702
1, 56821
3, 56832
2, 57024
1, 57088
3, 57153
2, 57311
1, 57409
3, 57433
2, 57624
1, 57723
3, 57737
2, 57936
3, 58016
1, 58027
2, 58276
3, 58285
1, 58317
2, 58545
3, 58598
1, 58634
2, 58841
1, 58887
3, 59039
2, 59103
1, 59146
2, 59386
1, 59393
3, 59432
2, 59656
1, 59695
3, 59756
2, 59952
1, 59983
3, 60074
2, 60228
1, 60273
3, 60447
2, 60468
1, 60675
3, 60713
2, 60721
1, 60955
2, 61008
3, 61033
1, 61256
3, 61324
2, 61339
1, 61574
2, 61599
3, 61646
1, 61841
2, 61892
3, 62047
1, 62092
2, 62177
3, 62382
1, 62419
2, 62419
2, 62673
1, 62710
3, 62748
2, 62944
1, 63016
3, 63057
2, 63262
1, 63296
3, 63395
1, 63571
2, 63574
3, 63734
1, 63823
2, 63889
3, 64065
1, 64091
2, 64175
1, 64340
2, 64440
3, 64478
1, 64654
2, 64713
3, 64804
1, 64929
2, 65018
3, 65174
1, 65191
2, 65292
3, 65484
1, 65500
2, 65593
1, 65776
3, 65808
2, 65881
1, 66063
3, 66150
2, 66169
1, 66359
3, 66450
2, 66452
1, 66683
2, 66707
3, 66806
1, 66920
2, 67010
3, 67130
1, 67250
2, 67290
3, 67482
1, 67520
2, 67570
1, 67805
3, 67843
2, 67853
1, 68105
2, 68122
3, 68170
1, 68402
2, 68426
3, 68495
1, 68635
2, 68723
3, 68865
1, 68914
2, 68992
1, 69173
2, 69269
3, 69274
1, 69444
2, 69561
3, 69630
1, 69718
2, 69813
1, 70013
3, 70058
2, 70058
1, 70265
2, 70348
3, 70442
1, 70517
2, 70624
1, 70780
3, 70798
2, 70945
1, 71020
3, 71148
1, 71211
2, 71327
1, 71451
3, 71570
2, 71621
1, 71730
3, 71888
2, 71925
1, 72013
3, 72223
2, 72236
1, 72269
2, 72508
3, 72552
1, 72573
2, 72816
1, 72844
3, 72875
2, 73105
1, 73126
3, 73219
2, 73370
1, 73427
3, 73585
2, 73651
1, 73703
2, 73911
1, 73970
3, 73975
2, 74217
1, 74241
3, 74323
2, 74504
1, 74517
3, 74668
2, 74775
1, 74811
3, 75018
2, 75059
1, 75083
1, 75326
3, 75346
2, 75416
1, 75576
3, 75682
2, 75726
1, 75857
3, 76009
2, 76014
1, 76147
2, 76322
3, 76326
1, 76421
3, 76642
2, 76644
1, 76693
2, 76933
1, 76964
3, 77016
2, 77213
1, 77244
3, 77330
1, 77511
2, 77522
3, 77667
1, 77797
2, 77834
3, 77960
2, 78060
1, 78153
2, 78327
3, 78344
1, 78420
2, 78607
1, 78697
3, 78721
2, 78877
1, 78990
3, 79111
2, 79120
1, 79285
3, 79415
2, 79451
1, 79541
2, 79694
3, 79815
1, 79839
2, 79945
1, 80128
2, 80175
3, 80213
1, 80425
2, 80441
3, 80565
1, 80709
2, 80743
3, 80896
1, 80978
2, 81025
1, 81243
3, 81252
2, 81298
1, 81504
2, 81565
3, 81676
1, 81795
2, 81847
3, 81965
1, 82107
2, 82151
3, 82277
1, 82380
2, 82490
3, 82596
1, 82643
2, 82788
3, 82909
1, 82972
2, 83057
1, 83234
3, 83269
2, 83375
1, 83502
2, 83619
3, 83632
1, 83812
2, 83879
3, 84018
1, 84075
2, 84152
1, 84363
3, 84367
2, 84429
1, 84663
3, 84674
2, 84756
1, 84941
3, 84998
2, 85051
1, 85190
3, 85334
2, 85356
1, 85468
2, 85649
3, 85674
1, 85754
2, 85931
3, 86024
1, 86031
2, 86216
1, 86337
3, 86385
2, 86465
1, 86627
3, 86712
2, 86746
1, 86891
2, 87039
3, 87105
1, 87159
2, 87315
1, 87425
3, 87465
2, 87616
1, 87680
3, 87737
2, 87935
1, 87994
3, 88065
2, 88232
1, 88236
3, 88445
1, 88510
2, 88524
1, 88743
2, 88817
3, 88893
1, 89007
2, 89093
3, 89217
1, 89333
2, 89374
3, 89542
1, 89608
2, 89679
1, 89858
3, 89891
2, 89974
1, 90169
3, 90206
2, 90233
1, 90464
3, 90527
2, 90536
1, 90746
2, 90795
3, 90897
1, 91041
2, 91069
3, 91278
1, 91318
2, 91342
1, 91583
3, 91626
2, 91639
1, 91866
1, 91989
2, 92030
3, 92032
1, 92298
2, 92317
3, 92373
1, 92525
2, 92614
3, 92718
1, 92828
2, 92881
3, 93076
1, 93089
2, 93151
1, 93383
2, 93430
3, 93462
1, 93647
2, 93710
3, 93839
1, 93905
2, 94009
1, 94187
3, 94217
2, 94302
1, 94488
3, 94514
2, 94578
1, 94778
3, 94801
2, 94886
1, 95046
3, 95184
2, 95184
1, 95355
2, 95449
3, 95496
1, 95624
2, 95720
3, 95848
1, 95960
2, 95965
3, 96161
2, 96211
1, 96304
2, 96493
3, 96529
1, 96573
2, 96766
3, 96847
1, 96881
2, 97065
1, 97108
3, 97240
2, 97368
1, 97424
3, 97513
2, 97669
1, 97720
3, 97842
2, 97917
1, 98023
2, 98189
3, 98247
1, 98292
2, 98487
1, 98521
3, 98619
2, 98759
1, 98823
3, 98975
2, 99028
1, 99131
3, 99238
2, 99322
1, 99466
2, 99596
3, 99630
1, 99722
2, 99880
3, 99916
Reached max sequence count, exiting
