1, 158
3, 236
1, 443
3, 523
2, 527
1, 757
3, 763
2, 873
3, 1039
1, 1115
2, 1146
3, 1317
1, 1410
2, 1478
3, 1584
1, 1754
2, 1793
3, 1850
1, 2066
2, 2093
3, 2153
2, 2328
1, 2416
3, 2457
2, 2666
3, 2698
1, 2769
2, 2931
3, 2992
1, 3081
3, 3249
2, 3313
1, 3420
3, 3525
2, 3561
1, 3757
3, 3818
2, 3864
3, 4090
1, 4092
2, 4142
3, 4353
2, 4430
1, 4480
3, 4601
3, 4799
1, 4821
2, 4847
3, 5036
1, 5132
2, 5161
3, 5339
2, 5419
1, 5473
3, 5666
2, 5703
1, 5736
3, 5969
2, 6003
1, 6097
3, 6251
2, 6289
1, 6400
3, 6500
2, 6644
1, 6698
3, 6812
2, 6949
1, 6972
3, 7146
2, 7235
1, 7273
3, 7470
2, 7522
1, 7597
3, 7719
2, 7854
1, 7871
3, 8028
1, 8182
2, 8191
3, 8296
1, 8489
2, 8509
3, 8551
2, 8814
1, 8838
3, 8856
2, 9044
1, 9153
3, 9212
2, 9318
1, 9436
2, 9572
3, 9579
1, 9764
2, 9839
3, 9906
1, 10057
2, 10134
3, 10188
1, 10322
3, 10432
1, 10509
2, 10683
3, 10716
1, 10809
2, 10995
3, 11009
1, 11116
3, 11199
2, 11292
1, 11505
2, 11543
3, 11552
1, 11824
3, 11830
2, 11849
3, 12089
2, 12141
1, 12175
3, 12362
2, 12401
1, 12531
3, 12652
2, 12727
1, 12837
3, 12892
2, 13068
3, 13160
1, 13183
2, 13411
1, 13445
3, 13506
2, 13723
1, 13753
3, 13761
2, 14012
1, 14037
3, 14065
3, 14342
1, 14343
2, 14358
3, 14639
1, 14644
2, 14647
1, 14929
3, 14949
2, 14957
3, 15209
1, 15261
2, 15274
3, 15460
1, 15555
2, 15634
3, 15720
1, 15867
2, 15957
3, 16035
1, 16149
3, 16303
2, 16330
1, 16446
3, 16590
2, 16598
1, 16802
3, 16860
2, 16907
1, 17111
3, 17158
2, 17201
1, 17401
3, 17465
2, 17503
1, 17693
3, 17750
2, 17837
3, 18002
1, 18034
2, 18189
3, 18261
1, 18328
2, 18487
3, 18543
1, 18648
2, 18791
3, 18820
1, 18956
2, 19079
3, 19148
1, 19300
2, 19329
3, 19439
2, 19615
3, 19668
1, 19678
3, 19933
2, 19947
1, 20026
2, 20249
3, 20255
1, 20309
3, 20476
2, 20584
1, 20609
3, 20783
2, 20847
1, 20964
3, 21075
2, 21169
1, 21241
3, 21341
1, 21474
2, 21545
3, 21675
1, 21798
2, 21862
3, 21944
1, 22067
2, 22183
3, 22237
1, 22402
2, 22460
3, 22530
1, 22726
2, 22768
3, 22805
2, 23019
3, 23095
1, 23095
2, 23337
1, 23398
3, 23409
2, 23644
3, 23671
1, 23697
2, 23925
3, 23943
1, 24091
3, 24210
2, 24213
1, 24341
2, 24532
3, 24574
1, 24647
2, 24806
3, 24878
1, 24973
2, 25088
3, 25143
1, 25286
2, 25414
3, 25422
1, 25625
2, 25701
3, 25704
2, 25967
3, 25981
1, 25994
3, 26260
2, 26264
1, 26319
3, 26534
2, 26593
1, 26648
3, 26826
2, 26892
1, 26973
3, 27023
2, 27219
3, 27289
1, 27347
2, 27532
3, 27562
1, 27696
2, 27819
3, 27840
1, 27987
3, 28144
2, 28161
1, 28273
3, 28407
2, 28476
1, 28599
3, 28693
2, 28790
1, 28929
3, 28998
2, 29056
1, 29178
3, 29320
2, 29336
1, 29509
2, 29651
3, 29657
1, 29779
3, 29895
2, 29990
1, 30085
3, 30141
2, 30327
1, 30413
3, 30429
1, 30646
2, 30655
3, 30791
2, 30942
1, 30965
3, 31094
2, 31204
1, 31321
3, 31401
2, 31472
1, 31647
3, 31652
2, 31816
3, 31939
1, 31950
2, 32138
1, 32212
3, 32237
2, 32455
1, 32509
3, 32524
2, 32777
3, 32813
1, 32825
2, 33066
3, 33119
1, 33138
2, 33350
3, 33377
1, 33490
3, 33641
2, 33693
1, 33816
3, 33877
2, 33998
1, 34114
3, 34189
2, 34271
1, 34456
3, 34506
2, 34591
1, 34684
3, 34840
2, 34919
1, 35006
3, 35101
2, 35236
1, 35347
3, 35383
2, 35527
1, 35659
3, 35670
2, 35733
3, 36001
1, 36028
2, 36029
3, 36266
2, 36309
1, 36373
3, 36535
2, 36638
1, 36709
3, 36792
2, 36916
1, 36993
3, 37112
2, 37222
1, 37329
3, 37370
2, 37546
3, 37655
1, 37663
2, 37832
3, 37946
1, 37967
2, 38129
3, 38235
1, 38311
2, 38423
3, 38513
1, 38644
3, 38704
2, 38797
1, 38937
3, 38980
2, 39172
1, 39222
3, 39281
2, 39465
1, 39536
3, 39588
2, 39750
3, 39840
1, 39885
2, 40057
3, 40120
1, 40207
2, 40358
3, 40395
1, 40489
2, 40702
3, 40707
1, 40774
3, 40990
2, 41036
1, 41088
3, 41300
2, 41313
1, 41373
3, 41561
2, 41631
1, 41664
3, 41842
2, 41953
1, 42007
3, 42110
2, 42230
1, 42366
3, 42445
2, 42496
1, 42599
3, 42774
2, 42856
1, 42878
3, 43020
2, 43176
1, 43225
3, 43263
2, 43524
1, 43526
3, 43547
3, 43832
2, 43835
1, 43868
1, 44118
2, 44146
3, 44188
1, 44417
2, 44417
3, 44490
2, 44711
1, 44734
3, 44774
2, 45026
3, 45031
1, 45081
3, 45291
2, 45338
1, 45394
3, 45592
2, 45646
1, 45699
3, 45875
2, 45933
1, 46075
3, 46165
2, 46187
1, 46383
3, 46425
2, 46525
1, 46615
1, 46716
3, 46892
1, 46920
2, 47011
3, 47173
1, 47272
2, 47314
3, 47503
2, 47571
1, 47585
3, 47809
2, 47819
1, 47948
2, 48108
3, 48117
1, 48253
3, 48404
2, 48413
1, 48552
3, 48656
2, 48730
1, 48908
3, 48913
2, 49063
3, 49178
1, 49224
2, 49349
1, 49503
3, 49533
2, 49660
1, 49787
3, 49800
2, 49969
3, 50102
1, 50112
2, 50275
3, 50370
1, 50396
2, 50580
3, 50697
1, 50707
2, 50917
3, 50972
1, 51010
2, 51229
3, 51271
1, 51295
3, 51534
2, 51558
1, 51611
3, 51825
2, 51856
1, 51900
2, 52126
3, 52139
1, 52258
3, 52406
2, 52417
1, 52558
3, 52656
2, 52803
1, 52866
3, 52958
2, 53083
1, 53197
3, 53207
2, 53384
1, 53527
3, 53528
2, 53687
1, 53799
3, 53812
2, 54010
3, 54083
1, 54129
2, 54330
3, 54361
1, 54436
1, 54644
3, 54702
2, 54713
1, 54889
3, 55015
2, 55066
1, 55109
3, 55344
1, 55380
2, 55390
1, 55637
3, 55688
2, 55717
1, 55951
2, 56014
3, 56028
1, 56194
3, 56319
2, 56325
1, 56516
3, 56586
2, 56641
1, 56845
3, 56888
2, 56930
1, 57172
3, 57182
2, 57199
3, 57426
1, 57492
2, 57537
3, 57697
1, 57777
2, 57880
3, 58001
1, 58046
2, 58195
1, 58331
3, 58390
2, 58476
1, 58652
3, 58706
2, 58732
1, 58873
2, 59052
3, 59058
1, 59168
2, 59311
3, 59388
1, 59483
2, 59616
3, 59653
1, 59766
2, 59893
1, 60025
3, 60056
2, 60193
1, 60332
3, 60368
2, 60482
3, 60675
1, 60682
2, 60747
3, 60974
1, 60989
2, 61053
2, 61281
1, 61311
3, 61332
2, 61547
1, 61576
3, 61690
2, 61818
1, 61912
3, 62009
2, 62063
3, 62232
1, 62255
2, 62389
3, 62529
1, 62564
2, 62696
1, 62810
2, 62893
3, 62995
1, 63152
2, 63178
3, 63294
1, 63422
2, 63475
3, 63603
1, 63721
2, 63773
3, 63977
1, 63986
2, 64049
1, 64254
3, 64321
2, 64329
3, 64573
1, 64599
2, 64649
3, 64868
1, 64919
2, 64932
3, 65171
2, 65197
1, 65290
2, 65454
3, 65471
1, 65597
2, 65732
3, 65799
1, 65864
3, 66053
2, 66070
1, 66181
2, 66344
3, 66405
1, 66500
2, 66645
3, 66707
1, 66801
2, 66944
3, 66999
1, 67054
2, 67273
3, 67305
1, 67355
2, 67606
3, 67607
1, 67657
2, 67844
3, 67908
1, 68021
2, 68098
1, 68297
3, 68309
2, 68358
2, 68602
1, 68604
3, 68682
1, 68866
2, 68913
3, 68983
1, 69161
2, 69201
3, 69311
1, 69472
2, 69487
3, 69614
1, 69775
2, 69787
3, 69911
1, 70021
2, 70151
3, 70203
1, 70333
2, 70441
3, 70555
1, 70582
2, 70687
1, 70807
3, 70939
1, 71030
2, 71171
3, 71201
1, 71358
3, 71435
2, 71459
1, 71620
3, 71751
2, 71854
1, 71889
3, 72072
2, 72091
1, 72255
3, 72337
2, 72383
1, 72526
2, 72655
3, 72700
1, 72822
3, 72987
2, 73006
1, 73154
2, 73269
3, 73286
1, 73452
3, 73567
2, 73592
1, 73805
3, 73847
2, 73873
3, 74099
1, 74112
2, 74206
1, 74383
3, 74450
2, 74489
1, 74693
3, 74723
2, 74842
3, 74997
1, 75097
2, 75113
3, 75216
1, 75369
2, 75405
3, 75560
1, 75657
2, 75726
3, 75869
1, 75933
2, 76038
3, 76167
1, 76208
2, 76358
1, 76483
3, 76496
2, 76665
1, 76743
3, 76843
2, 76987
1, 77022
3, 77143
2, 77257
1, 77352
3, 77434
2, 77579
1, 77692
3, 77780
2, 77822
1, 77937
3, 78019
2, 78164
1, 78233
3, 78374
2, 78441
1, 78532
2, 78696
3, 78740
1, 78829
2, 78976
3, 79103
1, 79119
2, 79264
3, 79401
1, 79421
2, 79540
3, 79663
1, 79738
2, 79860
3, 79989
1, 80026
2, 80146
1, 80328
3, 80330
2, 80399
1, 80609
3, 80678
2, 80713
1, 80878
2, 80995
3, 81018
1, 81180
2, 81302
3, 81306
1, 81395
2, 81629
3, 81674
1, 81723
2, 81899
3, 81965
1, 82052
2, 82190
3, 82298
1, 82312
2, 82475
1, 82605
3, 82643
2, 82757
1, 82876
3, 82958
2, 83094
3, 83188
1, 83244
2, 83429
3, 83470
1, 83592
2, 83631
3, 83799
1, 83903
2, 83943
3, 84095
1, 84214
2, 84220
3, 84384
2, 84498
1, 84523
3, 84715
2, 84777
1, 84863
3, 84991
2, 85036
1, 85190
3, 85305
2, 85338
2, 85527
1, 85562
3, 85668
2, 85772
1, 85900
3, 86010
2, 86024
1, 86206
2, 86300
3, 86335
1, 86510
2, 86591
3, 86662
1, 86801
2, 86838
3, 86981
2, 87089
1, 87202
3, 87261
2, 87341
2, 87576
3, 87583
1, 87599
3, 87819
2, 87928
1, 87937
3, 88114
2, 88190
1, 88264
3, 88372
2, 88474
1, 88619
2, 88709
3, 88718
1, 88953
2, 88989
3, 89005
2, 89266
1, 89287
3, 89300
2, 89496
1, 89645
3, 89668
2, 89759
1, 89909
3, 89981
2, 90041
2, 90223
1, 90275
3, 90363
1, 90526
2, 90584
3, 90697
1, 90787
2, 90890
3, 90997
1, 91068
2, 91213
1, 91372
3, 91385
2, 91451
3, 91617
3, 91717
3, 91817
1, 91853
2, 92009
1, 92123
3, 92191
2, 92284
1, 92441
3, 92486
2, 92580
1, 92720
3, 92846
2, 92879
1, 92997
2, 93119
3, 93161
1, 93338
2, 93410
3, 93487
1, 93631
2, 93673
3, 93772
1, 94000
2, 94001
3, 94020
2, 94201
1, 94339
3, 94364
2, 94480
3, 94653
2, 94695
1, 94777
3, 94934
2, 94968
1, 95106
2, 95236
3, 95257
1, 95421
2, 95464
3, 95593
2, 95773
1, 95778
3, 95854
2, 96031
1, 96151
3, 96196
2, 96316
3, 96444
1, 96460
1, 96661
2, 96661
3, 96843
2, 96917
1, 96958
3, 97129
2, 97243
1, 97280
2, 97408
3, 97480
1, 97651
2, 97726
3, 97762
1, 97923
3, 98050
2, 98090
1, 98236
3, 98357
2, 98362
1, 98560
2, 98623
3, 98664
2, 98827
1, 98895
3, 99063
2, 99091
1, 99226
3, 99367
2, 99373
1, 99564
3, 99611
2, 99705
1, 99862
3, 99894
2, 99992
Reached max sequence count, exiting
