1, 234
2, 291
3, 350
1, 529
2, 619
3, 629
1, 868
3, 874
2, 978
3, 1118
1, 1149
2, 1299
3, 1400
1, 1478
2, 1617
3, 1710
1, 1768
2, 1898
3, 1987
2, 2142
1, 2170
3, 2249
2, 2417
3, 2529
1, 2531
2, 2753
3, 2793
1, 2879
3, 3008
2, 3057
1, 3245
3, 3292
2, 3349
1, 3499
3, 3612
2, 3681
1, 3849
3, 3888
2, 3985
3, 4164
1, 4166
2, 4303
3, 4370
1, 4520
2, 4641
3, 4643
1, 4849
3, 4893
2, 4971
3, 5143
1, 5202
2, 5280
3, 5457
1, 5494
2, 5586
3, 5694
1, 5878
2, 5913
3, 5963
1, 6177
2, 6221
3, 6228
2, 6499
3, 6506
1, 6563
2, 6791
3, 6822
1, 6843
3, 7004
2, 7189
1, 7199
3, 7258
2, 7363
3, 7567
1, 7609
2, 7673
3, 7825
1, 7977
2, 7983
3, 8066
1, 8311
2, 8320
3, 8336
2, 8581
3, 8616
1, 8655
3, 8848
2, 8910
1, 9005
3, 9075
2, 9251
3, 9318
1, 9406
3, 9544
2, 9571
1, 9750
3, 9806
2, 9905
1, 10057
3, 10073
2, 10264
3, 10327
1, 10405
2, 10566
3, 10578
1, 10747
3, 10827
2, 10910
1, 11057
3, 11112
2, 11192
3, 11374
1, 11393
2, 11478
2, 11710
1, 11736
3, 11743
1, 12015
3, 12032
2, 12054
3, 12274
1, 12342
2, 12386
3, 12550
1, 12631
2, 12739
3, 12825
1, 12888
3, 13070
2, 13078
1, 13289
3, 13328
2, 13392
3, 13582
1, 13592
2, 13779
3, 13853
1, 13869
2, 14110
3, 14120
1, 14170
3, 14349
2, 14442
1, 14523
3, 14600
2, 14806
1, 14846
3, 14876
2, 15122
3, 15123
1, 15211
3, 15369
2, 15456
1, 15500
3, 15627
2, 15773
1, 15801
3, 15894
2, 16102
1, 16130
3, 16194
2, 16414
3, 16462
1, 16464
3, 16717
1, 16747
2, 16766
3, 16989
1, 17055
2, 17110
3, 17281
1, 17346
2, 17417
3, 17574
2, 17673
1, 17685
3, 17834
2, 17999
1, 18006
3, 18103
2, 18284
1, 18364
3, 18371
2, 18567
3, 18665
1, 18687
2, 18924
3, 18938
1, 18993
3, 19171
2, 19275
1, 19316
3, 19455
2, 19549
1, 19648
3, 19754
2, 19885
1, 19935
3, 20055
2, 20203
1, 20209
3, 20328
2, 20525
1, 20544
3, 20621
1, 20812
2, 20845
3, 20904
1, 21107
2, 21150
3, 21200
1, 21450
3, 21469
2, 21491
1, 21727
3, 21772
2, 21809
3, 22002
1, 22032
2, 22138
1, 22303
3, 22317
2, 22460
3, 22590
1, 22647
2, 22744
3, 22820
1, 22971
2, 23092
3, 23109
1, 23296
2, 23376
3, 23395
3, 23626
1, 23682
2, 23726
3, 23852
1, 23998
2, 24060
3, 24128
1, 24325
2, 24369
3, 24403
1, 24636
3, 24676
2, 24738
1, 24912
3, 24940
2, 25066
3, 25198
1, 25275
2, 25356
3, 25469
1, 25544
2, 25695
3, 25742
1, 25862
2, 26001
3, 26033
1, 26200
3, 26287
2, 26355
1, 26490
3, 26568
2, 26645
1, 26820
3, 26862
2, 26974
1, 27097
3, 27135
2, 27323
1, 27369
3, 27419
1, 27664
3, 27677
2, 27704
3, 27927
1, 27962
2, 28087
3, 28168
1, 28289
3, 28421
2, 28443
1, 28521
3, 28739
1, 28781
2, 28862
3, 29037
1, 29081
2, 29159
3, 29280
1, 29444
2, 29465
3, 29541
1, 29729
2, 29820
3, 29830
1, 30012
2, 30125
3, 30128
1, 30291
2, 30402
3, 30506
1, 30586
2, 30682
3, 30805
1, 30867
2, 30993
3, 31080
1, 31164
2, 31317
3, 31414
1, 31463
2, 31621
3, 31687
1, 31760
2, 31941
3, 31942
1, 32103
3, 32213
2, 32269
1, 32409
3, 32481
3, 32659
2, 32687
1, 32759
3, 32849
2, 33047
1, 33054
3, 33164
2, 33381
1, 33383
3, 33430
3, 33662
1, 33679
2, 33775
3, 33941
1, 33964
2, 34085
3, 34201
1, 34274
2, 34394
3, 34519
1, 34612
2, 34670
3, 34766
1, 34928
2, 35013
3, 35047
1, 35214
2, 35345
3, 35366
1, 35469
3, 35636
2, 35690
1, 35816
3, 35928
2, 35997
1, 36113
3, 36199
2, 36308
1, 36396
3, 36494
2, 36641
3, 36751
1, 36798
1, 36903
2, 37021
1, 37142
3, 37142
2, 37382
3, 37414
1, 37434
2, 37691
3, 37709
1, 37749
3, 37947
2, 38030
1, 38059
3, 38179
1, 38386
2, 38400
3, 38453
1, 38688
2, 38713
3, 38740
3, 38995
1, 38998
2, 39085
3, 39243
1, 39339
2, 39380
3, 39552
1, 39642
2, 39656
3, 39830
1, 39953
2, 39986
3, 40169
1, 40199
2, 40269
3, 40476
1, 40507
2, 40588
3, 40728
3, 40828
3, 40969
1, 41016
2, 41098
3, 41219
1, 41361
2, 41401
3, 41476
2, 41700
3, 41726
1, 41749
2, 41953
1, 42054
3, 42058
2, 42299
3, 42328
1, 42361
3, 42594
1, 42642
2, 42667
3, 42834
1, 42981
2, 42992
3, 43137
2, 43250
1, 43319
3, 43401
2, 43558
1, 43631
3, 43713
2, 43834
1, 43937
3, 44060
2, 44123
1, 44236
3, 44342
2, 44409
1, 44537
1, 44666
3, 44726
2, 44803
1, 44966
3, 44987
2, 45191
3, 45210
1, 45326
3, 45465
2, 45488
1, 45670
3, 45740
2, 45836
1, 45934
3, 46065
2, 46154
1, 46233
3, 46340
2, 46425
3, 46571
1, 46609
2, 46747
3, 46851
1, 46916
2, 47029
3, 47116
1, 47283
3, 47378
2, 47392
3, 47594
1, 47603
2, 47743
3, 47839
1, 47927
3, 48107
2, 48124
1, 48272
3, 48326
2, 48403
1, 48585
3, 48669
2, 48727
1, 48818
3, 48970
2, 49065
1, 49182
3, 49209
2, 49341
3, 49506
1, 49511
2, 49628
1, 49802
3, 49825
2, 49953
1, 50049
3, 50181
2, 50286
1, 50313
3, 50484
2, 50568
1, 50598
3, 50752
2, 50886
1, 50914
3, 51093
2, 51144
1, 51223
3, 51412
2, 51474
1, 51515
3, 51680
2, 51767
3, 51839
1, 51947
3, 51992
3, 52139
1, 52313
2, 52341
3, 52450
1, 52522
3, 52721
2, 52725
1, 52840
3, 53006
2, 53076
1, 53181
3, 53238
2, 53430
1, 53472
3, 53500
3, 53712
2, 53776
1, 53792
3, 54054
2, 54066
1, 54080
3, 54312
1, 54383
2, 54436
3, 54567
1, 54678
2, 54764
3, 54870
1, 54966
2, 55058
3, 55163
1, 55334
2, 55376
3, 55450
3, 55596
1, 55700
2, 55715
3, 55874
2, 56050
1, 56071
3, 56084
3, 56332
2, 56345
1, 56447
3, 56612
2, 56692
1, 56733
3, 56861
2, 57046
1, 57072
3, 57128
2, 57338
3, 57383
1, 57417
3, 57608
2, 57667
1, 57789
3, 57886
2, 57959
1, 58104
3, 58175
2, 58285
1, 58396
3, 58505
2, 58620
1, 58636
3, 58773
1, 58960
2, 58966
3, 59034
2, 59253
1, 59271
3, 59329
1, 59558
2, 59593
3, 59615
1, 59815
3, 59891
2, 59915
1, 60162
3, 60191
2, 60242
1, 60445
3, 60452
2, 60581
3, 60712
1, 60741
2, 60890
3, 60986
1, 61106
3, 61225
2, 61226
1, 61457
3, 61505
2, 61558
1, 61754
3, 61769
2, 61831
3, 62070
1, 62110
2, 62141
3, 62331
1, 62424
2, 62444
3, 62582
1, 62768
3, 62813
2, 62828
1, 63048
3, 63165
2, 63183
1, 63270
3, 63430
2, 63462
1, 63663
3, 63689
2, 63732
3, 63903
1, 64072
2, 64084
3, 64115
2, 64360
1, 64399
3, 64437
2, 64641
1, 64720
3, 64756
2, 64952
3, 64973
1, 65049
3, 65235
2, 65353
1, 65381
3, 65419
3, 65672
2, 65701
1, 65769
3, 65920
3, 66050
1, 66087
2, 66186
2, 66357
3, 66375
1, 66511
3, 66577
2, 66710
3, 66820
1, 66947
2, 66995
3, 67112
1, 67230
2, 67322
3, 67383
1, 67527
3, 67626
2, 67658
3, 67852
1, 67879
2, 68012
1, 68188
3, 68205
2, 68218
3, 68438
2, 68530
1, 68566
3, 68709
2, 68858
1, 68914
3, 68952
1, 69193
2, 69222
3, 69231
2, 69468
3, 69486
1, 69644
2, 69758
3, 69785
1, 69863
3, 70081
2, 70083
1, 70208
2, 70334
3, 70402
3, 70502
2, 70656
1, 70712
3, 70775
3, 71000
2, 71023
1, 71040
2, 71280
3, 71280
1, 71394
1, 71597
2, 71607
3, 71633
1, 71868
2, 71887
3, 71981
2, 72145
3, 72246
1, 72281
2, 72449
3, 72577
1, 72644
2, 72746
3, 72839
1, 72944
2, 73044
3, 73096
2, 73300
1, 73310
3, 73415
2, 73578
1, 73582
3, 73689
3, 73799
1, 73980
2, 74025
3, 74067
2, 74305
1, 74336
3, 74343
1, 74546
3, 74615
2, 74733
3, 74845
1, 74920
3, 75089
2, 75092
3, 75233
1, 75316
3, 75412
2, 75542
3, 75657
1, 75723
2, 75799
3, 75970
1, 76011
2, 76100
3, 76276
1, 76308
2, 76458
1, 76581
3, 76584
2, 76775
3, 76834
1, 76878
3, 77085
2, 77120
1, 77206
1, 77414
3, 77449
2, 77451
1, 77604
3, 77808
2, 77811
1, 77934
2, 78036
3, 78164
1, 78262
2, 78346
3, 78424
1, 78558
2, 78613
3, 78715
1, 78940
2, 78943
3, 78971
2, 79159
1, 79219
3, 79311
1, 79510
3, 79522
2, 79584
3, 79724
3, 79927
1, 79946
2, 79988
3, 80228
1, 80233
2, 80336
1, 80509
3, 80521
2, 80617
3, 80695
1, 80885
2, 80919
3, 81105
2, 81121
1, 81242
2, 81323
3, 81405
3, 81587
2, 81695
1, 81740
3, 81856
2, 81894
3, 82124
2, 82126
2, 82291
1, 82315
3, 82457
2, 82579
1, 82614
2, 82814
1, 82868
3, 82886
2, 83078
3, 83184
1, 83213
2, 83440
1, 83453
3, 83481
2, 83711
3, 83749
1, 83775
2, 83971
1, 84105
3, 84135
2, 84213
1, 84343
2, 84486
3, 84532
1, 84642
2, 84738
3, 84901
2, 84978
1, 85008
2, 85233
3, 85238
1, 85358
2, 85447
3, 85536
1, 85721
2, 85739
3, 85821
1, 86031
2, 86048
3, 86104
2, 86256
3, 86440
2, 86469
1, 86490
2, 86661
3, 86766
1, 86909
3, 86970
2, 87020
3, 87221
1, 87271
2, 87347
3, 87490
2, 87584
1, 87653
3, 87763
2, 87915
1, 87996
3, 88053
3, 88225
2, 88287
3, 88353
1, 88443
2, 88611
3, 88638
1, 88764
2, 88918
3, 88931
3, 89144
1, 89189
2, 89272
3, 89342
3, 89518
2, 89657
1, 89670
3, 89736
3, 89933
2, 89971
1, 90050
1, 90255
3, 90269
2, 90309
3, 90514
3, 90638
1, 90642
2, 90796
3, 90916
1, 90962
2, 91079
2, 91235
3, 91260
1, 91330
3, 91536
2, 91542
1, 91710
3, 91817
2, 91830
1, 92031
2, 92135
3, 92151
1, 92253
2, 92354
1, 92567
2, 92580
3, 92607
3, 92856
2, 92895
1, 92925
3, 93093
2, 93209
3, 93330
1, 93334
2, 93500
1, 93606
3, 93626
1, 93841
2, 93841
2, 94063
3, 94100
1, 94103
2, 94310
3, 94350
1, 94556
1, 94674
2, 94700
3, 94738
2, 94885
1, 95026
3, 95093
2, 95126
1, 95349
2, 95419
3, 95422
1, 95638
3, 95694
2, 95743
3, 95892
2, 96052
1, 96067
3, 96202
2, 96310
1, 96417
3, 96457
2, 96575
3, 96750
1, 96776
2, 96871
1, 97041
3, 97140
2, 97161
1, 97347
3, 97386
2, 97457
2, 97644
1, 97730
3, 97741
2, 97921
3, 97965
3, 98087
1, 98244
3, 98289
2, 98409
3, 98442
1, 98677
2, 98689
3, 98783
2, 98918
1, 98999
2, 99117
3, 99129
3, 99372
1, 99385
2, 99524
3, 99592
1, 99676
2, 99835
3, 99871
Reached max sequence count, exiting
